ARM GAS  C:\Users\ilami\AppData\Local\Temp\ccV8u1Sj.s 			page 1


   1              		.syntax unified
   2              		.cpu cortex-m3
   3              		.fpu softvfp
   4              		.eabi_attribute 20, 1
   5              		.eabi_attribute 21, 1
   6              		.eabi_attribute 23, 3
   7              		.eabi_attribute 24, 1
   8              		.eabi_attribute 25, 1
   9              		.eabi_attribute 26, 1
  10              		.eabi_attribute 30, 1
  11              		.eabi_attribute 34, 1
  12              		.eabi_attribute 18, 4
  13              		.thumb
  14              		.syntax unified
  15              		.file	"main.c"
  16              		.text
  17              	.Ltext0:
  18              		.cfi_sections	.debug_frame
  19              		.section	.text.main,"ax",%progbits
  20              		.align	2
  21              		.global	main
  22              		.thumb
  23              		.thumb_func
  24              		.type	main, %function
  25              	main:
  26              	.LFB64:
  27              		.file 1 "main.c"
   1:main.c        **** /**
   2:main.c        **** * \brief Main source file for the I2C-Master project.
   3:main.c        **** *
   4:main.c        **** * In this project we set up a I2C master device with
   5:main.c        **** * to understand the I2C protocol and communicate with a
   6:main.c        **** * a I2C Slave device (LIS3DH Accelerometer).
   7:main.c        **** *
   8:main.c        **** * \author Gabriele Belotti
   9:main.c        **** * \date , 2020
  10:main.c        **** */
  11:main.c        **** 
  12:main.c        **** // Include required header files
  13:main.c        **** #include "I2C_Interface.h"
  14:main.c        **** #include "project.h"
  15:main.c        **** #include "stdio.h"
  16:main.c        **** 
  17:main.c        **** /**
  18:main.c        **** *   \brief 7-bit I2C address of the slave device.
  19:main.c        **** */
  20:main.c        **** #define LIS3DH_DEVICE_ADDRESS 0x18
  21:main.c        **** 
  22:main.c        **** /**
  23:main.c        **** *   \brief Address of the WHO AM I register
  24:main.c        **** */
  25:main.c        **** #define LIS3DH_WHO_AM_I_REG_ADDR 0x0F
  26:main.c        **** 
  27:main.c        **** /**
  28:main.c        **** *   \brief Address of the Status register
  29:main.c        **** */
  30:main.c        **** #define LIS3DH_STATUS_REG 0x27
ARM GAS  C:\Users\ilami\AppData\Local\Temp\ccV8u1Sj.s 			page 2


  31:main.c        **** 
  32:main.c        **** /**
  33:main.c        **** *   \new Data on the Status register
  34:main.c        **** */
  35:main.c        **** #define LIS3DH_STATUS_REG_NEWDATA 0x08 //if ZYXDA == 1
  36:main.c        **** #define LIS3DH_STATUS_REG_NEWDATAX 0x01 //if XDA == 1
  37:main.c        **** #define LIS3DH_STATUS_REG_NEWDATAY 0x02 //if YDA == 1
  38:main.c        **** #define LIS3DH_STATUS_REG_NEWDATAZ 0x04 //if ZDA == 1
  39:main.c        **** 
  40:main.c        **** /**
  41:main.c        **** *   \brief Address of the Control register 1
  42:main.c        **** */
  43:main.c        **** #define LIS3DH_CTRL_REG1 0x20 
  44:main.c        **** 
  45:main.c        **** /**
  46:main.c        **** *   \brief Hex value to set normal mode to the accelerator
  47:main.c        **** */
  48:main.c        **** #define LIS3DH_NORMAL_MODE_CTRL_REG1 0x57 //0101 to set 100hz
  49:main.c        ****                                           //0111 normal mode and axis enabled
  50:main.c        **** 
  51:main.c        **** /**
  52:main.c        **** *   \brief  Address of the Temperature Sensor Configuration register
  53:main.c        **** */
  54:main.c        **** // #define LIS3DH_TEMP_CFG_REG 0x1F
  55:main.c        **** 
  56:main.c        **** // #define LIS3DH_TEMP_CFG_REG_ACTIVE 0xC0
  57:main.c        **** 
  58:main.c        **** /**
  59:main.c        **** *   \brief Address of the Control register 4
  60:main.c        **** */
  61:main.c        **** #define LIS3DH_CTRL_REG4 0x23 
  62:main.c        **** 
  63:main.c        **** #define LIS3DH_CTRL_REG4_BDU_ACTIVE 0x83 // set BDU active, and ±2.0 g FSR 
  64:main.c        **** 
  65:main.c        **** /**
  66:main.c        **** *   \brief Address of the ADC output for the 3 axis, MSB (H) and LSB (L) register
  67:main.c        **** */
  68:main.c        **** #define LIS3DH_OUT_X_L 0x28
  69:main.c        **** #define LIS3DH_OUT_X_H 0x29
  70:main.c        **** #define LIS3DH_OUT_Y_L 0x2A
  71:main.c        **** #define LIS3DH_OUT_Y_H 0x2B
  72:main.c        **** #define LIS3DH_OUT_Z_L 0x2C
  73:main.c        **** #define LIS3DH_OUT_Z_H 0x2D
  74:main.c        **** /**
  75:main.c        **** *   \brief Address of the ADC output LSB register
  76:main.c        **** */
  77:main.c        **** // #define LIS3DH_OUT_ADC_3L 0x0C
  78:main.c        **** 
  79:main.c        **** /**
  80:main.c        **** *   \brief Address of the ADC output MSB register
  81:main.c        **** */
  82:main.c        **** // #define LIS3DH_OUT_ADC_3H 0x0D
  83:main.c        **** 
  84:main.c        **** int main(void)
  85:main.c        **** {
  28              		.loc 1 85 0
  29              		.cfi_startproc
ARM GAS  C:\Users\ilami\AppData\Local\Temp\ccV8u1Sj.s 			page 3


  30              		@ args = 0, pretend = 0, frame = 72
  31              		@ frame_needed = 0, uses_anonymous_args = 0
  32 0000 10B5     		push	{r4, lr}
  33              		.cfi_def_cfa_offset 8
  34              		.cfi_offset 4, -8
  35              		.cfi_offset 14, -4
  36 0002 92B0     		sub	sp, sp, #72
  37              		.cfi_def_cfa_offset 80
  86:main.c        ****     CyGlobalIntEnable; /* Enable global interrupts. */
  38              		.loc 1 86 0
  39              		.syntax unified
  40              	@ 86 "main.c" 1
  41 0004 62B6     		CPSIE   i
  42              	@ 0 "" 2
  87:main.c        **** 
  88:main.c        ****     /* Place your initialization/startup code here (e.g. MyInst_Start()) */
  89:main.c        ****     I2C_Peripheral_Start();
  43              		.loc 1 89 0
  44              		.thumb
  45              		.syntax unified
  46 0006 FFF7FEFF 		bl	I2C_Peripheral_Start
  47              	.LVL0:
  90:main.c        ****     UART_Debug_Start();
  48              		.loc 1 90 0
  49 000a FFF7FEFF 		bl	UART_Debug_Start
  50              	.LVL1:
  91:main.c        ****     
  92:main.c        ****     CyDelay(5); //"The boot procedure is complete about 5 milliseconds after device power-up."
  51              		.loc 1 92 0
  52 000e 0520     		movs	r0, #5
  53 0010 FFF7FEFF 		bl	CyDelay
  54              	.LVL2:
  55              	.LBB2:
  93:main.c        ****     
  94:main.c        ****     // String to print out messages on the UART
  95:main.c        ****     char message[50];
  96:main.c        **** 
  97:main.c        ****     // Check which devices are present on the I2C bus
  98:main.c        ****     for (int i = 0 ; i < 128; i++)
  56              		.loc 1 98 0
  57 0014 0024     		movs	r4, #0
  58 0016 0CE0     		b	.L2
  59              	.LVL3:
  60              	.L4:
  99:main.c        ****     {
 100:main.c        ****         if (I2C_Peripheral_IsDeviceConnected(i))
  61              		.loc 1 100 0
  62 0018 E0B2     		uxtb	r0, r4
  63 001a FFF7FEFF 		bl	I2C_Peripheral_IsDeviceConnected
  64              	.LVL4:
  65 001e 38B1     		cbz	r0, .L3
 101:main.c        ****         {
 102:main.c        ****             // print out the address is hex format
 103:main.c        ****             sprintf(message, "Device 0x%02X is connected\r\n", i);
  66              		.loc 1 103 0
  67 0020 2246     		mov	r2, r4
  68 0022 7E49     		ldr	r1, .L25
ARM GAS  C:\Users\ilami\AppData\Local\Temp\ccV8u1Sj.s 			page 4


  69 0024 05A8     		add	r0, sp, #20
  70 0026 FFF7FEFF 		bl	sprintf
  71              	.LVL5:
 104:main.c        ****             UART_Debug_PutString(message); 
  72              		.loc 1 104 0
  73 002a 05A8     		add	r0, sp, #20
  74 002c FFF7FEFF 		bl	UART_Debug_PutString
  75              	.LVL6:
  76              	.L3:
  98:main.c        ****     {
  77              		.loc 1 98 0 discriminator 2
  78 0030 0134     		adds	r4, r4, #1
  79              	.LVL7:
  80              	.L2:
  98:main.c        ****     {
  81              		.loc 1 98 0 is_stmt 0 discriminator 1
  82 0032 7F2C     		cmp	r4, #127
  83 0034 F0DD     		ble	.L4
  84              	.LBE2:
 105:main.c        ****         }
 106:main.c        ****         
 107:main.c        ****     }
 108:main.c        ****     
 109:main.c        ****     /******************************************/
 110:main.c        ****     /*            I2C Reading                 */
 111:main.c        ****     /******************************************/
 112:main.c        ****     
 113:main.c        ****     /* Read WHO AM I REGISTER register */
 114:main.c        ****     uint8_t who_am_i_reg;
 115:main.c        ****     ErrorCode error = I2C_Peripheral_ReadRegister(LIS3DH_DEVICE_ADDRESS,
  85              		.loc 1 115 0 is_stmt 1
  86 0036 0DF11302 		add	r2, sp, #19
  87 003a 0F21     		movs	r1, #15
  88 003c 1820     		movs	r0, #24
  89 003e FFF7FEFF 		bl	I2C_Peripheral_ReadRegister
  90              	.LVL8:
 116:main.c        ****                                                   LIS3DH_WHO_AM_I_REG_ADDR, 
 117:main.c        ****                                                   &who_am_i_reg);
 118:main.c        ****     if (error == NO_ERROR)
  91              		.loc 1 118 0
  92 0042 48B9     		cbnz	r0, .L5
 119:main.c        ****     {
 120:main.c        ****         sprintf(message, "WHO AM I REG: 0x%02X [Expected: 0x33]\r\n", who_am_i_reg);
  93              		.loc 1 120 0
  94 0044 9DF81320 		ldrb	r2, [sp, #19]	@ zero_extendqisi2
  95 0048 7549     		ldr	r1, .L25+4
  96 004a 05A8     		add	r0, sp, #20
  97              	.LVL9:
  98 004c FFF7FEFF 		bl	sprintf
  99              	.LVL10:
 121:main.c        ****         UART_Debug_PutString(message); 
 100              		.loc 1 121 0
 101 0050 05A8     		add	r0, sp, #20
 102 0052 FFF7FEFF 		bl	UART_Debug_PutString
 103              	.LVL11:
 104 0056 02E0     		b	.L6
 105              	.LVL12:
ARM GAS  C:\Users\ilami\AppData\Local\Temp\ccV8u1Sj.s 			page 5


 106              	.L5:
 122:main.c        ****     }
 123:main.c        ****     else
 124:main.c        ****     {
 125:main.c        ****         UART_Debug_PutString("Error occurred during I2C comm\r\n");   
 107              		.loc 1 125 0
 108 0058 7248     		ldr	r0, .L25+8
 109              	.LVL13:
 110 005a FFF7FEFF 		bl	UART_Debug_PutString
 111              	.LVL14:
 112              	.L6:
 126:main.c        ****     }
 127:main.c        ****     
 128:main.c        ****     /*      I2C Reading Status Register       */
 129:main.c        ****     
 130:main.c        ****     uint8_t status_register; 
 131:main.c        ****     error = I2C_Peripheral_ReadRegister(LIS3DH_DEVICE_ADDRESS,
 113              		.loc 1 131 0
 114 005e 0DF11202 		add	r2, sp, #18
 115 0062 2721     		movs	r1, #39
 116 0064 1820     		movs	r0, #24
 117 0066 FFF7FEFF 		bl	I2C_Peripheral_ReadRegister
 118              	.LVL15:
 132:main.c        ****                                         LIS3DH_STATUS_REG,
 133:main.c        ****                                         &status_register);
 134:main.c        ****     
 135:main.c        ****     if (error == NO_ERROR)
 119              		.loc 1 135 0
 120 006a 48B9     		cbnz	r0, .L7
 136:main.c        ****     {
 137:main.c        ****         sprintf(message, "STATUS REGISTER: 0x%02X\r\n", status_register);
 121              		.loc 1 137 0
 122 006c 9DF81220 		ldrb	r2, [sp, #18]	@ zero_extendqisi2
 123 0070 6D49     		ldr	r1, .L25+12
 124 0072 05A8     		add	r0, sp, #20
 125              	.LVL16:
 126 0074 FFF7FEFF 		bl	sprintf
 127              	.LVL17:
 138:main.c        ****         UART_Debug_PutString(message); 
 128              		.loc 1 138 0
 129 0078 05A8     		add	r0, sp, #20
 130 007a FFF7FEFF 		bl	UART_Debug_PutString
 131              	.LVL18:
 132 007e 02E0     		b	.L8
 133              	.LVL19:
 134              	.L7:
 139:main.c        ****     }
 140:main.c        ****     else
 141:main.c        ****     {
 142:main.c        ****         UART_Debug_PutString("Error occurred during I2C comm to read status register\r\n");   
 135              		.loc 1 142 0
 136 0080 6A48     		ldr	r0, .L25+16
 137              	.LVL20:
 138 0082 FFF7FEFF 		bl	UART_Debug_PutString
 139              	.LVL21:
 140              	.L8:
 143:main.c        ****     }
ARM GAS  C:\Users\ilami\AppData\Local\Temp\ccV8u1Sj.s 			page 6


 144:main.c        ****     
 145:main.c        ****     /******************************************/
 146:main.c        ****     /*        Read Control Register 1         */
 147:main.c        ****     /******************************************/
 148:main.c        ****     uint8_t ctrl_reg1; 
 149:main.c        ****     error = I2C_Peripheral_ReadRegister(LIS3DH_DEVICE_ADDRESS,
 141              		.loc 1 149 0
 142 0086 0DF11102 		add	r2, sp, #17
 143 008a 2021     		movs	r1, #32
 144 008c 1820     		movs	r0, #24
 145 008e FFF7FEFF 		bl	I2C_Peripheral_ReadRegister
 146              	.LVL22:
 150:main.c        ****                                         LIS3DH_CTRL_REG1,
 151:main.c        ****                                         &ctrl_reg1);
 152:main.c        ****     
 153:main.c        ****     if (error == NO_ERROR)
 147              		.loc 1 153 0
 148 0092 48B9     		cbnz	r0, .L9
 154:main.c        ****     {
 155:main.c        ****         sprintf(message, "CONTROL REGISTER 1: 0x%02X\r\n", ctrl_reg1);
 149              		.loc 1 155 0
 150 0094 9DF81120 		ldrb	r2, [sp, #17]	@ zero_extendqisi2
 151 0098 6549     		ldr	r1, .L25+20
 152 009a 05A8     		add	r0, sp, #20
 153              	.LVL23:
 154 009c FFF7FEFF 		bl	sprintf
 155              	.LVL24:
 156:main.c        ****         UART_Debug_PutString(message); 
 156              		.loc 1 156 0
 157 00a0 05A8     		add	r0, sp, #20
 158 00a2 FFF7FEFF 		bl	UART_Debug_PutString
 159              	.LVL25:
 160 00a6 02E0     		b	.L10
 161              	.LVL26:
 162              	.L9:
 157:main.c        ****     }
 158:main.c        ****     else
 159:main.c        ****     {
 160:main.c        ****         UART_Debug_PutString("Error occurred during I2C comm to read control register 1\r\n");   
 163              		.loc 1 160 0
 164 00a8 6248     		ldr	r0, .L25+24
 165              	.LVL27:
 166 00aa FFF7FEFF 		bl	UART_Debug_PutString
 167              	.LVL28:
 168              	.L10:
 161:main.c        ****     }
 162:main.c        ****     
 163:main.c        ****     /******************************************/
 164:main.c        ****     /*            I2C Writing                 */
 165:main.c        ****     /******************************************/
 166:main.c        ****     
 167:main.c        ****         
 168:main.c        ****     UART_Debug_PutString("\r\nWriting new values..\r\n");
 169              		.loc 1 168 0
 170 00ae 6248     		ldr	r0, .L25+28
 171 00b0 FFF7FEFF 		bl	UART_Debug_PutString
 172              	.LVL29:
ARM GAS  C:\Users\ilami\AppData\Local\Temp\ccV8u1Sj.s 			page 7


 169:main.c        ****     
 170:main.c        ****     if (ctrl_reg1 != LIS3DH_NORMAL_MODE_CTRL_REG1)
 173              		.loc 1 170 0
 174 00b4 9DF81130 		ldrb	r3, [sp, #17]	@ zero_extendqisi2
 175 00b8 572B     		cmp	r3, #87
 176 00ba 14D0     		beq	.L11
 171:main.c        ****     {
 172:main.c        ****         ctrl_reg1 = LIS3DH_NORMAL_MODE_CTRL_REG1;
 177              		.loc 1 172 0
 178 00bc 5722     		movs	r2, #87
 179 00be 8DF81120 		strb	r2, [sp, #17]
 173:main.c        ****     
 174:main.c        ****         error = I2C_Peripheral_WriteRegister(LIS3DH_DEVICE_ADDRESS,
 180              		.loc 1 174 0
 181 00c2 2021     		movs	r1, #32
 182 00c4 1820     		movs	r0, #24
 183 00c6 FFF7FEFF 		bl	I2C_Peripheral_WriteRegister
 184              	.LVL30:
 175:main.c        ****                                              LIS3DH_CTRL_REG1,
 176:main.c        ****                                              ctrl_reg1);
 177:main.c        ****     
 178:main.c        ****         if (error == NO_ERROR)
 185              		.loc 1 178 0
 186 00ca 48B9     		cbnz	r0, .L12
 179:main.c        ****         {
 180:main.c        ****             sprintf(message, "CONTROL REGISTER 1 successfully written as: 0x%02X\r\n", ctrl_reg1);
 187              		.loc 1 180 0
 188 00cc 9DF81120 		ldrb	r2, [sp, #17]	@ zero_extendqisi2
 189 00d0 5A49     		ldr	r1, .L25+32
 190 00d2 05A8     		add	r0, sp, #20
 191              	.LVL31:
 192 00d4 FFF7FEFF 		bl	sprintf
 193              	.LVL32:
 181:main.c        ****             UART_Debug_PutString(message); 
 194              		.loc 1 181 0
 195 00d8 05A8     		add	r0, sp, #20
 196 00da FFF7FEFF 		bl	UART_Debug_PutString
 197              	.LVL33:
 198 00de 02E0     		b	.L11
 199              	.LVL34:
 200              	.L12:
 182:main.c        ****         }
 183:main.c        ****         else
 184:main.c        ****         {
 185:main.c        ****             UART_Debug_PutString("Error occurred during I2C comm to set control register 1\r\n");  
 201              		.loc 1 185 0
 202 00e0 5748     		ldr	r0, .L25+36
 203              	.LVL35:
 204 00e2 FFF7FEFF 		bl	UART_Debug_PutString
 205              	.LVL36:
 206              	.L11:
 186:main.c        ****         }
 187:main.c        ****     }
 188:main.c        ****     
 189:main.c        ****     /******************************************/
 190:main.c        ****     /*     Read Control Register 1 again      */
 191:main.c        ****     /******************************************/
ARM GAS  C:\Users\ilami\AppData\Local\Temp\ccV8u1Sj.s 			page 8


 192:main.c        **** 
 193:main.c        ****     error = I2C_Peripheral_ReadRegister(LIS3DH_DEVICE_ADDRESS,
 207              		.loc 1 193 0
 208 00e6 0DF11102 		add	r2, sp, #17
 209 00ea 2021     		movs	r1, #32
 210 00ec 1820     		movs	r0, #24
 211 00ee FFF7FEFF 		bl	I2C_Peripheral_ReadRegister
 212              	.LVL37:
 194:main.c        ****                                         LIS3DH_CTRL_REG1,
 195:main.c        ****                                         &ctrl_reg1);
 196:main.c        ****     
 197:main.c        ****     if (error == NO_ERROR)
 213              		.loc 1 197 0
 214 00f2 48B9     		cbnz	r0, .L13
 198:main.c        ****     {
 199:main.c        ****         sprintf(message, "CONTROL REGISTER 1 after overwrite operation: 0x%02X\r\n", ctrl_reg1);
 215              		.loc 1 199 0
 216 00f4 9DF81120 		ldrb	r2, [sp, #17]	@ zero_extendqisi2
 217 00f8 5249     		ldr	r1, .L25+40
 218 00fa 05A8     		add	r0, sp, #20
 219              	.LVL38:
 220 00fc FFF7FEFF 		bl	sprintf
 221              	.LVL39:
 200:main.c        ****         UART_Debug_PutString(message); 
 222              		.loc 1 200 0
 223 0100 05A8     		add	r0, sp, #20
 224 0102 FFF7FEFF 		bl	UART_Debug_PutString
 225              	.LVL40:
 226 0106 02E0     		b	.L14
 227              	.LVL41:
 228              	.L13:
 201:main.c        ****     }
 202:main.c        ****     else
 203:main.c        ****     {
 204:main.c        ****         UART_Debug_PutString("Error occurred during I2C comm to read control register 1\r\n");   
 229              		.loc 1 204 0
 230 0108 4A48     		ldr	r0, .L25+24
 231              	.LVL42:
 232 010a FFF7FEFF 		bl	UART_Debug_PutString
 233              	.LVL43:
 234              	.L14:
 205:main.c        ****     }
 206:main.c        ****     
 207:main.c        ****     
 208:main.c        ****      /******************************************/
 209:main.c        ****      /*   Reading and Writing on ctrl reg 4 */
 210:main.c        ****      /******************************************/
 211:main.c        **** 
 212:main.c        ****     uint8_t ctrl_reg4;
 213:main.c        **** 
 214:main.c        ****     error = I2C_Peripheral_ReadRegister(LIS3DH_DEVICE_ADDRESS,
 235              		.loc 1 214 0
 236 010e 04AA     		add	r2, sp, #16
 237 0110 2321     		movs	r1, #35
 238 0112 1820     		movs	r0, #24
 239 0114 FFF7FEFF 		bl	I2C_Peripheral_ReadRegister
 240              	.LVL44:
ARM GAS  C:\Users\ilami\AppData\Local\Temp\ccV8u1Sj.s 			page 9


 215:main.c        ****                                         LIS3DH_CTRL_REG4,
 216:main.c        ****                                         &ctrl_reg4);
 217:main.c        ****     
 218:main.c        ****     if (error == NO_ERROR)
 241              		.loc 1 218 0
 242 0118 48B9     		cbnz	r0, .L15
 219:main.c        ****     {
 220:main.c        ****         sprintf(message, "CONTROL REGISTER 4: 0x%02X\r\n", ctrl_reg4);
 243              		.loc 1 220 0
 244 011a 9DF81020 		ldrb	r2, [sp, #16]	@ zero_extendqisi2
 245 011e 4A49     		ldr	r1, .L25+44
 246 0120 05A8     		add	r0, sp, #20
 247              	.LVL45:
 248 0122 FFF7FEFF 		bl	sprintf
 249              	.LVL46:
 221:main.c        ****         UART_Debug_PutString(message); 
 250              		.loc 1 221 0
 251 0126 05A8     		add	r0, sp, #20
 252 0128 FFF7FEFF 		bl	UART_Debug_PutString
 253              	.LVL47:
 254 012c 02E0     		b	.L16
 255              	.LVL48:
 256              	.L15:
 222:main.c        ****     }
 223:main.c        ****     else
 224:main.c        ****     {
 225:main.c        ****         UART_Debug_PutString("Error occurred during I2C comm to read control register4\r\n");   
 257              		.loc 1 225 0
 258 012e 4748     		ldr	r0, .L25+48
 259              	.LVL49:
 260 0130 FFF7FEFF 		bl	UART_Debug_PutString
 261              	.LVL50:
 262              	.L16:
 226:main.c        ****     }
 227:main.c        ****     
 228:main.c        ****     
 229:main.c        ****     ctrl_reg4 = LIS3DH_CTRL_REG4_BDU_ACTIVE;
 263              		.loc 1 229 0
 264 0134 8322     		movs	r2, #131
 265 0136 12AC     		add	r4, sp, #72
 266              	.LVL51:
 267 0138 04F8382D 		strb	r2, [r4, #-56]!
 230:main.c        ****     
 231:main.c        ****     error = I2C_Peripheral_WriteRegister(LIS3DH_DEVICE_ADDRESS,
 268              		.loc 1 231 0
 269 013c 2321     		movs	r1, #35
 270 013e 1820     		movs	r0, #24
 271 0140 FFF7FEFF 		bl	I2C_Peripheral_WriteRegister
 272              	.LVL52:
 232:main.c        ****                                          LIS3DH_CTRL_REG4,
 233:main.c        ****                                          ctrl_reg4);
 234:main.c        ****     
 235:main.c        ****     error = I2C_Peripheral_ReadRegister(LIS3DH_DEVICE_ADDRESS,
 273              		.loc 1 235 0
 274 0144 2246     		mov	r2, r4
 275 0146 2321     		movs	r1, #35
 276 0148 1820     		movs	r0, #24
ARM GAS  C:\Users\ilami\AppData\Local\Temp\ccV8u1Sj.s 			page 10


 277 014a FFF7FEFF 		bl	I2C_Peripheral_ReadRegister
 278              	.LVL53:
 236:main.c        ****                                         LIS3DH_CTRL_REG4,
 237:main.c        ****                                         &ctrl_reg4);
 238:main.c        ****     
 239:main.c        ****     
 240:main.c        ****     if (error == NO_ERROR)
 279              		.loc 1 240 0
 280 014e 48B9     		cbnz	r0, .L17
 241:main.c        ****     {
 242:main.c        ****         sprintf(message, "CONTROL REGISTER 4 after being updated: 0x%02X\r\n", ctrl_reg4);
 281              		.loc 1 242 0
 282 0150 9DF81020 		ldrb	r2, [sp, #16]	@ zero_extendqisi2
 283 0154 3E49     		ldr	r1, .L25+52
 284 0156 05A8     		add	r0, sp, #20
 285              	.LVL54:
 286 0158 FFF7FEFF 		bl	sprintf
 287              	.LVL55:
 243:main.c        ****         UART_Debug_PutString(message); 
 288              		.loc 1 243 0
 289 015c 05A8     		add	r0, sp, #20
 290 015e FFF7FEFF 		bl	UART_Debug_PutString
 291              	.LVL56:
 292 0162 02E0     		b	.L18
 293              	.LVL57:
 294              	.L17:
 244:main.c        ****     }
 245:main.c        ****     else
 246:main.c        ****     {
 247:main.c        ****         UART_Debug_PutString("Error occurred during I2C comm to read control register4\r\n");   
 295              		.loc 1 247 0
 296 0164 3948     		ldr	r0, .L25+48
 297              	.LVL58:
 298 0166 FFF7FEFF 		bl	UART_Debug_PutString
 299              	.LVL59:
 300              	.L18:
 248:main.c        ****     }
 249:main.c        ****     
 250:main.c        ****     int16_t OutX;
 251:main.c        ****     int16_t OutY;
 252:main.c        ****     int16_t OutZ;
 253:main.c        ****     uint8_t header = 0xA0;
 254:main.c        ****     uint8_t footer = 0xC0;
 255:main.c        ****     uint8_t OutArray[8]; 
 256:main.c        ****     uint8_t Data[6];
 257:main.c        ****     
 258:main.c        ****     OutArray[0] = header;
 301              		.loc 1 258 0
 302 016a A023     		movs	r3, #160
 303 016c 8DF80830 		strb	r3, [sp, #8]
 259:main.c        ****     OutArray[7] = footer;
 304              		.loc 1 259 0
 305 0170 C023     		movs	r3, #192
 306 0172 8DF80F30 		strb	r3, [sp, #15]
 307              	.L23:
 260:main.c        ****     
 261:main.c        ****     for(;;)
ARM GAS  C:\Users\ilami\AppData\Local\Temp\ccV8u1Sj.s 			page 11


 262:main.c        ****     {
 263:main.c        ****         CyDelay(100);
 308              		.loc 1 263 0
 309 0176 6420     		movs	r0, #100
 310 0178 FFF7FEFF 		bl	CyDelay
 311              	.LVL60:
 264:main.c        ****         
 265:main.c        ****         /*      I2C Reading Status Register       */
 266:main.c        ****      
 267:main.c        ****     error = I2C_Peripheral_ReadRegister(LIS3DH_DEVICE_ADDRESS,
 312              		.loc 1 267 0
 313 017c 0DF11202 		add	r2, sp, #18
 314 0180 2721     		movs	r1, #39
 315 0182 1820     		movs	r0, #24
 316 0184 FFF7FEFF 		bl	I2C_Peripheral_ReadRegister
 317              	.LVL61:
 268:main.c        ****                                         LIS3DH_STATUS_REG,
 269:main.c        ****                                         &status_register);
 270:main.c        ****     
 271:main.c        ****     if (error != NO_ERROR)
 318              		.loc 1 271 0
 319 0188 10B1     		cbz	r0, .L19
 272:main.c        ****     {
 273:main.c        ****         UART_Debug_PutString("Error occurred during I2C comm to read status register\r\n");   
 320              		.loc 1 273 0
 321 018a 2848     		ldr	r0, .L25+16
 322              	.LVL62:
 323 018c FFF7FEFF 		bl	UART_Debug_PutString
 324              	.LVL63:
 325              	.L19:
 274:main.c        ****     }
 275:main.c        ****     
 276:main.c        ****     // if new data is available:
 277:main.c        ****         
 278:main.c        ****         if((LIS3DH_STATUS_REG & LIS3DH_STATUS_REG_NEWDATAX) == LIS3DH_STATUS_REG_NEWDATAX)
 279:main.c        ****         {
 280:main.c        ****             error = I2C_Peripheral_ReadRegisterMulti(LIS3DH_DEVICE_ADDRESS,
 326              		.loc 1 280 0
 327 0190 6B46     		mov	r3, sp
 328 0192 0222     		movs	r2, #2
 329 0194 2821     		movs	r1, #40
 330 0196 1820     		movs	r0, #24
 331 0198 FFF7FEFF 		bl	I2C_Peripheral_ReadRegisterMulti
 332              	.LVL64:
 281:main.c        ****                                                  LIS3DH_OUT_X_L,
 282:main.c        ****                                                  2, // 2 byte to be read
 283:main.c        ****                                                  &Data[0]);
 284:main.c        ****             if(error == NO_ERROR)
 333              		.loc 1 284 0
 334 019c 68B9     		cbnz	r0, .L20
 285:main.c        ****         {
 286:main.c        ****             OutX = (int16)((Data[0] | (Data[1]<<8)))>>6;
 335              		.loc 1 286 0
 336 019e 9DF80030 		ldrb	r3, [sp]	@ zero_extendqisi2
 337 01a2 9DF80120 		ldrb	r2, [sp, #1]	@ zero_extendqisi2
 338 01a6 43EA0223 		orr	r3, r3, r2, lsl #8
 339 01aa 43F38913 		sbfx	r3, r3, #6, #10
ARM GAS  C:\Users\ilami\AppData\Local\Temp\ccV8u1Sj.s 			page 12


 340              	.LVL65:
 287:main.c        ****             OutArray[1] = (uint8_t)(OutX & 0xFF);
 341              		.loc 1 287 0
 342 01ae 8DF80930 		strb	r3, [sp, #9]
 288:main.c        ****             OutArray[2] = (uint8_t)(OutX >> 8);
 343              		.loc 1 288 0
 344 01b2 C3F30723 		ubfx	r3, r3, #8, #8
 345              	.LVL66:
 346 01b6 8DF80A30 		strb	r3, [sp, #10]
 347              	.LVL67:
 348              	.L20:
 289:main.c        ****         }
 290:main.c        ****         }
 291:main.c        ****         if((LIS3DH_STATUS_REG & LIS3DH_STATUS_REG_NEWDATAY) == LIS3DH_STATUS_REG_NEWDATAY)
 292:main.c        ****         {
 293:main.c        ****             error = I2C_Peripheral_ReadRegisterMulti(LIS3DH_DEVICE_ADDRESS,
 349              		.loc 1 293 0
 350 01ba 0DF10203 		add	r3, sp, #2
 351 01be 0222     		movs	r2, #2
 352 01c0 2A21     		movs	r1, #42
 353 01c2 1820     		movs	r0, #24
 354              	.LVL68:
 355 01c4 FFF7FEFF 		bl	I2C_Peripheral_ReadRegisterMulti
 356              	.LVL69:
 294:main.c        ****                                                  LIS3DH_OUT_Y_L,
 295:main.c        ****                                                  2, // 2 byte to be read
 296:main.c        ****                                                  &Data[2]);
 297:main.c        ****             if(error == NO_ERROR)
 357              		.loc 1 297 0
 358 01c8 68B9     		cbnz	r0, .L21
 298:main.c        ****         {
 299:main.c        ****             OutY = (int16)((Data[2] | (Data[3]<<8)))>>6;
 359              		.loc 1 299 0
 360 01ca 9DF80230 		ldrb	r3, [sp, #2]	@ zero_extendqisi2
 361 01ce 9DF80320 		ldrb	r2, [sp, #3]	@ zero_extendqisi2
 362 01d2 43EA0223 		orr	r3, r3, r2, lsl #8
 363 01d6 43F38913 		sbfx	r3, r3, #6, #10
 364              	.LVL70:
 300:main.c        ****             OutArray[3] = (uint8_t)(OutY & 0xFF);
 365              		.loc 1 300 0
 366 01da 8DF80B30 		strb	r3, [sp, #11]
 301:main.c        ****             OutArray[4] = (uint8_t)(OutY >> 8);
 367              		.loc 1 301 0
 368 01de C3F30723 		ubfx	r3, r3, #8, #8
 369              	.LVL71:
 370 01e2 8DF80C30 		strb	r3, [sp, #12]
 371              	.LVL72:
 372              	.L21:
 302:main.c        ****         }
 303:main.c        ****         }
 304:main.c        ****         if((LIS3DH_STATUS_REG & LIS3DH_STATUS_REG_NEWDATAZ) == LIS3DH_STATUS_REG_NEWDATAZ)
 305:main.c        ****         {
 306:main.c        ****             error = I2C_Peripheral_ReadRegisterMulti(LIS3DH_DEVICE_ADDRESS,
 373              		.loc 1 306 0
 374 01e6 01AB     		add	r3, sp, #4
 375 01e8 0222     		movs	r2, #2
 376 01ea 2C21     		movs	r1, #44
ARM GAS  C:\Users\ilami\AppData\Local\Temp\ccV8u1Sj.s 			page 13


 377 01ec 1820     		movs	r0, #24
 378              	.LVL73:
 379 01ee FFF7FEFF 		bl	I2C_Peripheral_ReadRegisterMulti
 380              	.LVL74:
 307:main.c        ****                                                  LIS3DH_OUT_Z_L,
 308:main.c        ****                                                  2, // 2 byte to be read
 309:main.c        ****                                                  &Data[4]);
 310:main.c        ****             if(error == NO_ERROR)
 381              		.loc 1 310 0
 382 01f2 68B9     		cbnz	r0, .L22
 311:main.c        ****         {
 312:main.c        ****             OutZ = (int16)((Data[4] | (Data[5]<<8)))>>6;
 383              		.loc 1 312 0
 384 01f4 9DF80430 		ldrb	r3, [sp, #4]	@ zero_extendqisi2
 385 01f8 9DF80520 		ldrb	r2, [sp, #5]	@ zero_extendqisi2
 386 01fc 43EA0223 		orr	r3, r3, r2, lsl #8
 387 0200 43F38913 		sbfx	r3, r3, #6, #10
 388              	.LVL75:
 313:main.c        ****             OutArray[5] = (uint8_t)(OutZ & 0xFF);
 389              		.loc 1 313 0
 390 0204 8DF80D30 		strb	r3, [sp, #13]
 314:main.c        ****             OutArray[6] = (uint8_t)(OutZ >> 8);
 391              		.loc 1 314 0
 392 0208 C3F30723 		ubfx	r3, r3, #8, #8
 393              	.LVL76:
 394 020c 8DF80E30 		strb	r3, [sp, #14]
 395              	.LVL77:
 396              	.L22:
 315:main.c        ****         }
 316:main.c        ****         }
 317:main.c        **** 
 318:main.c        ****         
 319:main.c        ****         //error = I2C_Peripheral_ReadRegister(LIS3DH_DEVICE_ADDRESS,
 320:main.c        ****           //                                  LIS3DH_OUT_Z_L,
 321:main.c        ****             //                                &TemperatureData[4]);
 322:main.c        ****         
 323:main.c        ****         //error = I2C_Peripheral_ReadRegister(LIS3DH_DEVICE_ADDRESS,
 324:main.c        ****           //                                  LIS3DH_OUT_Z_H,
 325:main.c        ****             //                                &TemperatureData[5]);
 326:main.c        ****         
 327:main.c        ****         UART_Debug_PutArray(OutArray, 8);
 397              		.loc 1 327 0
 398 0210 0821     		movs	r1, #8
 399 0212 0DEB0100 		add	r0, sp, r1
 400              	.LVL78:
 401 0216 FFF7FEFF 		bl	UART_Debug_PutArray
 402              	.LVL79:
 328:main.c        ****         
 329:main.c        ****     
 330:main.c        ****     }
 403              		.loc 1 330 0
 404 021a ACE7     		b	.L23
 405              	.L26:
 406              		.align	2
 407              	.L25:
 408 021c 00000000 		.word	.LC0
 409 0220 20000000 		.word	.LC1
ARM GAS  C:\Users\ilami\AppData\Local\Temp\ccV8u1Sj.s 			page 14


 410 0224 48000000 		.word	.LC2
 411 0228 6C000000 		.word	.LC3
 412 022c 88000000 		.word	.LC4
 413 0230 C4000000 		.word	.LC5
 414 0234 E4000000 		.word	.LC6
 415 0238 20010000 		.word	.LC7
 416 023c 3C010000 		.word	.LC8
 417 0240 74010000 		.word	.LC9
 418 0244 B0010000 		.word	.LC10
 419 0248 E8010000 		.word	.LC11
 420 024c 08020000 		.word	.LC12
 421 0250 44020000 		.word	.LC13
 422              		.cfi_endproc
 423              	.LFE64:
 424              		.size	main, .-main
 425              		.section	.rodata.str1.4,"aMS",%progbits,1
 426              		.align	2
 427              	.LC0:
 428 0000 44657669 		.ascii	"Device 0x%02X is connected\015\012\000"
 428      63652030 
 428      78253032 
 428      58206973 
 428      20636F6E 
 429 001d 000000   		.space	3
 430              	.LC1:
 431 0020 57484F20 		.ascii	"WHO AM I REG: 0x%02X [Expected: 0x33]\015\012\000"
 431      414D2049 
 431      20524547 
 431      3A203078 
 431      25303258 
 432              	.LC2:
 433 0048 4572726F 		.ascii	"Error occurred during I2C comm\015\012\000"
 433      72206F63 
 433      63757272 
 433      65642064 
 433      7572696E 
 434 0069 000000   		.space	3
 435              	.LC3:
 436 006c 53544154 		.ascii	"STATUS REGISTER: 0x%02X\015\012\000"
 436      55532052 
 436      45474953 
 436      5445523A 
 436      20307825 
 437 0086 0000     		.space	2
 438              	.LC4:
 439 0088 4572726F 		.ascii	"Error occurred during I2C comm to read status regis"
 439      72206F63 
 439      63757272 
 439      65642064 
 439      7572696E 
 440 00bb 7465720D 		.ascii	"ter\015\012\000"
 440      0A00
 441 00c1 000000   		.space	3
 442              	.LC5:
 443 00c4 434F4E54 		.ascii	"CONTROL REGISTER 1: 0x%02X\015\012\000"
 443      524F4C20 
 443      52454749 
ARM GAS  C:\Users\ilami\AppData\Local\Temp\ccV8u1Sj.s 			page 15


 443      53544552 
 443      20313A20 
 444 00e1 000000   		.space	3
 445              	.LC6:
 446 00e4 4572726F 		.ascii	"Error occurred during I2C comm to read control regi"
 446      72206F63 
 446      63757272 
 446      65642064 
 446      7572696E 
 447 0117 73746572 		.ascii	"ster 1\015\012\000"
 447      20310D0A 
 447      00
 448              	.LC7:
 449 0120 0D0A5772 		.ascii	"\015\012Writing new values..\015\012\000"
 449      6974696E 
 449      67206E65 
 449      77207661 
 449      6C756573 
 450 0139 000000   		.space	3
 451              	.LC8:
 452 013c 434F4E54 		.ascii	"CONTROL REGISTER 1 successfully written as: 0x%02X\015"
 452      524F4C20 
 452      52454749 
 452      53544552 
 452      20312073 
 453 016f 0A00     		.ascii	"\012\000"
 454 0171 000000   		.space	3
 455              	.LC9:
 456 0174 4572726F 		.ascii	"Error occurred during I2C comm to set control regis"
 456      72206F63 
 456      63757272 
 456      65642064 
 456      7572696E 
 457 01a7 74657220 		.ascii	"ter 1\015\012\000"
 457      310D0A00 
 458 01af 00       		.space	1
 459              	.LC10:
 460 01b0 434F4E54 		.ascii	"CONTROL REGISTER 1 after overwrite operation: 0x%02"
 460      524F4C20 
 460      52454749 
 460      53544552 
 460      20312061 
 461 01e3 580D0A00 		.ascii	"X\015\012\000"
 462 01e7 00       		.space	1
 463              	.LC11:
 464 01e8 434F4E54 		.ascii	"CONTROL REGISTER 4: 0x%02X\015\012\000"
 464      524F4C20 
 464      52454749 
 464      53544552 
 464      20343A20 
 465 0205 000000   		.space	3
 466              	.LC12:
 467 0208 4572726F 		.ascii	"Error occurred during I2C comm to read control regi"
 467      72206F63 
 467      63757272 
 467      65642064 
 467      7572696E 
ARM GAS  C:\Users\ilami\AppData\Local\Temp\ccV8u1Sj.s 			page 16


 468 023b 73746572 		.ascii	"ster4\015\012\000"
 468      340D0A00 
 469 0243 00       		.space	1
 470              	.LC13:
 471 0244 434F4E54 		.ascii	"CONTROL REGISTER 4 after being updated: 0x%02X\015\012"
 471      524F4C20 
 471      52454749 
 471      53544552 
 471      20342061 
 472 0274 00       		.ascii	"\000"
 473              		.text
 474              	.Letext0:
 475              		.file 2 "c:\\program files (x86)\\cypress\\psoc creator\\4.3\\psoc creator\\import\\gnu\\arm\\5.4.
 476              		.file 3 "c:\\program files (x86)\\cypress\\psoc creator\\4.3\\psoc creator\\import\\gnu\\arm\\5.4.
 477              		.file 4 "Generated_Source\\PSoC5/cytypes.h"
 478              		.file 5 "ErrorCodes.h"
 479              		.file 6 "I2C_Interface.h"
 480              		.file 7 "c:\\program files (x86)\\cypress\\psoc creator\\4.3\\psoc creator\\import\\gnu\\arm\\5.4.
 481              		.file 8 "Generated_Source\\PSoC5/UART_Debug.h"
 482              		.file 9 "Generated_Source\\PSoC5/CyLib.h"
 483              		.file 10 "Generated_Source\\PSoC5/core_cm3.h"
 484              		.section	.debug_info,"",%progbits
 485              	.Ldebug_info0:
 486 0000 DB060000 		.4byte	0x6db
 487 0004 0400     		.2byte	0x4
 488 0006 00000000 		.4byte	.Ldebug_abbrev0
 489 000a 04       		.byte	0x4
 490 000b 01       		.uleb128 0x1
 491 000c A5000000 		.4byte	.LASF47
 492 0010 0C       		.byte	0xc
 493 0011 50020000 		.4byte	.LASF48
 494 0015 82020000 		.4byte	.LASF49
 495 0019 00000000 		.4byte	.Ldebug_ranges0+0
 496 001d 00000000 		.4byte	0
 497 0021 00000000 		.4byte	.Ldebug_line0
 498 0025 02       		.uleb128 0x2
 499 0026 01       		.byte	0x1
 500 0027 06       		.byte	0x6
 501 0028 EA020000 		.4byte	.LASF0
 502 002c 03       		.uleb128 0x3
 503 002d 0F000000 		.4byte	.LASF2
 504 0031 02       		.byte	0x2
 505 0032 1D       		.byte	0x1d
 506 0033 37000000 		.4byte	0x37
 507 0037 02       		.uleb128 0x2
 508 0038 01       		.byte	0x1
 509 0039 08       		.byte	0x8
 510 003a 97000000 		.4byte	.LASF1
 511 003e 03       		.uleb128 0x3
 512 003f B4010000 		.4byte	.LASF3
 513 0043 02       		.byte	0x2
 514 0044 29       		.byte	0x29
 515 0045 49000000 		.4byte	0x49
 516 0049 02       		.uleb128 0x2
 517 004a 02       		.byte	0x2
 518 004b 05       		.byte	0x5
 519 004c 78020000 		.4byte	.LASF4
ARM GAS  C:\Users\ilami\AppData\Local\Temp\ccV8u1Sj.s 			page 17


 520 0050 02       		.uleb128 0x2
 521 0051 02       		.byte	0x2
 522 0052 07       		.byte	0x7
 523 0053 4B010000 		.4byte	.LASF5
 524 0057 03       		.uleb128 0x3
 525 0058 4F000000 		.4byte	.LASF6
 526 005c 02       		.byte	0x2
 527 005d 3F       		.byte	0x3f
 528 005e 62000000 		.4byte	0x62
 529 0062 02       		.uleb128 0x2
 530 0063 04       		.byte	0x4
 531 0064 05       		.byte	0x5
 532 0065 59000000 		.4byte	.LASF7
 533 0069 02       		.uleb128 0x2
 534 006a 04       		.byte	0x4
 535 006b 07       		.byte	0x7
 536 006c 39010000 		.4byte	.LASF8
 537 0070 02       		.uleb128 0x2
 538 0071 08       		.byte	0x8
 539 0072 05       		.byte	0x5
 540 0073 31020000 		.4byte	.LASF9
 541 0077 02       		.uleb128 0x2
 542 0078 08       		.byte	0x8
 543 0079 07       		.byte	0x7
 544 007a DF010000 		.4byte	.LASF10
 545 007e 04       		.uleb128 0x4
 546 007f 04       		.byte	0x4
 547 0080 05       		.byte	0x5
 548 0081 696E7400 		.ascii	"int\000"
 549 0085 02       		.uleb128 0x2
 550 0086 04       		.byte	0x4
 551 0087 07       		.byte	0x7
 552 0088 D2010000 		.4byte	.LASF11
 553 008c 03       		.uleb128 0x3
 554 008d F6010000 		.4byte	.LASF12
 555 0091 03       		.byte	0x3
 556 0092 18       		.byte	0x18
 557 0093 2C000000 		.4byte	0x2c
 558 0097 03       		.uleb128 0x3
 559 0098 FE010000 		.4byte	.LASF13
 560 009c 03       		.byte	0x3
 561 009d 20       		.byte	0x20
 562 009e 3E000000 		.4byte	0x3e
 563 00a2 03       		.uleb128 0x3
 564 00a3 80000000 		.4byte	.LASF14
 565 00a7 03       		.byte	0x3
 566 00a8 2C       		.byte	0x2c
 567 00a9 57000000 		.4byte	0x57
 568 00ad 05       		.uleb128 0x5
 569 00ae 33010000 		.4byte	.LASF15
 570 00b2 04       		.byte	0x4
 571 00b3 E801     		.2byte	0x1e8
 572 00b5 49000000 		.4byte	0x49
 573 00b9 02       		.uleb128 0x2
 574 00ba 04       		.byte	0x4
 575 00bb 04       		.byte	0x4
 576 00bc 88000000 		.4byte	.LASF16
ARM GAS  C:\Users\ilami\AppData\Local\Temp\ccV8u1Sj.s 			page 18


 577 00c0 02       		.uleb128 0x2
 578 00c1 08       		.byte	0x8
 579 00c2 04       		.byte	0x4
 580 00c3 65010000 		.4byte	.LASF17
 581 00c7 02       		.uleb128 0x2
 582 00c8 01       		.byte	0x1
 583 00c9 08       		.byte	0x8
 584 00ca 57020000 		.4byte	.LASF18
 585 00ce 06       		.uleb128 0x6
 586 00cf 01       		.byte	0x1
 587 00d0 37000000 		.4byte	0x37
 588 00d4 05       		.byte	0x5
 589 00d5 15       		.byte	0x15
 590 00d6 E7000000 		.4byte	0xe7
 591 00da 07       		.uleb128 0x7
 592 00db BF020000 		.4byte	.LASF19
 593 00df 00       		.byte	0
 594 00e0 07       		.uleb128 0x7
 595 00e1 C8020000 		.4byte	.LASF20
 596 00e5 01       		.byte	0x1
 597 00e6 00       		.byte	0
 598 00e7 03       		.uleb128 0x3
 599 00e8 76000000 		.4byte	.LASF21
 600 00ec 05       		.byte	0x5
 601 00ed 18       		.byte	0x18
 602 00ee CE000000 		.4byte	0xce
 603 00f2 02       		.uleb128 0x2
 604 00f3 08       		.byte	0x8
 605 00f4 04       		.byte	0x4
 606 00f5 DE020000 		.4byte	.LASF22
 607 00f9 02       		.uleb128 0x2
 608 00fa 04       		.byte	0x4
 609 00fb 07       		.byte	0x7
 610 00fc 22020000 		.4byte	.LASF23
 611 0100 08       		.uleb128 0x8
 612 0101 AF010000 		.4byte	.LASF50
 613 0105 01       		.byte	0x1
 614 0106 54       		.byte	0x54
 615 0107 7E000000 		.4byte	0x7e
 616 010b 00000000 		.4byte	.LFB64
 617 010f 54020000 		.4byte	.LFE64-.LFB64
 618 0113 01       		.uleb128 0x1
 619 0114 9C       		.byte	0x9c
 620 0115 2F060000 		.4byte	0x62f
 621 0119 09       		.uleb128 0x9
 622 011a 00000000 		.4byte	.LASF24
 623 011e 01       		.byte	0x1
 624 011f 5F       		.byte	0x5f
 625 0120 2F060000 		.4byte	0x62f
 626 0124 02       		.uleb128 0x2
 627 0125 91       		.byte	0x91
 628 0126 44       		.sleb128 -60
 629 0127 09       		.uleb128 0x9
 630 0128 F6020000 		.4byte	.LASF25
 631 012c 01       		.byte	0x1
 632 012d 72       		.byte	0x72
 633 012e 8C000000 		.4byte	0x8c
ARM GAS  C:\Users\ilami\AppData\Local\Temp\ccV8u1Sj.s 			page 19


 634 0132 02       		.uleb128 0x2
 635 0133 91       		.byte	0x91
 636 0134 43       		.sleb128 -61
 637 0135 0A       		.uleb128 0xa
 638 0136 2B020000 		.4byte	.LASF26
 639 013a 01       		.byte	0x1
 640 013b 73       		.byte	0x73
 641 013c E7000000 		.4byte	0xe7
 642 0140 00000000 		.4byte	.LLST0
 643 0144 09       		.uleb128 0x9
 644 0145 CE020000 		.4byte	.LASF27
 645 0149 01       		.byte	0x1
 646 014a 82       		.byte	0x82
 647 014b 8C000000 		.4byte	0x8c
 648 014f 02       		.uleb128 0x2
 649 0150 91       		.byte	0x91
 650 0151 42       		.sleb128 -62
 651 0152 09       		.uleb128 0x9
 652 0153 BE010000 		.4byte	.LASF28
 653 0157 01       		.byte	0x1
 654 0158 94       		.byte	0x94
 655 0159 8C000000 		.4byte	0x8c
 656 015d 02       		.uleb128 0x2
 657 015e 91       		.byte	0x91
 658 015f 41       		.sleb128 -63
 659 0160 09       		.uleb128 0x9
 660 0161 C8010000 		.4byte	.LASF29
 661 0165 01       		.byte	0x1
 662 0166 D4       		.byte	0xd4
 663 0167 8C000000 		.4byte	0x8c
 664 016b 02       		.uleb128 0x2
 665 016c 91       		.byte	0x91
 666 016d 40       		.sleb128 -64
 667 016e 0A       		.uleb128 0xa
 668 016f 13020000 		.4byte	.LASF30
 669 0173 01       		.byte	0x1
 670 0174 FA       		.byte	0xfa
 671 0175 97000000 		.4byte	0x97
 672 0179 CE000000 		.4byte	.LLST1
 673 017d 0A       		.uleb128 0xa
 674 017e 18020000 		.4byte	.LASF31
 675 0182 01       		.byte	0x1
 676 0183 FB       		.byte	0xfb
 677 0184 97000000 		.4byte	0x97
 678 0188 FE000000 		.4byte	.LLST2
 679 018c 0A       		.uleb128 0xa
 680 018d 1D020000 		.4byte	.LASF32
 681 0191 01       		.byte	0x1
 682 0192 FC       		.byte	0xfc
 683 0193 97000000 		.4byte	0x97
 684 0197 2F010000 		.4byte	.LLST3
 685 019b 0B       		.uleb128 0xb
 686 019c 08000000 		.4byte	.LASF33
 687 01a0 01       		.byte	0x1
 688 01a1 FD       		.byte	0xfd
 689 01a2 8C000000 		.4byte	0x8c
 690 01a6 A07F     		.sleb128 -96
ARM GAS  C:\Users\ilami\AppData\Local\Temp\ccV8u1Sj.s 			page 20


 691 01a8 0B       		.uleb128 0xb
 692 01a9 5E010000 		.4byte	.LASF34
 693 01ad 01       		.byte	0x1
 694 01ae FE       		.byte	0xfe
 695 01af 8C000000 		.4byte	0x8c
 696 01b3 40       		.sleb128 -64
 697 01b4 09       		.uleb128 0x9
 698 01b5 8E000000 		.4byte	.LASF35
 699 01b9 01       		.byte	0x1
 700 01ba FF       		.byte	0xff
 701 01bb 3F060000 		.4byte	0x63f
 702 01bf 03       		.uleb128 0x3
 703 01c0 91       		.byte	0x91
 704 01c1 B87F     		.sleb128 -72
 705 01c3 0C       		.uleb128 0xc
 706 01c4 8D010000 		.4byte	.LASF36
 707 01c8 01       		.byte	0x1
 708 01c9 0001     		.2byte	0x100
 709 01cb 4F060000 		.4byte	0x64f
 710 01cf 03       		.uleb128 0x3
 711 01d0 91       		.byte	0x91
 712 01d1 B07F     		.sleb128 -80
 713 01d3 0D       		.uleb128 0xd
 714 01d4 14000000 		.4byte	.LBB2
 715 01d8 22000000 		.4byte	.LBE2-.LBB2
 716 01dc 35020000 		.4byte	0x235
 717 01e0 0E       		.uleb128 0xe
 718 01e1 6900     		.ascii	"i\000"
 719 01e3 01       		.byte	0x1
 720 01e4 62       		.byte	0x62
 721 01e5 7E000000 		.4byte	0x7e
 722 01e9 60010000 		.4byte	.LLST4
 723 01ed 0F       		.uleb128 0xf
 724 01ee 1E000000 		.4byte	.LVL4
 725 01f2 70060000 		.4byte	0x670
 726 01f6 01020000 		.4byte	0x201
 727 01fa 10       		.uleb128 0x10
 728 01fb 01       		.uleb128 0x1
 729 01fc 50       		.byte	0x50
 730 01fd 02       		.uleb128 0x2
 731 01fe 74       		.byte	0x74
 732 01ff 00       		.sleb128 0
 733 0200 00       		.byte	0
 734 0201 0F       		.uleb128 0xf
 735 0202 2A000000 		.4byte	.LVL5
 736 0206 7B060000 		.4byte	0x67b
 737 020a 24020000 		.4byte	0x224
 738 020e 10       		.uleb128 0x10
 739 020f 01       		.uleb128 0x1
 740 0210 50       		.byte	0x50
 741 0211 02       		.uleb128 0x2
 742 0212 91       		.byte	0x91
 743 0213 44       		.sleb128 -60
 744 0214 10       		.uleb128 0x10
 745 0215 01       		.uleb128 0x1
 746 0216 51       		.byte	0x51
 747 0217 05       		.uleb128 0x5
ARM GAS  C:\Users\ilami\AppData\Local\Temp\ccV8u1Sj.s 			page 21


 748 0218 03       		.byte	0x3
 749 0219 00000000 		.4byte	.LC0
 750 021d 10       		.uleb128 0x10
 751 021e 01       		.uleb128 0x1
 752 021f 52       		.byte	0x52
 753 0220 02       		.uleb128 0x2
 754 0221 74       		.byte	0x74
 755 0222 00       		.sleb128 0
 756 0223 00       		.byte	0
 757 0224 11       		.uleb128 0x11
 758 0225 30000000 		.4byte	.LVL6
 759 0229 86060000 		.4byte	0x686
 760 022d 10       		.uleb128 0x10
 761 022e 01       		.uleb128 0x1
 762 022f 50       		.byte	0x50
 763 0230 02       		.uleb128 0x2
 764 0231 91       		.byte	0x91
 765 0232 44       		.sleb128 -60
 766 0233 00       		.byte	0
 767 0234 00       		.byte	0
 768 0235 12       		.uleb128 0x12
 769 0236 0A000000 		.4byte	.LVL0
 770 023a 91060000 		.4byte	0x691
 771 023e 12       		.uleb128 0x12
 772 023f 0E000000 		.4byte	.LVL1
 773 0243 9C060000 		.4byte	0x69c
 774 0247 0F       		.uleb128 0xf
 775 0248 14000000 		.4byte	.LVL2
 776 024c A7060000 		.4byte	0x6a7
 777 0250 5A020000 		.4byte	0x25a
 778 0254 10       		.uleb128 0x10
 779 0255 01       		.uleb128 0x1
 780 0256 50       		.byte	0x50
 781 0257 01       		.uleb128 0x1
 782 0258 35       		.byte	0x35
 783 0259 00       		.byte	0
 784 025a 0F       		.uleb128 0xf
 785 025b 42000000 		.4byte	.LVL8
 786 025f B2060000 		.4byte	0x6b2
 787 0263 78020000 		.4byte	0x278
 788 0267 10       		.uleb128 0x10
 789 0268 01       		.uleb128 0x1
 790 0269 50       		.byte	0x50
 791 026a 01       		.uleb128 0x1
 792 026b 48       		.byte	0x48
 793 026c 10       		.uleb128 0x10
 794 026d 01       		.uleb128 0x1
 795 026e 51       		.byte	0x51
 796 026f 01       		.uleb128 0x1
 797 0270 3F       		.byte	0x3f
 798 0271 10       		.uleb128 0x10
 799 0272 01       		.uleb128 0x1
 800 0273 52       		.byte	0x52
 801 0274 02       		.uleb128 0x2
 802 0275 91       		.byte	0x91
 803 0276 43       		.sleb128 -61
 804 0277 00       		.byte	0
ARM GAS  C:\Users\ilami\AppData\Local\Temp\ccV8u1Sj.s 			page 22


 805 0278 0F       		.uleb128 0xf
 806 0279 50000000 		.4byte	.LVL10
 807 027d 7B060000 		.4byte	0x67b
 808 0281 95020000 		.4byte	0x295
 809 0285 10       		.uleb128 0x10
 810 0286 01       		.uleb128 0x1
 811 0287 50       		.byte	0x50
 812 0288 02       		.uleb128 0x2
 813 0289 91       		.byte	0x91
 814 028a 44       		.sleb128 -60
 815 028b 10       		.uleb128 0x10
 816 028c 01       		.uleb128 0x1
 817 028d 51       		.byte	0x51
 818 028e 05       		.uleb128 0x5
 819 028f 03       		.byte	0x3
 820 0290 20000000 		.4byte	.LC1
 821 0294 00       		.byte	0
 822 0295 0F       		.uleb128 0xf
 823 0296 56000000 		.4byte	.LVL11
 824 029a 86060000 		.4byte	0x686
 825 029e A9020000 		.4byte	0x2a9
 826 02a2 10       		.uleb128 0x10
 827 02a3 01       		.uleb128 0x1
 828 02a4 50       		.byte	0x50
 829 02a5 02       		.uleb128 0x2
 830 02a6 91       		.byte	0x91
 831 02a7 44       		.sleb128 -60
 832 02a8 00       		.byte	0
 833 02a9 0F       		.uleb128 0xf
 834 02aa 5E000000 		.4byte	.LVL14
 835 02ae 86060000 		.4byte	0x686
 836 02b2 C0020000 		.4byte	0x2c0
 837 02b6 10       		.uleb128 0x10
 838 02b7 01       		.uleb128 0x1
 839 02b8 50       		.byte	0x50
 840 02b9 05       		.uleb128 0x5
 841 02ba 03       		.byte	0x3
 842 02bb 48000000 		.4byte	.LC2
 843 02bf 00       		.byte	0
 844 02c0 0F       		.uleb128 0xf
 845 02c1 6A000000 		.4byte	.LVL15
 846 02c5 B2060000 		.4byte	0x6b2
 847 02c9 DF020000 		.4byte	0x2df
 848 02cd 10       		.uleb128 0x10
 849 02ce 01       		.uleb128 0x1
 850 02cf 50       		.byte	0x50
 851 02d0 01       		.uleb128 0x1
 852 02d1 48       		.byte	0x48
 853 02d2 10       		.uleb128 0x10
 854 02d3 01       		.uleb128 0x1
 855 02d4 51       		.byte	0x51
 856 02d5 02       		.uleb128 0x2
 857 02d6 08       		.byte	0x8
 858 02d7 27       		.byte	0x27
 859 02d8 10       		.uleb128 0x10
 860 02d9 01       		.uleb128 0x1
 861 02da 52       		.byte	0x52
ARM GAS  C:\Users\ilami\AppData\Local\Temp\ccV8u1Sj.s 			page 23


 862 02db 02       		.uleb128 0x2
 863 02dc 91       		.byte	0x91
 864 02dd 42       		.sleb128 -62
 865 02de 00       		.byte	0
 866 02df 0F       		.uleb128 0xf
 867 02e0 78000000 		.4byte	.LVL17
 868 02e4 7B060000 		.4byte	0x67b
 869 02e8 FC020000 		.4byte	0x2fc
 870 02ec 10       		.uleb128 0x10
 871 02ed 01       		.uleb128 0x1
 872 02ee 50       		.byte	0x50
 873 02ef 02       		.uleb128 0x2
 874 02f0 91       		.byte	0x91
 875 02f1 44       		.sleb128 -60
 876 02f2 10       		.uleb128 0x10
 877 02f3 01       		.uleb128 0x1
 878 02f4 51       		.byte	0x51
 879 02f5 05       		.uleb128 0x5
 880 02f6 03       		.byte	0x3
 881 02f7 6C000000 		.4byte	.LC3
 882 02fb 00       		.byte	0
 883 02fc 0F       		.uleb128 0xf
 884 02fd 7E000000 		.4byte	.LVL18
 885 0301 86060000 		.4byte	0x686
 886 0305 10030000 		.4byte	0x310
 887 0309 10       		.uleb128 0x10
 888 030a 01       		.uleb128 0x1
 889 030b 50       		.byte	0x50
 890 030c 02       		.uleb128 0x2
 891 030d 91       		.byte	0x91
 892 030e 44       		.sleb128 -60
 893 030f 00       		.byte	0
 894 0310 0F       		.uleb128 0xf
 895 0311 86000000 		.4byte	.LVL21
 896 0315 86060000 		.4byte	0x686
 897 0319 27030000 		.4byte	0x327
 898 031d 10       		.uleb128 0x10
 899 031e 01       		.uleb128 0x1
 900 031f 50       		.byte	0x50
 901 0320 05       		.uleb128 0x5
 902 0321 03       		.byte	0x3
 903 0322 88000000 		.4byte	.LC4
 904 0326 00       		.byte	0
 905 0327 0F       		.uleb128 0xf
 906 0328 92000000 		.4byte	.LVL22
 907 032c B2060000 		.4byte	0x6b2
 908 0330 46030000 		.4byte	0x346
 909 0334 10       		.uleb128 0x10
 910 0335 01       		.uleb128 0x1
 911 0336 50       		.byte	0x50
 912 0337 01       		.uleb128 0x1
 913 0338 48       		.byte	0x48
 914 0339 10       		.uleb128 0x10
 915 033a 01       		.uleb128 0x1
 916 033b 51       		.byte	0x51
 917 033c 02       		.uleb128 0x2
 918 033d 08       		.byte	0x8
ARM GAS  C:\Users\ilami\AppData\Local\Temp\ccV8u1Sj.s 			page 24


 919 033e 20       		.byte	0x20
 920 033f 10       		.uleb128 0x10
 921 0340 01       		.uleb128 0x1
 922 0341 52       		.byte	0x52
 923 0342 02       		.uleb128 0x2
 924 0343 91       		.byte	0x91
 925 0344 41       		.sleb128 -63
 926 0345 00       		.byte	0
 927 0346 0F       		.uleb128 0xf
 928 0347 A0000000 		.4byte	.LVL24
 929 034b 7B060000 		.4byte	0x67b
 930 034f 63030000 		.4byte	0x363
 931 0353 10       		.uleb128 0x10
 932 0354 01       		.uleb128 0x1
 933 0355 50       		.byte	0x50
 934 0356 02       		.uleb128 0x2
 935 0357 91       		.byte	0x91
 936 0358 44       		.sleb128 -60
 937 0359 10       		.uleb128 0x10
 938 035a 01       		.uleb128 0x1
 939 035b 51       		.byte	0x51
 940 035c 05       		.uleb128 0x5
 941 035d 03       		.byte	0x3
 942 035e C4000000 		.4byte	.LC5
 943 0362 00       		.byte	0
 944 0363 0F       		.uleb128 0xf
 945 0364 A6000000 		.4byte	.LVL25
 946 0368 86060000 		.4byte	0x686
 947 036c 77030000 		.4byte	0x377
 948 0370 10       		.uleb128 0x10
 949 0371 01       		.uleb128 0x1
 950 0372 50       		.byte	0x50
 951 0373 02       		.uleb128 0x2
 952 0374 91       		.byte	0x91
 953 0375 44       		.sleb128 -60
 954 0376 00       		.byte	0
 955 0377 0F       		.uleb128 0xf
 956 0378 AE000000 		.4byte	.LVL28
 957 037c 86060000 		.4byte	0x686
 958 0380 8E030000 		.4byte	0x38e
 959 0384 10       		.uleb128 0x10
 960 0385 01       		.uleb128 0x1
 961 0386 50       		.byte	0x50
 962 0387 05       		.uleb128 0x5
 963 0388 03       		.byte	0x3
 964 0389 E4000000 		.4byte	.LC6
 965 038d 00       		.byte	0
 966 038e 0F       		.uleb128 0xf
 967 038f B4000000 		.4byte	.LVL29
 968 0393 86060000 		.4byte	0x686
 969 0397 A5030000 		.4byte	0x3a5
 970 039b 10       		.uleb128 0x10
 971 039c 01       		.uleb128 0x1
 972 039d 50       		.byte	0x50
 973 039e 05       		.uleb128 0x5
 974 039f 03       		.byte	0x3
 975 03a0 20010000 		.4byte	.LC7
ARM GAS  C:\Users\ilami\AppData\Local\Temp\ccV8u1Sj.s 			page 25


 976 03a4 00       		.byte	0
 977 03a5 0F       		.uleb128 0xf
 978 03a6 CA000000 		.4byte	.LVL30
 979 03aa BD060000 		.4byte	0x6bd
 980 03ae C4030000 		.4byte	0x3c4
 981 03b2 10       		.uleb128 0x10
 982 03b3 01       		.uleb128 0x1
 983 03b4 50       		.byte	0x50
 984 03b5 01       		.uleb128 0x1
 985 03b6 48       		.byte	0x48
 986 03b7 10       		.uleb128 0x10
 987 03b8 01       		.uleb128 0x1
 988 03b9 51       		.byte	0x51
 989 03ba 02       		.uleb128 0x2
 990 03bb 08       		.byte	0x8
 991 03bc 20       		.byte	0x20
 992 03bd 10       		.uleb128 0x10
 993 03be 01       		.uleb128 0x1
 994 03bf 52       		.byte	0x52
 995 03c0 02       		.uleb128 0x2
 996 03c1 08       		.byte	0x8
 997 03c2 57       		.byte	0x57
 998 03c3 00       		.byte	0
 999 03c4 0F       		.uleb128 0xf
 1000 03c5 D8000000 		.4byte	.LVL32
 1001 03c9 7B060000 		.4byte	0x67b
 1002 03cd E1030000 		.4byte	0x3e1
 1003 03d1 10       		.uleb128 0x10
 1004 03d2 01       		.uleb128 0x1
 1005 03d3 50       		.byte	0x50
 1006 03d4 02       		.uleb128 0x2
 1007 03d5 91       		.byte	0x91
 1008 03d6 44       		.sleb128 -60
 1009 03d7 10       		.uleb128 0x10
 1010 03d8 01       		.uleb128 0x1
 1011 03d9 51       		.byte	0x51
 1012 03da 05       		.uleb128 0x5
 1013 03db 03       		.byte	0x3
 1014 03dc 3C010000 		.4byte	.LC8
 1015 03e0 00       		.byte	0
 1016 03e1 0F       		.uleb128 0xf
 1017 03e2 DE000000 		.4byte	.LVL33
 1018 03e6 86060000 		.4byte	0x686
 1019 03ea F5030000 		.4byte	0x3f5
 1020 03ee 10       		.uleb128 0x10
 1021 03ef 01       		.uleb128 0x1
 1022 03f0 50       		.byte	0x50
 1023 03f1 02       		.uleb128 0x2
 1024 03f2 91       		.byte	0x91
 1025 03f3 44       		.sleb128 -60
 1026 03f4 00       		.byte	0
 1027 03f5 0F       		.uleb128 0xf
 1028 03f6 E6000000 		.4byte	.LVL36
 1029 03fa 86060000 		.4byte	0x686
 1030 03fe 0C040000 		.4byte	0x40c
 1031 0402 10       		.uleb128 0x10
 1032 0403 01       		.uleb128 0x1
ARM GAS  C:\Users\ilami\AppData\Local\Temp\ccV8u1Sj.s 			page 26


 1033 0404 50       		.byte	0x50
 1034 0405 05       		.uleb128 0x5
 1035 0406 03       		.byte	0x3
 1036 0407 74010000 		.4byte	.LC9
 1037 040b 00       		.byte	0
 1038 040c 0F       		.uleb128 0xf
 1039 040d F2000000 		.4byte	.LVL37
 1040 0411 B2060000 		.4byte	0x6b2
 1041 0415 2B040000 		.4byte	0x42b
 1042 0419 10       		.uleb128 0x10
 1043 041a 01       		.uleb128 0x1
 1044 041b 50       		.byte	0x50
 1045 041c 01       		.uleb128 0x1
 1046 041d 48       		.byte	0x48
 1047 041e 10       		.uleb128 0x10
 1048 041f 01       		.uleb128 0x1
 1049 0420 51       		.byte	0x51
 1050 0421 02       		.uleb128 0x2
 1051 0422 08       		.byte	0x8
 1052 0423 20       		.byte	0x20
 1053 0424 10       		.uleb128 0x10
 1054 0425 01       		.uleb128 0x1
 1055 0426 52       		.byte	0x52
 1056 0427 02       		.uleb128 0x2
 1057 0428 91       		.byte	0x91
 1058 0429 41       		.sleb128 -63
 1059 042a 00       		.byte	0
 1060 042b 0F       		.uleb128 0xf
 1061 042c 00010000 		.4byte	.LVL39
 1062 0430 7B060000 		.4byte	0x67b
 1063 0434 48040000 		.4byte	0x448
 1064 0438 10       		.uleb128 0x10
 1065 0439 01       		.uleb128 0x1
 1066 043a 50       		.byte	0x50
 1067 043b 02       		.uleb128 0x2
 1068 043c 91       		.byte	0x91
 1069 043d 44       		.sleb128 -60
 1070 043e 10       		.uleb128 0x10
 1071 043f 01       		.uleb128 0x1
 1072 0440 51       		.byte	0x51
 1073 0441 05       		.uleb128 0x5
 1074 0442 03       		.byte	0x3
 1075 0443 B0010000 		.4byte	.LC10
 1076 0447 00       		.byte	0
 1077 0448 0F       		.uleb128 0xf
 1078 0449 06010000 		.4byte	.LVL40
 1079 044d 86060000 		.4byte	0x686
 1080 0451 5C040000 		.4byte	0x45c
 1081 0455 10       		.uleb128 0x10
 1082 0456 01       		.uleb128 0x1
 1083 0457 50       		.byte	0x50
 1084 0458 02       		.uleb128 0x2
 1085 0459 91       		.byte	0x91
 1086 045a 44       		.sleb128 -60
 1087 045b 00       		.byte	0
 1088 045c 0F       		.uleb128 0xf
 1089 045d 0E010000 		.4byte	.LVL43
ARM GAS  C:\Users\ilami\AppData\Local\Temp\ccV8u1Sj.s 			page 27


 1090 0461 86060000 		.4byte	0x686
 1091 0465 73040000 		.4byte	0x473
 1092 0469 10       		.uleb128 0x10
 1093 046a 01       		.uleb128 0x1
 1094 046b 50       		.byte	0x50
 1095 046c 05       		.uleb128 0x5
 1096 046d 03       		.byte	0x3
 1097 046e E4000000 		.4byte	.LC6
 1098 0472 00       		.byte	0
 1099 0473 0F       		.uleb128 0xf
 1100 0474 18010000 		.4byte	.LVL44
 1101 0478 B2060000 		.4byte	0x6b2
 1102 047c 92040000 		.4byte	0x492
 1103 0480 10       		.uleb128 0x10
 1104 0481 01       		.uleb128 0x1
 1105 0482 50       		.byte	0x50
 1106 0483 01       		.uleb128 0x1
 1107 0484 48       		.byte	0x48
 1108 0485 10       		.uleb128 0x10
 1109 0486 01       		.uleb128 0x1
 1110 0487 51       		.byte	0x51
 1111 0488 02       		.uleb128 0x2
 1112 0489 08       		.byte	0x8
 1113 048a 23       		.byte	0x23
 1114 048b 10       		.uleb128 0x10
 1115 048c 01       		.uleb128 0x1
 1116 048d 52       		.byte	0x52
 1117 048e 02       		.uleb128 0x2
 1118 048f 91       		.byte	0x91
 1119 0490 40       		.sleb128 -64
 1120 0491 00       		.byte	0
 1121 0492 0F       		.uleb128 0xf
 1122 0493 26010000 		.4byte	.LVL46
 1123 0497 7B060000 		.4byte	0x67b
 1124 049b AF040000 		.4byte	0x4af
 1125 049f 10       		.uleb128 0x10
 1126 04a0 01       		.uleb128 0x1
 1127 04a1 50       		.byte	0x50
 1128 04a2 02       		.uleb128 0x2
 1129 04a3 91       		.byte	0x91
 1130 04a4 44       		.sleb128 -60
 1131 04a5 10       		.uleb128 0x10
 1132 04a6 01       		.uleb128 0x1
 1133 04a7 51       		.byte	0x51
 1134 04a8 05       		.uleb128 0x5
 1135 04a9 03       		.byte	0x3
 1136 04aa E8010000 		.4byte	.LC11
 1137 04ae 00       		.byte	0
 1138 04af 0F       		.uleb128 0xf
 1139 04b0 2C010000 		.4byte	.LVL47
 1140 04b4 86060000 		.4byte	0x686
 1141 04b8 C3040000 		.4byte	0x4c3
 1142 04bc 10       		.uleb128 0x10
 1143 04bd 01       		.uleb128 0x1
 1144 04be 50       		.byte	0x50
 1145 04bf 02       		.uleb128 0x2
 1146 04c0 91       		.byte	0x91
ARM GAS  C:\Users\ilami\AppData\Local\Temp\ccV8u1Sj.s 			page 28


 1147 04c1 44       		.sleb128 -60
 1148 04c2 00       		.byte	0
 1149 04c3 0F       		.uleb128 0xf
 1150 04c4 34010000 		.4byte	.LVL50
 1151 04c8 86060000 		.4byte	0x686
 1152 04cc DA040000 		.4byte	0x4da
 1153 04d0 10       		.uleb128 0x10
 1154 04d1 01       		.uleb128 0x1
 1155 04d2 50       		.byte	0x50
 1156 04d3 05       		.uleb128 0x5
 1157 04d4 03       		.byte	0x3
 1158 04d5 08020000 		.4byte	.LC12
 1159 04d9 00       		.byte	0
 1160 04da 0F       		.uleb128 0xf
 1161 04db 44010000 		.4byte	.LVL52
 1162 04df BD060000 		.4byte	0x6bd
 1163 04e3 F9040000 		.4byte	0x4f9
 1164 04e7 10       		.uleb128 0x10
 1165 04e8 01       		.uleb128 0x1
 1166 04e9 50       		.byte	0x50
 1167 04ea 01       		.uleb128 0x1
 1168 04eb 48       		.byte	0x48
 1169 04ec 10       		.uleb128 0x10
 1170 04ed 01       		.uleb128 0x1
 1171 04ee 51       		.byte	0x51
 1172 04ef 02       		.uleb128 0x2
 1173 04f0 08       		.byte	0x8
 1174 04f1 23       		.byte	0x23
 1175 04f2 10       		.uleb128 0x10
 1176 04f3 01       		.uleb128 0x1
 1177 04f4 52       		.byte	0x52
 1178 04f5 02       		.uleb128 0x2
 1179 04f6 09       		.byte	0x9
 1180 04f7 83       		.byte	0x83
 1181 04f8 00       		.byte	0
 1182 04f9 0F       		.uleb128 0xf
 1183 04fa 4E010000 		.4byte	.LVL53
 1184 04fe B2060000 		.4byte	0x6b2
 1185 0502 18050000 		.4byte	0x518
 1186 0506 10       		.uleb128 0x10
 1187 0507 01       		.uleb128 0x1
 1188 0508 50       		.byte	0x50
 1189 0509 01       		.uleb128 0x1
 1190 050a 48       		.byte	0x48
 1191 050b 10       		.uleb128 0x10
 1192 050c 01       		.uleb128 0x1
 1193 050d 51       		.byte	0x51
 1194 050e 02       		.uleb128 0x2
 1195 050f 08       		.byte	0x8
 1196 0510 23       		.byte	0x23
 1197 0511 10       		.uleb128 0x10
 1198 0512 01       		.uleb128 0x1
 1199 0513 52       		.byte	0x52
 1200 0514 02       		.uleb128 0x2
 1201 0515 74       		.byte	0x74
 1202 0516 00       		.sleb128 0
 1203 0517 00       		.byte	0
ARM GAS  C:\Users\ilami\AppData\Local\Temp\ccV8u1Sj.s 			page 29


 1204 0518 0F       		.uleb128 0xf
 1205 0519 5C010000 		.4byte	.LVL55
 1206 051d 7B060000 		.4byte	0x67b
 1207 0521 35050000 		.4byte	0x535
 1208 0525 10       		.uleb128 0x10
 1209 0526 01       		.uleb128 0x1
 1210 0527 50       		.byte	0x50
 1211 0528 02       		.uleb128 0x2
 1212 0529 91       		.byte	0x91
 1213 052a 44       		.sleb128 -60
 1214 052b 10       		.uleb128 0x10
 1215 052c 01       		.uleb128 0x1
 1216 052d 51       		.byte	0x51
 1217 052e 05       		.uleb128 0x5
 1218 052f 03       		.byte	0x3
 1219 0530 44020000 		.4byte	.LC13
 1220 0534 00       		.byte	0
 1221 0535 0F       		.uleb128 0xf
 1222 0536 62010000 		.4byte	.LVL56
 1223 053a 86060000 		.4byte	0x686
 1224 053e 49050000 		.4byte	0x549
 1225 0542 10       		.uleb128 0x10
 1226 0543 01       		.uleb128 0x1
 1227 0544 50       		.byte	0x50
 1228 0545 02       		.uleb128 0x2
 1229 0546 91       		.byte	0x91
 1230 0547 44       		.sleb128 -60
 1231 0548 00       		.byte	0
 1232 0549 0F       		.uleb128 0xf
 1233 054a 6A010000 		.4byte	.LVL59
 1234 054e 86060000 		.4byte	0x686
 1235 0552 60050000 		.4byte	0x560
 1236 0556 10       		.uleb128 0x10
 1237 0557 01       		.uleb128 0x1
 1238 0558 50       		.byte	0x50
 1239 0559 05       		.uleb128 0x5
 1240 055a 03       		.byte	0x3
 1241 055b 08020000 		.4byte	.LC12
 1242 055f 00       		.byte	0
 1243 0560 0F       		.uleb128 0xf
 1244 0561 7C010000 		.4byte	.LVL60
 1245 0565 A7060000 		.4byte	0x6a7
 1246 0569 74050000 		.4byte	0x574
 1247 056d 10       		.uleb128 0x10
 1248 056e 01       		.uleb128 0x1
 1249 056f 50       		.byte	0x50
 1250 0570 02       		.uleb128 0x2
 1251 0571 08       		.byte	0x8
 1252 0572 64       		.byte	0x64
 1253 0573 00       		.byte	0
 1254 0574 0F       		.uleb128 0xf
 1255 0575 88010000 		.4byte	.LVL61
 1256 0579 B2060000 		.4byte	0x6b2
 1257 057d 93050000 		.4byte	0x593
 1258 0581 10       		.uleb128 0x10
 1259 0582 01       		.uleb128 0x1
 1260 0583 50       		.byte	0x50
ARM GAS  C:\Users\ilami\AppData\Local\Temp\ccV8u1Sj.s 			page 30


 1261 0584 01       		.uleb128 0x1
 1262 0585 48       		.byte	0x48
 1263 0586 10       		.uleb128 0x10
 1264 0587 01       		.uleb128 0x1
 1265 0588 51       		.byte	0x51
 1266 0589 02       		.uleb128 0x2
 1267 058a 08       		.byte	0x8
 1268 058b 27       		.byte	0x27
 1269 058c 10       		.uleb128 0x10
 1270 058d 01       		.uleb128 0x1
 1271 058e 52       		.byte	0x52
 1272 058f 02       		.uleb128 0x2
 1273 0590 91       		.byte	0x91
 1274 0591 42       		.sleb128 -62
 1275 0592 00       		.byte	0
 1276 0593 0F       		.uleb128 0xf
 1277 0594 90010000 		.4byte	.LVL63
 1278 0598 86060000 		.4byte	0x686
 1279 059c AA050000 		.4byte	0x5aa
 1280 05a0 10       		.uleb128 0x10
 1281 05a1 01       		.uleb128 0x1
 1282 05a2 50       		.byte	0x50
 1283 05a3 05       		.uleb128 0x5
 1284 05a4 03       		.byte	0x3
 1285 05a5 88000000 		.4byte	.LC4
 1286 05a9 00       		.byte	0
 1287 05aa 0F       		.uleb128 0xf
 1288 05ab 9C010000 		.4byte	.LVL64
 1289 05af C8060000 		.4byte	0x6c8
 1290 05b3 CE050000 		.4byte	0x5ce
 1291 05b7 10       		.uleb128 0x10
 1292 05b8 01       		.uleb128 0x1
 1293 05b9 50       		.byte	0x50
 1294 05ba 01       		.uleb128 0x1
 1295 05bb 48       		.byte	0x48
 1296 05bc 10       		.uleb128 0x10
 1297 05bd 01       		.uleb128 0x1
 1298 05be 51       		.byte	0x51
 1299 05bf 02       		.uleb128 0x2
 1300 05c0 08       		.byte	0x8
 1301 05c1 28       		.byte	0x28
 1302 05c2 10       		.uleb128 0x10
 1303 05c3 01       		.uleb128 0x1
 1304 05c4 52       		.byte	0x52
 1305 05c5 01       		.uleb128 0x1
 1306 05c6 32       		.byte	0x32
 1307 05c7 10       		.uleb128 0x10
 1308 05c8 01       		.uleb128 0x1
 1309 05c9 53       		.byte	0x53
 1310 05ca 02       		.uleb128 0x2
 1311 05cb 7D       		.byte	0x7d
 1312 05cc 00       		.sleb128 0
 1313 05cd 00       		.byte	0
 1314 05ce 0F       		.uleb128 0xf
 1315 05cf C8010000 		.4byte	.LVL69
 1316 05d3 C8060000 		.4byte	0x6c8
 1317 05d7 F3050000 		.4byte	0x5f3
ARM GAS  C:\Users\ilami\AppData\Local\Temp\ccV8u1Sj.s 			page 31


 1318 05db 10       		.uleb128 0x10
 1319 05dc 01       		.uleb128 0x1
 1320 05dd 50       		.byte	0x50
 1321 05de 01       		.uleb128 0x1
 1322 05df 48       		.byte	0x48
 1323 05e0 10       		.uleb128 0x10
 1324 05e1 01       		.uleb128 0x1
 1325 05e2 51       		.byte	0x51
 1326 05e3 02       		.uleb128 0x2
 1327 05e4 08       		.byte	0x8
 1328 05e5 2A       		.byte	0x2a
 1329 05e6 10       		.uleb128 0x10
 1330 05e7 01       		.uleb128 0x1
 1331 05e8 52       		.byte	0x52
 1332 05e9 01       		.uleb128 0x1
 1333 05ea 32       		.byte	0x32
 1334 05eb 10       		.uleb128 0x10
 1335 05ec 01       		.uleb128 0x1
 1336 05ed 53       		.byte	0x53
 1337 05ee 03       		.uleb128 0x3
 1338 05ef 91       		.byte	0x91
 1339 05f0 B27F     		.sleb128 -78
 1340 05f2 00       		.byte	0
 1341 05f3 0F       		.uleb128 0xf
 1342 05f4 F2010000 		.4byte	.LVL74
 1343 05f8 C8060000 		.4byte	0x6c8
 1344 05fc 18060000 		.4byte	0x618
 1345 0600 10       		.uleb128 0x10
 1346 0601 01       		.uleb128 0x1
 1347 0602 50       		.byte	0x50
 1348 0603 01       		.uleb128 0x1
 1349 0604 48       		.byte	0x48
 1350 0605 10       		.uleb128 0x10
 1351 0606 01       		.uleb128 0x1
 1352 0607 51       		.byte	0x51
 1353 0608 02       		.uleb128 0x2
 1354 0609 08       		.byte	0x8
 1355 060a 2C       		.byte	0x2c
 1356 060b 10       		.uleb128 0x10
 1357 060c 01       		.uleb128 0x1
 1358 060d 52       		.byte	0x52
 1359 060e 01       		.uleb128 0x1
 1360 060f 32       		.byte	0x32
 1361 0610 10       		.uleb128 0x10
 1362 0611 01       		.uleb128 0x1
 1363 0612 53       		.byte	0x53
 1364 0613 03       		.uleb128 0x3
 1365 0614 91       		.byte	0x91
 1366 0615 B47F     		.sleb128 -76
 1367 0617 00       		.byte	0
 1368 0618 11       		.uleb128 0x11
 1369 0619 1A020000 		.4byte	.LVL79
 1370 061d D3060000 		.4byte	0x6d3
 1371 0621 10       		.uleb128 0x10
 1372 0622 01       		.uleb128 0x1
 1373 0623 50       		.byte	0x50
 1374 0624 03       		.uleb128 0x3
ARM GAS  C:\Users\ilami\AppData\Local\Temp\ccV8u1Sj.s 			page 32


 1375 0625 91       		.byte	0x91
 1376 0626 B87F     		.sleb128 -72
 1377 0628 10       		.uleb128 0x10
 1378 0629 01       		.uleb128 0x1
 1379 062a 51       		.byte	0x51
 1380 062b 01       		.uleb128 0x1
 1381 062c 38       		.byte	0x38
 1382 062d 00       		.byte	0
 1383 062e 00       		.byte	0
 1384 062f 13       		.uleb128 0x13
 1385 0630 C7000000 		.4byte	0xc7
 1386 0634 3F060000 		.4byte	0x63f
 1387 0638 14       		.uleb128 0x14
 1388 0639 F9000000 		.4byte	0xf9
 1389 063d 31       		.byte	0x31
 1390 063e 00       		.byte	0
 1391 063f 13       		.uleb128 0x13
 1392 0640 8C000000 		.4byte	0x8c
 1393 0644 4F060000 		.4byte	0x64f
 1394 0648 14       		.uleb128 0x14
 1395 0649 F9000000 		.4byte	0xf9
 1396 064d 07       		.byte	0x7
 1397 064e 00       		.byte	0
 1398 064f 13       		.uleb128 0x13
 1399 0650 8C000000 		.4byte	0x8c
 1400 0654 5F060000 		.4byte	0x65f
 1401 0658 14       		.uleb128 0x14
 1402 0659 F9000000 		.4byte	0xf9
 1403 065d 05       		.byte	0x5
 1404 065e 00       		.byte	0
 1405 065f 15       		.uleb128 0x15
 1406 0660 06020000 		.4byte	.LASF51
 1407 0664 0A       		.byte	0xa
 1408 0665 1207     		.2byte	0x712
 1409 0667 6B060000 		.4byte	0x66b
 1410 066b 16       		.uleb128 0x16
 1411 066c A2000000 		.4byte	0xa2
 1412 0670 17       		.uleb128 0x17
 1413 0671 2E000000 		.4byte	.LASF37
 1414 0675 2E000000 		.4byte	.LASF37
 1415 0679 06       		.byte	0x6
 1416 067a 5D       		.byte	0x5d
 1417 067b 17       		.uleb128 0x17
 1418 067c 03030000 		.4byte	.LASF38
 1419 0680 03030000 		.4byte	.LASF38
 1420 0684 07       		.byte	0x7
 1421 0685 E7       		.byte	0xe7
 1422 0686 17       		.uleb128 0x17
 1423 0687 19000000 		.4byte	.LASF39
 1424 068b 19000000 		.4byte	.LASF39
 1425 068f 08       		.byte	0x8
 1426 0690 8B       		.byte	0x8b
 1427 0691 17       		.uleb128 0x17
 1428 0692 13030000 		.4byte	.LASF40
 1429 0696 13030000 		.4byte	.LASF40
 1430 069a 06       		.byte	0x6
 1431 069b 17       		.byte	0x17
ARM GAS  C:\Users\ilami\AppData\Local\Temp\ccV8u1Sj.s 			page 33


 1432 069c 17       		.uleb128 0x17
 1433 069d 3F020000 		.4byte	.LASF41
 1434 06a1 3F020000 		.4byte	.LASF41
 1435 06a5 08       		.byte	0x8
 1436 06a6 54       		.byte	0x54
 1437 06a7 17       		.uleb128 0x17
 1438 06a8 0B030000 		.4byte	.LASF42
 1439 06ac 0B030000 		.4byte	.LASF42
 1440 06b0 09       		.byte	0x9
 1441 06b1 76       		.byte	0x76
 1442 06b2 17       		.uleb128 0x17
 1443 06b3 5C020000 		.4byte	.LASF43
 1444 06b7 5C020000 		.4byte	.LASF43
 1445 06bb 06       		.byte	0x6
 1446 06bc 28       		.byte	0x28
 1447 06bd 17       		.uleb128 0x17
 1448 06be 92010000 		.4byte	.LASF44
 1449 06c2 92010000 		.4byte	.LASF44
 1450 06c6 06       		.byte	0x6
 1451 06c7 43       		.byte	0x43
 1452 06c8 17       		.uleb128 0x17
 1453 06c9 6C010000 		.4byte	.LASF45
 1454 06cd 6C010000 		.4byte	.LASF45
 1455 06d1 06       		.byte	0x6
 1456 06d2 36       		.byte	0x36
 1457 06d3 17       		.uleb128 0x17
 1458 06d4 62000000 		.4byte	.LASF46
 1459 06d8 62000000 		.4byte	.LASF46
 1460 06dc 08       		.byte	0x8
 1461 06dd 8C       		.byte	0x8c
 1462 06de 00       		.byte	0
 1463              		.section	.debug_abbrev,"",%progbits
 1464              	.Ldebug_abbrev0:
 1465 0000 01       		.uleb128 0x1
 1466 0001 11       		.uleb128 0x11
 1467 0002 01       		.byte	0x1
 1468 0003 25       		.uleb128 0x25
 1469 0004 0E       		.uleb128 0xe
 1470 0005 13       		.uleb128 0x13
 1471 0006 0B       		.uleb128 0xb
 1472 0007 03       		.uleb128 0x3
 1473 0008 0E       		.uleb128 0xe
 1474 0009 1B       		.uleb128 0x1b
 1475 000a 0E       		.uleb128 0xe
 1476 000b 55       		.uleb128 0x55
 1477 000c 17       		.uleb128 0x17
 1478 000d 11       		.uleb128 0x11
 1479 000e 01       		.uleb128 0x1
 1480 000f 10       		.uleb128 0x10
 1481 0010 17       		.uleb128 0x17
 1482 0011 00       		.byte	0
 1483 0012 00       		.byte	0
 1484 0013 02       		.uleb128 0x2
 1485 0014 24       		.uleb128 0x24
 1486 0015 00       		.byte	0
 1487 0016 0B       		.uleb128 0xb
 1488 0017 0B       		.uleb128 0xb
ARM GAS  C:\Users\ilami\AppData\Local\Temp\ccV8u1Sj.s 			page 34


 1489 0018 3E       		.uleb128 0x3e
 1490 0019 0B       		.uleb128 0xb
 1491 001a 03       		.uleb128 0x3
 1492 001b 0E       		.uleb128 0xe
 1493 001c 00       		.byte	0
 1494 001d 00       		.byte	0
 1495 001e 03       		.uleb128 0x3
 1496 001f 16       		.uleb128 0x16
 1497 0020 00       		.byte	0
 1498 0021 03       		.uleb128 0x3
 1499 0022 0E       		.uleb128 0xe
 1500 0023 3A       		.uleb128 0x3a
 1501 0024 0B       		.uleb128 0xb
 1502 0025 3B       		.uleb128 0x3b
 1503 0026 0B       		.uleb128 0xb
 1504 0027 49       		.uleb128 0x49
 1505 0028 13       		.uleb128 0x13
 1506 0029 00       		.byte	0
 1507 002a 00       		.byte	0
 1508 002b 04       		.uleb128 0x4
 1509 002c 24       		.uleb128 0x24
 1510 002d 00       		.byte	0
 1511 002e 0B       		.uleb128 0xb
 1512 002f 0B       		.uleb128 0xb
 1513 0030 3E       		.uleb128 0x3e
 1514 0031 0B       		.uleb128 0xb
 1515 0032 03       		.uleb128 0x3
 1516 0033 08       		.uleb128 0x8
 1517 0034 00       		.byte	0
 1518 0035 00       		.byte	0
 1519 0036 05       		.uleb128 0x5
 1520 0037 16       		.uleb128 0x16
 1521 0038 00       		.byte	0
 1522 0039 03       		.uleb128 0x3
 1523 003a 0E       		.uleb128 0xe
 1524 003b 3A       		.uleb128 0x3a
 1525 003c 0B       		.uleb128 0xb
 1526 003d 3B       		.uleb128 0x3b
 1527 003e 05       		.uleb128 0x5
 1528 003f 49       		.uleb128 0x49
 1529 0040 13       		.uleb128 0x13
 1530 0041 00       		.byte	0
 1531 0042 00       		.byte	0
 1532 0043 06       		.uleb128 0x6
 1533 0044 04       		.uleb128 0x4
 1534 0045 01       		.byte	0x1
 1535 0046 0B       		.uleb128 0xb
 1536 0047 0B       		.uleb128 0xb
 1537 0048 49       		.uleb128 0x49
 1538 0049 13       		.uleb128 0x13
 1539 004a 3A       		.uleb128 0x3a
 1540 004b 0B       		.uleb128 0xb
 1541 004c 3B       		.uleb128 0x3b
 1542 004d 0B       		.uleb128 0xb
 1543 004e 01       		.uleb128 0x1
 1544 004f 13       		.uleb128 0x13
 1545 0050 00       		.byte	0
ARM GAS  C:\Users\ilami\AppData\Local\Temp\ccV8u1Sj.s 			page 35


 1546 0051 00       		.byte	0
 1547 0052 07       		.uleb128 0x7
 1548 0053 28       		.uleb128 0x28
 1549 0054 00       		.byte	0
 1550 0055 03       		.uleb128 0x3
 1551 0056 0E       		.uleb128 0xe
 1552 0057 1C       		.uleb128 0x1c
 1553 0058 0B       		.uleb128 0xb
 1554 0059 00       		.byte	0
 1555 005a 00       		.byte	0
 1556 005b 08       		.uleb128 0x8
 1557 005c 2E       		.uleb128 0x2e
 1558 005d 01       		.byte	0x1
 1559 005e 3F       		.uleb128 0x3f
 1560 005f 19       		.uleb128 0x19
 1561 0060 03       		.uleb128 0x3
 1562 0061 0E       		.uleb128 0xe
 1563 0062 3A       		.uleb128 0x3a
 1564 0063 0B       		.uleb128 0xb
 1565 0064 3B       		.uleb128 0x3b
 1566 0065 0B       		.uleb128 0xb
 1567 0066 27       		.uleb128 0x27
 1568 0067 19       		.uleb128 0x19
 1569 0068 49       		.uleb128 0x49
 1570 0069 13       		.uleb128 0x13
 1571 006a 8701     		.uleb128 0x87
 1572 006c 19       		.uleb128 0x19
 1573 006d 11       		.uleb128 0x11
 1574 006e 01       		.uleb128 0x1
 1575 006f 12       		.uleb128 0x12
 1576 0070 06       		.uleb128 0x6
 1577 0071 40       		.uleb128 0x40
 1578 0072 18       		.uleb128 0x18
 1579 0073 9742     		.uleb128 0x2117
 1580 0075 19       		.uleb128 0x19
 1581 0076 01       		.uleb128 0x1
 1582 0077 13       		.uleb128 0x13
 1583 0078 00       		.byte	0
 1584 0079 00       		.byte	0
 1585 007a 09       		.uleb128 0x9
 1586 007b 34       		.uleb128 0x34
 1587 007c 00       		.byte	0
 1588 007d 03       		.uleb128 0x3
 1589 007e 0E       		.uleb128 0xe
 1590 007f 3A       		.uleb128 0x3a
 1591 0080 0B       		.uleb128 0xb
 1592 0081 3B       		.uleb128 0x3b
 1593 0082 0B       		.uleb128 0xb
 1594 0083 49       		.uleb128 0x49
 1595 0084 13       		.uleb128 0x13
 1596 0085 02       		.uleb128 0x2
 1597 0086 18       		.uleb128 0x18
 1598 0087 00       		.byte	0
 1599 0088 00       		.byte	0
 1600 0089 0A       		.uleb128 0xa
 1601 008a 34       		.uleb128 0x34
 1602 008b 00       		.byte	0
ARM GAS  C:\Users\ilami\AppData\Local\Temp\ccV8u1Sj.s 			page 36


 1603 008c 03       		.uleb128 0x3
 1604 008d 0E       		.uleb128 0xe
 1605 008e 3A       		.uleb128 0x3a
 1606 008f 0B       		.uleb128 0xb
 1607 0090 3B       		.uleb128 0x3b
 1608 0091 0B       		.uleb128 0xb
 1609 0092 49       		.uleb128 0x49
 1610 0093 13       		.uleb128 0x13
 1611 0094 02       		.uleb128 0x2
 1612 0095 17       		.uleb128 0x17
 1613 0096 00       		.byte	0
 1614 0097 00       		.byte	0
 1615 0098 0B       		.uleb128 0xb
 1616 0099 34       		.uleb128 0x34
 1617 009a 00       		.byte	0
 1618 009b 03       		.uleb128 0x3
 1619 009c 0E       		.uleb128 0xe
 1620 009d 3A       		.uleb128 0x3a
 1621 009e 0B       		.uleb128 0xb
 1622 009f 3B       		.uleb128 0x3b
 1623 00a0 0B       		.uleb128 0xb
 1624 00a1 49       		.uleb128 0x49
 1625 00a2 13       		.uleb128 0x13
 1626 00a3 1C       		.uleb128 0x1c
 1627 00a4 0D       		.uleb128 0xd
 1628 00a5 00       		.byte	0
 1629 00a6 00       		.byte	0
 1630 00a7 0C       		.uleb128 0xc
 1631 00a8 34       		.uleb128 0x34
 1632 00a9 00       		.byte	0
 1633 00aa 03       		.uleb128 0x3
 1634 00ab 0E       		.uleb128 0xe
 1635 00ac 3A       		.uleb128 0x3a
 1636 00ad 0B       		.uleb128 0xb
 1637 00ae 3B       		.uleb128 0x3b
 1638 00af 05       		.uleb128 0x5
 1639 00b0 49       		.uleb128 0x49
 1640 00b1 13       		.uleb128 0x13
 1641 00b2 02       		.uleb128 0x2
 1642 00b3 18       		.uleb128 0x18
 1643 00b4 00       		.byte	0
 1644 00b5 00       		.byte	0
 1645 00b6 0D       		.uleb128 0xd
 1646 00b7 0B       		.uleb128 0xb
 1647 00b8 01       		.byte	0x1
 1648 00b9 11       		.uleb128 0x11
 1649 00ba 01       		.uleb128 0x1
 1650 00bb 12       		.uleb128 0x12
 1651 00bc 06       		.uleb128 0x6
 1652 00bd 01       		.uleb128 0x1
 1653 00be 13       		.uleb128 0x13
 1654 00bf 00       		.byte	0
 1655 00c0 00       		.byte	0
 1656 00c1 0E       		.uleb128 0xe
 1657 00c2 34       		.uleb128 0x34
 1658 00c3 00       		.byte	0
 1659 00c4 03       		.uleb128 0x3
ARM GAS  C:\Users\ilami\AppData\Local\Temp\ccV8u1Sj.s 			page 37


 1660 00c5 08       		.uleb128 0x8
 1661 00c6 3A       		.uleb128 0x3a
 1662 00c7 0B       		.uleb128 0xb
 1663 00c8 3B       		.uleb128 0x3b
 1664 00c9 0B       		.uleb128 0xb
 1665 00ca 49       		.uleb128 0x49
 1666 00cb 13       		.uleb128 0x13
 1667 00cc 02       		.uleb128 0x2
 1668 00cd 17       		.uleb128 0x17
 1669 00ce 00       		.byte	0
 1670 00cf 00       		.byte	0
 1671 00d0 0F       		.uleb128 0xf
 1672 00d1 898201   		.uleb128 0x4109
 1673 00d4 01       		.byte	0x1
 1674 00d5 11       		.uleb128 0x11
 1675 00d6 01       		.uleb128 0x1
 1676 00d7 31       		.uleb128 0x31
 1677 00d8 13       		.uleb128 0x13
 1678 00d9 01       		.uleb128 0x1
 1679 00da 13       		.uleb128 0x13
 1680 00db 00       		.byte	0
 1681 00dc 00       		.byte	0
 1682 00dd 10       		.uleb128 0x10
 1683 00de 8A8201   		.uleb128 0x410a
 1684 00e1 00       		.byte	0
 1685 00e2 02       		.uleb128 0x2
 1686 00e3 18       		.uleb128 0x18
 1687 00e4 9142     		.uleb128 0x2111
 1688 00e6 18       		.uleb128 0x18
 1689 00e7 00       		.byte	0
 1690 00e8 00       		.byte	0
 1691 00e9 11       		.uleb128 0x11
 1692 00ea 898201   		.uleb128 0x4109
 1693 00ed 01       		.byte	0x1
 1694 00ee 11       		.uleb128 0x11
 1695 00ef 01       		.uleb128 0x1
 1696 00f0 31       		.uleb128 0x31
 1697 00f1 13       		.uleb128 0x13
 1698 00f2 00       		.byte	0
 1699 00f3 00       		.byte	0
 1700 00f4 12       		.uleb128 0x12
 1701 00f5 898201   		.uleb128 0x4109
 1702 00f8 00       		.byte	0
 1703 00f9 11       		.uleb128 0x11
 1704 00fa 01       		.uleb128 0x1
 1705 00fb 31       		.uleb128 0x31
 1706 00fc 13       		.uleb128 0x13
 1707 00fd 00       		.byte	0
 1708 00fe 00       		.byte	0
 1709 00ff 13       		.uleb128 0x13
 1710 0100 01       		.uleb128 0x1
 1711 0101 01       		.byte	0x1
 1712 0102 49       		.uleb128 0x49
 1713 0103 13       		.uleb128 0x13
 1714 0104 01       		.uleb128 0x1
 1715 0105 13       		.uleb128 0x13
 1716 0106 00       		.byte	0
ARM GAS  C:\Users\ilami\AppData\Local\Temp\ccV8u1Sj.s 			page 38


 1717 0107 00       		.byte	0
 1718 0108 14       		.uleb128 0x14
 1719 0109 21       		.uleb128 0x21
 1720 010a 00       		.byte	0
 1721 010b 49       		.uleb128 0x49
 1722 010c 13       		.uleb128 0x13
 1723 010d 2F       		.uleb128 0x2f
 1724 010e 0B       		.uleb128 0xb
 1725 010f 00       		.byte	0
 1726 0110 00       		.byte	0
 1727 0111 15       		.uleb128 0x15
 1728 0112 34       		.uleb128 0x34
 1729 0113 00       		.byte	0
 1730 0114 03       		.uleb128 0x3
 1731 0115 0E       		.uleb128 0xe
 1732 0116 3A       		.uleb128 0x3a
 1733 0117 0B       		.uleb128 0xb
 1734 0118 3B       		.uleb128 0x3b
 1735 0119 05       		.uleb128 0x5
 1736 011a 49       		.uleb128 0x49
 1737 011b 13       		.uleb128 0x13
 1738 011c 3F       		.uleb128 0x3f
 1739 011d 19       		.uleb128 0x19
 1740 011e 3C       		.uleb128 0x3c
 1741 011f 19       		.uleb128 0x19
 1742 0120 00       		.byte	0
 1743 0121 00       		.byte	0
 1744 0122 16       		.uleb128 0x16
 1745 0123 35       		.uleb128 0x35
 1746 0124 00       		.byte	0
 1747 0125 49       		.uleb128 0x49
 1748 0126 13       		.uleb128 0x13
 1749 0127 00       		.byte	0
 1750 0128 00       		.byte	0
 1751 0129 17       		.uleb128 0x17
 1752 012a 2E       		.uleb128 0x2e
 1753 012b 00       		.byte	0
 1754 012c 3F       		.uleb128 0x3f
 1755 012d 19       		.uleb128 0x19
 1756 012e 3C       		.uleb128 0x3c
 1757 012f 19       		.uleb128 0x19
 1758 0130 6E       		.uleb128 0x6e
 1759 0131 0E       		.uleb128 0xe
 1760 0132 03       		.uleb128 0x3
 1761 0133 0E       		.uleb128 0xe
 1762 0134 3A       		.uleb128 0x3a
 1763 0135 0B       		.uleb128 0xb
 1764 0136 3B       		.uleb128 0x3b
 1765 0137 0B       		.uleb128 0xb
 1766 0138 00       		.byte	0
 1767 0139 00       		.byte	0
 1768 013a 00       		.byte	0
 1769              		.section	.debug_loc,"",%progbits
 1770              	.Ldebug_loc0:
 1771              	.LLST0:
 1772 0000 42000000 		.4byte	.LVL8
 1773 0004 4C000000 		.4byte	.LVL9
ARM GAS  C:\Users\ilami\AppData\Local\Temp\ccV8u1Sj.s 			page 39


 1774 0008 0100     		.2byte	0x1
 1775 000a 50       		.byte	0x50
 1776 000b 58000000 		.4byte	.LVL12
 1777 000f 5A000000 		.4byte	.LVL13
 1778 0013 0100     		.2byte	0x1
 1779 0015 50       		.byte	0x50
 1780 0016 6A000000 		.4byte	.LVL15
 1781 001a 74000000 		.4byte	.LVL16
 1782 001e 0100     		.2byte	0x1
 1783 0020 50       		.byte	0x50
 1784 0021 80000000 		.4byte	.LVL19
 1785 0025 82000000 		.4byte	.LVL20
 1786 0029 0100     		.2byte	0x1
 1787 002b 50       		.byte	0x50
 1788 002c 92000000 		.4byte	.LVL22
 1789 0030 9C000000 		.4byte	.LVL23
 1790 0034 0100     		.2byte	0x1
 1791 0036 50       		.byte	0x50
 1792 0037 A8000000 		.4byte	.LVL26
 1793 003b AA000000 		.4byte	.LVL27
 1794 003f 0100     		.2byte	0x1
 1795 0041 50       		.byte	0x50
 1796 0042 CA000000 		.4byte	.LVL30
 1797 0046 D4000000 		.4byte	.LVL31
 1798 004a 0100     		.2byte	0x1
 1799 004c 50       		.byte	0x50
 1800 004d E0000000 		.4byte	.LVL34
 1801 0051 E2000000 		.4byte	.LVL35
 1802 0055 0100     		.2byte	0x1
 1803 0057 50       		.byte	0x50
 1804 0058 F2000000 		.4byte	.LVL37
 1805 005c FC000000 		.4byte	.LVL38
 1806 0060 0100     		.2byte	0x1
 1807 0062 50       		.byte	0x50
 1808 0063 08010000 		.4byte	.LVL41
 1809 0067 0A010000 		.4byte	.LVL42
 1810 006b 0100     		.2byte	0x1
 1811 006d 50       		.byte	0x50
 1812 006e 18010000 		.4byte	.LVL44
 1813 0072 22010000 		.4byte	.LVL45
 1814 0076 0100     		.2byte	0x1
 1815 0078 50       		.byte	0x50
 1816 0079 2E010000 		.4byte	.LVL48
 1817 007d 30010000 		.4byte	.LVL49
 1818 0081 0100     		.2byte	0x1
 1819 0083 50       		.byte	0x50
 1820 0084 4E010000 		.4byte	.LVL53
 1821 0088 58010000 		.4byte	.LVL54
 1822 008c 0100     		.2byte	0x1
 1823 008e 50       		.byte	0x50
 1824 008f 64010000 		.4byte	.LVL57
 1825 0093 66010000 		.4byte	.LVL58
 1826 0097 0100     		.2byte	0x1
 1827 0099 50       		.byte	0x50
 1828 009a 88010000 		.4byte	.LVL61
 1829 009e 8C010000 		.4byte	.LVL62
 1830 00a2 0100     		.2byte	0x1
ARM GAS  C:\Users\ilami\AppData\Local\Temp\ccV8u1Sj.s 			page 40


 1831 00a4 50       		.byte	0x50
 1832 00a5 9C010000 		.4byte	.LVL64
 1833 00a9 C4010000 		.4byte	.LVL68
 1834 00ad 0100     		.2byte	0x1
 1835 00af 50       		.byte	0x50
 1836 00b0 C8010000 		.4byte	.LVL69
 1837 00b4 EE010000 		.4byte	.LVL73
 1838 00b8 0100     		.2byte	0x1
 1839 00ba 50       		.byte	0x50
 1840 00bb F2010000 		.4byte	.LVL74
 1841 00bf 16020000 		.4byte	.LVL78
 1842 00c3 0100     		.2byte	0x1
 1843 00c5 50       		.byte	0x50
 1844 00c6 00000000 		.4byte	0
 1845 00ca 00000000 		.4byte	0
 1846              	.LLST1:
 1847 00ce AE010000 		.4byte	.LVL65
 1848 00d2 B6010000 		.4byte	.LVL66
 1849 00d6 0100     		.2byte	0x1
 1850 00d8 53       		.byte	0x53
 1851 00d9 B6010000 		.4byte	.LVL66
 1852 00dd BA010000 		.4byte	.LVL67
 1853 00e1 1300     		.2byte	0x13
 1854 00e3 72       		.byte	0x72
 1855 00e4 00       		.sleb128 0
 1856 00e5 38       		.byte	0x38
 1857 00e6 24       		.byte	0x24
 1858 00e7 7D       		.byte	0x7d
 1859 00e8 00       		.sleb128 0
 1860 00e9 94       		.byte	0x94
 1861 00ea 01       		.byte	0x1
 1862 00eb 08       		.byte	0x8
 1863 00ec FF       		.byte	0xff
 1864 00ed 1A       		.byte	0x1a
 1865 00ee 21       		.byte	0x21
 1866 00ef 09       		.byte	0x9
 1867 00f0 F4       		.byte	0xf4
 1868 00f1 24       		.byte	0x24
 1869 00f2 09       		.byte	0x9
 1870 00f3 FA       		.byte	0xfa
 1871 00f4 26       		.byte	0x26
 1872 00f5 9F       		.byte	0x9f
 1873 00f6 00000000 		.4byte	0
 1874 00fa 00000000 		.4byte	0
 1875              	.LLST2:
 1876 00fe DA010000 		.4byte	.LVL70
 1877 0102 E2010000 		.4byte	.LVL71
 1878 0106 0100     		.2byte	0x1
 1879 0108 53       		.byte	0x53
 1880 0109 E2010000 		.4byte	.LVL71
 1881 010d E6010000 		.4byte	.LVL72
 1882 0111 1400     		.2byte	0x14
 1883 0113 72       		.byte	0x72
 1884 0114 00       		.sleb128 0
 1885 0115 38       		.byte	0x38
 1886 0116 24       		.byte	0x24
 1887 0117 91       		.byte	0x91
ARM GAS  C:\Users\ilami\AppData\Local\Temp\ccV8u1Sj.s 			page 41


 1888 0118 B27F     		.sleb128 -78
 1889 011a 94       		.byte	0x94
 1890 011b 01       		.byte	0x1
 1891 011c 08       		.byte	0x8
 1892 011d FF       		.byte	0xff
 1893 011e 1A       		.byte	0x1a
 1894 011f 21       		.byte	0x21
 1895 0120 09       		.byte	0x9
 1896 0121 F4       		.byte	0xf4
 1897 0122 24       		.byte	0x24
 1898 0123 09       		.byte	0x9
 1899 0124 FA       		.byte	0xfa
 1900 0125 26       		.byte	0x26
 1901 0126 9F       		.byte	0x9f
 1902 0127 00000000 		.4byte	0
 1903 012b 00000000 		.4byte	0
 1904              	.LLST3:
 1905 012f 04020000 		.4byte	.LVL75
 1906 0133 0C020000 		.4byte	.LVL76
 1907 0137 0100     		.2byte	0x1
 1908 0139 53       		.byte	0x53
 1909 013a 0C020000 		.4byte	.LVL76
 1910 013e 10020000 		.4byte	.LVL77
 1911 0142 1400     		.2byte	0x14
 1912 0144 72       		.byte	0x72
 1913 0145 00       		.sleb128 0
 1914 0146 38       		.byte	0x38
 1915 0147 24       		.byte	0x24
 1916 0148 91       		.byte	0x91
 1917 0149 B47F     		.sleb128 -76
 1918 014b 94       		.byte	0x94
 1919 014c 01       		.byte	0x1
 1920 014d 08       		.byte	0x8
 1921 014e FF       		.byte	0xff
 1922 014f 1A       		.byte	0x1a
 1923 0150 21       		.byte	0x21
 1924 0151 09       		.byte	0x9
 1925 0152 F4       		.byte	0xf4
 1926 0153 24       		.byte	0x24
 1927 0154 09       		.byte	0x9
 1928 0155 FA       		.byte	0xfa
 1929 0156 26       		.byte	0x26
 1930 0157 9F       		.byte	0x9f
 1931 0158 00000000 		.4byte	0
 1932 015c 00000000 		.4byte	0
 1933              	.LLST4:
 1934 0160 14000000 		.4byte	.LVL2
 1935 0164 18000000 		.4byte	.LVL3
 1936 0168 0200     		.2byte	0x2
 1937 016a 30       		.byte	0x30
 1938 016b 9F       		.byte	0x9f
 1939 016c 18000000 		.4byte	.LVL3
 1940 0170 38010000 		.4byte	.LVL51
 1941 0174 0100     		.2byte	0x1
 1942 0176 54       		.byte	0x54
 1943 0177 00000000 		.4byte	0
 1944 017b 00000000 		.4byte	0
ARM GAS  C:\Users\ilami\AppData\Local\Temp\ccV8u1Sj.s 			page 42


 1945              		.section	.debug_aranges,"",%progbits
 1946 0000 1C000000 		.4byte	0x1c
 1947 0004 0200     		.2byte	0x2
 1948 0006 00000000 		.4byte	.Ldebug_info0
 1949 000a 04       		.byte	0x4
 1950 000b 00       		.byte	0
 1951 000c 0000     		.2byte	0
 1952 000e 0000     		.2byte	0
 1953 0010 00000000 		.4byte	.LFB64
 1954 0014 54020000 		.4byte	.LFE64-.LFB64
 1955 0018 00000000 		.4byte	0
 1956 001c 00000000 		.4byte	0
 1957              		.section	.debug_ranges,"",%progbits
 1958              	.Ldebug_ranges0:
 1959 0000 00000000 		.4byte	.LFB64
 1960 0004 54020000 		.4byte	.LFE64
 1961 0008 00000000 		.4byte	0
 1962 000c 00000000 		.4byte	0
 1963              		.section	.debug_line,"",%progbits
 1964              	.Ldebug_line0:
 1965 0000 70020000 		.section	.debug_str,"MS",%progbits,1
 1965      0200FD01 
 1965      00000201 
 1965      FB0E0D00 
 1965      01010101 
 1966              	.LASF24:
 1967 0000 6D657373 		.ascii	"message\000"
 1967      61676500 
 1968              	.LASF33:
 1969 0008 68656164 		.ascii	"header\000"
 1969      657200
 1970              	.LASF2:
 1971 000f 5F5F7569 		.ascii	"__uint8_t\000"
 1971      6E74385F 
 1971      7400
 1972              	.LASF39:
 1973 0019 55415254 		.ascii	"UART_Debug_PutString\000"
 1973      5F446562 
 1973      75675F50 
 1973      75745374 
 1973      72696E67 
 1974              	.LASF37:
 1975 002e 4932435F 		.ascii	"I2C_Peripheral_IsDeviceConnected\000"
 1975      50657269 
 1975      70686572 
 1975      616C5F49 
 1975      73446576 
 1976              	.LASF6:
 1977 004f 5F5F696E 		.ascii	"__int32_t\000"
 1977      7433325F 
 1977      7400
 1978              	.LASF7:
 1979 0059 6C6F6E67 		.ascii	"long int\000"
 1979      20696E74 
 1979      00
 1980              	.LASF46:
 1981 0062 55415254 		.ascii	"UART_Debug_PutArray\000"
ARM GAS  C:\Users\ilami\AppData\Local\Temp\ccV8u1Sj.s 			page 43


 1981      5F446562 
 1981      75675F50 
 1981      75744172 
 1981      72617900 
 1982              	.LASF21:
 1983 0076 4572726F 		.ascii	"ErrorCode\000"
 1983      72436F64 
 1983      6500
 1984              	.LASF14:
 1985 0080 696E7433 		.ascii	"int32_t\000"
 1985      325F7400 
 1986              	.LASF16:
 1987 0088 666C6F61 		.ascii	"float\000"
 1987      7400
 1988              	.LASF35:
 1989 008e 4F757441 		.ascii	"OutArray\000"
 1989      72726179 
 1989      00
 1990              	.LASF1:
 1991 0097 756E7369 		.ascii	"unsigned char\000"
 1991      676E6564 
 1991      20636861 
 1991      7200
 1992              	.LASF47:
 1993 00a5 474E5520 		.ascii	"GNU C11 5.4.1 20160609 (release) [ARM/embedded-5-br"
 1993      43313120 
 1993      352E342E 
 1993      31203230 
 1993      31363036 
 1994 00d8 616E6368 		.ascii	"anch revision 237715] -mcpu=cortex-m3 -mthumb -g -O"
 1994      20726576 
 1994      6973696F 
 1994      6E203233 
 1994      37373135 
 1995 010b 67202D66 		.ascii	"g -ffunction-sections -ffat-lto-objects\000"
 1995      66756E63 
 1995      74696F6E 
 1995      2D736563 
 1995      74696F6E 
 1996              	.LASF15:
 1997 0133 696E7431 		.ascii	"int16\000"
 1997      3600
 1998              	.LASF8:
 1999 0139 6C6F6E67 		.ascii	"long unsigned int\000"
 1999      20756E73 
 1999      69676E65 
 1999      6420696E 
 1999      7400
 2000              	.LASF5:
 2001 014b 73686F72 		.ascii	"short unsigned int\000"
 2001      7420756E 
 2001      7369676E 
 2001      65642069 
 2001      6E7400
 2002              	.LASF34:
 2003 015e 666F6F74 		.ascii	"footer\000"
 2003      657200
ARM GAS  C:\Users\ilami\AppData\Local\Temp\ccV8u1Sj.s 			page 44


 2004              	.LASF17:
 2005 0165 646F7562 		.ascii	"double\000"
 2005      6C6500
 2006              	.LASF45:
 2007 016c 4932435F 		.ascii	"I2C_Peripheral_ReadRegisterMulti\000"
 2007      50657269 
 2007      70686572 
 2007      616C5F52 
 2007      65616452 
 2008              	.LASF36:
 2009 018d 44617461 		.ascii	"Data\000"
 2009      00
 2010              	.LASF44:
 2011 0192 4932435F 		.ascii	"I2C_Peripheral_WriteRegister\000"
 2011      50657269 
 2011      70686572 
 2011      616C5F57 
 2011      72697465 
 2012              	.LASF50:
 2013 01af 6D61696E 		.ascii	"main\000"
 2013      00
 2014              	.LASF3:
 2015 01b4 5F5F696E 		.ascii	"__int16_t\000"
 2015      7431365F 
 2015      7400
 2016              	.LASF28:
 2017 01be 6374726C 		.ascii	"ctrl_reg1\000"
 2017      5F726567 
 2017      3100
 2018              	.LASF29:
 2019 01c8 6374726C 		.ascii	"ctrl_reg4\000"
 2019      5F726567 
 2019      3400
 2020              	.LASF11:
 2021 01d2 756E7369 		.ascii	"unsigned int\000"
 2021      676E6564 
 2021      20696E74 
 2021      00
 2022              	.LASF10:
 2023 01df 6C6F6E67 		.ascii	"long long unsigned int\000"
 2023      206C6F6E 
 2023      6720756E 
 2023      7369676E 
 2023      65642069 
 2024              	.LASF12:
 2025 01f6 75696E74 		.ascii	"uint8_t\000"
 2025      385F7400 
 2026              	.LASF13:
 2027 01fe 696E7431 		.ascii	"int16_t\000"
 2027      365F7400 
 2028              	.LASF51:
 2029 0206 49544D5F 		.ascii	"ITM_RxBuffer\000"
 2029      52784275 
 2029      66666572 
 2029      00
 2030              	.LASF30:
 2031 0213 4F757458 		.ascii	"OutX\000"
ARM GAS  C:\Users\ilami\AppData\Local\Temp\ccV8u1Sj.s 			page 45


 2031      00
 2032              	.LASF31:
 2033 0218 4F757459 		.ascii	"OutY\000"
 2033      00
 2034              	.LASF32:
 2035 021d 4F75745A 		.ascii	"OutZ\000"
 2035      00
 2036              	.LASF23:
 2037 0222 73697A65 		.ascii	"sizetype\000"
 2037      74797065 
 2037      00
 2038              	.LASF26:
 2039 022b 6572726F 		.ascii	"error\000"
 2039      7200
 2040              	.LASF9:
 2041 0231 6C6F6E67 		.ascii	"long long int\000"
 2041      206C6F6E 
 2041      6720696E 
 2041      7400
 2042              	.LASF41:
 2043 023f 55415254 		.ascii	"UART_Debug_Start\000"
 2043      5F446562 
 2043      75675F53 
 2043      74617274 
 2043      00
 2044              	.LASF48:
 2045 0250 6D61696E 		.ascii	"main.c\000"
 2045      2E6300
 2046              	.LASF18:
 2047 0257 63686172 		.ascii	"char\000"
 2047      00
 2048              	.LASF43:
 2049 025c 4932435F 		.ascii	"I2C_Peripheral_ReadRegister\000"
 2049      50657269 
 2049      70686572 
 2049      616C5F52 
 2049      65616452 
 2050              	.LASF4:
 2051 0278 73686F72 		.ascii	"short int\000"
 2051      7420696E 
 2051      7400
 2052              	.LASF49:
 2053 0282 433A5C55 		.ascii	"C:\\Users\\ilami\\Desktop\\PSoC_03\\AY1920_II_HW_05"
 2053      73657273 
 2053      5C696C61 
 2053      6D695C44 
 2053      65736B74 
 2054 02b0 5F50524F 		.ascii	"_PROJ_N2.cydsn\000"
 2054      4A5F4E32 
 2054      2E637964 
 2054      736E00
 2055              	.LASF19:
 2056 02bf 4E4F5F45 		.ascii	"NO_ERROR\000"
 2056      52524F52 
 2056      00
 2057              	.LASF20:
 2058 02c8 4552524F 		.ascii	"ERROR\000"
ARM GAS  C:\Users\ilami\AppData\Local\Temp\ccV8u1Sj.s 			page 46


 2058      5200
 2059              	.LASF27:
 2060 02ce 73746174 		.ascii	"status_register\000"
 2060      75735F72 
 2060      65676973 
 2060      74657200 
 2061              	.LASF22:
 2062 02de 6C6F6E67 		.ascii	"long double\000"
 2062      20646F75 
 2062      626C6500 
 2063              	.LASF0:
 2064 02ea 7369676E 		.ascii	"signed char\000"
 2064      65642063 
 2064      68617200 
 2065              	.LASF25:
 2066 02f6 77686F5F 		.ascii	"who_am_i_reg\000"
 2066      616D5F69 
 2066      5F726567 
 2066      00
 2067              	.LASF38:
 2068 0303 73707269 		.ascii	"sprintf\000"
 2068      6E746600 
 2069              	.LASF42:
 2070 030b 43794465 		.ascii	"CyDelay\000"
 2070      6C617900 
 2071              	.LASF40:
 2072 0313 4932435F 		.ascii	"I2C_Peripheral_Start\000"
 2072      50657269 
 2072      70686572 
 2072      616C5F53 
 2072      74617274 
 2073              		.ident	"GCC: (GNU Tools for ARM Embedded Processors) 5.4.1 20160609 (release) [ARM/embedded-5-bran
