ARM GAS  C:\Users\ilami\AppData\Local\Temp\ccOZtpY3.s 			page 1


   1              		.syntax unified
   2              		.cpu cortex-m3
   3              		.fpu softvfp
   4              		.eabi_attribute 20, 1
   5              		.eabi_attribute 21, 1
   6              		.eabi_attribute 23, 3
   7              		.eabi_attribute 24, 1
   8              		.eabi_attribute 25, 1
   9              		.eabi_attribute 26, 1
  10              		.eabi_attribute 30, 1
  11              		.eabi_attribute 34, 1
  12              		.eabi_attribute 18, 4
  13              		.thumb
  14              		.syntax unified
  15              		.file	"main.c"
  16              		.text
  17              	.Ltext0:
  18              		.cfi_sections	.debug_frame
  19              		.section	.text.main,"ax",%progbits
  20              		.align	2
  21              		.global	main
  22              		.thumb
  23              		.thumb_func
  24              		.type	main, %function
  25              	main:
  26              	.LFB64:
  27              		.file 1 "main.c"
   1:main.c        **** /**
   2:main.c        **** * \brief Main source file for the I2C-Master project.
   3:main.c        **** *
   4:main.c        **** * In this project we set up a I2C master device with
   5:main.c        **** * to understand the I2C protocol and communicate with a
   6:main.c        **** * a I2C Slave device (LIS3DH Accelerometer).
   7:main.c        **** *
   8:main.c        **** * \author Gabriele Belotti
   9:main.c        **** * \date , 2020
  10:main.c        **** */
  11:main.c        **** 
  12:main.c        **** // Include required header files
  13:main.c        **** #include "I2C_Interface.h"
  14:main.c        **** #include "project.h"
  15:main.c        **** #include "stdio.h"
  16:main.c        **** 
  17:main.c        **** /**
  18:main.c        **** *   \brief 7-bit I2C address of the slave device.
  19:main.c        **** */
  20:main.c        **** #define LIS3DH_DEVICE_ADDRESS 0x18
  21:main.c        **** 
  22:main.c        **** /**
  23:main.c        **** *   \brief Address of the WHO AM I register
  24:main.c        **** */
  25:main.c        **** #define LIS3DH_WHO_AM_I_REG_ADDR 0x0F
  26:main.c        **** 
  27:main.c        **** /**
  28:main.c        **** *   \brief Address of the Status register
  29:main.c        **** */
  30:main.c        **** #define LIS3DH_STATUS_REG 0x27
ARM GAS  C:\Users\ilami\AppData\Local\Temp\ccOZtpY3.s 			page 2


  31:main.c        **** 
  32:main.c        **** /**
  33:main.c        **** *   \new Data on the Status register
  34:main.c        **** */
  35:main.c        **** //#define LIS3DH_STATUS_REG_NEWDATA 0x08 //if ZYXDA == 1
  36:main.c        **** #define LIS3DH_STATUS_REG_NEWDATAX 0x01 //if XDA == 1
  37:main.c        **** #define LIS3DH_STATUS_REG_NEWDATAY 0x02 //if YDA == 1
  38:main.c        **** #define LIS3DH_STATUS_REG_NEWDATAZ 0x04 //if ZDA == 1
  39:main.c        **** 
  40:main.c        **** /**
  41:main.c        **** *   \brief Address of the Control register 1
  42:main.c        **** */
  43:main.c        **** #define LIS3DH_CTRL_REG1 0x20 
  44:main.c        **** 
  45:main.c        **** /**
  46:main.c        **** *   \brief Hex value to set normal mode to the accelerator
  47:main.c        **** */
  48:main.c        **** #define LIS3DH_NORMAL_MODE_CTRL_REG1 0x57 //0101 to set 100hz
  49:main.c        ****                                           //0111 normal mode and axis enabled
  50:main.c        **** 
  51:main.c        **** 
  52:main.c        **** /**
  53:main.c        **** *   \brief Address of the Control register 4
  54:main.c        **** */
  55:main.c        **** #define LIS3DH_CTRL_REG4 0x23 
  56:main.c        **** 
  57:main.c        **** #define LIS3DH_CTRL_REG4_ACTIVE 0x83 // set BDU active, and ±2.0 g FSR 
  58:main.c        **** 
  59:main.c        **** /**
  60:main.c        **** *   \brief Address of the ADC output for the 3 axis, MSB (H) and LSB (L) register
  61:main.c        **** */
  62:main.c        **** #define LIS3DH_OUT_X_L 0x28
  63:main.c        **** #define LIS3DH_OUT_X_H 0x29
  64:main.c        **** #define LIS3DH_OUT_Y_L 0x2A
  65:main.c        **** #define LIS3DH_OUT_Y_H 0x2B
  66:main.c        **** #define LIS3DH_OUT_Z_L 0x2C
  67:main.c        **** #define LIS3DH_OUT_Z_H 0x2D
  68:main.c        **** 
  69:main.c        **** 
  70:main.c        **** int main(void)
  71:main.c        **** {
  28              		.loc 1 71 0
  29              		.cfi_startproc
  30              		@ args = 0, pretend = 0, frame = 72
  31              		@ frame_needed = 0, uses_anonymous_args = 0
  32 0000 10B5     		push	{r4, lr}
  33              		.cfi_def_cfa_offset 8
  34              		.cfi_offset 4, -8
  35              		.cfi_offset 14, -4
  36 0002 92B0     		sub	sp, sp, #72
  37              		.cfi_def_cfa_offset 80
  72:main.c        ****     CyGlobalIntEnable; /* Enable global interrupts. */
  38              		.loc 1 72 0
  39              		.syntax unified
  40              	@ 72 "main.c" 1
  41 0004 62B6     		CPSIE   i
  42              	@ 0 "" 2
ARM GAS  C:\Users\ilami\AppData\Local\Temp\ccOZtpY3.s 			page 3


  73:main.c        **** 
  74:main.c        ****     /* Place your initialization/startup code here (e.g. MyInst_Start()) */
  75:main.c        ****     I2C_Peripheral_Start();
  43              		.loc 1 75 0
  44              		.thumb
  45              		.syntax unified
  46 0006 FFF7FEFF 		bl	I2C_Peripheral_Start
  47              	.LVL0:
  76:main.c        ****     UART_Debug_Start();
  48              		.loc 1 76 0
  49 000a FFF7FEFF 		bl	UART_Debug_Start
  50              	.LVL1:
  77:main.c        ****     
  78:main.c        ****     CyDelay(5); //"The boot procedure is complete about 5 milliseconds after device power-up."
  51              		.loc 1 78 0
  52 000e 0520     		movs	r0, #5
  53 0010 FFF7FEFF 		bl	CyDelay
  54              	.LVL2:
  55              	.LBB2:
  79:main.c        ****     
  80:main.c        ****     // String to print out messages on the UART
  81:main.c        ****     char message[50];
  82:main.c        **** 
  83:main.c        ****     // Check which devices are present on the I2C bus
  84:main.c        ****     for (int i = 0 ; i < 128; i++)
  56              		.loc 1 84 0
  57 0014 0024     		movs	r4, #0
  58 0016 0CE0     		b	.L2
  59              	.LVL3:
  60              	.L4:
  85:main.c        ****     {
  86:main.c        ****         if (I2C_Peripheral_IsDeviceConnected(i))
  61              		.loc 1 86 0
  62 0018 E0B2     		uxtb	r0, r4
  63 001a FFF7FEFF 		bl	I2C_Peripheral_IsDeviceConnected
  64              	.LVL4:
  65 001e 38B1     		cbz	r0, .L3
  87:main.c        ****         {
  88:main.c        ****             // print out the address is hex format
  89:main.c        ****             sprintf(message, "Device 0x%02X is connected\r\n", i);
  66              		.loc 1 89 0
  67 0020 2246     		mov	r2, r4
  68 0022 8449     		ldr	r1, .L28
  69 0024 05A8     		add	r0, sp, #20
  70 0026 FFF7FEFF 		bl	sprintf
  71              	.LVL5:
  90:main.c        ****             UART_Debug_PutString(message); 
  72              		.loc 1 90 0
  73 002a 05A8     		add	r0, sp, #20
  74 002c FFF7FEFF 		bl	UART_Debug_PutString
  75              	.LVL6:
  76              	.L3:
  84:main.c        ****     {
  77              		.loc 1 84 0 discriminator 2
  78 0030 0134     		adds	r4, r4, #1
  79              	.LVL7:
  80              	.L2:
ARM GAS  C:\Users\ilami\AppData\Local\Temp\ccOZtpY3.s 			page 4


  84:main.c        ****     {
  81              		.loc 1 84 0 is_stmt 0 discriminator 1
  82 0032 7F2C     		cmp	r4, #127
  83 0034 F0DD     		ble	.L4
  84              	.LBE2:
  91:main.c        ****         }
  92:main.c        ****         
  93:main.c        ****     }
  94:main.c        ****     
  95:main.c        ****     /******************************************/
  96:main.c        ****     /*            I2C Reading                 */
  97:main.c        ****     /******************************************/
  98:main.c        ****     
  99:main.c        ****     /* Read WHO AM I REGISTER register */
 100:main.c        ****     uint8_t who_am_i_reg;
 101:main.c        ****     ErrorCode error = I2C_Peripheral_ReadRegister(LIS3DH_DEVICE_ADDRESS,
  85              		.loc 1 101 0 is_stmt 1
  86 0036 0DF11302 		add	r2, sp, #19
  87 003a 0F21     		movs	r1, #15
  88 003c 1820     		movs	r0, #24
  89 003e FFF7FEFF 		bl	I2C_Peripheral_ReadRegister
  90              	.LVL8:
 102:main.c        ****                                                   LIS3DH_WHO_AM_I_REG_ADDR, 
 103:main.c        ****                                                   &who_am_i_reg);
 104:main.c        ****     if (error == NO_ERROR)
  91              		.loc 1 104 0
  92 0042 48B9     		cbnz	r0, .L5
 105:main.c        ****     {
 106:main.c        ****         sprintf(message, "WHO AM I REG: 0x%02X [Expected: 0x33]\r\n", who_am_i_reg);
  93              		.loc 1 106 0
  94 0044 9DF81320 		ldrb	r2, [sp, #19]	@ zero_extendqisi2
  95 0048 7B49     		ldr	r1, .L28+4
  96 004a 05A8     		add	r0, sp, #20
  97              	.LVL9:
  98 004c FFF7FEFF 		bl	sprintf
  99              	.LVL10:
 107:main.c        ****         UART_Debug_PutString(message); 
 100              		.loc 1 107 0
 101 0050 05A8     		add	r0, sp, #20
 102 0052 FFF7FEFF 		bl	UART_Debug_PutString
 103              	.LVL11:
 104 0056 02E0     		b	.L6
 105              	.LVL12:
 106              	.L5:
 108:main.c        ****     }
 109:main.c        ****     else
 110:main.c        ****     {
 111:main.c        ****         UART_Debug_PutString("Error occurred during I2C comm\r\n");   
 107              		.loc 1 111 0
 108 0058 7848     		ldr	r0, .L28+8
 109              	.LVL13:
 110 005a FFF7FEFF 		bl	UART_Debug_PutString
 111              	.LVL14:
 112              	.L6:
 112:main.c        ****     }
 113:main.c        ****     
 114:main.c        ****     /*      I2C Reading Status Register       */
ARM GAS  C:\Users\ilami\AppData\Local\Temp\ccOZtpY3.s 			page 5


 115:main.c        ****     
 116:main.c        ****     uint8_t status_register; 
 117:main.c        ****     error = I2C_Peripheral_ReadRegister(LIS3DH_DEVICE_ADDRESS,
 113              		.loc 1 117 0
 114 005e 0DF11202 		add	r2, sp, #18
 115 0062 2721     		movs	r1, #39
 116 0064 1820     		movs	r0, #24
 117 0066 FFF7FEFF 		bl	I2C_Peripheral_ReadRegister
 118              	.LVL15:
 118:main.c        ****                                         LIS3DH_STATUS_REG,
 119:main.c        ****                                         &status_register);
 120:main.c        ****     
 121:main.c        ****     if (error == NO_ERROR)
 119              		.loc 1 121 0
 120 006a 48B9     		cbnz	r0, .L7
 122:main.c        ****     {
 123:main.c        ****         sprintf(message, "STATUS REGISTER: 0x%02X\r\n", status_register);
 121              		.loc 1 123 0
 122 006c 9DF81220 		ldrb	r2, [sp, #18]	@ zero_extendqisi2
 123 0070 7349     		ldr	r1, .L28+12
 124 0072 05A8     		add	r0, sp, #20
 125              	.LVL16:
 126 0074 FFF7FEFF 		bl	sprintf
 127              	.LVL17:
 124:main.c        ****         UART_Debug_PutString(message); 
 128              		.loc 1 124 0
 129 0078 05A8     		add	r0, sp, #20
 130 007a FFF7FEFF 		bl	UART_Debug_PutString
 131              	.LVL18:
 132 007e 02E0     		b	.L8
 133              	.LVL19:
 134              	.L7:
 125:main.c        ****     }
 126:main.c        ****     else
 127:main.c        ****     {
 128:main.c        ****         UART_Debug_PutString("Error occurred during I2C comm to read status register\r\n");   
 135              		.loc 1 128 0
 136 0080 7048     		ldr	r0, .L28+16
 137              	.LVL20:
 138 0082 FFF7FEFF 		bl	UART_Debug_PutString
 139              	.LVL21:
 140              	.L8:
 129:main.c        ****     }
 130:main.c        ****     
 131:main.c        ****     /******************************************/
 132:main.c        ****     /*        Read Control Register 1         */
 133:main.c        ****     /******************************************/
 134:main.c        ****     uint8_t ctrl_reg1; 
 135:main.c        ****     error = I2C_Peripheral_ReadRegister(LIS3DH_DEVICE_ADDRESS,
 141              		.loc 1 135 0
 142 0086 0DF11102 		add	r2, sp, #17
 143 008a 2021     		movs	r1, #32
 144 008c 1820     		movs	r0, #24
 145 008e FFF7FEFF 		bl	I2C_Peripheral_ReadRegister
 146              	.LVL22:
 136:main.c        ****                                         LIS3DH_CTRL_REG1,
 137:main.c        ****                                         &ctrl_reg1);
ARM GAS  C:\Users\ilami\AppData\Local\Temp\ccOZtpY3.s 			page 6


 138:main.c        ****     
 139:main.c        ****     if (error == NO_ERROR)
 147              		.loc 1 139 0
 148 0092 48B9     		cbnz	r0, .L9
 140:main.c        ****     {
 141:main.c        ****         sprintf(message, "CONTROL REGISTER 1: 0x%02X\r\n", ctrl_reg1);
 149              		.loc 1 141 0
 150 0094 9DF81120 		ldrb	r2, [sp, #17]	@ zero_extendqisi2
 151 0098 6B49     		ldr	r1, .L28+20
 152 009a 05A8     		add	r0, sp, #20
 153              	.LVL23:
 154 009c FFF7FEFF 		bl	sprintf
 155              	.LVL24:
 142:main.c        ****         UART_Debug_PutString(message); 
 156              		.loc 1 142 0
 157 00a0 05A8     		add	r0, sp, #20
 158 00a2 FFF7FEFF 		bl	UART_Debug_PutString
 159              	.LVL25:
 160 00a6 02E0     		b	.L10
 161              	.LVL26:
 162              	.L9:
 143:main.c        ****     }
 144:main.c        ****     else
 145:main.c        ****     {
 146:main.c        ****         UART_Debug_PutString("Error occurred during I2C comm to read control register 1\r\n");   
 163              		.loc 1 146 0
 164 00a8 6848     		ldr	r0, .L28+24
 165              	.LVL27:
 166 00aa FFF7FEFF 		bl	UART_Debug_PutString
 167              	.LVL28:
 168              	.L10:
 147:main.c        ****     }
 148:main.c        ****     
 149:main.c        ****     /******************************************/
 150:main.c        ****     /*            I2C Writing                 */
 151:main.c        ****     /******************************************/
 152:main.c        ****     
 153:main.c        ****         
 154:main.c        ****     UART_Debug_PutString("\r\nWriting new values..\r\n");
 169              		.loc 1 154 0
 170 00ae 6848     		ldr	r0, .L28+28
 171 00b0 FFF7FEFF 		bl	UART_Debug_PutString
 172              	.LVL29:
 155:main.c        ****     
 156:main.c        ****     if (ctrl_reg1 != LIS3DH_NORMAL_MODE_CTRL_REG1)
 173              		.loc 1 156 0
 174 00b4 9DF81130 		ldrb	r3, [sp, #17]	@ zero_extendqisi2
 175 00b8 572B     		cmp	r3, #87
 176 00ba 14D0     		beq	.L11
 157:main.c        ****     {
 158:main.c        ****         ctrl_reg1 = LIS3DH_NORMAL_MODE_CTRL_REG1;
 177              		.loc 1 158 0
 178 00bc 5722     		movs	r2, #87
 179 00be 8DF81120 		strb	r2, [sp, #17]
 159:main.c        ****     
 160:main.c        ****         error = I2C_Peripheral_WriteRegister(LIS3DH_DEVICE_ADDRESS,
 180              		.loc 1 160 0
ARM GAS  C:\Users\ilami\AppData\Local\Temp\ccOZtpY3.s 			page 7


 181 00c2 2021     		movs	r1, #32
 182 00c4 1820     		movs	r0, #24
 183 00c6 FFF7FEFF 		bl	I2C_Peripheral_WriteRegister
 184              	.LVL30:
 161:main.c        ****                                              LIS3DH_CTRL_REG1,
 162:main.c        ****                                              ctrl_reg1);
 163:main.c        ****     
 164:main.c        ****         if (error == NO_ERROR)
 185              		.loc 1 164 0
 186 00ca 48B9     		cbnz	r0, .L12
 165:main.c        ****         {
 166:main.c        ****             sprintf(message, "CONTROL REGISTER 1 successfully written as: 0x%02X\r\n", ctrl_reg1);
 187              		.loc 1 166 0
 188 00cc 9DF81120 		ldrb	r2, [sp, #17]	@ zero_extendqisi2
 189 00d0 6049     		ldr	r1, .L28+32
 190 00d2 05A8     		add	r0, sp, #20
 191              	.LVL31:
 192 00d4 FFF7FEFF 		bl	sprintf
 193              	.LVL32:
 167:main.c        ****             UART_Debug_PutString(message); 
 194              		.loc 1 167 0
 195 00d8 05A8     		add	r0, sp, #20
 196 00da FFF7FEFF 		bl	UART_Debug_PutString
 197              	.LVL33:
 198 00de 02E0     		b	.L11
 199              	.LVL34:
 200              	.L12:
 168:main.c        ****         }
 169:main.c        ****         else
 170:main.c        ****         {
 171:main.c        ****             UART_Debug_PutString("Error occurred during I2C comm to set control register 1\r\n");  
 201              		.loc 1 171 0
 202 00e0 5D48     		ldr	r0, .L28+36
 203              	.LVL35:
 204 00e2 FFF7FEFF 		bl	UART_Debug_PutString
 205              	.LVL36:
 206              	.L11:
 172:main.c        ****         }
 173:main.c        ****     }
 174:main.c        ****     
 175:main.c        ****     /******************************************/
 176:main.c        ****     /*     Read Control Register 1 again      */
 177:main.c        ****     /******************************************/
 178:main.c        **** 
 179:main.c        ****     error = I2C_Peripheral_ReadRegister(LIS3DH_DEVICE_ADDRESS,
 207              		.loc 1 179 0
 208 00e6 0DF11102 		add	r2, sp, #17
 209 00ea 2021     		movs	r1, #32
 210 00ec 1820     		movs	r0, #24
 211 00ee FFF7FEFF 		bl	I2C_Peripheral_ReadRegister
 212              	.LVL37:
 180:main.c        ****                                         LIS3DH_CTRL_REG1,
 181:main.c        ****                                         &ctrl_reg1);
 182:main.c        ****     
 183:main.c        ****     if (error == NO_ERROR)
 213              		.loc 1 183 0
 214 00f2 48B9     		cbnz	r0, .L13
ARM GAS  C:\Users\ilami\AppData\Local\Temp\ccOZtpY3.s 			page 8


 184:main.c        ****     {
 185:main.c        ****         sprintf(message, "CONTROL REGISTER 1 after overwrite operation: 0x%02X\r\n", ctrl_reg1);
 215              		.loc 1 185 0
 216 00f4 9DF81120 		ldrb	r2, [sp, #17]	@ zero_extendqisi2
 217 00f8 5849     		ldr	r1, .L28+40
 218 00fa 05A8     		add	r0, sp, #20
 219              	.LVL38:
 220 00fc FFF7FEFF 		bl	sprintf
 221              	.LVL39:
 186:main.c        ****         UART_Debug_PutString(message); 
 222              		.loc 1 186 0
 223 0100 05A8     		add	r0, sp, #20
 224 0102 FFF7FEFF 		bl	UART_Debug_PutString
 225              	.LVL40:
 226 0106 02E0     		b	.L14
 227              	.LVL41:
 228              	.L13:
 187:main.c        ****     }
 188:main.c        ****     else
 189:main.c        ****     {
 190:main.c        ****         UART_Debug_PutString("Error occurred during I2C comm to read control register 1\r\n");   
 229              		.loc 1 190 0
 230 0108 5048     		ldr	r0, .L28+24
 231              	.LVL42:
 232 010a FFF7FEFF 		bl	UART_Debug_PutString
 233              	.LVL43:
 234              	.L14:
 191:main.c        ****     }
 192:main.c        ****     
 193:main.c        ****     
 194:main.c        ****      /******************************************/
 195:main.c        ****      /*   Reading and Writing on ctrl reg 4 */
 196:main.c        ****      /******************************************/
 197:main.c        **** 
 198:main.c        ****     uint8_t ctrl_reg4;
 199:main.c        **** 
 200:main.c        ****     error = I2C_Peripheral_ReadRegister(LIS3DH_DEVICE_ADDRESS,
 235              		.loc 1 200 0
 236 010e 04AA     		add	r2, sp, #16
 237 0110 2321     		movs	r1, #35
 238 0112 1820     		movs	r0, #24
 239 0114 FFF7FEFF 		bl	I2C_Peripheral_ReadRegister
 240              	.LVL44:
 201:main.c        ****                                         LIS3DH_CTRL_REG4,
 202:main.c        ****                                         &ctrl_reg4);
 203:main.c        ****     
 204:main.c        ****     if (error == NO_ERROR)
 241              		.loc 1 204 0
 242 0118 48B9     		cbnz	r0, .L15
 205:main.c        ****     {
 206:main.c        ****         sprintf(message, "CONTROL REGISTER 4: 0x%02X\r\n", ctrl_reg4);
 243              		.loc 1 206 0
 244 011a 9DF81020 		ldrb	r2, [sp, #16]	@ zero_extendqisi2
 245 011e 5049     		ldr	r1, .L28+44
 246 0120 05A8     		add	r0, sp, #20
 247              	.LVL45:
 248 0122 FFF7FEFF 		bl	sprintf
ARM GAS  C:\Users\ilami\AppData\Local\Temp\ccOZtpY3.s 			page 9


 249              	.LVL46:
 207:main.c        ****         UART_Debug_PutString(message); 
 250              		.loc 1 207 0
 251 0126 05A8     		add	r0, sp, #20
 252 0128 FFF7FEFF 		bl	UART_Debug_PutString
 253              	.LVL47:
 254 012c 02E0     		b	.L16
 255              	.LVL48:
 256              	.L15:
 208:main.c        ****     }
 209:main.c        ****     else
 210:main.c        ****     {
 211:main.c        ****         UART_Debug_PutString("Error occurred during I2C comm to read control register4\r\n");   
 257              		.loc 1 211 0
 258 012e 4D48     		ldr	r0, .L28+48
 259              	.LVL49:
 260 0130 FFF7FEFF 		bl	UART_Debug_PutString
 261              	.LVL50:
 262              	.L16:
 212:main.c        ****     }
 213:main.c        ****     
 214:main.c        ****     
 215:main.c        ****     ctrl_reg4 = LIS3DH_CTRL_REG4_ACTIVE;
 263              		.loc 1 215 0
 264 0134 8322     		movs	r2, #131
 265 0136 12AC     		add	r4, sp, #72
 266              	.LVL51:
 267 0138 04F8382D 		strb	r2, [r4, #-56]!
 216:main.c        ****     
 217:main.c        ****     error = I2C_Peripheral_WriteRegister(LIS3DH_DEVICE_ADDRESS,
 268              		.loc 1 217 0
 269 013c 2321     		movs	r1, #35
 270 013e 1820     		movs	r0, #24
 271 0140 FFF7FEFF 		bl	I2C_Peripheral_WriteRegister
 272              	.LVL52:
 218:main.c        ****                                          LIS3DH_CTRL_REG4,
 219:main.c        ****                                          ctrl_reg4);
 220:main.c        ****     
 221:main.c        ****     error = I2C_Peripheral_ReadRegister(LIS3DH_DEVICE_ADDRESS,
 273              		.loc 1 221 0
 274 0144 2246     		mov	r2, r4
 275 0146 2321     		movs	r1, #35
 276 0148 1820     		movs	r0, #24
 277 014a FFF7FEFF 		bl	I2C_Peripheral_ReadRegister
 278              	.LVL53:
 222:main.c        ****                                         LIS3DH_CTRL_REG4,
 223:main.c        ****                                         &ctrl_reg4);
 224:main.c        ****     
 225:main.c        ****     
 226:main.c        ****     if (error == NO_ERROR)
 279              		.loc 1 226 0
 280 014e 48B9     		cbnz	r0, .L17
 227:main.c        ****     {
 228:main.c        ****         sprintf(message, "CONTROL REGISTER 4 after being updated: 0x%02X\r\n", ctrl_reg4);
 281              		.loc 1 228 0
 282 0150 9DF81020 		ldrb	r2, [sp, #16]	@ zero_extendqisi2
 283 0154 4449     		ldr	r1, .L28+52
ARM GAS  C:\Users\ilami\AppData\Local\Temp\ccOZtpY3.s 			page 10


 284 0156 05A8     		add	r0, sp, #20
 285              	.LVL54:
 286 0158 FFF7FEFF 		bl	sprintf
 287              	.LVL55:
 229:main.c        ****         UART_Debug_PutString(message); 
 288              		.loc 1 229 0
 289 015c 05A8     		add	r0, sp, #20
 290 015e FFF7FEFF 		bl	UART_Debug_PutString
 291              	.LVL56:
 292 0162 02E0     		b	.L18
 293              	.LVL57:
 294              	.L17:
 230:main.c        ****     }
 231:main.c        ****     else
 232:main.c        ****     {
 233:main.c        ****         UART_Debug_PutString("Error occurred during I2C comm to read control register4\r\n");   
 295              		.loc 1 233 0
 296 0164 3F48     		ldr	r0, .L28+48
 297              	.LVL58:
 298 0166 FFF7FEFF 		bl	UART_Debug_PutString
 299              	.LVL59:
 300              	.L18:
 234:main.c        ****     }
 235:main.c        ****     
 236:main.c        ****     //int16_t OutX;
 237:main.c        ****     //int16_t OutY;
 238:main.c        ****     //int16_t OutZ;
 239:main.c        ****     uint8_t header = 0xA0;
 240:main.c        ****     uint8_t footer = 0xC0;
 241:main.c        ****     //uint8_t OutArray[8]; 
 242:main.c        ****     uint8_t Data[6];
 243:main.c        ****     
 244:main.c        ****     //OutArray[0] = header;
 245:main.c        ****     //OutArray[7] = footer;
 246:main.c        ****     
 247:main.c        ****     int16_t OutX_mg;
 248:main.c        ****     int16_t OutY_mg;
 249:main.c        ****     int16_t OutZ_mg;
 250:main.c        ****     uint8_t OutArray_mg[8]; 
 251:main.c        ****     OutArray_mg[0] = header;
 301              		.loc 1 251 0
 302 016a A023     		movs	r3, #160
 303 016c 8DF80030 		strb	r3, [sp]
 252:main.c        ****     OutArray_mg[7] = footer;
 304              		.loc 1 252 0
 305 0170 C023     		movs	r3, #192
 306 0172 8DF80730 		strb	r3, [sp, #7]
 307              	.L26:
 253:main.c        ****     
 254:main.c        ****     for(;;)
 255:main.c        ****     {
 256:main.c        ****         CyDelay(100);
 308              		.loc 1 256 0
 309 0176 6420     		movs	r0, #100
 310 0178 FFF7FEFF 		bl	CyDelay
 311              	.LVL60:
 257:main.c        ****         
ARM GAS  C:\Users\ilami\AppData\Local\Temp\ccOZtpY3.s 			page 11


 258:main.c        ****         /*      I2C Reading Status Register       */
 259:main.c        ****      
 260:main.c        ****     error = I2C_Peripheral_ReadRegister(LIS3DH_DEVICE_ADDRESS,
 312              		.loc 1 260 0
 313 017c 0DF11202 		add	r2, sp, #18
 314 0180 2721     		movs	r1, #39
 315 0182 1820     		movs	r0, #24
 316 0184 FFF7FEFF 		bl	I2C_Peripheral_ReadRegister
 317              	.LVL61:
 261:main.c        ****                                         LIS3DH_STATUS_REG,
 262:main.c        ****                                         &status_register);
 263:main.c        ****     
 264:main.c        ****     if (error != NO_ERROR)
 318              		.loc 1 264 0
 319 0188 10B1     		cbz	r0, .L19
 265:main.c        ****     {
 266:main.c        ****         UART_Debug_PutString("Error occurred during I2C comm to read status register\r\n");   
 320              		.loc 1 266 0
 321 018a 2E48     		ldr	r0, .L28+16
 322              	.LVL62:
 323 018c FFF7FEFF 		bl	UART_Debug_PutString
 324              	.LVL63:
 325              	.L19:
 267:main.c        ****     }
 268:main.c        ****     
 269:main.c        ****     // if new data is available:
 270:main.c        ****         
 271:main.c        ****         if((LIS3DH_STATUS_REG & LIS3DH_STATUS_REG_NEWDATAX) == LIS3DH_STATUS_REG_NEWDATAX)
 272:main.c        ****         {
 273:main.c        ****             error = I2C_Peripheral_ReadRegisterMulti(LIS3DH_DEVICE_ADDRESS,
 326              		.loc 1 273 0
 327 0190 02AB     		add	r3, sp, #8
 328 0192 0222     		movs	r2, #2
 329 0194 2821     		movs	r1, #40
 330 0196 1820     		movs	r0, #24
 331 0198 FFF7FEFF 		bl	I2C_Peripheral_ReadRegisterMulti
 332              	.LVL64:
 274:main.c        ****                                                  LIS3DH_OUT_X_L,
 275:main.c        ****                                                  2, // 2 byte to be read
 276:main.c        ****                                                  &Data[0]);
 277:main.c        ****             if(error == NO_ERROR)
 333              		.loc 1 277 0
 334 019c 88B9     		cbnz	r0, .L20
 278:main.c        ****         {
 279:main.c        ****             //OutX = (int16)((Data[0] | (Data[1]<<8)))>>6;
 280:main.c        ****             //OutArray[1] = (uint8_t)(OutX & 0xFF);
 281:main.c        ****             //OutArray[2] = (uint8_t)(OutX >> 8);
 282:main.c        ****             
 283:main.c        ****             OutX_mg = ((int16)((Data[0] | (Data[1]<<8)))>>6)*4/16; // 4 mg/digit --> *4/16
 335              		.loc 1 283 0
 336 019e 9DF80830 		ldrb	r3, [sp, #8]	@ zero_extendqisi2
 337 01a2 9DF80920 		ldrb	r2, [sp, #9]	@ zero_extendqisi2
 338 01a6 43EA0223 		orr	r3, r3, r2, lsl #8
 339 01aa 43F38913 		sbfx	r3, r3, #6, #10
 340 01ae 9B00     		lsls	r3, r3, #2
 341 01b0 00D5     		bpl	.L21
 342 01b2 0F33     		adds	r3, r3, #15
ARM GAS  C:\Users\ilami\AppData\Local\Temp\ccOZtpY3.s 			page 12


 343              	.L21:
 344 01b4 1B11     		asrs	r3, r3, #4
 345              	.LVL65:
 284:main.c        ****             OutArray_mg[1] = (uint8_t)(OutX_mg & 0xFF);
 346              		.loc 1 284 0
 347 01b6 8DF80130 		strb	r3, [sp, #1]
 285:main.c        ****             OutArray_mg[2] = (uint8_t)(OutX_mg >> 8);
 348              		.loc 1 285 0
 349 01ba C3F30723 		ubfx	r3, r3, #8, #8
 350              	.LVL66:
 351 01be 8DF80230 		strb	r3, [sp, #2]
 352              	.L20:
 286:main.c        ****             
 287:main.c        ****         }
 288:main.c        ****         }
 289:main.c        ****         if((LIS3DH_STATUS_REG & LIS3DH_STATUS_REG_NEWDATAY) == LIS3DH_STATUS_REG_NEWDATAY)
 290:main.c        ****         {
 291:main.c        ****             error = I2C_Peripheral_ReadRegisterMulti(LIS3DH_DEVICE_ADDRESS,
 353              		.loc 1 291 0
 354 01c2 0DF10A03 		add	r3, sp, #10
 355 01c6 0222     		movs	r2, #2
 356 01c8 2A21     		movs	r1, #42
 357 01ca 1820     		movs	r0, #24
 358              	.LVL67:
 359 01cc FFF7FEFF 		bl	I2C_Peripheral_ReadRegisterMulti
 360              	.LVL68:
 292:main.c        ****                                                  LIS3DH_OUT_Y_L,
 293:main.c        ****                                                  2, // 2 byte to be read
 294:main.c        ****                                                  &Data[2]);
 295:main.c        ****             if(error == NO_ERROR)
 361              		.loc 1 295 0
 362 01d0 88B9     		cbnz	r0, .L22
 296:main.c        ****         {
 297:main.c        ****             //OutY = (int16)((Data[2] | (Data[3]<<8)))>>6;
 298:main.c        ****             //OutArray[3] = (uint8_t)(OutY & 0xFF);
 299:main.c        ****             //OutArray[4] = (uint8_t)(OutY >> 8);
 300:main.c        ****             
 301:main.c        ****             OutY_mg = ((int16)((Data[2] | (Data[3]<<8)))>>6)*4/16; // 4 mg/digit --> *4/16
 363              		.loc 1 301 0
 364 01d2 9DF80A30 		ldrb	r3, [sp, #10]	@ zero_extendqisi2
 365 01d6 9DF80B20 		ldrb	r2, [sp, #11]	@ zero_extendqisi2
 366 01da 43EA0223 		orr	r3, r3, r2, lsl #8
 367 01de 43F38913 		sbfx	r3, r3, #6, #10
 368 01e2 9B00     		lsls	r3, r3, #2
 369 01e4 00D5     		bpl	.L23
 370 01e6 0F33     		adds	r3, r3, #15
 371              	.L23:
 372 01e8 1B11     		asrs	r3, r3, #4
 373              	.LVL69:
 302:main.c        ****             OutArray_mg[3] = (uint8_t)(OutY_mg & 0xFF);
 374              		.loc 1 302 0
 375 01ea 8DF80330 		strb	r3, [sp, #3]
 303:main.c        ****             OutArray_mg[4] = (uint8_t)(OutY_mg >> 8);
 376              		.loc 1 303 0
 377 01ee C3F30723 		ubfx	r3, r3, #8, #8
 378              	.LVL70:
 379 01f2 8DF80430 		strb	r3, [sp, #4]
ARM GAS  C:\Users\ilami\AppData\Local\Temp\ccOZtpY3.s 			page 13


 380              	.L22:
 304:main.c        ****         }
 305:main.c        ****         }
 306:main.c        ****         if((LIS3DH_STATUS_REG & LIS3DH_STATUS_REG_NEWDATAZ) == LIS3DH_STATUS_REG_NEWDATAZ)
 307:main.c        ****         {
 308:main.c        ****             error = I2C_Peripheral_ReadRegisterMulti(LIS3DH_DEVICE_ADDRESS,
 381              		.loc 1 308 0
 382 01f6 03AB     		add	r3, sp, #12
 383 01f8 0222     		movs	r2, #2
 384 01fa 2C21     		movs	r1, #44
 385 01fc 1820     		movs	r0, #24
 386              	.LVL71:
 387 01fe FFF7FEFF 		bl	I2C_Peripheral_ReadRegisterMulti
 388              	.LVL72:
 309:main.c        ****                                                  LIS3DH_OUT_Z_L,
 310:main.c        ****                                                  2, // 2 byte to be read
 311:main.c        ****                                                  &Data[4]);
 312:main.c        ****             if(error == NO_ERROR)
 389              		.loc 1 312 0
 390 0202 88B9     		cbnz	r0, .L24
 313:main.c        ****         {
 314:main.c        ****             //OutZ = (int16)((Data[4] | (Data[5]<<8)))>>6;
 315:main.c        ****             //OutArray[5] = (uint8_t)(OutZ & 0xFF);
 316:main.c        ****             //OutArray[6] = (uint8_t)(OutZ >> 8);
 317:main.c        ****             
 318:main.c        ****             OutZ_mg = ((int16)((Data[4] | (Data[5]<<8)))>>6)*4/16; // 4 mg/digit --> *4/16
 391              		.loc 1 318 0
 392 0204 9DF80C30 		ldrb	r3, [sp, #12]	@ zero_extendqisi2
 393 0208 9DF80D20 		ldrb	r2, [sp, #13]	@ zero_extendqisi2
 394 020c 43EA0223 		orr	r3, r3, r2, lsl #8
 395 0210 43F38913 		sbfx	r3, r3, #6, #10
 396 0214 9B00     		lsls	r3, r3, #2
 397 0216 00D5     		bpl	.L25
 398 0218 0F33     		adds	r3, r3, #15
 399              	.L25:
 400 021a 1B11     		asrs	r3, r3, #4
 401              	.LVL73:
 319:main.c        ****             OutArray_mg[5] = (uint8_t)(OutZ_mg & 0xFF);
 402              		.loc 1 319 0
 403 021c 8DF80530 		strb	r3, [sp, #5]
 320:main.c        ****             OutArray_mg[6] = (uint8_t)(OutZ_mg >> 8);
 404              		.loc 1 320 0
 405 0220 C3F30723 		ubfx	r3, r3, #8, #8
 406              	.LVL74:
 407 0224 8DF80630 		strb	r3, [sp, #6]
 408              	.L24:
 321:main.c        ****         }
 322:main.c        ****         }
 323:main.c        **** 
 324:main.c        ****         UART_Debug_PutArray(OutArray_mg, 8);
 409              		.loc 1 324 0
 410 0228 0821     		movs	r1, #8
 411 022a 6846     		mov	r0, sp
 412              	.LVL75:
 413 022c FFF7FEFF 		bl	UART_Debug_PutArray
 414              	.LVL76:
 325:main.c        ****         
ARM GAS  C:\Users\ilami\AppData\Local\Temp\ccOZtpY3.s 			page 14


 326:main.c        ****     
 327:main.c        ****     }
 415              		.loc 1 327 0
 416 0230 A1E7     		b	.L26
 417              	.L29:
 418 0232 00BF     		.align	2
 419              	.L28:
 420 0234 00000000 		.word	.LC0
 421 0238 20000000 		.word	.LC1
 422 023c 48000000 		.word	.LC2
 423 0240 6C000000 		.word	.LC3
 424 0244 88000000 		.word	.LC4
 425 0248 C4000000 		.word	.LC5
 426 024c E4000000 		.word	.LC6
 427 0250 20010000 		.word	.LC7
 428 0254 3C010000 		.word	.LC8
 429 0258 74010000 		.word	.LC9
 430 025c B0010000 		.word	.LC10
 431 0260 E8010000 		.word	.LC11
 432 0264 08020000 		.word	.LC12
 433 0268 44020000 		.word	.LC13
 434              		.cfi_endproc
 435              	.LFE64:
 436              		.size	main, .-main
 437              		.section	.rodata.str1.4,"aMS",%progbits,1
 438              		.align	2
 439              	.LC0:
 440 0000 44657669 		.ascii	"Device 0x%02X is connected\015\012\000"
 440      63652030 
 440      78253032 
 440      58206973 
 440      20636F6E 
 441 001d 000000   		.space	3
 442              	.LC1:
 443 0020 57484F20 		.ascii	"WHO AM I REG: 0x%02X [Expected: 0x33]\015\012\000"
 443      414D2049 
 443      20524547 
 443      3A203078 
 443      25303258 
 444              	.LC2:
 445 0048 4572726F 		.ascii	"Error occurred during I2C comm\015\012\000"
 445      72206F63 
 445      63757272 
 445      65642064 
 445      7572696E 
 446 0069 000000   		.space	3
 447              	.LC3:
 448 006c 53544154 		.ascii	"STATUS REGISTER: 0x%02X\015\012\000"
 448      55532052 
 448      45474953 
 448      5445523A 
 448      20307825 
 449 0086 0000     		.space	2
 450              	.LC4:
 451 0088 4572726F 		.ascii	"Error occurred during I2C comm to read status regis"
 451      72206F63 
 451      63757272 
ARM GAS  C:\Users\ilami\AppData\Local\Temp\ccOZtpY3.s 			page 15


 451      65642064 
 451      7572696E 
 452 00bb 7465720D 		.ascii	"ter\015\012\000"
 452      0A00
 453 00c1 000000   		.space	3
 454              	.LC5:
 455 00c4 434F4E54 		.ascii	"CONTROL REGISTER 1: 0x%02X\015\012\000"
 455      524F4C20 
 455      52454749 
 455      53544552 
 455      20313A20 
 456 00e1 000000   		.space	3
 457              	.LC6:
 458 00e4 4572726F 		.ascii	"Error occurred during I2C comm to read control regi"
 458      72206F63 
 458      63757272 
 458      65642064 
 458      7572696E 
 459 0117 73746572 		.ascii	"ster 1\015\012\000"
 459      20310D0A 
 459      00
 460              	.LC7:
 461 0120 0D0A5772 		.ascii	"\015\012Writing new values..\015\012\000"
 461      6974696E 
 461      67206E65 
 461      77207661 
 461      6C756573 
 462 0139 000000   		.space	3
 463              	.LC8:
 464 013c 434F4E54 		.ascii	"CONTROL REGISTER 1 successfully written as: 0x%02X\015"
 464      524F4C20 
 464      52454749 
 464      53544552 
 464      20312073 
 465 016f 0A00     		.ascii	"\012\000"
 466 0171 000000   		.space	3
 467              	.LC9:
 468 0174 4572726F 		.ascii	"Error occurred during I2C comm to set control regis"
 468      72206F63 
 468      63757272 
 468      65642064 
 468      7572696E 
 469 01a7 74657220 		.ascii	"ter 1\015\012\000"
 469      310D0A00 
 470 01af 00       		.space	1
 471              	.LC10:
 472 01b0 434F4E54 		.ascii	"CONTROL REGISTER 1 after overwrite operation: 0x%02"
 472      524F4C20 
 472      52454749 
 472      53544552 
 472      20312061 
 473 01e3 580D0A00 		.ascii	"X\015\012\000"
 474 01e7 00       		.space	1
 475              	.LC11:
 476 01e8 434F4E54 		.ascii	"CONTROL REGISTER 4: 0x%02X\015\012\000"
 476      524F4C20 
 476      52454749 
ARM GAS  C:\Users\ilami\AppData\Local\Temp\ccOZtpY3.s 			page 16


 476      53544552 
 476      20343A20 
 477 0205 000000   		.space	3
 478              	.LC12:
 479 0208 4572726F 		.ascii	"Error occurred during I2C comm to read control regi"
 479      72206F63 
 479      63757272 
 479      65642064 
 479      7572696E 
 480 023b 73746572 		.ascii	"ster4\015\012\000"
 480      340D0A00 
 481 0243 00       		.space	1
 482              	.LC13:
 483 0244 434F4E54 		.ascii	"CONTROL REGISTER 4 after being updated: 0x%02X\015\012"
 483      524F4C20 
 483      52454749 
 483      53544552 
 483      20342061 
 484 0274 00       		.ascii	"\000"
 485              		.text
 486              	.Letext0:
 487              		.file 2 "c:\\program files (x86)\\cypress\\psoc creator\\4.3\\psoc creator\\import\\gnu\\arm\\5.4.
 488              		.file 3 "c:\\program files (x86)\\cypress\\psoc creator\\4.3\\psoc creator\\import\\gnu\\arm\\5.4.
 489              		.file 4 "Generated_Source\\PSoC5/cytypes.h"
 490              		.file 5 "ErrorCodes.h"
 491              		.file 6 "I2C_Interface.h"
 492              		.file 7 "c:\\program files (x86)\\cypress\\psoc creator\\4.3\\psoc creator\\import\\gnu\\arm\\5.4.
 493              		.file 8 "Generated_Source\\PSoC5/UART_Debug.h"
 494              		.file 9 "Generated_Source\\PSoC5/CyLib.h"
 495              		.file 10 "Generated_Source\\PSoC5/core_cm3.h"
 496              		.section	.debug_info,"",%progbits
 497              	.Ldebug_info0:
 498 0000 DA060000 		.4byte	0x6da
 499 0004 0400     		.2byte	0x4
 500 0006 00000000 		.4byte	.Ldebug_abbrev0
 501 000a 04       		.byte	0x4
 502 000b 01       		.uleb128 0x1
 503 000c 94000000 		.4byte	.LASF47
 504 0010 0C       		.byte	0xc
 505 0011 8F020000 		.4byte	.LASF48
 506 0015 AB010000 		.4byte	.LASF49
 507 0019 00000000 		.4byte	.Ldebug_ranges0+0
 508 001d 00000000 		.4byte	0
 509 0021 00000000 		.4byte	.Ldebug_line0
 510 0025 02       		.uleb128 0x2
 511 0026 01       		.byte	0x1
 512 0027 06       		.byte	0x6
 513 0028 EC020000 		.4byte	.LASF0
 514 002c 03       		.uleb128 0x3
 515 002d 0F000000 		.4byte	.LASF2
 516 0031 02       		.byte	0x2
 517 0032 1D       		.byte	0x1d
 518 0033 37000000 		.4byte	0x37
 519 0037 02       		.uleb128 0x2
 520 0038 01       		.byte	0x1
 521 0039 08       		.byte	0x8
 522 003a 86000000 		.4byte	.LASF1
ARM GAS  C:\Users\ilami\AppData\Local\Temp\ccOZtpY3.s 			page 17


 523 003e 03       		.uleb128 0x3
 524 003f EA010000 		.4byte	.LASF3
 525 0043 02       		.byte	0x2
 526 0044 29       		.byte	0x29
 527 0045 49000000 		.4byte	0x49
 528 0049 02       		.uleb128 0x2
 529 004a 02       		.byte	0x2
 530 004b 05       		.byte	0x5
 531 004c BF020000 		.4byte	.LASF4
 532 0050 02       		.uleb128 0x2
 533 0051 02       		.byte	0x2
 534 0052 07       		.byte	0x7
 535 0053 42010000 		.4byte	.LASF5
 536 0057 03       		.uleb128 0x3
 537 0058 4F000000 		.4byte	.LASF6
 538 005c 02       		.byte	0x2
 539 005d 3F       		.byte	0x3f
 540 005e 62000000 		.4byte	0x62
 541 0062 02       		.uleb128 0x2
 542 0063 04       		.byte	0x4
 543 0064 05       		.byte	0x5
 544 0065 59000000 		.4byte	.LASF7
 545 0069 02       		.uleb128 0x2
 546 006a 04       		.byte	0x4
 547 006b 07       		.byte	0x7
 548 006c 30010000 		.4byte	.LASF8
 549 0070 02       		.uleb128 0x2
 550 0071 08       		.byte	0x8
 551 0072 05       		.byte	0x5
 552 0073 70020000 		.4byte	.LASF9
 553 0077 02       		.uleb128 0x2
 554 0078 08       		.byte	0x8
 555 0079 07       		.byte	0x7
 556 007a 15020000 		.4byte	.LASF10
 557 007e 04       		.uleb128 0x4
 558 007f 04       		.byte	0x4
 559 0080 05       		.byte	0x5
 560 0081 696E7400 		.ascii	"int\000"
 561 0085 02       		.uleb128 0x2
 562 0086 04       		.byte	0x4
 563 0087 07       		.byte	0x7
 564 0088 08020000 		.4byte	.LASF11
 565 008c 03       		.uleb128 0x3
 566 008d 2C020000 		.4byte	.LASF12
 567 0091 03       		.byte	0x3
 568 0092 18       		.byte	0x18
 569 0093 2C000000 		.4byte	0x2c
 570 0097 03       		.uleb128 0x3
 571 0098 34020000 		.4byte	.LASF13
 572 009c 03       		.byte	0x3
 573 009d 20       		.byte	0x20
 574 009e 3E000000 		.4byte	0x3e
 575 00a2 03       		.uleb128 0x3
 576 00a3 59020000 		.4byte	.LASF14
 577 00a7 03       		.byte	0x3
 578 00a8 2C       		.byte	0x2c
 579 00a9 57000000 		.4byte	0x57
ARM GAS  C:\Users\ilami\AppData\Local\Temp\ccOZtpY3.s 			page 18


 580 00ad 05       		.uleb128 0x5
 581 00ae 2A010000 		.4byte	.LASF15
 582 00b2 04       		.byte	0x4
 583 00b3 E801     		.2byte	0x1e8
 584 00b5 49000000 		.4byte	0x49
 585 00b9 02       		.uleb128 0x2
 586 00ba 04       		.byte	0x4
 587 00bb 04       		.byte	0x4
 588 00bc 80000000 		.4byte	.LASF16
 589 00c0 02       		.uleb128 0x2
 590 00c1 08       		.byte	0x8
 591 00c2 04       		.byte	0x4
 592 00c3 5C010000 		.4byte	.LASF17
 593 00c7 02       		.uleb128 0x2
 594 00c8 01       		.byte	0x1
 595 00c9 08       		.byte	0x8
 596 00ca 96020000 		.4byte	.LASF18
 597 00ce 06       		.uleb128 0x6
 598 00cf 01       		.byte	0x1
 599 00d0 37000000 		.4byte	0x37
 600 00d4 05       		.byte	0x5
 601 00d5 15       		.byte	0x15
 602 00d6 E7000000 		.4byte	0xe7
 603 00da 07       		.uleb128 0x7
 604 00db C9020000 		.4byte	.LASF19
 605 00df 00       		.byte	0
 606 00e0 07       		.uleb128 0x7
 607 00e1 D2020000 		.4byte	.LASF20
 608 00e5 01       		.byte	0x1
 609 00e6 00       		.byte	0
 610 00e7 03       		.uleb128 0x3
 611 00e8 76000000 		.4byte	.LASF21
 612 00ec 05       		.byte	0x5
 613 00ed 18       		.byte	0x18
 614 00ee CE000000 		.4byte	0xce
 615 00f2 02       		.uleb128 0x2
 616 00f3 08       		.byte	0x8
 617 00f4 04       		.byte	0x4
 618 00f5 E0020000 		.4byte	.LASF22
 619 00f9 02       		.uleb128 0x2
 620 00fa 04       		.byte	0x4
 621 00fb 07       		.byte	0x7
 622 00fc 61020000 		.4byte	.LASF23
 623 0100 08       		.uleb128 0x8
 624 0101 A6010000 		.4byte	.LASF50
 625 0105 01       		.byte	0x1
 626 0106 46       		.byte	0x46
 627 0107 7E000000 		.4byte	0x7e
 628 010b 00000000 		.4byte	.LFB64
 629 010f 6C020000 		.4byte	.LFE64-.LFB64
 630 0113 01       		.uleb128 0x1
 631 0114 9C       		.byte	0x9c
 632 0115 2E060000 		.4byte	0x62e
 633 0119 09       		.uleb128 0x9
 634 011a 00000000 		.4byte	.LASF24
 635 011e 01       		.byte	0x1
 636 011f 51       		.byte	0x51
ARM GAS  C:\Users\ilami\AppData\Local\Temp\ccOZtpY3.s 			page 19


 637 0120 2E060000 		.4byte	0x62e
 638 0124 02       		.uleb128 0x2
 639 0125 91       		.byte	0x91
 640 0126 44       		.sleb128 -60
 641 0127 09       		.uleb128 0x9
 642 0128 04030000 		.4byte	.LASF25
 643 012c 01       		.byte	0x1
 644 012d 64       		.byte	0x64
 645 012e 8C000000 		.4byte	0x8c
 646 0132 02       		.uleb128 0x2
 647 0133 91       		.byte	0x91
 648 0134 43       		.sleb128 -61
 649 0135 0A       		.uleb128 0xa
 650 0136 6A020000 		.4byte	.LASF26
 651 013a 01       		.byte	0x1
 652 013b 65       		.byte	0x65
 653 013c E7000000 		.4byte	0xe7
 654 0140 00000000 		.4byte	.LLST0
 655 0144 09       		.uleb128 0x9
 656 0145 49020000 		.4byte	.LASF27
 657 0149 01       		.byte	0x1
 658 014a 74       		.byte	0x74
 659 014b 8C000000 		.4byte	0x8c
 660 014f 02       		.uleb128 0x2
 661 0150 91       		.byte	0x91
 662 0151 42       		.sleb128 -62
 663 0152 09       		.uleb128 0x9
 664 0153 F4010000 		.4byte	.LASF28
 665 0157 01       		.byte	0x1
 666 0158 86       		.byte	0x86
 667 0159 8C000000 		.4byte	0x8c
 668 015d 02       		.uleb128 0x2
 669 015e 91       		.byte	0x91
 670 015f 41       		.sleb128 -63
 671 0160 09       		.uleb128 0x9
 672 0161 FE010000 		.4byte	.LASF29
 673 0165 01       		.byte	0x1
 674 0166 C6       		.byte	0xc6
 675 0167 8C000000 		.4byte	0x8c
 676 016b 02       		.uleb128 0x2
 677 016c 91       		.byte	0x91
 678 016d 40       		.sleb128 -64
 679 016e 0B       		.uleb128 0xb
 680 016f 08000000 		.4byte	.LASF30
 681 0173 01       		.byte	0x1
 682 0174 EF       		.byte	0xef
 683 0175 8C000000 		.4byte	0x8c
 684 0179 A07F     		.sleb128 -96
 685 017b 0B       		.uleb128 0xb
 686 017c 55010000 		.4byte	.LASF31
 687 0180 01       		.byte	0x1
 688 0181 F0       		.byte	0xf0
 689 0182 8C000000 		.4byte	0x8c
 690 0186 40       		.sleb128 -64
 691 0187 09       		.uleb128 0x9
 692 0188 84010000 		.4byte	.LASF32
 693 018c 01       		.byte	0x1
ARM GAS  C:\Users\ilami\AppData\Local\Temp\ccOZtpY3.s 			page 20


 694 018d F2       		.byte	0xf2
 695 018e 3E060000 		.4byte	0x63e
 696 0192 03       		.uleb128 0x3
 697 0193 91       		.byte	0x91
 698 0194 B87F     		.sleb128 -72
 699 0196 0A       		.uleb128 0xa
 700 0197 22010000 		.4byte	.LASF33
 701 019b 01       		.byte	0x1
 702 019c F7       		.byte	0xf7
 703 019d 97000000 		.4byte	0x97
 704 01a1 CE000000 		.4byte	.LLST1
 705 01a5 0A       		.uleb128 0xa
 706 01a6 D8020000 		.4byte	.LASF34
 707 01aa 01       		.byte	0x1
 708 01ab F8       		.byte	0xf8
 709 01ac 97000000 		.4byte	0x97
 710 01b0 E1000000 		.4byte	.LLST2
 711 01b4 0A       		.uleb128 0xa
 712 01b5 9B020000 		.4byte	.LASF35
 713 01b9 01       		.byte	0x1
 714 01ba F9       		.byte	0xf9
 715 01bb 97000000 		.4byte	0x97
 716 01bf F4000000 		.4byte	.LLST3
 717 01c3 09       		.uleb128 0x9
 718 01c4 F8020000 		.4byte	.LASF36
 719 01c8 01       		.byte	0x1
 720 01c9 FA       		.byte	0xfa
 721 01ca 4E060000 		.4byte	0x64e
 722 01ce 03       		.uleb128 0x3
 723 01cf 91       		.byte	0x91
 724 01d0 B07F     		.sleb128 -80
 725 01d2 0C       		.uleb128 0xc
 726 01d3 14000000 		.4byte	.LBB2
 727 01d7 22000000 		.4byte	.LBE2-.LBB2
 728 01db 34020000 		.4byte	0x234
 729 01df 0D       		.uleb128 0xd
 730 01e0 6900     		.ascii	"i\000"
 731 01e2 01       		.byte	0x1
 732 01e3 54       		.byte	0x54
 733 01e4 7E000000 		.4byte	0x7e
 734 01e8 07010000 		.4byte	.LLST4
 735 01ec 0E       		.uleb128 0xe
 736 01ed 1E000000 		.4byte	.LVL4
 737 01f1 6F060000 		.4byte	0x66f
 738 01f5 00020000 		.4byte	0x200
 739 01f9 0F       		.uleb128 0xf
 740 01fa 01       		.uleb128 0x1
 741 01fb 50       		.byte	0x50
 742 01fc 02       		.uleb128 0x2
 743 01fd 74       		.byte	0x74
 744 01fe 00       		.sleb128 0
 745 01ff 00       		.byte	0
 746 0200 0E       		.uleb128 0xe
 747 0201 2A000000 		.4byte	.LVL5
 748 0205 7A060000 		.4byte	0x67a
 749 0209 23020000 		.4byte	0x223
 750 020d 0F       		.uleb128 0xf
ARM GAS  C:\Users\ilami\AppData\Local\Temp\ccOZtpY3.s 			page 21


 751 020e 01       		.uleb128 0x1
 752 020f 50       		.byte	0x50
 753 0210 02       		.uleb128 0x2
 754 0211 91       		.byte	0x91
 755 0212 44       		.sleb128 -60
 756 0213 0F       		.uleb128 0xf
 757 0214 01       		.uleb128 0x1
 758 0215 51       		.byte	0x51
 759 0216 05       		.uleb128 0x5
 760 0217 03       		.byte	0x3
 761 0218 00000000 		.4byte	.LC0
 762 021c 0F       		.uleb128 0xf
 763 021d 01       		.uleb128 0x1
 764 021e 52       		.byte	0x52
 765 021f 02       		.uleb128 0x2
 766 0220 74       		.byte	0x74
 767 0221 00       		.sleb128 0
 768 0222 00       		.byte	0
 769 0223 10       		.uleb128 0x10
 770 0224 30000000 		.4byte	.LVL6
 771 0228 85060000 		.4byte	0x685
 772 022c 0F       		.uleb128 0xf
 773 022d 01       		.uleb128 0x1
 774 022e 50       		.byte	0x50
 775 022f 02       		.uleb128 0x2
 776 0230 91       		.byte	0x91
 777 0231 44       		.sleb128 -60
 778 0232 00       		.byte	0
 779 0233 00       		.byte	0
 780 0234 11       		.uleb128 0x11
 781 0235 0A000000 		.4byte	.LVL0
 782 0239 90060000 		.4byte	0x690
 783 023d 11       		.uleb128 0x11
 784 023e 0E000000 		.4byte	.LVL1
 785 0242 9B060000 		.4byte	0x69b
 786 0246 0E       		.uleb128 0xe
 787 0247 14000000 		.4byte	.LVL2
 788 024b A6060000 		.4byte	0x6a6
 789 024f 59020000 		.4byte	0x259
 790 0253 0F       		.uleb128 0xf
 791 0254 01       		.uleb128 0x1
 792 0255 50       		.byte	0x50
 793 0256 01       		.uleb128 0x1
 794 0257 35       		.byte	0x35
 795 0258 00       		.byte	0
 796 0259 0E       		.uleb128 0xe
 797 025a 42000000 		.4byte	.LVL8
 798 025e B1060000 		.4byte	0x6b1
 799 0262 77020000 		.4byte	0x277
 800 0266 0F       		.uleb128 0xf
 801 0267 01       		.uleb128 0x1
 802 0268 50       		.byte	0x50
 803 0269 01       		.uleb128 0x1
 804 026a 48       		.byte	0x48
 805 026b 0F       		.uleb128 0xf
 806 026c 01       		.uleb128 0x1
 807 026d 51       		.byte	0x51
ARM GAS  C:\Users\ilami\AppData\Local\Temp\ccOZtpY3.s 			page 22


 808 026e 01       		.uleb128 0x1
 809 026f 3F       		.byte	0x3f
 810 0270 0F       		.uleb128 0xf
 811 0271 01       		.uleb128 0x1
 812 0272 52       		.byte	0x52
 813 0273 02       		.uleb128 0x2
 814 0274 91       		.byte	0x91
 815 0275 43       		.sleb128 -61
 816 0276 00       		.byte	0
 817 0277 0E       		.uleb128 0xe
 818 0278 50000000 		.4byte	.LVL10
 819 027c 7A060000 		.4byte	0x67a
 820 0280 94020000 		.4byte	0x294
 821 0284 0F       		.uleb128 0xf
 822 0285 01       		.uleb128 0x1
 823 0286 50       		.byte	0x50
 824 0287 02       		.uleb128 0x2
 825 0288 91       		.byte	0x91
 826 0289 44       		.sleb128 -60
 827 028a 0F       		.uleb128 0xf
 828 028b 01       		.uleb128 0x1
 829 028c 51       		.byte	0x51
 830 028d 05       		.uleb128 0x5
 831 028e 03       		.byte	0x3
 832 028f 20000000 		.4byte	.LC1
 833 0293 00       		.byte	0
 834 0294 0E       		.uleb128 0xe
 835 0295 56000000 		.4byte	.LVL11
 836 0299 85060000 		.4byte	0x685
 837 029d A8020000 		.4byte	0x2a8
 838 02a1 0F       		.uleb128 0xf
 839 02a2 01       		.uleb128 0x1
 840 02a3 50       		.byte	0x50
 841 02a4 02       		.uleb128 0x2
 842 02a5 91       		.byte	0x91
 843 02a6 44       		.sleb128 -60
 844 02a7 00       		.byte	0
 845 02a8 0E       		.uleb128 0xe
 846 02a9 5E000000 		.4byte	.LVL14
 847 02ad 85060000 		.4byte	0x685
 848 02b1 BF020000 		.4byte	0x2bf
 849 02b5 0F       		.uleb128 0xf
 850 02b6 01       		.uleb128 0x1
 851 02b7 50       		.byte	0x50
 852 02b8 05       		.uleb128 0x5
 853 02b9 03       		.byte	0x3
 854 02ba 48000000 		.4byte	.LC2
 855 02be 00       		.byte	0
 856 02bf 0E       		.uleb128 0xe
 857 02c0 6A000000 		.4byte	.LVL15
 858 02c4 B1060000 		.4byte	0x6b1
 859 02c8 DE020000 		.4byte	0x2de
 860 02cc 0F       		.uleb128 0xf
 861 02cd 01       		.uleb128 0x1
 862 02ce 50       		.byte	0x50
 863 02cf 01       		.uleb128 0x1
 864 02d0 48       		.byte	0x48
ARM GAS  C:\Users\ilami\AppData\Local\Temp\ccOZtpY3.s 			page 23


 865 02d1 0F       		.uleb128 0xf
 866 02d2 01       		.uleb128 0x1
 867 02d3 51       		.byte	0x51
 868 02d4 02       		.uleb128 0x2
 869 02d5 08       		.byte	0x8
 870 02d6 27       		.byte	0x27
 871 02d7 0F       		.uleb128 0xf
 872 02d8 01       		.uleb128 0x1
 873 02d9 52       		.byte	0x52
 874 02da 02       		.uleb128 0x2
 875 02db 91       		.byte	0x91
 876 02dc 42       		.sleb128 -62
 877 02dd 00       		.byte	0
 878 02de 0E       		.uleb128 0xe
 879 02df 78000000 		.4byte	.LVL17
 880 02e3 7A060000 		.4byte	0x67a
 881 02e7 FB020000 		.4byte	0x2fb
 882 02eb 0F       		.uleb128 0xf
 883 02ec 01       		.uleb128 0x1
 884 02ed 50       		.byte	0x50
 885 02ee 02       		.uleb128 0x2
 886 02ef 91       		.byte	0x91
 887 02f0 44       		.sleb128 -60
 888 02f1 0F       		.uleb128 0xf
 889 02f2 01       		.uleb128 0x1
 890 02f3 51       		.byte	0x51
 891 02f4 05       		.uleb128 0x5
 892 02f5 03       		.byte	0x3
 893 02f6 6C000000 		.4byte	.LC3
 894 02fa 00       		.byte	0
 895 02fb 0E       		.uleb128 0xe
 896 02fc 7E000000 		.4byte	.LVL18
 897 0300 85060000 		.4byte	0x685
 898 0304 0F030000 		.4byte	0x30f
 899 0308 0F       		.uleb128 0xf
 900 0309 01       		.uleb128 0x1
 901 030a 50       		.byte	0x50
 902 030b 02       		.uleb128 0x2
 903 030c 91       		.byte	0x91
 904 030d 44       		.sleb128 -60
 905 030e 00       		.byte	0
 906 030f 0E       		.uleb128 0xe
 907 0310 86000000 		.4byte	.LVL21
 908 0314 85060000 		.4byte	0x685
 909 0318 26030000 		.4byte	0x326
 910 031c 0F       		.uleb128 0xf
 911 031d 01       		.uleb128 0x1
 912 031e 50       		.byte	0x50
 913 031f 05       		.uleb128 0x5
 914 0320 03       		.byte	0x3
 915 0321 88000000 		.4byte	.LC4
 916 0325 00       		.byte	0
 917 0326 0E       		.uleb128 0xe
 918 0327 92000000 		.4byte	.LVL22
 919 032b B1060000 		.4byte	0x6b1
 920 032f 45030000 		.4byte	0x345
 921 0333 0F       		.uleb128 0xf
ARM GAS  C:\Users\ilami\AppData\Local\Temp\ccOZtpY3.s 			page 24


 922 0334 01       		.uleb128 0x1
 923 0335 50       		.byte	0x50
 924 0336 01       		.uleb128 0x1
 925 0337 48       		.byte	0x48
 926 0338 0F       		.uleb128 0xf
 927 0339 01       		.uleb128 0x1
 928 033a 51       		.byte	0x51
 929 033b 02       		.uleb128 0x2
 930 033c 08       		.byte	0x8
 931 033d 20       		.byte	0x20
 932 033e 0F       		.uleb128 0xf
 933 033f 01       		.uleb128 0x1
 934 0340 52       		.byte	0x52
 935 0341 02       		.uleb128 0x2
 936 0342 91       		.byte	0x91
 937 0343 41       		.sleb128 -63
 938 0344 00       		.byte	0
 939 0345 0E       		.uleb128 0xe
 940 0346 A0000000 		.4byte	.LVL24
 941 034a 7A060000 		.4byte	0x67a
 942 034e 62030000 		.4byte	0x362
 943 0352 0F       		.uleb128 0xf
 944 0353 01       		.uleb128 0x1
 945 0354 50       		.byte	0x50
 946 0355 02       		.uleb128 0x2
 947 0356 91       		.byte	0x91
 948 0357 44       		.sleb128 -60
 949 0358 0F       		.uleb128 0xf
 950 0359 01       		.uleb128 0x1
 951 035a 51       		.byte	0x51
 952 035b 05       		.uleb128 0x5
 953 035c 03       		.byte	0x3
 954 035d C4000000 		.4byte	.LC5
 955 0361 00       		.byte	0
 956 0362 0E       		.uleb128 0xe
 957 0363 A6000000 		.4byte	.LVL25
 958 0367 85060000 		.4byte	0x685
 959 036b 76030000 		.4byte	0x376
 960 036f 0F       		.uleb128 0xf
 961 0370 01       		.uleb128 0x1
 962 0371 50       		.byte	0x50
 963 0372 02       		.uleb128 0x2
 964 0373 91       		.byte	0x91
 965 0374 44       		.sleb128 -60
 966 0375 00       		.byte	0
 967 0376 0E       		.uleb128 0xe
 968 0377 AE000000 		.4byte	.LVL28
 969 037b 85060000 		.4byte	0x685
 970 037f 8D030000 		.4byte	0x38d
 971 0383 0F       		.uleb128 0xf
 972 0384 01       		.uleb128 0x1
 973 0385 50       		.byte	0x50
 974 0386 05       		.uleb128 0x5
 975 0387 03       		.byte	0x3
 976 0388 E4000000 		.4byte	.LC6
 977 038c 00       		.byte	0
 978 038d 0E       		.uleb128 0xe
ARM GAS  C:\Users\ilami\AppData\Local\Temp\ccOZtpY3.s 			page 25


 979 038e B4000000 		.4byte	.LVL29
 980 0392 85060000 		.4byte	0x685
 981 0396 A4030000 		.4byte	0x3a4
 982 039a 0F       		.uleb128 0xf
 983 039b 01       		.uleb128 0x1
 984 039c 50       		.byte	0x50
 985 039d 05       		.uleb128 0x5
 986 039e 03       		.byte	0x3
 987 039f 20010000 		.4byte	.LC7
 988 03a3 00       		.byte	0
 989 03a4 0E       		.uleb128 0xe
 990 03a5 CA000000 		.4byte	.LVL30
 991 03a9 BC060000 		.4byte	0x6bc
 992 03ad C3030000 		.4byte	0x3c3
 993 03b1 0F       		.uleb128 0xf
 994 03b2 01       		.uleb128 0x1
 995 03b3 50       		.byte	0x50
 996 03b4 01       		.uleb128 0x1
 997 03b5 48       		.byte	0x48
 998 03b6 0F       		.uleb128 0xf
 999 03b7 01       		.uleb128 0x1
 1000 03b8 51       		.byte	0x51
 1001 03b9 02       		.uleb128 0x2
 1002 03ba 08       		.byte	0x8
 1003 03bb 20       		.byte	0x20
 1004 03bc 0F       		.uleb128 0xf
 1005 03bd 01       		.uleb128 0x1
 1006 03be 52       		.byte	0x52
 1007 03bf 02       		.uleb128 0x2
 1008 03c0 08       		.byte	0x8
 1009 03c1 57       		.byte	0x57
 1010 03c2 00       		.byte	0
 1011 03c3 0E       		.uleb128 0xe
 1012 03c4 D8000000 		.4byte	.LVL32
 1013 03c8 7A060000 		.4byte	0x67a
 1014 03cc E0030000 		.4byte	0x3e0
 1015 03d0 0F       		.uleb128 0xf
 1016 03d1 01       		.uleb128 0x1
 1017 03d2 50       		.byte	0x50
 1018 03d3 02       		.uleb128 0x2
 1019 03d4 91       		.byte	0x91
 1020 03d5 44       		.sleb128 -60
 1021 03d6 0F       		.uleb128 0xf
 1022 03d7 01       		.uleb128 0x1
 1023 03d8 51       		.byte	0x51
 1024 03d9 05       		.uleb128 0x5
 1025 03da 03       		.byte	0x3
 1026 03db 3C010000 		.4byte	.LC8
 1027 03df 00       		.byte	0
 1028 03e0 0E       		.uleb128 0xe
 1029 03e1 DE000000 		.4byte	.LVL33
 1030 03e5 85060000 		.4byte	0x685
 1031 03e9 F4030000 		.4byte	0x3f4
 1032 03ed 0F       		.uleb128 0xf
 1033 03ee 01       		.uleb128 0x1
 1034 03ef 50       		.byte	0x50
 1035 03f0 02       		.uleb128 0x2
ARM GAS  C:\Users\ilami\AppData\Local\Temp\ccOZtpY3.s 			page 26


 1036 03f1 91       		.byte	0x91
 1037 03f2 44       		.sleb128 -60
 1038 03f3 00       		.byte	0
 1039 03f4 0E       		.uleb128 0xe
 1040 03f5 E6000000 		.4byte	.LVL36
 1041 03f9 85060000 		.4byte	0x685
 1042 03fd 0B040000 		.4byte	0x40b
 1043 0401 0F       		.uleb128 0xf
 1044 0402 01       		.uleb128 0x1
 1045 0403 50       		.byte	0x50
 1046 0404 05       		.uleb128 0x5
 1047 0405 03       		.byte	0x3
 1048 0406 74010000 		.4byte	.LC9
 1049 040a 00       		.byte	0
 1050 040b 0E       		.uleb128 0xe
 1051 040c F2000000 		.4byte	.LVL37
 1052 0410 B1060000 		.4byte	0x6b1
 1053 0414 2A040000 		.4byte	0x42a
 1054 0418 0F       		.uleb128 0xf
 1055 0419 01       		.uleb128 0x1
 1056 041a 50       		.byte	0x50
 1057 041b 01       		.uleb128 0x1
 1058 041c 48       		.byte	0x48
 1059 041d 0F       		.uleb128 0xf
 1060 041e 01       		.uleb128 0x1
 1061 041f 51       		.byte	0x51
 1062 0420 02       		.uleb128 0x2
 1063 0421 08       		.byte	0x8
 1064 0422 20       		.byte	0x20
 1065 0423 0F       		.uleb128 0xf
 1066 0424 01       		.uleb128 0x1
 1067 0425 52       		.byte	0x52
 1068 0426 02       		.uleb128 0x2
 1069 0427 91       		.byte	0x91
 1070 0428 41       		.sleb128 -63
 1071 0429 00       		.byte	0
 1072 042a 0E       		.uleb128 0xe
 1073 042b 00010000 		.4byte	.LVL39
 1074 042f 7A060000 		.4byte	0x67a
 1075 0433 47040000 		.4byte	0x447
 1076 0437 0F       		.uleb128 0xf
 1077 0438 01       		.uleb128 0x1
 1078 0439 50       		.byte	0x50
 1079 043a 02       		.uleb128 0x2
 1080 043b 91       		.byte	0x91
 1081 043c 44       		.sleb128 -60
 1082 043d 0F       		.uleb128 0xf
 1083 043e 01       		.uleb128 0x1
 1084 043f 51       		.byte	0x51
 1085 0440 05       		.uleb128 0x5
 1086 0441 03       		.byte	0x3
 1087 0442 B0010000 		.4byte	.LC10
 1088 0446 00       		.byte	0
 1089 0447 0E       		.uleb128 0xe
 1090 0448 06010000 		.4byte	.LVL40
 1091 044c 85060000 		.4byte	0x685
 1092 0450 5B040000 		.4byte	0x45b
ARM GAS  C:\Users\ilami\AppData\Local\Temp\ccOZtpY3.s 			page 27


 1093 0454 0F       		.uleb128 0xf
 1094 0455 01       		.uleb128 0x1
 1095 0456 50       		.byte	0x50
 1096 0457 02       		.uleb128 0x2
 1097 0458 91       		.byte	0x91
 1098 0459 44       		.sleb128 -60
 1099 045a 00       		.byte	0
 1100 045b 0E       		.uleb128 0xe
 1101 045c 0E010000 		.4byte	.LVL43
 1102 0460 85060000 		.4byte	0x685
 1103 0464 72040000 		.4byte	0x472
 1104 0468 0F       		.uleb128 0xf
 1105 0469 01       		.uleb128 0x1
 1106 046a 50       		.byte	0x50
 1107 046b 05       		.uleb128 0x5
 1108 046c 03       		.byte	0x3
 1109 046d E4000000 		.4byte	.LC6
 1110 0471 00       		.byte	0
 1111 0472 0E       		.uleb128 0xe
 1112 0473 18010000 		.4byte	.LVL44
 1113 0477 B1060000 		.4byte	0x6b1
 1114 047b 91040000 		.4byte	0x491
 1115 047f 0F       		.uleb128 0xf
 1116 0480 01       		.uleb128 0x1
 1117 0481 50       		.byte	0x50
 1118 0482 01       		.uleb128 0x1
 1119 0483 48       		.byte	0x48
 1120 0484 0F       		.uleb128 0xf
 1121 0485 01       		.uleb128 0x1
 1122 0486 51       		.byte	0x51
 1123 0487 02       		.uleb128 0x2
 1124 0488 08       		.byte	0x8
 1125 0489 23       		.byte	0x23
 1126 048a 0F       		.uleb128 0xf
 1127 048b 01       		.uleb128 0x1
 1128 048c 52       		.byte	0x52
 1129 048d 02       		.uleb128 0x2
 1130 048e 91       		.byte	0x91
 1131 048f 40       		.sleb128 -64
 1132 0490 00       		.byte	0
 1133 0491 0E       		.uleb128 0xe
 1134 0492 26010000 		.4byte	.LVL46
 1135 0496 7A060000 		.4byte	0x67a
 1136 049a AE040000 		.4byte	0x4ae
 1137 049e 0F       		.uleb128 0xf
 1138 049f 01       		.uleb128 0x1
 1139 04a0 50       		.byte	0x50
 1140 04a1 02       		.uleb128 0x2
 1141 04a2 91       		.byte	0x91
 1142 04a3 44       		.sleb128 -60
 1143 04a4 0F       		.uleb128 0xf
 1144 04a5 01       		.uleb128 0x1
 1145 04a6 51       		.byte	0x51
 1146 04a7 05       		.uleb128 0x5
 1147 04a8 03       		.byte	0x3
 1148 04a9 E8010000 		.4byte	.LC11
 1149 04ad 00       		.byte	0
ARM GAS  C:\Users\ilami\AppData\Local\Temp\ccOZtpY3.s 			page 28


 1150 04ae 0E       		.uleb128 0xe
 1151 04af 2C010000 		.4byte	.LVL47
 1152 04b3 85060000 		.4byte	0x685
 1153 04b7 C2040000 		.4byte	0x4c2
 1154 04bb 0F       		.uleb128 0xf
 1155 04bc 01       		.uleb128 0x1
 1156 04bd 50       		.byte	0x50
 1157 04be 02       		.uleb128 0x2
 1158 04bf 91       		.byte	0x91
 1159 04c0 44       		.sleb128 -60
 1160 04c1 00       		.byte	0
 1161 04c2 0E       		.uleb128 0xe
 1162 04c3 34010000 		.4byte	.LVL50
 1163 04c7 85060000 		.4byte	0x685
 1164 04cb D9040000 		.4byte	0x4d9
 1165 04cf 0F       		.uleb128 0xf
 1166 04d0 01       		.uleb128 0x1
 1167 04d1 50       		.byte	0x50
 1168 04d2 05       		.uleb128 0x5
 1169 04d3 03       		.byte	0x3
 1170 04d4 08020000 		.4byte	.LC12
 1171 04d8 00       		.byte	0
 1172 04d9 0E       		.uleb128 0xe
 1173 04da 44010000 		.4byte	.LVL52
 1174 04de BC060000 		.4byte	0x6bc
 1175 04e2 F8040000 		.4byte	0x4f8
 1176 04e6 0F       		.uleb128 0xf
 1177 04e7 01       		.uleb128 0x1
 1178 04e8 50       		.byte	0x50
 1179 04e9 01       		.uleb128 0x1
 1180 04ea 48       		.byte	0x48
 1181 04eb 0F       		.uleb128 0xf
 1182 04ec 01       		.uleb128 0x1
 1183 04ed 51       		.byte	0x51
 1184 04ee 02       		.uleb128 0x2
 1185 04ef 08       		.byte	0x8
 1186 04f0 23       		.byte	0x23
 1187 04f1 0F       		.uleb128 0xf
 1188 04f2 01       		.uleb128 0x1
 1189 04f3 52       		.byte	0x52
 1190 04f4 02       		.uleb128 0x2
 1191 04f5 09       		.byte	0x9
 1192 04f6 83       		.byte	0x83
 1193 04f7 00       		.byte	0
 1194 04f8 0E       		.uleb128 0xe
 1195 04f9 4E010000 		.4byte	.LVL53
 1196 04fd B1060000 		.4byte	0x6b1
 1197 0501 17050000 		.4byte	0x517
 1198 0505 0F       		.uleb128 0xf
 1199 0506 01       		.uleb128 0x1
 1200 0507 50       		.byte	0x50
 1201 0508 01       		.uleb128 0x1
 1202 0509 48       		.byte	0x48
 1203 050a 0F       		.uleb128 0xf
 1204 050b 01       		.uleb128 0x1
 1205 050c 51       		.byte	0x51
 1206 050d 02       		.uleb128 0x2
ARM GAS  C:\Users\ilami\AppData\Local\Temp\ccOZtpY3.s 			page 29


 1207 050e 08       		.byte	0x8
 1208 050f 23       		.byte	0x23
 1209 0510 0F       		.uleb128 0xf
 1210 0511 01       		.uleb128 0x1
 1211 0512 52       		.byte	0x52
 1212 0513 02       		.uleb128 0x2
 1213 0514 74       		.byte	0x74
 1214 0515 00       		.sleb128 0
 1215 0516 00       		.byte	0
 1216 0517 0E       		.uleb128 0xe
 1217 0518 5C010000 		.4byte	.LVL55
 1218 051c 7A060000 		.4byte	0x67a
 1219 0520 34050000 		.4byte	0x534
 1220 0524 0F       		.uleb128 0xf
 1221 0525 01       		.uleb128 0x1
 1222 0526 50       		.byte	0x50
 1223 0527 02       		.uleb128 0x2
 1224 0528 91       		.byte	0x91
 1225 0529 44       		.sleb128 -60
 1226 052a 0F       		.uleb128 0xf
 1227 052b 01       		.uleb128 0x1
 1228 052c 51       		.byte	0x51
 1229 052d 05       		.uleb128 0x5
 1230 052e 03       		.byte	0x3
 1231 052f 44020000 		.4byte	.LC13
 1232 0533 00       		.byte	0
 1233 0534 0E       		.uleb128 0xe
 1234 0535 62010000 		.4byte	.LVL56
 1235 0539 85060000 		.4byte	0x685
 1236 053d 48050000 		.4byte	0x548
 1237 0541 0F       		.uleb128 0xf
 1238 0542 01       		.uleb128 0x1
 1239 0543 50       		.byte	0x50
 1240 0544 02       		.uleb128 0x2
 1241 0545 91       		.byte	0x91
 1242 0546 44       		.sleb128 -60
 1243 0547 00       		.byte	0
 1244 0548 0E       		.uleb128 0xe
 1245 0549 6A010000 		.4byte	.LVL59
 1246 054d 85060000 		.4byte	0x685
 1247 0551 5F050000 		.4byte	0x55f
 1248 0555 0F       		.uleb128 0xf
 1249 0556 01       		.uleb128 0x1
 1250 0557 50       		.byte	0x50
 1251 0558 05       		.uleb128 0x5
 1252 0559 03       		.byte	0x3
 1253 055a 08020000 		.4byte	.LC12
 1254 055e 00       		.byte	0
 1255 055f 0E       		.uleb128 0xe
 1256 0560 7C010000 		.4byte	.LVL60
 1257 0564 A6060000 		.4byte	0x6a6
 1258 0568 73050000 		.4byte	0x573
 1259 056c 0F       		.uleb128 0xf
 1260 056d 01       		.uleb128 0x1
 1261 056e 50       		.byte	0x50
 1262 056f 02       		.uleb128 0x2
 1263 0570 08       		.byte	0x8
ARM GAS  C:\Users\ilami\AppData\Local\Temp\ccOZtpY3.s 			page 30


 1264 0571 64       		.byte	0x64
 1265 0572 00       		.byte	0
 1266 0573 0E       		.uleb128 0xe
 1267 0574 88010000 		.4byte	.LVL61
 1268 0578 B1060000 		.4byte	0x6b1
 1269 057c 92050000 		.4byte	0x592
 1270 0580 0F       		.uleb128 0xf
 1271 0581 01       		.uleb128 0x1
 1272 0582 50       		.byte	0x50
 1273 0583 01       		.uleb128 0x1
 1274 0584 48       		.byte	0x48
 1275 0585 0F       		.uleb128 0xf
 1276 0586 01       		.uleb128 0x1
 1277 0587 51       		.byte	0x51
 1278 0588 02       		.uleb128 0x2
 1279 0589 08       		.byte	0x8
 1280 058a 27       		.byte	0x27
 1281 058b 0F       		.uleb128 0xf
 1282 058c 01       		.uleb128 0x1
 1283 058d 52       		.byte	0x52
 1284 058e 02       		.uleb128 0x2
 1285 058f 91       		.byte	0x91
 1286 0590 42       		.sleb128 -62
 1287 0591 00       		.byte	0
 1288 0592 0E       		.uleb128 0xe
 1289 0593 90010000 		.4byte	.LVL63
 1290 0597 85060000 		.4byte	0x685
 1291 059b A9050000 		.4byte	0x5a9
 1292 059f 0F       		.uleb128 0xf
 1293 05a0 01       		.uleb128 0x1
 1294 05a1 50       		.byte	0x50
 1295 05a2 05       		.uleb128 0x5
 1296 05a3 03       		.byte	0x3
 1297 05a4 88000000 		.4byte	.LC4
 1298 05a8 00       		.byte	0
 1299 05a9 0E       		.uleb128 0xe
 1300 05aa 9C010000 		.4byte	.LVL64
 1301 05ae C7060000 		.4byte	0x6c7
 1302 05b2 CE050000 		.4byte	0x5ce
 1303 05b6 0F       		.uleb128 0xf
 1304 05b7 01       		.uleb128 0x1
 1305 05b8 50       		.byte	0x50
 1306 05b9 01       		.uleb128 0x1
 1307 05ba 48       		.byte	0x48
 1308 05bb 0F       		.uleb128 0xf
 1309 05bc 01       		.uleb128 0x1
 1310 05bd 51       		.byte	0x51
 1311 05be 02       		.uleb128 0x2
 1312 05bf 08       		.byte	0x8
 1313 05c0 28       		.byte	0x28
 1314 05c1 0F       		.uleb128 0xf
 1315 05c2 01       		.uleb128 0x1
 1316 05c3 52       		.byte	0x52
 1317 05c4 01       		.uleb128 0x1
 1318 05c5 32       		.byte	0x32
 1319 05c6 0F       		.uleb128 0xf
 1320 05c7 01       		.uleb128 0x1
ARM GAS  C:\Users\ilami\AppData\Local\Temp\ccOZtpY3.s 			page 31


 1321 05c8 53       		.byte	0x53
 1322 05c9 03       		.uleb128 0x3
 1323 05ca 91       		.byte	0x91
 1324 05cb B87F     		.sleb128 -72
 1325 05cd 00       		.byte	0
 1326 05ce 0E       		.uleb128 0xe
 1327 05cf D0010000 		.4byte	.LVL68
 1328 05d3 C7060000 		.4byte	0x6c7
 1329 05d7 F3050000 		.4byte	0x5f3
 1330 05db 0F       		.uleb128 0xf
 1331 05dc 01       		.uleb128 0x1
 1332 05dd 50       		.byte	0x50
 1333 05de 01       		.uleb128 0x1
 1334 05df 48       		.byte	0x48
 1335 05e0 0F       		.uleb128 0xf
 1336 05e1 01       		.uleb128 0x1
 1337 05e2 51       		.byte	0x51
 1338 05e3 02       		.uleb128 0x2
 1339 05e4 08       		.byte	0x8
 1340 05e5 2A       		.byte	0x2a
 1341 05e6 0F       		.uleb128 0xf
 1342 05e7 01       		.uleb128 0x1
 1343 05e8 52       		.byte	0x52
 1344 05e9 01       		.uleb128 0x1
 1345 05ea 32       		.byte	0x32
 1346 05eb 0F       		.uleb128 0xf
 1347 05ec 01       		.uleb128 0x1
 1348 05ed 53       		.byte	0x53
 1349 05ee 03       		.uleb128 0x3
 1350 05ef 91       		.byte	0x91
 1351 05f0 BA7F     		.sleb128 -70
 1352 05f2 00       		.byte	0
 1353 05f3 0E       		.uleb128 0xe
 1354 05f4 02020000 		.4byte	.LVL72
 1355 05f8 C7060000 		.4byte	0x6c7
 1356 05fc 18060000 		.4byte	0x618
 1357 0600 0F       		.uleb128 0xf
 1358 0601 01       		.uleb128 0x1
 1359 0602 50       		.byte	0x50
 1360 0603 01       		.uleb128 0x1
 1361 0604 48       		.byte	0x48
 1362 0605 0F       		.uleb128 0xf
 1363 0606 01       		.uleb128 0x1
 1364 0607 51       		.byte	0x51
 1365 0608 02       		.uleb128 0x2
 1366 0609 08       		.byte	0x8
 1367 060a 2C       		.byte	0x2c
 1368 060b 0F       		.uleb128 0xf
 1369 060c 01       		.uleb128 0x1
 1370 060d 52       		.byte	0x52
 1371 060e 01       		.uleb128 0x1
 1372 060f 32       		.byte	0x32
 1373 0610 0F       		.uleb128 0xf
 1374 0611 01       		.uleb128 0x1
 1375 0612 53       		.byte	0x53
 1376 0613 03       		.uleb128 0x3
 1377 0614 91       		.byte	0x91
ARM GAS  C:\Users\ilami\AppData\Local\Temp\ccOZtpY3.s 			page 32


 1378 0615 BC7F     		.sleb128 -68
 1379 0617 00       		.byte	0
 1380 0618 10       		.uleb128 0x10
 1381 0619 30020000 		.4byte	.LVL76
 1382 061d D2060000 		.4byte	0x6d2
 1383 0621 0F       		.uleb128 0xf
 1384 0622 01       		.uleb128 0x1
 1385 0623 50       		.byte	0x50
 1386 0624 02       		.uleb128 0x2
 1387 0625 7D       		.byte	0x7d
 1388 0626 00       		.sleb128 0
 1389 0627 0F       		.uleb128 0xf
 1390 0628 01       		.uleb128 0x1
 1391 0629 51       		.byte	0x51
 1392 062a 01       		.uleb128 0x1
 1393 062b 38       		.byte	0x38
 1394 062c 00       		.byte	0
 1395 062d 00       		.byte	0
 1396 062e 12       		.uleb128 0x12
 1397 062f C7000000 		.4byte	0xc7
 1398 0633 3E060000 		.4byte	0x63e
 1399 0637 13       		.uleb128 0x13
 1400 0638 F9000000 		.4byte	0xf9
 1401 063c 31       		.byte	0x31
 1402 063d 00       		.byte	0
 1403 063e 12       		.uleb128 0x12
 1404 063f 8C000000 		.4byte	0x8c
 1405 0643 4E060000 		.4byte	0x64e
 1406 0647 13       		.uleb128 0x13
 1407 0648 F9000000 		.4byte	0xf9
 1408 064c 05       		.byte	0x5
 1409 064d 00       		.byte	0
 1410 064e 12       		.uleb128 0x12
 1411 064f 8C000000 		.4byte	0x8c
 1412 0653 5E060000 		.4byte	0x65e
 1413 0657 13       		.uleb128 0x13
 1414 0658 F9000000 		.4byte	0xf9
 1415 065c 07       		.byte	0x7
 1416 065d 00       		.byte	0
 1417 065e 14       		.uleb128 0x14
 1418 065f 3C020000 		.4byte	.LASF51
 1419 0663 0A       		.byte	0xa
 1420 0664 1207     		.2byte	0x712
 1421 0666 6A060000 		.4byte	0x66a
 1422 066a 15       		.uleb128 0x15
 1423 066b A2000000 		.4byte	0xa2
 1424 066f 16       		.uleb128 0x16
 1425 0670 2E000000 		.4byte	.LASF37
 1426 0674 2E000000 		.4byte	.LASF37
 1427 0678 06       		.byte	0x6
 1428 0679 5D       		.byte	0x5d
 1429 067a 16       		.uleb128 0x16
 1430 067b 11030000 		.4byte	.LASF38
 1431 067f 11030000 		.4byte	.LASF38
 1432 0683 07       		.byte	0x7
 1433 0684 E7       		.byte	0xe7
 1434 0685 16       		.uleb128 0x16
ARM GAS  C:\Users\ilami\AppData\Local\Temp\ccOZtpY3.s 			page 33


 1435 0686 19000000 		.4byte	.LASF39
 1436 068a 19000000 		.4byte	.LASF39
 1437 068e 08       		.byte	0x8
 1438 068f 8B       		.byte	0x8b
 1439 0690 16       		.uleb128 0x16
 1440 0691 21030000 		.4byte	.LASF40
 1441 0695 21030000 		.4byte	.LASF40
 1442 0699 06       		.byte	0x6
 1443 069a 17       		.byte	0x17
 1444 069b 16       		.uleb128 0x16
 1445 069c 7E020000 		.4byte	.LASF41
 1446 06a0 7E020000 		.4byte	.LASF41
 1447 06a4 08       		.byte	0x8
 1448 06a5 54       		.byte	0x54
 1449 06a6 16       		.uleb128 0x16
 1450 06a7 19030000 		.4byte	.LASF42
 1451 06ab 19030000 		.4byte	.LASF42
 1452 06af 09       		.byte	0x9
 1453 06b0 76       		.byte	0x76
 1454 06b1 16       		.uleb128 0x16
 1455 06b2 A3020000 		.4byte	.LASF43
 1456 06b6 A3020000 		.4byte	.LASF43
 1457 06ba 06       		.byte	0x6
 1458 06bb 28       		.byte	0x28
 1459 06bc 16       		.uleb128 0x16
 1460 06bd 89010000 		.4byte	.LASF44
 1461 06c1 89010000 		.4byte	.LASF44
 1462 06c5 06       		.byte	0x6
 1463 06c6 43       		.byte	0x43
 1464 06c7 16       		.uleb128 0x16
 1465 06c8 63010000 		.4byte	.LASF45
 1466 06cc 63010000 		.4byte	.LASF45
 1467 06d0 06       		.byte	0x6
 1468 06d1 36       		.byte	0x36
 1469 06d2 16       		.uleb128 0x16
 1470 06d3 62000000 		.4byte	.LASF46
 1471 06d7 62000000 		.4byte	.LASF46
 1472 06db 08       		.byte	0x8
 1473 06dc 8C       		.byte	0x8c
 1474 06dd 00       		.byte	0
 1475              		.section	.debug_abbrev,"",%progbits
 1476              	.Ldebug_abbrev0:
 1477 0000 01       		.uleb128 0x1
 1478 0001 11       		.uleb128 0x11
 1479 0002 01       		.byte	0x1
 1480 0003 25       		.uleb128 0x25
 1481 0004 0E       		.uleb128 0xe
 1482 0005 13       		.uleb128 0x13
 1483 0006 0B       		.uleb128 0xb
 1484 0007 03       		.uleb128 0x3
 1485 0008 0E       		.uleb128 0xe
 1486 0009 1B       		.uleb128 0x1b
 1487 000a 0E       		.uleb128 0xe
 1488 000b 55       		.uleb128 0x55
 1489 000c 17       		.uleb128 0x17
 1490 000d 11       		.uleb128 0x11
 1491 000e 01       		.uleb128 0x1
ARM GAS  C:\Users\ilami\AppData\Local\Temp\ccOZtpY3.s 			page 34


 1492 000f 10       		.uleb128 0x10
 1493 0010 17       		.uleb128 0x17
 1494 0011 00       		.byte	0
 1495 0012 00       		.byte	0
 1496 0013 02       		.uleb128 0x2
 1497 0014 24       		.uleb128 0x24
 1498 0015 00       		.byte	0
 1499 0016 0B       		.uleb128 0xb
 1500 0017 0B       		.uleb128 0xb
 1501 0018 3E       		.uleb128 0x3e
 1502 0019 0B       		.uleb128 0xb
 1503 001a 03       		.uleb128 0x3
 1504 001b 0E       		.uleb128 0xe
 1505 001c 00       		.byte	0
 1506 001d 00       		.byte	0
 1507 001e 03       		.uleb128 0x3
 1508 001f 16       		.uleb128 0x16
 1509 0020 00       		.byte	0
 1510 0021 03       		.uleb128 0x3
 1511 0022 0E       		.uleb128 0xe
 1512 0023 3A       		.uleb128 0x3a
 1513 0024 0B       		.uleb128 0xb
 1514 0025 3B       		.uleb128 0x3b
 1515 0026 0B       		.uleb128 0xb
 1516 0027 49       		.uleb128 0x49
 1517 0028 13       		.uleb128 0x13
 1518 0029 00       		.byte	0
 1519 002a 00       		.byte	0
 1520 002b 04       		.uleb128 0x4
 1521 002c 24       		.uleb128 0x24
 1522 002d 00       		.byte	0
 1523 002e 0B       		.uleb128 0xb
 1524 002f 0B       		.uleb128 0xb
 1525 0030 3E       		.uleb128 0x3e
 1526 0031 0B       		.uleb128 0xb
 1527 0032 03       		.uleb128 0x3
 1528 0033 08       		.uleb128 0x8
 1529 0034 00       		.byte	0
 1530 0035 00       		.byte	0
 1531 0036 05       		.uleb128 0x5
 1532 0037 16       		.uleb128 0x16
 1533 0038 00       		.byte	0
 1534 0039 03       		.uleb128 0x3
 1535 003a 0E       		.uleb128 0xe
 1536 003b 3A       		.uleb128 0x3a
 1537 003c 0B       		.uleb128 0xb
 1538 003d 3B       		.uleb128 0x3b
 1539 003e 05       		.uleb128 0x5
 1540 003f 49       		.uleb128 0x49
 1541 0040 13       		.uleb128 0x13
 1542 0041 00       		.byte	0
 1543 0042 00       		.byte	0
 1544 0043 06       		.uleb128 0x6
 1545 0044 04       		.uleb128 0x4
 1546 0045 01       		.byte	0x1
 1547 0046 0B       		.uleb128 0xb
 1548 0047 0B       		.uleb128 0xb
ARM GAS  C:\Users\ilami\AppData\Local\Temp\ccOZtpY3.s 			page 35


 1549 0048 49       		.uleb128 0x49
 1550 0049 13       		.uleb128 0x13
 1551 004a 3A       		.uleb128 0x3a
 1552 004b 0B       		.uleb128 0xb
 1553 004c 3B       		.uleb128 0x3b
 1554 004d 0B       		.uleb128 0xb
 1555 004e 01       		.uleb128 0x1
 1556 004f 13       		.uleb128 0x13
 1557 0050 00       		.byte	0
 1558 0051 00       		.byte	0
 1559 0052 07       		.uleb128 0x7
 1560 0053 28       		.uleb128 0x28
 1561 0054 00       		.byte	0
 1562 0055 03       		.uleb128 0x3
 1563 0056 0E       		.uleb128 0xe
 1564 0057 1C       		.uleb128 0x1c
 1565 0058 0B       		.uleb128 0xb
 1566 0059 00       		.byte	0
 1567 005a 00       		.byte	0
 1568 005b 08       		.uleb128 0x8
 1569 005c 2E       		.uleb128 0x2e
 1570 005d 01       		.byte	0x1
 1571 005e 3F       		.uleb128 0x3f
 1572 005f 19       		.uleb128 0x19
 1573 0060 03       		.uleb128 0x3
 1574 0061 0E       		.uleb128 0xe
 1575 0062 3A       		.uleb128 0x3a
 1576 0063 0B       		.uleb128 0xb
 1577 0064 3B       		.uleb128 0x3b
 1578 0065 0B       		.uleb128 0xb
 1579 0066 27       		.uleb128 0x27
 1580 0067 19       		.uleb128 0x19
 1581 0068 49       		.uleb128 0x49
 1582 0069 13       		.uleb128 0x13
 1583 006a 8701     		.uleb128 0x87
 1584 006c 19       		.uleb128 0x19
 1585 006d 11       		.uleb128 0x11
 1586 006e 01       		.uleb128 0x1
 1587 006f 12       		.uleb128 0x12
 1588 0070 06       		.uleb128 0x6
 1589 0071 40       		.uleb128 0x40
 1590 0072 18       		.uleb128 0x18
 1591 0073 9742     		.uleb128 0x2117
 1592 0075 19       		.uleb128 0x19
 1593 0076 01       		.uleb128 0x1
 1594 0077 13       		.uleb128 0x13
 1595 0078 00       		.byte	0
 1596 0079 00       		.byte	0
 1597 007a 09       		.uleb128 0x9
 1598 007b 34       		.uleb128 0x34
 1599 007c 00       		.byte	0
 1600 007d 03       		.uleb128 0x3
 1601 007e 0E       		.uleb128 0xe
 1602 007f 3A       		.uleb128 0x3a
 1603 0080 0B       		.uleb128 0xb
 1604 0081 3B       		.uleb128 0x3b
 1605 0082 0B       		.uleb128 0xb
ARM GAS  C:\Users\ilami\AppData\Local\Temp\ccOZtpY3.s 			page 36


 1606 0083 49       		.uleb128 0x49
 1607 0084 13       		.uleb128 0x13
 1608 0085 02       		.uleb128 0x2
 1609 0086 18       		.uleb128 0x18
 1610 0087 00       		.byte	0
 1611 0088 00       		.byte	0
 1612 0089 0A       		.uleb128 0xa
 1613 008a 34       		.uleb128 0x34
 1614 008b 00       		.byte	0
 1615 008c 03       		.uleb128 0x3
 1616 008d 0E       		.uleb128 0xe
 1617 008e 3A       		.uleb128 0x3a
 1618 008f 0B       		.uleb128 0xb
 1619 0090 3B       		.uleb128 0x3b
 1620 0091 0B       		.uleb128 0xb
 1621 0092 49       		.uleb128 0x49
 1622 0093 13       		.uleb128 0x13
 1623 0094 02       		.uleb128 0x2
 1624 0095 17       		.uleb128 0x17
 1625 0096 00       		.byte	0
 1626 0097 00       		.byte	0
 1627 0098 0B       		.uleb128 0xb
 1628 0099 34       		.uleb128 0x34
 1629 009a 00       		.byte	0
 1630 009b 03       		.uleb128 0x3
 1631 009c 0E       		.uleb128 0xe
 1632 009d 3A       		.uleb128 0x3a
 1633 009e 0B       		.uleb128 0xb
 1634 009f 3B       		.uleb128 0x3b
 1635 00a0 0B       		.uleb128 0xb
 1636 00a1 49       		.uleb128 0x49
 1637 00a2 13       		.uleb128 0x13
 1638 00a3 1C       		.uleb128 0x1c
 1639 00a4 0D       		.uleb128 0xd
 1640 00a5 00       		.byte	0
 1641 00a6 00       		.byte	0
 1642 00a7 0C       		.uleb128 0xc
 1643 00a8 0B       		.uleb128 0xb
 1644 00a9 01       		.byte	0x1
 1645 00aa 11       		.uleb128 0x11
 1646 00ab 01       		.uleb128 0x1
 1647 00ac 12       		.uleb128 0x12
 1648 00ad 06       		.uleb128 0x6
 1649 00ae 01       		.uleb128 0x1
 1650 00af 13       		.uleb128 0x13
 1651 00b0 00       		.byte	0
 1652 00b1 00       		.byte	0
 1653 00b2 0D       		.uleb128 0xd
 1654 00b3 34       		.uleb128 0x34
 1655 00b4 00       		.byte	0
 1656 00b5 03       		.uleb128 0x3
 1657 00b6 08       		.uleb128 0x8
 1658 00b7 3A       		.uleb128 0x3a
 1659 00b8 0B       		.uleb128 0xb
 1660 00b9 3B       		.uleb128 0x3b
 1661 00ba 0B       		.uleb128 0xb
 1662 00bb 49       		.uleb128 0x49
ARM GAS  C:\Users\ilami\AppData\Local\Temp\ccOZtpY3.s 			page 37


 1663 00bc 13       		.uleb128 0x13
 1664 00bd 02       		.uleb128 0x2
 1665 00be 17       		.uleb128 0x17
 1666 00bf 00       		.byte	0
 1667 00c0 00       		.byte	0
 1668 00c1 0E       		.uleb128 0xe
 1669 00c2 898201   		.uleb128 0x4109
 1670 00c5 01       		.byte	0x1
 1671 00c6 11       		.uleb128 0x11
 1672 00c7 01       		.uleb128 0x1
 1673 00c8 31       		.uleb128 0x31
 1674 00c9 13       		.uleb128 0x13
 1675 00ca 01       		.uleb128 0x1
 1676 00cb 13       		.uleb128 0x13
 1677 00cc 00       		.byte	0
 1678 00cd 00       		.byte	0
 1679 00ce 0F       		.uleb128 0xf
 1680 00cf 8A8201   		.uleb128 0x410a
 1681 00d2 00       		.byte	0
 1682 00d3 02       		.uleb128 0x2
 1683 00d4 18       		.uleb128 0x18
 1684 00d5 9142     		.uleb128 0x2111
 1685 00d7 18       		.uleb128 0x18
 1686 00d8 00       		.byte	0
 1687 00d9 00       		.byte	0
 1688 00da 10       		.uleb128 0x10
 1689 00db 898201   		.uleb128 0x4109
 1690 00de 01       		.byte	0x1
 1691 00df 11       		.uleb128 0x11
 1692 00e0 01       		.uleb128 0x1
 1693 00e1 31       		.uleb128 0x31
 1694 00e2 13       		.uleb128 0x13
 1695 00e3 00       		.byte	0
 1696 00e4 00       		.byte	0
 1697 00e5 11       		.uleb128 0x11
 1698 00e6 898201   		.uleb128 0x4109
 1699 00e9 00       		.byte	0
 1700 00ea 11       		.uleb128 0x11
 1701 00eb 01       		.uleb128 0x1
 1702 00ec 31       		.uleb128 0x31
 1703 00ed 13       		.uleb128 0x13
 1704 00ee 00       		.byte	0
 1705 00ef 00       		.byte	0
 1706 00f0 12       		.uleb128 0x12
 1707 00f1 01       		.uleb128 0x1
 1708 00f2 01       		.byte	0x1
 1709 00f3 49       		.uleb128 0x49
 1710 00f4 13       		.uleb128 0x13
 1711 00f5 01       		.uleb128 0x1
 1712 00f6 13       		.uleb128 0x13
 1713 00f7 00       		.byte	0
 1714 00f8 00       		.byte	0
 1715 00f9 13       		.uleb128 0x13
 1716 00fa 21       		.uleb128 0x21
 1717 00fb 00       		.byte	0
 1718 00fc 49       		.uleb128 0x49
 1719 00fd 13       		.uleb128 0x13
ARM GAS  C:\Users\ilami\AppData\Local\Temp\ccOZtpY3.s 			page 38


 1720 00fe 2F       		.uleb128 0x2f
 1721 00ff 0B       		.uleb128 0xb
 1722 0100 00       		.byte	0
 1723 0101 00       		.byte	0
 1724 0102 14       		.uleb128 0x14
 1725 0103 34       		.uleb128 0x34
 1726 0104 00       		.byte	0
 1727 0105 03       		.uleb128 0x3
 1728 0106 0E       		.uleb128 0xe
 1729 0107 3A       		.uleb128 0x3a
 1730 0108 0B       		.uleb128 0xb
 1731 0109 3B       		.uleb128 0x3b
 1732 010a 05       		.uleb128 0x5
 1733 010b 49       		.uleb128 0x49
 1734 010c 13       		.uleb128 0x13
 1735 010d 3F       		.uleb128 0x3f
 1736 010e 19       		.uleb128 0x19
 1737 010f 3C       		.uleb128 0x3c
 1738 0110 19       		.uleb128 0x19
 1739 0111 00       		.byte	0
 1740 0112 00       		.byte	0
 1741 0113 15       		.uleb128 0x15
 1742 0114 35       		.uleb128 0x35
 1743 0115 00       		.byte	0
 1744 0116 49       		.uleb128 0x49
 1745 0117 13       		.uleb128 0x13
 1746 0118 00       		.byte	0
 1747 0119 00       		.byte	0
 1748 011a 16       		.uleb128 0x16
 1749 011b 2E       		.uleb128 0x2e
 1750 011c 00       		.byte	0
 1751 011d 3F       		.uleb128 0x3f
 1752 011e 19       		.uleb128 0x19
 1753 011f 3C       		.uleb128 0x3c
 1754 0120 19       		.uleb128 0x19
 1755 0121 6E       		.uleb128 0x6e
 1756 0122 0E       		.uleb128 0xe
 1757 0123 03       		.uleb128 0x3
 1758 0124 0E       		.uleb128 0xe
 1759 0125 3A       		.uleb128 0x3a
 1760 0126 0B       		.uleb128 0xb
 1761 0127 3B       		.uleb128 0x3b
 1762 0128 0B       		.uleb128 0xb
 1763 0129 00       		.byte	0
 1764 012a 00       		.byte	0
 1765 012b 00       		.byte	0
 1766              		.section	.debug_loc,"",%progbits
 1767              	.Ldebug_loc0:
 1768              	.LLST0:
 1769 0000 42000000 		.4byte	.LVL8
 1770 0004 4C000000 		.4byte	.LVL9
 1771 0008 0100     		.2byte	0x1
 1772 000a 50       		.byte	0x50
 1773 000b 58000000 		.4byte	.LVL12
 1774 000f 5A000000 		.4byte	.LVL13
 1775 0013 0100     		.2byte	0x1
 1776 0015 50       		.byte	0x50
ARM GAS  C:\Users\ilami\AppData\Local\Temp\ccOZtpY3.s 			page 39


 1777 0016 6A000000 		.4byte	.LVL15
 1778 001a 74000000 		.4byte	.LVL16
 1779 001e 0100     		.2byte	0x1
 1780 0020 50       		.byte	0x50
 1781 0021 80000000 		.4byte	.LVL19
 1782 0025 82000000 		.4byte	.LVL20
 1783 0029 0100     		.2byte	0x1
 1784 002b 50       		.byte	0x50
 1785 002c 92000000 		.4byte	.LVL22
 1786 0030 9C000000 		.4byte	.LVL23
 1787 0034 0100     		.2byte	0x1
 1788 0036 50       		.byte	0x50
 1789 0037 A8000000 		.4byte	.LVL26
 1790 003b AA000000 		.4byte	.LVL27
 1791 003f 0100     		.2byte	0x1
 1792 0041 50       		.byte	0x50
 1793 0042 CA000000 		.4byte	.LVL30
 1794 0046 D4000000 		.4byte	.LVL31
 1795 004a 0100     		.2byte	0x1
 1796 004c 50       		.byte	0x50
 1797 004d E0000000 		.4byte	.LVL34
 1798 0051 E2000000 		.4byte	.LVL35
 1799 0055 0100     		.2byte	0x1
 1800 0057 50       		.byte	0x50
 1801 0058 F2000000 		.4byte	.LVL37
 1802 005c FC000000 		.4byte	.LVL38
 1803 0060 0100     		.2byte	0x1
 1804 0062 50       		.byte	0x50
 1805 0063 08010000 		.4byte	.LVL41
 1806 0067 0A010000 		.4byte	.LVL42
 1807 006b 0100     		.2byte	0x1
 1808 006d 50       		.byte	0x50
 1809 006e 18010000 		.4byte	.LVL44
 1810 0072 22010000 		.4byte	.LVL45
 1811 0076 0100     		.2byte	0x1
 1812 0078 50       		.byte	0x50
 1813 0079 2E010000 		.4byte	.LVL48
 1814 007d 30010000 		.4byte	.LVL49
 1815 0081 0100     		.2byte	0x1
 1816 0083 50       		.byte	0x50
 1817 0084 4E010000 		.4byte	.LVL53
 1818 0088 58010000 		.4byte	.LVL54
 1819 008c 0100     		.2byte	0x1
 1820 008e 50       		.byte	0x50
 1821 008f 64010000 		.4byte	.LVL57
 1822 0093 66010000 		.4byte	.LVL58
 1823 0097 0100     		.2byte	0x1
 1824 0099 50       		.byte	0x50
 1825 009a 88010000 		.4byte	.LVL61
 1826 009e 8C010000 		.4byte	.LVL62
 1827 00a2 0100     		.2byte	0x1
 1828 00a4 50       		.byte	0x50
 1829 00a5 9C010000 		.4byte	.LVL64
 1830 00a9 CC010000 		.4byte	.LVL67
 1831 00ad 0100     		.2byte	0x1
 1832 00af 50       		.byte	0x50
 1833 00b0 D0010000 		.4byte	.LVL68
ARM GAS  C:\Users\ilami\AppData\Local\Temp\ccOZtpY3.s 			page 40


 1834 00b4 FE010000 		.4byte	.LVL71
 1835 00b8 0100     		.2byte	0x1
 1836 00ba 50       		.byte	0x50
 1837 00bb 02020000 		.4byte	.LVL72
 1838 00bf 2C020000 		.4byte	.LVL75
 1839 00c3 0100     		.2byte	0x1
 1840 00c5 50       		.byte	0x50
 1841 00c6 00000000 		.4byte	0
 1842 00ca 00000000 		.4byte	0
 1843              	.LLST1:
 1844 00ce B6010000 		.4byte	.LVL65
 1845 00d2 BE010000 		.4byte	.LVL66
 1846 00d6 0100     		.2byte	0x1
 1847 00d8 53       		.byte	0x53
 1848 00d9 00000000 		.4byte	0
 1849 00dd 00000000 		.4byte	0
 1850              	.LLST2:
 1851 00e1 EA010000 		.4byte	.LVL69
 1852 00e5 F2010000 		.4byte	.LVL70
 1853 00e9 0100     		.2byte	0x1
 1854 00eb 53       		.byte	0x53
 1855 00ec 00000000 		.4byte	0
 1856 00f0 00000000 		.4byte	0
 1857              	.LLST3:
 1858 00f4 1C020000 		.4byte	.LVL73
 1859 00f8 24020000 		.4byte	.LVL74
 1860 00fc 0100     		.2byte	0x1
 1861 00fe 53       		.byte	0x53
 1862 00ff 00000000 		.4byte	0
 1863 0103 00000000 		.4byte	0
 1864              	.LLST4:
 1865 0107 14000000 		.4byte	.LVL2
 1866 010b 18000000 		.4byte	.LVL3
 1867 010f 0200     		.2byte	0x2
 1868 0111 30       		.byte	0x30
 1869 0112 9F       		.byte	0x9f
 1870 0113 18000000 		.4byte	.LVL3
 1871 0117 38010000 		.4byte	.LVL51
 1872 011b 0100     		.2byte	0x1
 1873 011d 54       		.byte	0x54
 1874 011e 00000000 		.4byte	0
 1875 0122 00000000 		.4byte	0
 1876              		.section	.debug_aranges,"",%progbits
 1877 0000 1C000000 		.4byte	0x1c
 1878 0004 0200     		.2byte	0x2
 1879 0006 00000000 		.4byte	.Ldebug_info0
 1880 000a 04       		.byte	0x4
 1881 000b 00       		.byte	0
 1882 000c 0000     		.2byte	0
 1883 000e 0000     		.2byte	0
 1884 0010 00000000 		.4byte	.LFB64
 1885 0014 6C020000 		.4byte	.LFE64-.LFB64
 1886 0018 00000000 		.4byte	0
 1887 001c 00000000 		.4byte	0
 1888              		.section	.debug_ranges,"",%progbits
 1889              	.Ldebug_ranges0:
 1890 0000 00000000 		.4byte	.LFB64
ARM GAS  C:\Users\ilami\AppData\Local\Temp\ccOZtpY3.s 			page 41


 1891 0004 6C020000 		.4byte	.LFE64
 1892 0008 00000000 		.4byte	0
 1893 000c 00000000 		.4byte	0
 1894              		.section	.debug_line,"",%progbits
 1895              	.Ldebug_line0:
 1896 0000 6E020000 		.section	.debug_str,"MS",%progbits,1
 1896      0200FD01 
 1896      00000201 
 1896      FB0E0D00 
 1896      01010101 
 1897              	.LASF24:
 1898 0000 6D657373 		.ascii	"message\000"
 1898      61676500 
 1899              	.LASF30:
 1900 0008 68656164 		.ascii	"header\000"
 1900      657200
 1901              	.LASF2:
 1902 000f 5F5F7569 		.ascii	"__uint8_t\000"
 1902      6E74385F 
 1902      7400
 1903              	.LASF39:
 1904 0019 55415254 		.ascii	"UART_Debug_PutString\000"
 1904      5F446562 
 1904      75675F50 
 1904      75745374 
 1904      72696E67 
 1905              	.LASF37:
 1906 002e 4932435F 		.ascii	"I2C_Peripheral_IsDeviceConnected\000"
 1906      50657269 
 1906      70686572 
 1906      616C5F49 
 1906      73446576 
 1907              	.LASF6:
 1908 004f 5F5F696E 		.ascii	"__int32_t\000"
 1908      7433325F 
 1908      7400
 1909              	.LASF7:
 1910 0059 6C6F6E67 		.ascii	"long int\000"
 1910      20696E74 
 1910      00
 1911              	.LASF46:
 1912 0062 55415254 		.ascii	"UART_Debug_PutArray\000"
 1912      5F446562 
 1912      75675F50 
 1912      75744172 
 1912      72617900 
 1913              	.LASF21:
 1914 0076 4572726F 		.ascii	"ErrorCode\000"
 1914      72436F64 
 1914      6500
 1915              	.LASF16:
 1916 0080 666C6F61 		.ascii	"float\000"
 1916      7400
 1917              	.LASF1:
 1918 0086 756E7369 		.ascii	"unsigned char\000"
 1918      676E6564 
 1918      20636861 
ARM GAS  C:\Users\ilami\AppData\Local\Temp\ccOZtpY3.s 			page 42


 1918      7200
 1919              	.LASF47:
 1920 0094 474E5520 		.ascii	"GNU C11 5.4.1 20160609 (release) [ARM/embedded-5-br"
 1920      43313120 
 1920      352E342E 
 1920      31203230 
 1920      31363036 
 1921 00c7 616E6368 		.ascii	"anch revision 237715] -mcpu=cortex-m3 -mthumb -g -O"
 1921      20726576 
 1921      6973696F 
 1921      6E203233 
 1921      37373135 
 1922 00fa 67202D66 		.ascii	"g -ffunction-sections -ffat-lto-objects\000"
 1922      66756E63 
 1922      74696F6E 
 1922      2D736563 
 1922      74696F6E 
 1923              	.LASF33:
 1924 0122 4F757458 		.ascii	"OutX_mg\000"
 1924      5F6D6700 
 1925              	.LASF15:
 1926 012a 696E7431 		.ascii	"int16\000"
 1926      3600
 1927              	.LASF8:
 1928 0130 6C6F6E67 		.ascii	"long unsigned int\000"
 1928      20756E73 
 1928      69676E65 
 1928      6420696E 
 1928      7400
 1929              	.LASF5:
 1930 0142 73686F72 		.ascii	"short unsigned int\000"
 1930      7420756E 
 1930      7369676E 
 1930      65642069 
 1930      6E7400
 1931              	.LASF31:
 1932 0155 666F6F74 		.ascii	"footer\000"
 1932      657200
 1933              	.LASF17:
 1934 015c 646F7562 		.ascii	"double\000"
 1934      6C6500
 1935              	.LASF45:
 1936 0163 4932435F 		.ascii	"I2C_Peripheral_ReadRegisterMulti\000"
 1936      50657269 
 1936      70686572 
 1936      616C5F52 
 1936      65616452 
 1937              	.LASF32:
 1938 0184 44617461 		.ascii	"Data\000"
 1938      00
 1939              	.LASF44:
 1940 0189 4932435F 		.ascii	"I2C_Peripheral_WriteRegister\000"
 1940      50657269 
 1940      70686572 
 1940      616C5F57 
 1940      72697465 
 1941              	.LASF50:
ARM GAS  C:\Users\ilami\AppData\Local\Temp\ccOZtpY3.s 			page 43


 1942 01a6 6D61696E 		.ascii	"main\000"
 1942      00
 1943              	.LASF49:
 1944 01ab 433A5C55 		.ascii	"C:\\Users\\ilami\\Desktop\\PSoC_03\\AY1920_II_HW_05"
 1944      73657273 
 1944      5C696C61 
 1944      6D695C44 
 1944      65736B74 
 1945 01d9 5F50524F 		.ascii	"_PROJ_N2.3.cydsn\000"
 1945      4A5F4E32 
 1945      2E332E63 
 1945      7964736E 
 1945      00
 1946              	.LASF3:
 1947 01ea 5F5F696E 		.ascii	"__int16_t\000"
 1947      7431365F 
 1947      7400
 1948              	.LASF28:
 1949 01f4 6374726C 		.ascii	"ctrl_reg1\000"
 1949      5F726567 
 1949      3100
 1950              	.LASF29:
 1951 01fe 6374726C 		.ascii	"ctrl_reg4\000"
 1951      5F726567 
 1951      3400
 1952              	.LASF11:
 1953 0208 756E7369 		.ascii	"unsigned int\000"
 1953      676E6564 
 1953      20696E74 
 1953      00
 1954              	.LASF10:
 1955 0215 6C6F6E67 		.ascii	"long long unsigned int\000"
 1955      206C6F6E 
 1955      6720756E 
 1955      7369676E 
 1955      65642069 
 1956              	.LASF12:
 1957 022c 75696E74 		.ascii	"uint8_t\000"
 1957      385F7400 
 1958              	.LASF13:
 1959 0234 696E7431 		.ascii	"int16_t\000"
 1959      365F7400 
 1960              	.LASF51:
 1961 023c 49544D5F 		.ascii	"ITM_RxBuffer\000"
 1961      52784275 
 1961      66666572 
 1961      00
 1962              	.LASF27:
 1963 0249 73746174 		.ascii	"status_register\000"
 1963      75735F72 
 1963      65676973 
 1963      74657200 
 1964              	.LASF14:
 1965 0259 696E7433 		.ascii	"int32_t\000"
 1965      325F7400 
 1966              	.LASF23:
 1967 0261 73697A65 		.ascii	"sizetype\000"
ARM GAS  C:\Users\ilami\AppData\Local\Temp\ccOZtpY3.s 			page 44


 1967      74797065 
 1967      00
 1968              	.LASF26:
 1969 026a 6572726F 		.ascii	"error\000"
 1969      7200
 1970              	.LASF9:
 1971 0270 6C6F6E67 		.ascii	"long long int\000"
 1971      206C6F6E 
 1971      6720696E 
 1971      7400
 1972              	.LASF41:
 1973 027e 55415254 		.ascii	"UART_Debug_Start\000"
 1973      5F446562 
 1973      75675F53 
 1973      74617274 
 1973      00
 1974              	.LASF48:
 1975 028f 6D61696E 		.ascii	"main.c\000"
 1975      2E6300
 1976              	.LASF18:
 1977 0296 63686172 		.ascii	"char\000"
 1977      00
 1978              	.LASF35:
 1979 029b 4F75745A 		.ascii	"OutZ_mg\000"
 1979      5F6D6700 
 1980              	.LASF43:
 1981 02a3 4932435F 		.ascii	"I2C_Peripheral_ReadRegister\000"
 1981      50657269 
 1981      70686572 
 1981      616C5F52 
 1981      65616452 
 1982              	.LASF4:
 1983 02bf 73686F72 		.ascii	"short int\000"
 1983      7420696E 
 1983      7400
 1984              	.LASF19:
 1985 02c9 4E4F5F45 		.ascii	"NO_ERROR\000"
 1985      52524F52 
 1985      00
 1986              	.LASF20:
 1987 02d2 4552524F 		.ascii	"ERROR\000"
 1987      5200
 1988              	.LASF34:
 1989 02d8 4F757459 		.ascii	"OutY_mg\000"
 1989      5F6D6700 
 1990              	.LASF22:
 1991 02e0 6C6F6E67 		.ascii	"long double\000"
 1991      20646F75 
 1991      626C6500 
 1992              	.LASF0:
 1993 02ec 7369676E 		.ascii	"signed char\000"
 1993      65642063 
 1993      68617200 
 1994              	.LASF36:
 1995 02f8 4F757441 		.ascii	"OutArray_mg\000"
 1995      72726179 
 1995      5F6D6700 
ARM GAS  C:\Users\ilami\AppData\Local\Temp\ccOZtpY3.s 			page 45


 1996              	.LASF25:
 1997 0304 77686F5F 		.ascii	"who_am_i_reg\000"
 1997      616D5F69 
 1997      5F726567 
 1997      00
 1998              	.LASF38:
 1999 0311 73707269 		.ascii	"sprintf\000"
 1999      6E746600 
 2000              	.LASF42:
 2001 0319 43794465 		.ascii	"CyDelay\000"
 2001      6C617900 
 2002              	.LASF40:
 2003 0321 4932435F 		.ascii	"I2C_Peripheral_Start\000"
 2003      50657269 
 2003      70686572 
 2003      616C5F53 
 2003      74617274 
 2004              		.ident	"GCC: (GNU Tools for ARM Embedded Processors) 5.4.1 20160609 (release) [ARM/embedded-5-bran
