ARM GAS  C:\Users\ilami\AppData\Local\Temp\ccqmPXLf.s 			page 1


   1              		.syntax unified
   2              		.cpu cortex-m3
   3              		.fpu softvfp
   4              		.eabi_attribute 20, 1
   5              		.eabi_attribute 21, 1
   6              		.eabi_attribute 23, 3
   7              		.eabi_attribute 24, 1
   8              		.eabi_attribute 25, 1
   9              		.eabi_attribute 26, 1
  10              		.eabi_attribute 30, 1
  11              		.eabi_attribute 34, 1
  12              		.eabi_attribute 18, 4
  13              		.thumb
  14              		.syntax unified
  15              		.file	"main.c"
  16              		.text
  17              	.Ltext0:
  18              		.cfi_sections	.debug_frame
  19              		.section	.text.main,"ax",%progbits
  20              		.align	2
  21              		.global	main
  22              		.thumb
  23              		.thumb_func
  24              		.type	main, %function
  25              	main:
  26              	.LFB64:
  27              		.file 1 "main.c"
   1:main.c        **** /**
   2:main.c        **** * \brief Main source file for the I2C-Master project.
   3:main.c        **** *
   4:main.c        **** * In this project we set up a I2C master device with
   5:main.c        **** * to understand the I2C protocol and communicate with a
   6:main.c        **** * a I2C Slave device (LIS3DH Accelerometer).
   7:main.c        **** *
   8:main.c        **** * \author Gabriele Belotti
   9:main.c        **** * \date , 2020
  10:main.c        **** */
  11:main.c        **** 
  12:main.c        **** // Include required header files
  13:main.c        **** #include "I2C_Interface.h"
  14:main.c        **** #include "project.h"
  15:main.c        **** #include "stdio.h"
  16:main.c        **** 
  17:main.c        **** /**
  18:main.c        **** *   \brief 7-bit I2C address of the slave device.
  19:main.c        **** */
  20:main.c        **** #define LIS3DH_DEVICE_ADDRESS 0x18
  21:main.c        **** 
  22:main.c        **** /**
  23:main.c        **** *   \brief Address of the WHO AM I register
  24:main.c        **** */
  25:main.c        **** #define LIS3DH_WHO_AM_I_REG_ADDR 0x0F
  26:main.c        **** 
  27:main.c        **** /**
  28:main.c        **** *   \brief Address of the Status register
  29:main.c        **** */
  30:main.c        **** #define LIS3DH_STATUS_REG 0x27
ARM GAS  C:\Users\ilami\AppData\Local\Temp\ccqmPXLf.s 			page 2


  31:main.c        **** 
  32:main.c        **** /**
  33:main.c        **** *   \new Data on the Status register
  34:main.c        **** */
  35:main.c        **** //#define LIS3DH_STATUS_REG_NEWDATA 0x08 //if ZYXDA == 1
  36:main.c        **** #define LIS3DH_STATUS_REG_NEWDATAX 0x01 //if XDA == 1
  37:main.c        **** #define LIS3DH_STATUS_REG_NEWDATAY 0x02 //if YDA == 1
  38:main.c        **** #define LIS3DH_STATUS_REG_NEWDATAZ 0x04 //if ZDA == 1
  39:main.c        **** 
  40:main.c        **** /**
  41:main.c        **** *   \brief Address of the Control register 1
  42:main.c        **** */
  43:main.c        **** #define LIS3DH_CTRL_REG1 0x20 
  44:main.c        **** 
  45:main.c        **** /**
  46:main.c        **** *   \brief Hex value to set normal mode to the accelerator
  47:main.c        **** */
  48:main.c        **** #define LIS3DH_NORMAL_MODE_CTRL_REG1 0x57 //0101 to set 100hz
  49:main.c        ****                                           //0111 normal mode and axis enabled
  50:main.c        **** 
  51:main.c        **** /**
  52:main.c        **** *   \brief Address of the Control register 4
  53:main.c        **** */
  54:main.c        **** #define LIS3DH_CTRL_REG4 0x23 
  55:main.c        **** 
  56:main.c        **** #define LIS3DH_CTRL_REG4_ACTIVE 0x83 // set BDU active, and ±2.0 g FSR 
  57:main.c        **** 
  58:main.c        **** /**
  59:main.c        **** *   \brief Address of the ADC output for the 3 axis, MSB (H) and LSB (L) register
  60:main.c        **** */
  61:main.c        **** #define LIS3DH_OUT_X_L 0x28
  62:main.c        **** #define LIS3DH_OUT_X_H 0x29
  63:main.c        **** #define LIS3DH_OUT_Y_L 0x2A
  64:main.c        **** #define LIS3DH_OUT_Y_H 0x2B
  65:main.c        **** #define LIS3DH_OUT_Z_L 0x2C
  66:main.c        **** #define LIS3DH_OUT_Z_H 0x2D
  67:main.c        **** 
  68:main.c        **** 
  69:main.c        **** int main(void)
  70:main.c        **** {
  28              		.loc 1 70 0
  29              		.cfi_startproc
  30              		@ args = 0, pretend = 0, frame = 72
  31              		@ frame_needed = 0, uses_anonymous_args = 0
  32 0000 10B5     		push	{r4, lr}
  33              		.cfi_def_cfa_offset 8
  34              		.cfi_offset 4, -8
  35              		.cfi_offset 14, -4
  36 0002 92B0     		sub	sp, sp, #72
  37              		.cfi_def_cfa_offset 80
  71:main.c        ****     CyGlobalIntEnable; /* Enable global interrupts. */
  38              		.loc 1 71 0
  39              		.syntax unified
  40              	@ 71 "main.c" 1
  41 0004 62B6     		CPSIE   i
  42              	@ 0 "" 2
  72:main.c        **** 
ARM GAS  C:\Users\ilami\AppData\Local\Temp\ccqmPXLf.s 			page 3


  73:main.c        ****     /* Place your initialization/startup code here (e.g. MyInst_Start()) */
  74:main.c        ****     I2C_Peripheral_Start();
  43              		.loc 1 74 0
  44              		.thumb
  45              		.syntax unified
  46 0006 FFF7FEFF 		bl	I2C_Peripheral_Start
  47              	.LVL0:
  75:main.c        ****     UART_Debug_Start();
  48              		.loc 1 75 0
  49 000a FFF7FEFF 		bl	UART_Debug_Start
  50              	.LVL1:
  76:main.c        ****     
  77:main.c        ****     CyDelay(5); //"The boot procedure is complete about 5 milliseconds after device power-up."
  51              		.loc 1 77 0
  52 000e 0520     		movs	r0, #5
  53 0010 FFF7FEFF 		bl	CyDelay
  54              	.LVL2:
  55              	.LBB2:
  78:main.c        ****     
  79:main.c        ****     // String to print out messages on the UART
  80:main.c        ****     char message[50];
  81:main.c        **** 
  82:main.c        ****     // Check which devices are present on the I2C bus
  83:main.c        ****     for (int i = 0 ; i < 128; i++)
  56              		.loc 1 83 0
  57 0014 0024     		movs	r4, #0
  58 0016 0CE0     		b	.L2
  59              	.LVL3:
  60              	.L4:
  84:main.c        ****     {
  85:main.c        ****         if (I2C_Peripheral_IsDeviceConnected(i))
  61              		.loc 1 85 0
  62 0018 E0B2     		uxtb	r0, r4
  63 001a FFF7FEFF 		bl	I2C_Peripheral_IsDeviceConnected
  64              	.LVL4:
  65 001e 38B1     		cbz	r0, .L3
  86:main.c        ****         {
  87:main.c        ****             // print out the address is hex format
  88:main.c        ****             sprintf(message, "Device 0x%02X is connected\r\n", i);
  66              		.loc 1 88 0
  67 0020 2246     		mov	r2, r4
  68 0022 7E49     		ldr	r1, .L25
  69 0024 05A8     		add	r0, sp, #20
  70 0026 FFF7FEFF 		bl	sprintf
  71              	.LVL5:
  89:main.c        ****             UART_Debug_PutString(message); 
  72              		.loc 1 89 0
  73 002a 05A8     		add	r0, sp, #20
  74 002c FFF7FEFF 		bl	UART_Debug_PutString
  75              	.LVL6:
  76              	.L3:
  83:main.c        ****     {
  77              		.loc 1 83 0 discriminator 2
  78 0030 0134     		adds	r4, r4, #1
  79              	.LVL7:
  80              	.L2:
  83:main.c        ****     {
ARM GAS  C:\Users\ilami\AppData\Local\Temp\ccqmPXLf.s 			page 4


  81              		.loc 1 83 0 is_stmt 0 discriminator 1
  82 0032 7F2C     		cmp	r4, #127
  83 0034 F0DD     		ble	.L4
  84              	.LBE2:
  90:main.c        ****         }
  91:main.c        ****         
  92:main.c        ****     }
  93:main.c        ****     
  94:main.c        ****     /******************************************/
  95:main.c        ****     /*            I2C Reading                 */
  96:main.c        ****     /******************************************/
  97:main.c        ****     
  98:main.c        ****     /* Read WHO AM I REGISTER register */
  99:main.c        ****     uint8_t who_am_i_reg;
 100:main.c        ****     ErrorCode error = I2C_Peripheral_ReadRegister(LIS3DH_DEVICE_ADDRESS,
  85              		.loc 1 100 0 is_stmt 1
  86 0036 0DF11302 		add	r2, sp, #19
  87 003a 0F21     		movs	r1, #15
  88 003c 1820     		movs	r0, #24
  89 003e FFF7FEFF 		bl	I2C_Peripheral_ReadRegister
  90              	.LVL8:
 101:main.c        ****                                                   LIS3DH_WHO_AM_I_REG_ADDR, 
 102:main.c        ****                                                   &who_am_i_reg);
 103:main.c        ****     if (error == NO_ERROR)
  91              		.loc 1 103 0
  92 0042 48B9     		cbnz	r0, .L5
 104:main.c        ****     {
 105:main.c        ****         sprintf(message, "WHO AM I REG: 0x%02X [Expected: 0x33]\r\n", who_am_i_reg);
  93              		.loc 1 105 0
  94 0044 9DF81320 		ldrb	r2, [sp, #19]	@ zero_extendqisi2
  95 0048 7549     		ldr	r1, .L25+4
  96 004a 05A8     		add	r0, sp, #20
  97              	.LVL9:
  98 004c FFF7FEFF 		bl	sprintf
  99              	.LVL10:
 106:main.c        ****         UART_Debug_PutString(message); 
 100              		.loc 1 106 0
 101 0050 05A8     		add	r0, sp, #20
 102 0052 FFF7FEFF 		bl	UART_Debug_PutString
 103              	.LVL11:
 104 0056 02E0     		b	.L6
 105              	.LVL12:
 106              	.L5:
 107:main.c        ****     }
 108:main.c        ****     else
 109:main.c        ****     {
 110:main.c        ****         UART_Debug_PutString("Error occurred during I2C comm\r\n");   
 107              		.loc 1 110 0
 108 0058 7248     		ldr	r0, .L25+8
 109              	.LVL13:
 110 005a FFF7FEFF 		bl	UART_Debug_PutString
 111              	.LVL14:
 112              	.L6:
 111:main.c        ****     }
 112:main.c        ****     
 113:main.c        ****     /*      I2C Reading Status Register       */
 114:main.c        ****     
ARM GAS  C:\Users\ilami\AppData\Local\Temp\ccqmPXLf.s 			page 5


 115:main.c        ****     uint8_t status_register; 
 116:main.c        ****     error = I2C_Peripheral_ReadRegister(LIS3DH_DEVICE_ADDRESS,
 113              		.loc 1 116 0
 114 005e 0DF11202 		add	r2, sp, #18
 115 0062 2721     		movs	r1, #39
 116 0064 1820     		movs	r0, #24
 117 0066 FFF7FEFF 		bl	I2C_Peripheral_ReadRegister
 118              	.LVL15:
 117:main.c        ****                                         LIS3DH_STATUS_REG,
 118:main.c        ****                                         &status_register);
 119:main.c        ****     
 120:main.c        ****     if (error == NO_ERROR)
 119              		.loc 1 120 0
 120 006a 48B9     		cbnz	r0, .L7
 121:main.c        ****     {
 122:main.c        ****         sprintf(message, "STATUS REGISTER: 0x%02X\r\n", status_register);
 121              		.loc 1 122 0
 122 006c 9DF81220 		ldrb	r2, [sp, #18]	@ zero_extendqisi2
 123 0070 6D49     		ldr	r1, .L25+12
 124 0072 05A8     		add	r0, sp, #20
 125              	.LVL16:
 126 0074 FFF7FEFF 		bl	sprintf
 127              	.LVL17:
 123:main.c        ****         UART_Debug_PutString(message); 
 128              		.loc 1 123 0
 129 0078 05A8     		add	r0, sp, #20
 130 007a FFF7FEFF 		bl	UART_Debug_PutString
 131              	.LVL18:
 132 007e 02E0     		b	.L8
 133              	.LVL19:
 134              	.L7:
 124:main.c        ****     }
 125:main.c        ****     else
 126:main.c        ****     {
 127:main.c        ****         UART_Debug_PutString("Error occurred during I2C comm to read status register\r\n");   
 135              		.loc 1 127 0
 136 0080 6A48     		ldr	r0, .L25+16
 137              	.LVL20:
 138 0082 FFF7FEFF 		bl	UART_Debug_PutString
 139              	.LVL21:
 140              	.L8:
 128:main.c        ****     }
 129:main.c        ****     
 130:main.c        ****     /******************************************/
 131:main.c        ****     /*        Read Control Register 1         */
 132:main.c        ****     /******************************************/
 133:main.c        ****     uint8_t ctrl_reg1; 
 134:main.c        ****     error = I2C_Peripheral_ReadRegister(LIS3DH_DEVICE_ADDRESS,
 141              		.loc 1 134 0
 142 0086 0DF11102 		add	r2, sp, #17
 143 008a 2021     		movs	r1, #32
 144 008c 1820     		movs	r0, #24
 145 008e FFF7FEFF 		bl	I2C_Peripheral_ReadRegister
 146              	.LVL22:
 135:main.c        ****                                         LIS3DH_CTRL_REG1,
 136:main.c        ****                                         &ctrl_reg1);
 137:main.c        ****     
ARM GAS  C:\Users\ilami\AppData\Local\Temp\ccqmPXLf.s 			page 6


 138:main.c        ****     if (error == NO_ERROR)
 147              		.loc 1 138 0
 148 0092 48B9     		cbnz	r0, .L9
 139:main.c        ****     {
 140:main.c        ****         sprintf(message, "CONTROL REGISTER 1: 0x%02X\r\n", ctrl_reg1);
 149              		.loc 1 140 0
 150 0094 9DF81120 		ldrb	r2, [sp, #17]	@ zero_extendqisi2
 151 0098 6549     		ldr	r1, .L25+20
 152 009a 05A8     		add	r0, sp, #20
 153              	.LVL23:
 154 009c FFF7FEFF 		bl	sprintf
 155              	.LVL24:
 141:main.c        ****         UART_Debug_PutString(message); 
 156              		.loc 1 141 0
 157 00a0 05A8     		add	r0, sp, #20
 158 00a2 FFF7FEFF 		bl	UART_Debug_PutString
 159              	.LVL25:
 160 00a6 02E0     		b	.L10
 161              	.LVL26:
 162              	.L9:
 142:main.c        ****     }
 143:main.c        ****     else
 144:main.c        ****     {
 145:main.c        ****         UART_Debug_PutString("Error occurred during I2C comm to read control register 1\r\n");   
 163              		.loc 1 145 0
 164 00a8 6248     		ldr	r0, .L25+24
 165              	.LVL27:
 166 00aa FFF7FEFF 		bl	UART_Debug_PutString
 167              	.LVL28:
 168              	.L10:
 146:main.c        ****     }
 147:main.c        ****     
 148:main.c        ****     /******************************************/
 149:main.c        ****     /*            I2C Writing                 */
 150:main.c        ****     /******************************************/
 151:main.c        ****     
 152:main.c        ****         
 153:main.c        ****     UART_Debug_PutString("\r\nWriting new values..\r\n");
 169              		.loc 1 153 0
 170 00ae 6248     		ldr	r0, .L25+28
 171 00b0 FFF7FEFF 		bl	UART_Debug_PutString
 172              	.LVL29:
 154:main.c        ****     
 155:main.c        ****     if (ctrl_reg1 != LIS3DH_NORMAL_MODE_CTRL_REG1)
 173              		.loc 1 155 0
 174 00b4 9DF81130 		ldrb	r3, [sp, #17]	@ zero_extendqisi2
 175 00b8 572B     		cmp	r3, #87
 176 00ba 14D0     		beq	.L11
 156:main.c        ****     {
 157:main.c        ****         ctrl_reg1 = LIS3DH_NORMAL_MODE_CTRL_REG1;
 177              		.loc 1 157 0
 178 00bc 5722     		movs	r2, #87
 179 00be 8DF81120 		strb	r2, [sp, #17]
 158:main.c        ****     
 159:main.c        ****         error = I2C_Peripheral_WriteRegister(LIS3DH_DEVICE_ADDRESS,
 180              		.loc 1 159 0
 181 00c2 2021     		movs	r1, #32
ARM GAS  C:\Users\ilami\AppData\Local\Temp\ccqmPXLf.s 			page 7


 182 00c4 1820     		movs	r0, #24
 183 00c6 FFF7FEFF 		bl	I2C_Peripheral_WriteRegister
 184              	.LVL30:
 160:main.c        ****                                              LIS3DH_CTRL_REG1,
 161:main.c        ****                                              ctrl_reg1);
 162:main.c        ****     
 163:main.c        ****         if (error == NO_ERROR)
 185              		.loc 1 163 0
 186 00ca 48B9     		cbnz	r0, .L12
 164:main.c        ****         {
 165:main.c        ****             sprintf(message, "CONTROL REGISTER 1 successfully written as: 0x%02X\r\n", ctrl_reg1);
 187              		.loc 1 165 0
 188 00cc 9DF81120 		ldrb	r2, [sp, #17]	@ zero_extendqisi2
 189 00d0 5A49     		ldr	r1, .L25+32
 190 00d2 05A8     		add	r0, sp, #20
 191              	.LVL31:
 192 00d4 FFF7FEFF 		bl	sprintf
 193              	.LVL32:
 166:main.c        ****             UART_Debug_PutString(message); 
 194              		.loc 1 166 0
 195 00d8 05A8     		add	r0, sp, #20
 196 00da FFF7FEFF 		bl	UART_Debug_PutString
 197              	.LVL33:
 198 00de 02E0     		b	.L11
 199              	.LVL34:
 200              	.L12:
 167:main.c        ****         }
 168:main.c        ****         else
 169:main.c        ****         {
 170:main.c        ****             UART_Debug_PutString("Error occurred during I2C comm to set control register 1\r\n");  
 201              		.loc 1 170 0
 202 00e0 5748     		ldr	r0, .L25+36
 203              	.LVL35:
 204 00e2 FFF7FEFF 		bl	UART_Debug_PutString
 205              	.LVL36:
 206              	.L11:
 171:main.c        ****         }
 172:main.c        ****     }
 173:main.c        ****     
 174:main.c        ****     /******************************************/
 175:main.c        ****     /*     Read Control Register 1 again      */
 176:main.c        ****     /******************************************/
 177:main.c        **** 
 178:main.c        ****     error = I2C_Peripheral_ReadRegister(LIS3DH_DEVICE_ADDRESS,
 207              		.loc 1 178 0
 208 00e6 0DF11102 		add	r2, sp, #17
 209 00ea 2021     		movs	r1, #32
 210 00ec 1820     		movs	r0, #24
 211 00ee FFF7FEFF 		bl	I2C_Peripheral_ReadRegister
 212              	.LVL37:
 179:main.c        ****                                         LIS3DH_CTRL_REG1,
 180:main.c        ****                                         &ctrl_reg1);
 181:main.c        ****     
 182:main.c        ****     if (error == NO_ERROR)
 213              		.loc 1 182 0
 214 00f2 48B9     		cbnz	r0, .L13
 183:main.c        ****     {
ARM GAS  C:\Users\ilami\AppData\Local\Temp\ccqmPXLf.s 			page 8


 184:main.c        ****         sprintf(message, "CONTROL REGISTER 1 after overwrite operation: 0x%02X\r\n", ctrl_reg1);
 215              		.loc 1 184 0
 216 00f4 9DF81120 		ldrb	r2, [sp, #17]	@ zero_extendqisi2
 217 00f8 5249     		ldr	r1, .L25+40
 218 00fa 05A8     		add	r0, sp, #20
 219              	.LVL38:
 220 00fc FFF7FEFF 		bl	sprintf
 221              	.LVL39:
 185:main.c        ****         UART_Debug_PutString(message); 
 222              		.loc 1 185 0
 223 0100 05A8     		add	r0, sp, #20
 224 0102 FFF7FEFF 		bl	UART_Debug_PutString
 225              	.LVL40:
 226 0106 02E0     		b	.L14
 227              	.LVL41:
 228              	.L13:
 186:main.c        ****     }
 187:main.c        ****     else
 188:main.c        ****     {
 189:main.c        ****         UART_Debug_PutString("Error occurred during I2C comm to read control register 1\r\n");   
 229              		.loc 1 189 0
 230 0108 4A48     		ldr	r0, .L25+24
 231              	.LVL42:
 232 010a FFF7FEFF 		bl	UART_Debug_PutString
 233              	.LVL43:
 234              	.L14:
 190:main.c        ****     }
 191:main.c        ****     
 192:main.c        ****     
 193:main.c        ****      /******************************************/
 194:main.c        ****      /*   Reading and Writing on ctrl reg 4 */
 195:main.c        ****      /******************************************/
 196:main.c        **** 
 197:main.c        ****     uint8_t ctrl_reg4;
 198:main.c        **** 
 199:main.c        ****     error = I2C_Peripheral_ReadRegister(LIS3DH_DEVICE_ADDRESS,
 235              		.loc 1 199 0
 236 010e 04AA     		add	r2, sp, #16
 237 0110 2321     		movs	r1, #35
 238 0112 1820     		movs	r0, #24
 239 0114 FFF7FEFF 		bl	I2C_Peripheral_ReadRegister
 240              	.LVL44:
 200:main.c        ****                                         LIS3DH_CTRL_REG4,
 201:main.c        ****                                         &ctrl_reg4);
 202:main.c        ****     
 203:main.c        ****     if (error == NO_ERROR)
 241              		.loc 1 203 0
 242 0118 48B9     		cbnz	r0, .L15
 204:main.c        ****     {
 205:main.c        ****         sprintf(message, "CONTROL REGISTER 4: 0x%02X\r\n", ctrl_reg4);
 243              		.loc 1 205 0
 244 011a 9DF81020 		ldrb	r2, [sp, #16]	@ zero_extendqisi2
 245 011e 4A49     		ldr	r1, .L25+44
 246 0120 05A8     		add	r0, sp, #20
 247              	.LVL45:
 248 0122 FFF7FEFF 		bl	sprintf
 249              	.LVL46:
ARM GAS  C:\Users\ilami\AppData\Local\Temp\ccqmPXLf.s 			page 9


 206:main.c        ****         UART_Debug_PutString(message); 
 250              		.loc 1 206 0
 251 0126 05A8     		add	r0, sp, #20
 252 0128 FFF7FEFF 		bl	UART_Debug_PutString
 253              	.LVL47:
 254 012c 02E0     		b	.L16
 255              	.LVL48:
 256              	.L15:
 207:main.c        ****     }
 208:main.c        ****     else
 209:main.c        ****     {
 210:main.c        ****         UART_Debug_PutString("Error occurred during I2C comm to read control register4\r\n");   
 257              		.loc 1 210 0
 258 012e 4748     		ldr	r0, .L25+48
 259              	.LVL49:
 260 0130 FFF7FEFF 		bl	UART_Debug_PutString
 261              	.LVL50:
 262              	.L16:
 211:main.c        ****     }
 212:main.c        ****     
 213:main.c        ****     
 214:main.c        ****     ctrl_reg4 = LIS3DH_CTRL_REG4_ACTIVE;
 263              		.loc 1 214 0
 264 0134 8322     		movs	r2, #131
 265 0136 12AC     		add	r4, sp, #72
 266              	.LVL51:
 267 0138 04F8382D 		strb	r2, [r4, #-56]!
 215:main.c        ****     
 216:main.c        ****     error = I2C_Peripheral_WriteRegister(LIS3DH_DEVICE_ADDRESS,
 268              		.loc 1 216 0
 269 013c 2321     		movs	r1, #35
 270 013e 1820     		movs	r0, #24
 271 0140 FFF7FEFF 		bl	I2C_Peripheral_WriteRegister
 272              	.LVL52:
 217:main.c        ****                                          LIS3DH_CTRL_REG4,
 218:main.c        ****                                          ctrl_reg4);
 219:main.c        ****     
 220:main.c        ****     error = I2C_Peripheral_ReadRegister(LIS3DH_DEVICE_ADDRESS,
 273              		.loc 1 220 0
 274 0144 2246     		mov	r2, r4
 275 0146 2321     		movs	r1, #35
 276 0148 1820     		movs	r0, #24
 277 014a FFF7FEFF 		bl	I2C_Peripheral_ReadRegister
 278              	.LVL53:
 221:main.c        ****                                         LIS3DH_CTRL_REG4,
 222:main.c        ****                                         &ctrl_reg4);
 223:main.c        ****     
 224:main.c        ****     
 225:main.c        ****     if (error == NO_ERROR)
 279              		.loc 1 225 0
 280 014e 48B9     		cbnz	r0, .L17
 226:main.c        ****     {
 227:main.c        ****         sprintf(message, "CONTROL REGISTER 4 after being updated: 0x%02X\r\n", ctrl_reg4);
 281              		.loc 1 227 0
 282 0150 9DF81020 		ldrb	r2, [sp, #16]	@ zero_extendqisi2
 283 0154 3E49     		ldr	r1, .L25+52
 284 0156 05A8     		add	r0, sp, #20
ARM GAS  C:\Users\ilami\AppData\Local\Temp\ccqmPXLf.s 			page 10


 285              	.LVL54:
 286 0158 FFF7FEFF 		bl	sprintf
 287              	.LVL55:
 228:main.c        ****         UART_Debug_PutString(message); 
 288              		.loc 1 228 0
 289 015c 05A8     		add	r0, sp, #20
 290 015e FFF7FEFF 		bl	UART_Debug_PutString
 291              	.LVL56:
 292 0162 02E0     		b	.L18
 293              	.LVL57:
 294              	.L17:
 229:main.c        ****     }
 230:main.c        ****     else
 231:main.c        ****     {
 232:main.c        ****         UART_Debug_PutString("Error occurred during I2C comm to read control register4\r\n");   
 295              		.loc 1 232 0
 296 0164 3948     		ldr	r0, .L25+48
 297              	.LVL58:
 298 0166 FFF7FEFF 		bl	UART_Debug_PutString
 299              	.LVL59:
 300              	.L18:
 233:main.c        ****     }
 234:main.c        ****     
 235:main.c        ****     int16_t OutX;
 236:main.c        ****     int16_t OutY;
 237:main.c        ****     int16_t OutZ;
 238:main.c        ****     uint8_t header = 0xA0;
 239:main.c        ****     uint8_t footer = 0xC0;
 240:main.c        ****     uint8_t OutArray[8]; 
 241:main.c        ****     uint8_t Data[6];
 242:main.c        ****     
 243:main.c        ****     OutArray[0] = header;
 301              		.loc 1 243 0
 302 016a A023     		movs	r3, #160
 303 016c 8DF80830 		strb	r3, [sp, #8]
 244:main.c        ****     OutArray[7] = footer;
 304              		.loc 1 244 0
 305 0170 C023     		movs	r3, #192
 306 0172 8DF80F30 		strb	r3, [sp, #15]
 307              	.L23:
 245:main.c        ****     
 246:main.c        ****     for(;;)
 247:main.c        ****     {
 248:main.c        ****         CyDelay(100);
 308              		.loc 1 248 0
 309 0176 6420     		movs	r0, #100
 310 0178 FFF7FEFF 		bl	CyDelay
 311              	.LVL60:
 249:main.c        ****         
 250:main.c        ****         /*      I2C Reading Status Register       */
 251:main.c        ****      
 252:main.c        ****     error = I2C_Peripheral_ReadRegister(LIS3DH_DEVICE_ADDRESS,
 312              		.loc 1 252 0
 313 017c 0DF11202 		add	r2, sp, #18
 314 0180 2721     		movs	r1, #39
 315 0182 1820     		movs	r0, #24
 316 0184 FFF7FEFF 		bl	I2C_Peripheral_ReadRegister
ARM GAS  C:\Users\ilami\AppData\Local\Temp\ccqmPXLf.s 			page 11


 317              	.LVL61:
 253:main.c        ****                                         LIS3DH_STATUS_REG,
 254:main.c        ****                                         &status_register);
 255:main.c        ****     
 256:main.c        ****     if (error != NO_ERROR)
 318              		.loc 1 256 0
 319 0188 10B1     		cbz	r0, .L19
 257:main.c        ****     {
 258:main.c        ****         UART_Debug_PutString("Error occurred during I2C comm to read status register\r\n");   
 320              		.loc 1 258 0
 321 018a 2848     		ldr	r0, .L25+16
 322              	.LVL62:
 323 018c FFF7FEFF 		bl	UART_Debug_PutString
 324              	.LVL63:
 325              	.L19:
 259:main.c        ****     }
 260:main.c        ****     
 261:main.c        ****     // if new data is available:
 262:main.c        ****         
 263:main.c        ****         if((LIS3DH_STATUS_REG & LIS3DH_STATUS_REG_NEWDATAX) == LIS3DH_STATUS_REG_NEWDATAX)
 264:main.c        ****         {
 265:main.c        ****             error = I2C_Peripheral_ReadRegisterMulti(LIS3DH_DEVICE_ADDRESS,
 326              		.loc 1 265 0
 327 0190 6B46     		mov	r3, sp
 328 0192 0222     		movs	r2, #2
 329 0194 2821     		movs	r1, #40
 330 0196 1820     		movs	r0, #24
 331 0198 FFF7FEFF 		bl	I2C_Peripheral_ReadRegisterMulti
 332              	.LVL64:
 266:main.c        ****                                                  LIS3DH_OUT_X_L,
 267:main.c        ****                                                  2, // 2 byte to be read
 268:main.c        ****                                                  &Data[0]);
 269:main.c        ****             if(error == NO_ERROR)
 333              		.loc 1 269 0
 334 019c 68B9     		cbnz	r0, .L20
 270:main.c        ****         {
 271:main.c        ****             OutX = (int16)((Data[0] | (Data[1]<<8)))>>6;
 335              		.loc 1 271 0
 336 019e 9DF80030 		ldrb	r3, [sp]	@ zero_extendqisi2
 337 01a2 9DF80120 		ldrb	r2, [sp, #1]	@ zero_extendqisi2
 338 01a6 43EA0223 		orr	r3, r3, r2, lsl #8
 339 01aa 43F38913 		sbfx	r3, r3, #6, #10
 340              	.LVL65:
 272:main.c        ****             OutArray[1] = (uint8_t)(OutX & 0xFF);
 341              		.loc 1 272 0
 342 01ae 8DF80930 		strb	r3, [sp, #9]
 273:main.c        ****             OutArray[2] = (uint8_t)(OutX >> 8);
 343              		.loc 1 273 0
 344 01b2 C3F30723 		ubfx	r3, r3, #8, #8
 345              	.LVL66:
 346 01b6 8DF80A30 		strb	r3, [sp, #10]
 347              	.LVL67:
 348              	.L20:
 274:main.c        ****         }
 275:main.c        ****         }
 276:main.c        ****         if((LIS3DH_STATUS_REG & LIS3DH_STATUS_REG_NEWDATAY) == LIS3DH_STATUS_REG_NEWDATAY)
 277:main.c        ****         {
ARM GAS  C:\Users\ilami\AppData\Local\Temp\ccqmPXLf.s 			page 12


 278:main.c        ****             error = I2C_Peripheral_ReadRegisterMulti(LIS3DH_DEVICE_ADDRESS,
 349              		.loc 1 278 0
 350 01ba 0DF10203 		add	r3, sp, #2
 351 01be 0222     		movs	r2, #2
 352 01c0 2A21     		movs	r1, #42
 353 01c2 1820     		movs	r0, #24
 354              	.LVL68:
 355 01c4 FFF7FEFF 		bl	I2C_Peripheral_ReadRegisterMulti
 356              	.LVL69:
 279:main.c        ****                                                  LIS3DH_OUT_Y_L,
 280:main.c        ****                                                  2, // 2 byte to be read
 281:main.c        ****                                                  &Data[2]);
 282:main.c        ****             if(error == NO_ERROR)
 357              		.loc 1 282 0
 358 01c8 68B9     		cbnz	r0, .L21
 283:main.c        ****         {
 284:main.c        ****             OutY = (int16)((Data[2] | (Data[3]<<8)))>>6;
 359              		.loc 1 284 0
 360 01ca 9DF80230 		ldrb	r3, [sp, #2]	@ zero_extendqisi2
 361 01ce 9DF80320 		ldrb	r2, [sp, #3]	@ zero_extendqisi2
 362 01d2 43EA0223 		orr	r3, r3, r2, lsl #8
 363 01d6 43F38913 		sbfx	r3, r3, #6, #10
 364              	.LVL70:
 285:main.c        ****             OutArray[3] = (uint8_t)(OutY & 0xFF);
 365              		.loc 1 285 0
 366 01da 8DF80B30 		strb	r3, [sp, #11]
 286:main.c        ****             OutArray[4] = (uint8_t)(OutY >> 8);
 367              		.loc 1 286 0
 368 01de C3F30723 		ubfx	r3, r3, #8, #8
 369              	.LVL71:
 370 01e2 8DF80C30 		strb	r3, [sp, #12]
 371              	.LVL72:
 372              	.L21:
 287:main.c        ****         }
 288:main.c        ****         }
 289:main.c        ****         if((LIS3DH_STATUS_REG & LIS3DH_STATUS_REG_NEWDATAZ) == LIS3DH_STATUS_REG_NEWDATAZ)
 290:main.c        ****         {
 291:main.c        ****             error = I2C_Peripheral_ReadRegisterMulti(LIS3DH_DEVICE_ADDRESS,
 373              		.loc 1 291 0
 374 01e6 01AB     		add	r3, sp, #4
 375 01e8 0222     		movs	r2, #2
 376 01ea 2C21     		movs	r1, #44
 377 01ec 1820     		movs	r0, #24
 378              	.LVL73:
 379 01ee FFF7FEFF 		bl	I2C_Peripheral_ReadRegisterMulti
 380              	.LVL74:
 292:main.c        ****                                                  LIS3DH_OUT_Z_L,
 293:main.c        ****                                                  2, // 2 byte to be read
 294:main.c        ****                                                  &Data[4]);
 295:main.c        ****             if(error == NO_ERROR)
 381              		.loc 1 295 0
 382 01f2 68B9     		cbnz	r0, .L22
 296:main.c        ****         {
 297:main.c        ****             OutZ = (int16)((Data[4] | (Data[5]<<8)))>>6;
 383              		.loc 1 297 0
 384 01f4 9DF80430 		ldrb	r3, [sp, #4]	@ zero_extendqisi2
 385 01f8 9DF80520 		ldrb	r2, [sp, #5]	@ zero_extendqisi2
ARM GAS  C:\Users\ilami\AppData\Local\Temp\ccqmPXLf.s 			page 13


 386 01fc 43EA0223 		orr	r3, r3, r2, lsl #8
 387 0200 43F38913 		sbfx	r3, r3, #6, #10
 388              	.LVL75:
 298:main.c        ****             OutArray[5] = (uint8_t)(OutZ & 0xFF);
 389              		.loc 1 298 0
 390 0204 8DF80D30 		strb	r3, [sp, #13]
 299:main.c        ****             OutArray[6] = (uint8_t)(OutZ >> 8);
 391              		.loc 1 299 0
 392 0208 C3F30723 		ubfx	r3, r3, #8, #8
 393              	.LVL76:
 394 020c 8DF80E30 		strb	r3, [sp, #14]
 395              	.LVL77:
 396              	.L22:
 300:main.c        ****         }
 301:main.c        ****         }
 302:main.c        **** 
 303:main.c        ****         UART_Debug_PutArray(OutArray, 8);
 397              		.loc 1 303 0
 398 0210 0821     		movs	r1, #8
 399 0212 0DEB0100 		add	r0, sp, r1
 400              	.LVL78:
 401 0216 FFF7FEFF 		bl	UART_Debug_PutArray
 402              	.LVL79:
 304:main.c        ****         
 305:main.c        ****     }
 403              		.loc 1 305 0
 404 021a ACE7     		b	.L23
 405              	.L26:
 406              		.align	2
 407              	.L25:
 408 021c 00000000 		.word	.LC0
 409 0220 20000000 		.word	.LC1
 410 0224 48000000 		.word	.LC2
 411 0228 6C000000 		.word	.LC3
 412 022c 88000000 		.word	.LC4
 413 0230 C4000000 		.word	.LC5
 414 0234 E4000000 		.word	.LC6
 415 0238 20010000 		.word	.LC7
 416 023c 3C010000 		.word	.LC8
 417 0240 74010000 		.word	.LC9
 418 0244 B0010000 		.word	.LC10
 419 0248 E8010000 		.word	.LC11
 420 024c 08020000 		.word	.LC12
 421 0250 44020000 		.word	.LC13
 422              		.cfi_endproc
 423              	.LFE64:
 424              		.size	main, .-main
 425              		.section	.rodata.str1.4,"aMS",%progbits,1
 426              		.align	2
 427              	.LC0:
 428 0000 44657669 		.ascii	"Device 0x%02X is connected\015\012\000"
 428      63652030 
 428      78253032 
 428      58206973 
 428      20636F6E 
 429 001d 000000   		.space	3
 430              	.LC1:
ARM GAS  C:\Users\ilami\AppData\Local\Temp\ccqmPXLf.s 			page 14


 431 0020 57484F20 		.ascii	"WHO AM I REG: 0x%02X [Expected: 0x33]\015\012\000"
 431      414D2049 
 431      20524547 
 431      3A203078 
 431      25303258 
 432              	.LC2:
 433 0048 4572726F 		.ascii	"Error occurred during I2C comm\015\012\000"
 433      72206F63 
 433      63757272 
 433      65642064 
 433      7572696E 
 434 0069 000000   		.space	3
 435              	.LC3:
 436 006c 53544154 		.ascii	"STATUS REGISTER: 0x%02X\015\012\000"
 436      55532052 
 436      45474953 
 436      5445523A 
 436      20307825 
 437 0086 0000     		.space	2
 438              	.LC4:
 439 0088 4572726F 		.ascii	"Error occurred during I2C comm to read status regis"
 439      72206F63 
 439      63757272 
 439      65642064 
 439      7572696E 
 440 00bb 7465720D 		.ascii	"ter\015\012\000"
 440      0A00
 441 00c1 000000   		.space	3
 442              	.LC5:
 443 00c4 434F4E54 		.ascii	"CONTROL REGISTER 1: 0x%02X\015\012\000"
 443      524F4C20 
 443      52454749 
 443      53544552 
 443      20313A20 
 444 00e1 000000   		.space	3
 445              	.LC6:
 446 00e4 4572726F 		.ascii	"Error occurred during I2C comm to read control regi"
 446      72206F63 
 446      63757272 
 446      65642064 
 446      7572696E 
 447 0117 73746572 		.ascii	"ster 1\015\012\000"
 447      20310D0A 
 447      00
 448              	.LC7:
 449 0120 0D0A5772 		.ascii	"\015\012Writing new values..\015\012\000"
 449      6974696E 
 449      67206E65 
 449      77207661 
 449      6C756573 
 450 0139 000000   		.space	3
 451              	.LC8:
 452 013c 434F4E54 		.ascii	"CONTROL REGISTER 1 successfully written as: 0x%02X\015"
 452      524F4C20 
 452      52454749 
 452      53544552 
 452      20312073 
ARM GAS  C:\Users\ilami\AppData\Local\Temp\ccqmPXLf.s 			page 15


 453 016f 0A00     		.ascii	"\012\000"
 454 0171 000000   		.space	3
 455              	.LC9:
 456 0174 4572726F 		.ascii	"Error occurred during I2C comm to set control regis"
 456      72206F63 
 456      63757272 
 456      65642064 
 456      7572696E 
 457 01a7 74657220 		.ascii	"ter 1\015\012\000"
 457      310D0A00 
 458 01af 00       		.space	1
 459              	.LC10:
 460 01b0 434F4E54 		.ascii	"CONTROL REGISTER 1 after overwrite operation: 0x%02"
 460      524F4C20 
 460      52454749 
 460      53544552 
 460      20312061 
 461 01e3 580D0A00 		.ascii	"X\015\012\000"
 462 01e7 00       		.space	1
 463              	.LC11:
 464 01e8 434F4E54 		.ascii	"CONTROL REGISTER 4: 0x%02X\015\012\000"
 464      524F4C20 
 464      52454749 
 464      53544552 
 464      20343A20 
 465 0205 000000   		.space	3
 466              	.LC12:
 467 0208 4572726F 		.ascii	"Error occurred during I2C comm to read control regi"
 467      72206F63 
 467      63757272 
 467      65642064 
 467      7572696E 
 468 023b 73746572 		.ascii	"ster4\015\012\000"
 468      340D0A00 
 469 0243 00       		.space	1
 470              	.LC13:
 471 0244 434F4E54 		.ascii	"CONTROL REGISTER 4 after being updated: 0x%02X\015\012"
 471      524F4C20 
 471      52454749 
 471      53544552 
 471      20342061 
 472 0274 00       		.ascii	"\000"
 473              		.text
 474              	.Letext0:
 475              		.file 2 "c:\\program files (x86)\\cypress\\psoc creator\\4.3\\psoc creator\\import\\gnu\\arm\\5.4.
 476              		.file 3 "c:\\program files (x86)\\cypress\\psoc creator\\4.3\\psoc creator\\import\\gnu\\arm\\5.4.
 477              		.file 4 "Generated_Source\\PSoC5/cytypes.h"
 478              		.file 5 "ErrorCodes.h"
 479              		.file 6 "I2C_Interface.h"
 480              		.file 7 "c:\\program files (x86)\\cypress\\psoc creator\\4.3\\psoc creator\\import\\gnu\\arm\\5.4.
 481              		.file 8 "Generated_Source\\PSoC5/UART_Debug.h"
 482              		.file 9 "Generated_Source\\PSoC5/CyLib.h"
 483              		.file 10 "Generated_Source\\PSoC5/core_cm3.h"
 484              		.section	.debug_info,"",%progbits
 485              	.Ldebug_info0:
 486 0000 DA060000 		.4byte	0x6da
 487 0004 0400     		.2byte	0x4
ARM GAS  C:\Users\ilami\AppData\Local\Temp\ccqmPXLf.s 			page 16


 488 0006 00000000 		.4byte	.Ldebug_abbrev0
 489 000a 04       		.byte	0x4
 490 000b 01       		.uleb128 0x1
 491 000c A5000000 		.4byte	.LASF47
 492 0010 0C       		.byte	0xc
 493 0011 8F020000 		.4byte	.LASF48
 494 0015 65010000 		.4byte	.LASF49
 495 0019 00000000 		.4byte	.Ldebug_ranges0+0
 496 001d 00000000 		.4byte	0
 497 0021 00000000 		.4byte	.Ldebug_line0
 498 0025 02       		.uleb128 0x2
 499 0026 01       		.byte	0x1
 500 0027 06       		.byte	0x6
 501 0028 EC020000 		.4byte	.LASF0
 502 002c 03       		.uleb128 0x3
 503 002d 0F000000 		.4byte	.LASF2
 504 0031 02       		.byte	0x2
 505 0032 1D       		.byte	0x1d
 506 0033 37000000 		.4byte	0x37
 507 0037 02       		.uleb128 0x2
 508 0038 01       		.byte	0x1
 509 0039 08       		.byte	0x8
 510 003a 97000000 		.4byte	.LASF1
 511 003e 03       		.uleb128 0x3
 512 003f F3010000 		.4byte	.LASF3
 513 0043 02       		.byte	0x2
 514 0044 29       		.byte	0x29
 515 0045 49000000 		.4byte	0x49
 516 0049 02       		.uleb128 0x2
 517 004a 02       		.byte	0x2
 518 004b 05       		.byte	0x5
 519 004c B7020000 		.4byte	.LASF4
 520 0050 02       		.uleb128 0x2
 521 0051 02       		.byte	0x2
 522 0052 07       		.byte	0x7
 523 0053 4B010000 		.4byte	.LASF5
 524 0057 03       		.uleb128 0x3
 525 0058 4F000000 		.4byte	.LASF6
 526 005c 02       		.byte	0x2
 527 005d 3F       		.byte	0x3f
 528 005e 62000000 		.4byte	0x62
 529 0062 02       		.uleb128 0x2
 530 0063 04       		.byte	0x4
 531 0064 05       		.byte	0x5
 532 0065 59000000 		.4byte	.LASF7
 533 0069 02       		.uleb128 0x2
 534 006a 04       		.byte	0x4
 535 006b 07       		.byte	0x7
 536 006c 39010000 		.4byte	.LASF8
 537 0070 02       		.uleb128 0x2
 538 0071 08       		.byte	0x8
 539 0072 05       		.byte	0x5
 540 0073 70020000 		.4byte	.LASF9
 541 0077 02       		.uleb128 0x2
 542 0078 08       		.byte	0x8
 543 0079 07       		.byte	0x7
 544 007a 1E020000 		.4byte	.LASF10
ARM GAS  C:\Users\ilami\AppData\Local\Temp\ccqmPXLf.s 			page 17


 545 007e 04       		.uleb128 0x4
 546 007f 04       		.byte	0x4
 547 0080 05       		.byte	0x5
 548 0081 696E7400 		.ascii	"int\000"
 549 0085 02       		.uleb128 0x2
 550 0086 04       		.byte	0x4
 551 0087 07       		.byte	0x7
 552 0088 11020000 		.4byte	.LASF11
 553 008c 03       		.uleb128 0x3
 554 008d 35020000 		.4byte	.LASF12
 555 0091 03       		.byte	0x3
 556 0092 18       		.byte	0x18
 557 0093 2C000000 		.4byte	0x2c
 558 0097 03       		.uleb128 0x3
 559 0098 3D020000 		.4byte	.LASF13
 560 009c 03       		.byte	0x3
 561 009d 20       		.byte	0x20
 562 009e 3E000000 		.4byte	0x3e
 563 00a2 03       		.uleb128 0x3
 564 00a3 80000000 		.4byte	.LASF14
 565 00a7 03       		.byte	0x3
 566 00a8 2C       		.byte	0x2c
 567 00a9 57000000 		.4byte	0x57
 568 00ad 05       		.uleb128 0x5
 569 00ae 33010000 		.4byte	.LASF15
 570 00b2 04       		.byte	0x4
 571 00b3 E801     		.2byte	0x1e8
 572 00b5 49000000 		.4byte	0x49
 573 00b9 02       		.uleb128 0x2
 574 00ba 04       		.byte	0x4
 575 00bb 04       		.byte	0x4
 576 00bc 88000000 		.4byte	.LASF16
 577 00c0 02       		.uleb128 0x2
 578 00c1 08       		.byte	0x8
 579 00c2 04       		.byte	0x4
 580 00c3 A4010000 		.4byte	.LASF17
 581 00c7 02       		.uleb128 0x2
 582 00c8 01       		.byte	0x1
 583 00c9 08       		.byte	0x8
 584 00ca 96020000 		.4byte	.LASF18
 585 00ce 06       		.uleb128 0x6
 586 00cf 01       		.byte	0x1
 587 00d0 37000000 		.4byte	0x37
 588 00d4 05       		.byte	0x5
 589 00d5 15       		.byte	0x15
 590 00d6 E7000000 		.4byte	0xe7
 591 00da 07       		.uleb128 0x7
 592 00db C1020000 		.4byte	.LASF19
 593 00df 00       		.byte	0
 594 00e0 07       		.uleb128 0x7
 595 00e1 CA020000 		.4byte	.LASF20
 596 00e5 01       		.byte	0x1
 597 00e6 00       		.byte	0
 598 00e7 03       		.uleb128 0x3
 599 00e8 76000000 		.4byte	.LASF21
 600 00ec 05       		.byte	0x5
 601 00ed 18       		.byte	0x18
ARM GAS  C:\Users\ilami\AppData\Local\Temp\ccqmPXLf.s 			page 18


 602 00ee CE000000 		.4byte	0xce
 603 00f2 02       		.uleb128 0x2
 604 00f3 08       		.byte	0x8
 605 00f4 04       		.byte	0x4
 606 00f5 E0020000 		.4byte	.LASF22
 607 00f9 02       		.uleb128 0x2
 608 00fa 04       		.byte	0x4
 609 00fb 07       		.byte	0x7
 610 00fc 61020000 		.4byte	.LASF23
 611 0100 08       		.uleb128 0x8
 612 0101 EE010000 		.4byte	.LASF50
 613 0105 01       		.byte	0x1
 614 0106 45       		.byte	0x45
 615 0107 7E000000 		.4byte	0x7e
 616 010b 00000000 		.4byte	.LFB64
 617 010f 54020000 		.4byte	.LFE64-.LFB64
 618 0113 01       		.uleb128 0x1
 619 0114 9C       		.byte	0x9c
 620 0115 2E060000 		.4byte	0x62e
 621 0119 09       		.uleb128 0x9
 622 011a 00000000 		.4byte	.LASF24
 623 011e 01       		.byte	0x1
 624 011f 50       		.byte	0x50
 625 0120 2E060000 		.4byte	0x62e
 626 0124 02       		.uleb128 0x2
 627 0125 91       		.byte	0x91
 628 0126 44       		.sleb128 -60
 629 0127 09       		.uleb128 0x9
 630 0128 F8020000 		.4byte	.LASF25
 631 012c 01       		.byte	0x1
 632 012d 63       		.byte	0x63
 633 012e 8C000000 		.4byte	0x8c
 634 0132 02       		.uleb128 0x2
 635 0133 91       		.byte	0x91
 636 0134 43       		.sleb128 -61
 637 0135 0A       		.uleb128 0xa
 638 0136 6A020000 		.4byte	.LASF26
 639 013a 01       		.byte	0x1
 640 013b 64       		.byte	0x64
 641 013c E7000000 		.4byte	0xe7
 642 0140 00000000 		.4byte	.LLST0
 643 0144 09       		.uleb128 0x9
 644 0145 D0020000 		.4byte	.LASF27
 645 0149 01       		.byte	0x1
 646 014a 73       		.byte	0x73
 647 014b 8C000000 		.4byte	0x8c
 648 014f 02       		.uleb128 0x2
 649 0150 91       		.byte	0x91
 650 0151 42       		.sleb128 -62
 651 0152 09       		.uleb128 0x9
 652 0153 FD010000 		.4byte	.LASF28
 653 0157 01       		.byte	0x1
 654 0158 85       		.byte	0x85
 655 0159 8C000000 		.4byte	0x8c
 656 015d 02       		.uleb128 0x2
 657 015e 91       		.byte	0x91
 658 015f 41       		.sleb128 -63
ARM GAS  C:\Users\ilami\AppData\Local\Temp\ccqmPXLf.s 			page 19


 659 0160 09       		.uleb128 0x9
 660 0161 07020000 		.4byte	.LASF29
 661 0165 01       		.byte	0x1
 662 0166 C5       		.byte	0xc5
 663 0167 8C000000 		.4byte	0x8c
 664 016b 02       		.uleb128 0x2
 665 016c 91       		.byte	0x91
 666 016d 40       		.sleb128 -64
 667 016e 0A       		.uleb128 0xa
 668 016f 52020000 		.4byte	.LASF30
 669 0173 01       		.byte	0x1
 670 0174 EB       		.byte	0xeb
 671 0175 97000000 		.4byte	0x97
 672 0179 CE000000 		.4byte	.LLST1
 673 017d 0A       		.uleb128 0xa
 674 017e 57020000 		.4byte	.LASF31
 675 0182 01       		.byte	0x1
 676 0183 EC       		.byte	0xec
 677 0184 97000000 		.4byte	0x97
 678 0188 FE000000 		.4byte	.LLST2
 679 018c 0A       		.uleb128 0xa
 680 018d 5C020000 		.4byte	.LASF32
 681 0191 01       		.byte	0x1
 682 0192 ED       		.byte	0xed
 683 0193 97000000 		.4byte	0x97
 684 0197 2F010000 		.4byte	.LLST3
 685 019b 0B       		.uleb128 0xb
 686 019c 08000000 		.4byte	.LASF33
 687 01a0 01       		.byte	0x1
 688 01a1 EE       		.byte	0xee
 689 01a2 8C000000 		.4byte	0x8c
 690 01a6 A07F     		.sleb128 -96
 691 01a8 0B       		.uleb128 0xb
 692 01a9 5E010000 		.4byte	.LASF34
 693 01ad 01       		.byte	0x1
 694 01ae EF       		.byte	0xef
 695 01af 8C000000 		.4byte	0x8c
 696 01b3 40       		.sleb128 -64
 697 01b4 09       		.uleb128 0x9
 698 01b5 8E000000 		.4byte	.LASF35
 699 01b9 01       		.byte	0x1
 700 01ba F0       		.byte	0xf0
 701 01bb 3E060000 		.4byte	0x63e
 702 01bf 03       		.uleb128 0x3
 703 01c0 91       		.byte	0x91
 704 01c1 B87F     		.sleb128 -72
 705 01c3 09       		.uleb128 0x9
 706 01c4 CC010000 		.4byte	.LASF36
 707 01c8 01       		.byte	0x1
 708 01c9 F1       		.byte	0xf1
 709 01ca 4E060000 		.4byte	0x64e
 710 01ce 03       		.uleb128 0x3
 711 01cf 91       		.byte	0x91
 712 01d0 B07F     		.sleb128 -80
 713 01d2 0C       		.uleb128 0xc
 714 01d3 14000000 		.4byte	.LBB2
 715 01d7 22000000 		.4byte	.LBE2-.LBB2
ARM GAS  C:\Users\ilami\AppData\Local\Temp\ccqmPXLf.s 			page 20


 716 01db 34020000 		.4byte	0x234
 717 01df 0D       		.uleb128 0xd
 718 01e0 6900     		.ascii	"i\000"
 719 01e2 01       		.byte	0x1
 720 01e3 53       		.byte	0x53
 721 01e4 7E000000 		.4byte	0x7e
 722 01e8 60010000 		.4byte	.LLST4
 723 01ec 0E       		.uleb128 0xe
 724 01ed 1E000000 		.4byte	.LVL4
 725 01f1 6F060000 		.4byte	0x66f
 726 01f5 00020000 		.4byte	0x200
 727 01f9 0F       		.uleb128 0xf
 728 01fa 01       		.uleb128 0x1
 729 01fb 50       		.byte	0x50
 730 01fc 02       		.uleb128 0x2
 731 01fd 74       		.byte	0x74
 732 01fe 00       		.sleb128 0
 733 01ff 00       		.byte	0
 734 0200 0E       		.uleb128 0xe
 735 0201 2A000000 		.4byte	.LVL5
 736 0205 7A060000 		.4byte	0x67a
 737 0209 23020000 		.4byte	0x223
 738 020d 0F       		.uleb128 0xf
 739 020e 01       		.uleb128 0x1
 740 020f 50       		.byte	0x50
 741 0210 02       		.uleb128 0x2
 742 0211 91       		.byte	0x91
 743 0212 44       		.sleb128 -60
 744 0213 0F       		.uleb128 0xf
 745 0214 01       		.uleb128 0x1
 746 0215 51       		.byte	0x51
 747 0216 05       		.uleb128 0x5
 748 0217 03       		.byte	0x3
 749 0218 00000000 		.4byte	.LC0
 750 021c 0F       		.uleb128 0xf
 751 021d 01       		.uleb128 0x1
 752 021e 52       		.byte	0x52
 753 021f 02       		.uleb128 0x2
 754 0220 74       		.byte	0x74
 755 0221 00       		.sleb128 0
 756 0222 00       		.byte	0
 757 0223 10       		.uleb128 0x10
 758 0224 30000000 		.4byte	.LVL6
 759 0228 85060000 		.4byte	0x685
 760 022c 0F       		.uleb128 0xf
 761 022d 01       		.uleb128 0x1
 762 022e 50       		.byte	0x50
 763 022f 02       		.uleb128 0x2
 764 0230 91       		.byte	0x91
 765 0231 44       		.sleb128 -60
 766 0232 00       		.byte	0
 767 0233 00       		.byte	0
 768 0234 11       		.uleb128 0x11
 769 0235 0A000000 		.4byte	.LVL0
 770 0239 90060000 		.4byte	0x690
 771 023d 11       		.uleb128 0x11
 772 023e 0E000000 		.4byte	.LVL1
ARM GAS  C:\Users\ilami\AppData\Local\Temp\ccqmPXLf.s 			page 21


 773 0242 9B060000 		.4byte	0x69b
 774 0246 0E       		.uleb128 0xe
 775 0247 14000000 		.4byte	.LVL2
 776 024b A6060000 		.4byte	0x6a6
 777 024f 59020000 		.4byte	0x259
 778 0253 0F       		.uleb128 0xf
 779 0254 01       		.uleb128 0x1
 780 0255 50       		.byte	0x50
 781 0256 01       		.uleb128 0x1
 782 0257 35       		.byte	0x35
 783 0258 00       		.byte	0
 784 0259 0E       		.uleb128 0xe
 785 025a 42000000 		.4byte	.LVL8
 786 025e B1060000 		.4byte	0x6b1
 787 0262 77020000 		.4byte	0x277
 788 0266 0F       		.uleb128 0xf
 789 0267 01       		.uleb128 0x1
 790 0268 50       		.byte	0x50
 791 0269 01       		.uleb128 0x1
 792 026a 48       		.byte	0x48
 793 026b 0F       		.uleb128 0xf
 794 026c 01       		.uleb128 0x1
 795 026d 51       		.byte	0x51
 796 026e 01       		.uleb128 0x1
 797 026f 3F       		.byte	0x3f
 798 0270 0F       		.uleb128 0xf
 799 0271 01       		.uleb128 0x1
 800 0272 52       		.byte	0x52
 801 0273 02       		.uleb128 0x2
 802 0274 91       		.byte	0x91
 803 0275 43       		.sleb128 -61
 804 0276 00       		.byte	0
 805 0277 0E       		.uleb128 0xe
 806 0278 50000000 		.4byte	.LVL10
 807 027c 7A060000 		.4byte	0x67a
 808 0280 94020000 		.4byte	0x294
 809 0284 0F       		.uleb128 0xf
 810 0285 01       		.uleb128 0x1
 811 0286 50       		.byte	0x50
 812 0287 02       		.uleb128 0x2
 813 0288 91       		.byte	0x91
 814 0289 44       		.sleb128 -60
 815 028a 0F       		.uleb128 0xf
 816 028b 01       		.uleb128 0x1
 817 028c 51       		.byte	0x51
 818 028d 05       		.uleb128 0x5
 819 028e 03       		.byte	0x3
 820 028f 20000000 		.4byte	.LC1
 821 0293 00       		.byte	0
 822 0294 0E       		.uleb128 0xe
 823 0295 56000000 		.4byte	.LVL11
 824 0299 85060000 		.4byte	0x685
 825 029d A8020000 		.4byte	0x2a8
 826 02a1 0F       		.uleb128 0xf
 827 02a2 01       		.uleb128 0x1
 828 02a3 50       		.byte	0x50
 829 02a4 02       		.uleb128 0x2
ARM GAS  C:\Users\ilami\AppData\Local\Temp\ccqmPXLf.s 			page 22


 830 02a5 91       		.byte	0x91
 831 02a6 44       		.sleb128 -60
 832 02a7 00       		.byte	0
 833 02a8 0E       		.uleb128 0xe
 834 02a9 5E000000 		.4byte	.LVL14
 835 02ad 85060000 		.4byte	0x685
 836 02b1 BF020000 		.4byte	0x2bf
 837 02b5 0F       		.uleb128 0xf
 838 02b6 01       		.uleb128 0x1
 839 02b7 50       		.byte	0x50
 840 02b8 05       		.uleb128 0x5
 841 02b9 03       		.byte	0x3
 842 02ba 48000000 		.4byte	.LC2
 843 02be 00       		.byte	0
 844 02bf 0E       		.uleb128 0xe
 845 02c0 6A000000 		.4byte	.LVL15
 846 02c4 B1060000 		.4byte	0x6b1
 847 02c8 DE020000 		.4byte	0x2de
 848 02cc 0F       		.uleb128 0xf
 849 02cd 01       		.uleb128 0x1
 850 02ce 50       		.byte	0x50
 851 02cf 01       		.uleb128 0x1
 852 02d0 48       		.byte	0x48
 853 02d1 0F       		.uleb128 0xf
 854 02d2 01       		.uleb128 0x1
 855 02d3 51       		.byte	0x51
 856 02d4 02       		.uleb128 0x2
 857 02d5 08       		.byte	0x8
 858 02d6 27       		.byte	0x27
 859 02d7 0F       		.uleb128 0xf
 860 02d8 01       		.uleb128 0x1
 861 02d9 52       		.byte	0x52
 862 02da 02       		.uleb128 0x2
 863 02db 91       		.byte	0x91
 864 02dc 42       		.sleb128 -62
 865 02dd 00       		.byte	0
 866 02de 0E       		.uleb128 0xe
 867 02df 78000000 		.4byte	.LVL17
 868 02e3 7A060000 		.4byte	0x67a
 869 02e7 FB020000 		.4byte	0x2fb
 870 02eb 0F       		.uleb128 0xf
 871 02ec 01       		.uleb128 0x1
 872 02ed 50       		.byte	0x50
 873 02ee 02       		.uleb128 0x2
 874 02ef 91       		.byte	0x91
 875 02f0 44       		.sleb128 -60
 876 02f1 0F       		.uleb128 0xf
 877 02f2 01       		.uleb128 0x1
 878 02f3 51       		.byte	0x51
 879 02f4 05       		.uleb128 0x5
 880 02f5 03       		.byte	0x3
 881 02f6 6C000000 		.4byte	.LC3
 882 02fa 00       		.byte	0
 883 02fb 0E       		.uleb128 0xe
 884 02fc 7E000000 		.4byte	.LVL18
 885 0300 85060000 		.4byte	0x685
 886 0304 0F030000 		.4byte	0x30f
ARM GAS  C:\Users\ilami\AppData\Local\Temp\ccqmPXLf.s 			page 23


 887 0308 0F       		.uleb128 0xf
 888 0309 01       		.uleb128 0x1
 889 030a 50       		.byte	0x50
 890 030b 02       		.uleb128 0x2
 891 030c 91       		.byte	0x91
 892 030d 44       		.sleb128 -60
 893 030e 00       		.byte	0
 894 030f 0E       		.uleb128 0xe
 895 0310 86000000 		.4byte	.LVL21
 896 0314 85060000 		.4byte	0x685
 897 0318 26030000 		.4byte	0x326
 898 031c 0F       		.uleb128 0xf
 899 031d 01       		.uleb128 0x1
 900 031e 50       		.byte	0x50
 901 031f 05       		.uleb128 0x5
 902 0320 03       		.byte	0x3
 903 0321 88000000 		.4byte	.LC4
 904 0325 00       		.byte	0
 905 0326 0E       		.uleb128 0xe
 906 0327 92000000 		.4byte	.LVL22
 907 032b B1060000 		.4byte	0x6b1
 908 032f 45030000 		.4byte	0x345
 909 0333 0F       		.uleb128 0xf
 910 0334 01       		.uleb128 0x1
 911 0335 50       		.byte	0x50
 912 0336 01       		.uleb128 0x1
 913 0337 48       		.byte	0x48
 914 0338 0F       		.uleb128 0xf
 915 0339 01       		.uleb128 0x1
 916 033a 51       		.byte	0x51
 917 033b 02       		.uleb128 0x2
 918 033c 08       		.byte	0x8
 919 033d 20       		.byte	0x20
 920 033e 0F       		.uleb128 0xf
 921 033f 01       		.uleb128 0x1
 922 0340 52       		.byte	0x52
 923 0341 02       		.uleb128 0x2
 924 0342 91       		.byte	0x91
 925 0343 41       		.sleb128 -63
 926 0344 00       		.byte	0
 927 0345 0E       		.uleb128 0xe
 928 0346 A0000000 		.4byte	.LVL24
 929 034a 7A060000 		.4byte	0x67a
 930 034e 62030000 		.4byte	0x362
 931 0352 0F       		.uleb128 0xf
 932 0353 01       		.uleb128 0x1
 933 0354 50       		.byte	0x50
 934 0355 02       		.uleb128 0x2
 935 0356 91       		.byte	0x91
 936 0357 44       		.sleb128 -60
 937 0358 0F       		.uleb128 0xf
 938 0359 01       		.uleb128 0x1
 939 035a 51       		.byte	0x51
 940 035b 05       		.uleb128 0x5
 941 035c 03       		.byte	0x3
 942 035d C4000000 		.4byte	.LC5
 943 0361 00       		.byte	0
ARM GAS  C:\Users\ilami\AppData\Local\Temp\ccqmPXLf.s 			page 24


 944 0362 0E       		.uleb128 0xe
 945 0363 A6000000 		.4byte	.LVL25
 946 0367 85060000 		.4byte	0x685
 947 036b 76030000 		.4byte	0x376
 948 036f 0F       		.uleb128 0xf
 949 0370 01       		.uleb128 0x1
 950 0371 50       		.byte	0x50
 951 0372 02       		.uleb128 0x2
 952 0373 91       		.byte	0x91
 953 0374 44       		.sleb128 -60
 954 0375 00       		.byte	0
 955 0376 0E       		.uleb128 0xe
 956 0377 AE000000 		.4byte	.LVL28
 957 037b 85060000 		.4byte	0x685
 958 037f 8D030000 		.4byte	0x38d
 959 0383 0F       		.uleb128 0xf
 960 0384 01       		.uleb128 0x1
 961 0385 50       		.byte	0x50
 962 0386 05       		.uleb128 0x5
 963 0387 03       		.byte	0x3
 964 0388 E4000000 		.4byte	.LC6
 965 038c 00       		.byte	0
 966 038d 0E       		.uleb128 0xe
 967 038e B4000000 		.4byte	.LVL29
 968 0392 85060000 		.4byte	0x685
 969 0396 A4030000 		.4byte	0x3a4
 970 039a 0F       		.uleb128 0xf
 971 039b 01       		.uleb128 0x1
 972 039c 50       		.byte	0x50
 973 039d 05       		.uleb128 0x5
 974 039e 03       		.byte	0x3
 975 039f 20010000 		.4byte	.LC7
 976 03a3 00       		.byte	0
 977 03a4 0E       		.uleb128 0xe
 978 03a5 CA000000 		.4byte	.LVL30
 979 03a9 BC060000 		.4byte	0x6bc
 980 03ad C3030000 		.4byte	0x3c3
 981 03b1 0F       		.uleb128 0xf
 982 03b2 01       		.uleb128 0x1
 983 03b3 50       		.byte	0x50
 984 03b4 01       		.uleb128 0x1
 985 03b5 48       		.byte	0x48
 986 03b6 0F       		.uleb128 0xf
 987 03b7 01       		.uleb128 0x1
 988 03b8 51       		.byte	0x51
 989 03b9 02       		.uleb128 0x2
 990 03ba 08       		.byte	0x8
 991 03bb 20       		.byte	0x20
 992 03bc 0F       		.uleb128 0xf
 993 03bd 01       		.uleb128 0x1
 994 03be 52       		.byte	0x52
 995 03bf 02       		.uleb128 0x2
 996 03c0 08       		.byte	0x8
 997 03c1 57       		.byte	0x57
 998 03c2 00       		.byte	0
 999 03c3 0E       		.uleb128 0xe
 1000 03c4 D8000000 		.4byte	.LVL32
ARM GAS  C:\Users\ilami\AppData\Local\Temp\ccqmPXLf.s 			page 25


 1001 03c8 7A060000 		.4byte	0x67a
 1002 03cc E0030000 		.4byte	0x3e0
 1003 03d0 0F       		.uleb128 0xf
 1004 03d1 01       		.uleb128 0x1
 1005 03d2 50       		.byte	0x50
 1006 03d3 02       		.uleb128 0x2
 1007 03d4 91       		.byte	0x91
 1008 03d5 44       		.sleb128 -60
 1009 03d6 0F       		.uleb128 0xf
 1010 03d7 01       		.uleb128 0x1
 1011 03d8 51       		.byte	0x51
 1012 03d9 05       		.uleb128 0x5
 1013 03da 03       		.byte	0x3
 1014 03db 3C010000 		.4byte	.LC8
 1015 03df 00       		.byte	0
 1016 03e0 0E       		.uleb128 0xe
 1017 03e1 DE000000 		.4byte	.LVL33
 1018 03e5 85060000 		.4byte	0x685
 1019 03e9 F4030000 		.4byte	0x3f4
 1020 03ed 0F       		.uleb128 0xf
 1021 03ee 01       		.uleb128 0x1
 1022 03ef 50       		.byte	0x50
 1023 03f0 02       		.uleb128 0x2
 1024 03f1 91       		.byte	0x91
 1025 03f2 44       		.sleb128 -60
 1026 03f3 00       		.byte	0
 1027 03f4 0E       		.uleb128 0xe
 1028 03f5 E6000000 		.4byte	.LVL36
 1029 03f9 85060000 		.4byte	0x685
 1030 03fd 0B040000 		.4byte	0x40b
 1031 0401 0F       		.uleb128 0xf
 1032 0402 01       		.uleb128 0x1
 1033 0403 50       		.byte	0x50
 1034 0404 05       		.uleb128 0x5
 1035 0405 03       		.byte	0x3
 1036 0406 74010000 		.4byte	.LC9
 1037 040a 00       		.byte	0
 1038 040b 0E       		.uleb128 0xe
 1039 040c F2000000 		.4byte	.LVL37
 1040 0410 B1060000 		.4byte	0x6b1
 1041 0414 2A040000 		.4byte	0x42a
 1042 0418 0F       		.uleb128 0xf
 1043 0419 01       		.uleb128 0x1
 1044 041a 50       		.byte	0x50
 1045 041b 01       		.uleb128 0x1
 1046 041c 48       		.byte	0x48
 1047 041d 0F       		.uleb128 0xf
 1048 041e 01       		.uleb128 0x1
 1049 041f 51       		.byte	0x51
 1050 0420 02       		.uleb128 0x2
 1051 0421 08       		.byte	0x8
 1052 0422 20       		.byte	0x20
 1053 0423 0F       		.uleb128 0xf
 1054 0424 01       		.uleb128 0x1
 1055 0425 52       		.byte	0x52
 1056 0426 02       		.uleb128 0x2
 1057 0427 91       		.byte	0x91
ARM GAS  C:\Users\ilami\AppData\Local\Temp\ccqmPXLf.s 			page 26


 1058 0428 41       		.sleb128 -63
 1059 0429 00       		.byte	0
 1060 042a 0E       		.uleb128 0xe
 1061 042b 00010000 		.4byte	.LVL39
 1062 042f 7A060000 		.4byte	0x67a
 1063 0433 47040000 		.4byte	0x447
 1064 0437 0F       		.uleb128 0xf
 1065 0438 01       		.uleb128 0x1
 1066 0439 50       		.byte	0x50
 1067 043a 02       		.uleb128 0x2
 1068 043b 91       		.byte	0x91
 1069 043c 44       		.sleb128 -60
 1070 043d 0F       		.uleb128 0xf
 1071 043e 01       		.uleb128 0x1
 1072 043f 51       		.byte	0x51
 1073 0440 05       		.uleb128 0x5
 1074 0441 03       		.byte	0x3
 1075 0442 B0010000 		.4byte	.LC10
 1076 0446 00       		.byte	0
 1077 0447 0E       		.uleb128 0xe
 1078 0448 06010000 		.4byte	.LVL40
 1079 044c 85060000 		.4byte	0x685
 1080 0450 5B040000 		.4byte	0x45b
 1081 0454 0F       		.uleb128 0xf
 1082 0455 01       		.uleb128 0x1
 1083 0456 50       		.byte	0x50
 1084 0457 02       		.uleb128 0x2
 1085 0458 91       		.byte	0x91
 1086 0459 44       		.sleb128 -60
 1087 045a 00       		.byte	0
 1088 045b 0E       		.uleb128 0xe
 1089 045c 0E010000 		.4byte	.LVL43
 1090 0460 85060000 		.4byte	0x685
 1091 0464 72040000 		.4byte	0x472
 1092 0468 0F       		.uleb128 0xf
 1093 0469 01       		.uleb128 0x1
 1094 046a 50       		.byte	0x50
 1095 046b 05       		.uleb128 0x5
 1096 046c 03       		.byte	0x3
 1097 046d E4000000 		.4byte	.LC6
 1098 0471 00       		.byte	0
 1099 0472 0E       		.uleb128 0xe
 1100 0473 18010000 		.4byte	.LVL44
 1101 0477 B1060000 		.4byte	0x6b1
 1102 047b 91040000 		.4byte	0x491
 1103 047f 0F       		.uleb128 0xf
 1104 0480 01       		.uleb128 0x1
 1105 0481 50       		.byte	0x50
 1106 0482 01       		.uleb128 0x1
 1107 0483 48       		.byte	0x48
 1108 0484 0F       		.uleb128 0xf
 1109 0485 01       		.uleb128 0x1
 1110 0486 51       		.byte	0x51
 1111 0487 02       		.uleb128 0x2
 1112 0488 08       		.byte	0x8
 1113 0489 23       		.byte	0x23
 1114 048a 0F       		.uleb128 0xf
ARM GAS  C:\Users\ilami\AppData\Local\Temp\ccqmPXLf.s 			page 27


 1115 048b 01       		.uleb128 0x1
 1116 048c 52       		.byte	0x52
 1117 048d 02       		.uleb128 0x2
 1118 048e 91       		.byte	0x91
 1119 048f 40       		.sleb128 -64
 1120 0490 00       		.byte	0
 1121 0491 0E       		.uleb128 0xe
 1122 0492 26010000 		.4byte	.LVL46
 1123 0496 7A060000 		.4byte	0x67a
 1124 049a AE040000 		.4byte	0x4ae
 1125 049e 0F       		.uleb128 0xf
 1126 049f 01       		.uleb128 0x1
 1127 04a0 50       		.byte	0x50
 1128 04a1 02       		.uleb128 0x2
 1129 04a2 91       		.byte	0x91
 1130 04a3 44       		.sleb128 -60
 1131 04a4 0F       		.uleb128 0xf
 1132 04a5 01       		.uleb128 0x1
 1133 04a6 51       		.byte	0x51
 1134 04a7 05       		.uleb128 0x5
 1135 04a8 03       		.byte	0x3
 1136 04a9 E8010000 		.4byte	.LC11
 1137 04ad 00       		.byte	0
 1138 04ae 0E       		.uleb128 0xe
 1139 04af 2C010000 		.4byte	.LVL47
 1140 04b3 85060000 		.4byte	0x685
 1141 04b7 C2040000 		.4byte	0x4c2
 1142 04bb 0F       		.uleb128 0xf
 1143 04bc 01       		.uleb128 0x1
 1144 04bd 50       		.byte	0x50
 1145 04be 02       		.uleb128 0x2
 1146 04bf 91       		.byte	0x91
 1147 04c0 44       		.sleb128 -60
 1148 04c1 00       		.byte	0
 1149 04c2 0E       		.uleb128 0xe
 1150 04c3 34010000 		.4byte	.LVL50
 1151 04c7 85060000 		.4byte	0x685
 1152 04cb D9040000 		.4byte	0x4d9
 1153 04cf 0F       		.uleb128 0xf
 1154 04d0 01       		.uleb128 0x1
 1155 04d1 50       		.byte	0x50
 1156 04d2 05       		.uleb128 0x5
 1157 04d3 03       		.byte	0x3
 1158 04d4 08020000 		.4byte	.LC12
 1159 04d8 00       		.byte	0
 1160 04d9 0E       		.uleb128 0xe
 1161 04da 44010000 		.4byte	.LVL52
 1162 04de BC060000 		.4byte	0x6bc
 1163 04e2 F8040000 		.4byte	0x4f8
 1164 04e6 0F       		.uleb128 0xf
 1165 04e7 01       		.uleb128 0x1
 1166 04e8 50       		.byte	0x50
 1167 04e9 01       		.uleb128 0x1
 1168 04ea 48       		.byte	0x48
 1169 04eb 0F       		.uleb128 0xf
 1170 04ec 01       		.uleb128 0x1
 1171 04ed 51       		.byte	0x51
ARM GAS  C:\Users\ilami\AppData\Local\Temp\ccqmPXLf.s 			page 28


 1172 04ee 02       		.uleb128 0x2
 1173 04ef 08       		.byte	0x8
 1174 04f0 23       		.byte	0x23
 1175 04f1 0F       		.uleb128 0xf
 1176 04f2 01       		.uleb128 0x1
 1177 04f3 52       		.byte	0x52
 1178 04f4 02       		.uleb128 0x2
 1179 04f5 09       		.byte	0x9
 1180 04f6 83       		.byte	0x83
 1181 04f7 00       		.byte	0
 1182 04f8 0E       		.uleb128 0xe
 1183 04f9 4E010000 		.4byte	.LVL53
 1184 04fd B1060000 		.4byte	0x6b1
 1185 0501 17050000 		.4byte	0x517
 1186 0505 0F       		.uleb128 0xf
 1187 0506 01       		.uleb128 0x1
 1188 0507 50       		.byte	0x50
 1189 0508 01       		.uleb128 0x1
 1190 0509 48       		.byte	0x48
 1191 050a 0F       		.uleb128 0xf
 1192 050b 01       		.uleb128 0x1
 1193 050c 51       		.byte	0x51
 1194 050d 02       		.uleb128 0x2
 1195 050e 08       		.byte	0x8
 1196 050f 23       		.byte	0x23
 1197 0510 0F       		.uleb128 0xf
 1198 0511 01       		.uleb128 0x1
 1199 0512 52       		.byte	0x52
 1200 0513 02       		.uleb128 0x2
 1201 0514 74       		.byte	0x74
 1202 0515 00       		.sleb128 0
 1203 0516 00       		.byte	0
 1204 0517 0E       		.uleb128 0xe
 1205 0518 5C010000 		.4byte	.LVL55
 1206 051c 7A060000 		.4byte	0x67a
 1207 0520 34050000 		.4byte	0x534
 1208 0524 0F       		.uleb128 0xf
 1209 0525 01       		.uleb128 0x1
 1210 0526 50       		.byte	0x50
 1211 0527 02       		.uleb128 0x2
 1212 0528 91       		.byte	0x91
 1213 0529 44       		.sleb128 -60
 1214 052a 0F       		.uleb128 0xf
 1215 052b 01       		.uleb128 0x1
 1216 052c 51       		.byte	0x51
 1217 052d 05       		.uleb128 0x5
 1218 052e 03       		.byte	0x3
 1219 052f 44020000 		.4byte	.LC13
 1220 0533 00       		.byte	0
 1221 0534 0E       		.uleb128 0xe
 1222 0535 62010000 		.4byte	.LVL56
 1223 0539 85060000 		.4byte	0x685
 1224 053d 48050000 		.4byte	0x548
 1225 0541 0F       		.uleb128 0xf
 1226 0542 01       		.uleb128 0x1
 1227 0543 50       		.byte	0x50
 1228 0544 02       		.uleb128 0x2
ARM GAS  C:\Users\ilami\AppData\Local\Temp\ccqmPXLf.s 			page 29


 1229 0545 91       		.byte	0x91
 1230 0546 44       		.sleb128 -60
 1231 0547 00       		.byte	0
 1232 0548 0E       		.uleb128 0xe
 1233 0549 6A010000 		.4byte	.LVL59
 1234 054d 85060000 		.4byte	0x685
 1235 0551 5F050000 		.4byte	0x55f
 1236 0555 0F       		.uleb128 0xf
 1237 0556 01       		.uleb128 0x1
 1238 0557 50       		.byte	0x50
 1239 0558 05       		.uleb128 0x5
 1240 0559 03       		.byte	0x3
 1241 055a 08020000 		.4byte	.LC12
 1242 055e 00       		.byte	0
 1243 055f 0E       		.uleb128 0xe
 1244 0560 7C010000 		.4byte	.LVL60
 1245 0564 A6060000 		.4byte	0x6a6
 1246 0568 73050000 		.4byte	0x573
 1247 056c 0F       		.uleb128 0xf
 1248 056d 01       		.uleb128 0x1
 1249 056e 50       		.byte	0x50
 1250 056f 02       		.uleb128 0x2
 1251 0570 08       		.byte	0x8
 1252 0571 64       		.byte	0x64
 1253 0572 00       		.byte	0
 1254 0573 0E       		.uleb128 0xe
 1255 0574 88010000 		.4byte	.LVL61
 1256 0578 B1060000 		.4byte	0x6b1
 1257 057c 92050000 		.4byte	0x592
 1258 0580 0F       		.uleb128 0xf
 1259 0581 01       		.uleb128 0x1
 1260 0582 50       		.byte	0x50
 1261 0583 01       		.uleb128 0x1
 1262 0584 48       		.byte	0x48
 1263 0585 0F       		.uleb128 0xf
 1264 0586 01       		.uleb128 0x1
 1265 0587 51       		.byte	0x51
 1266 0588 02       		.uleb128 0x2
 1267 0589 08       		.byte	0x8
 1268 058a 27       		.byte	0x27
 1269 058b 0F       		.uleb128 0xf
 1270 058c 01       		.uleb128 0x1
 1271 058d 52       		.byte	0x52
 1272 058e 02       		.uleb128 0x2
 1273 058f 91       		.byte	0x91
 1274 0590 42       		.sleb128 -62
 1275 0591 00       		.byte	0
 1276 0592 0E       		.uleb128 0xe
 1277 0593 90010000 		.4byte	.LVL63
 1278 0597 85060000 		.4byte	0x685
 1279 059b A9050000 		.4byte	0x5a9
 1280 059f 0F       		.uleb128 0xf
 1281 05a0 01       		.uleb128 0x1
 1282 05a1 50       		.byte	0x50
 1283 05a2 05       		.uleb128 0x5
 1284 05a3 03       		.byte	0x3
 1285 05a4 88000000 		.4byte	.LC4
ARM GAS  C:\Users\ilami\AppData\Local\Temp\ccqmPXLf.s 			page 30


 1286 05a8 00       		.byte	0
 1287 05a9 0E       		.uleb128 0xe
 1288 05aa 9C010000 		.4byte	.LVL64
 1289 05ae C7060000 		.4byte	0x6c7
 1290 05b2 CD050000 		.4byte	0x5cd
 1291 05b6 0F       		.uleb128 0xf
 1292 05b7 01       		.uleb128 0x1
 1293 05b8 50       		.byte	0x50
 1294 05b9 01       		.uleb128 0x1
 1295 05ba 48       		.byte	0x48
 1296 05bb 0F       		.uleb128 0xf
 1297 05bc 01       		.uleb128 0x1
 1298 05bd 51       		.byte	0x51
 1299 05be 02       		.uleb128 0x2
 1300 05bf 08       		.byte	0x8
 1301 05c0 28       		.byte	0x28
 1302 05c1 0F       		.uleb128 0xf
 1303 05c2 01       		.uleb128 0x1
 1304 05c3 52       		.byte	0x52
 1305 05c4 01       		.uleb128 0x1
 1306 05c5 32       		.byte	0x32
 1307 05c6 0F       		.uleb128 0xf
 1308 05c7 01       		.uleb128 0x1
 1309 05c8 53       		.byte	0x53
 1310 05c9 02       		.uleb128 0x2
 1311 05ca 7D       		.byte	0x7d
 1312 05cb 00       		.sleb128 0
 1313 05cc 00       		.byte	0
 1314 05cd 0E       		.uleb128 0xe
 1315 05ce C8010000 		.4byte	.LVL69
 1316 05d2 C7060000 		.4byte	0x6c7
 1317 05d6 F2050000 		.4byte	0x5f2
 1318 05da 0F       		.uleb128 0xf
 1319 05db 01       		.uleb128 0x1
 1320 05dc 50       		.byte	0x50
 1321 05dd 01       		.uleb128 0x1
 1322 05de 48       		.byte	0x48
 1323 05df 0F       		.uleb128 0xf
 1324 05e0 01       		.uleb128 0x1
 1325 05e1 51       		.byte	0x51
 1326 05e2 02       		.uleb128 0x2
 1327 05e3 08       		.byte	0x8
 1328 05e4 2A       		.byte	0x2a
 1329 05e5 0F       		.uleb128 0xf
 1330 05e6 01       		.uleb128 0x1
 1331 05e7 52       		.byte	0x52
 1332 05e8 01       		.uleb128 0x1
 1333 05e9 32       		.byte	0x32
 1334 05ea 0F       		.uleb128 0xf
 1335 05eb 01       		.uleb128 0x1
 1336 05ec 53       		.byte	0x53
 1337 05ed 03       		.uleb128 0x3
 1338 05ee 91       		.byte	0x91
 1339 05ef B27F     		.sleb128 -78
 1340 05f1 00       		.byte	0
 1341 05f2 0E       		.uleb128 0xe
 1342 05f3 F2010000 		.4byte	.LVL74
ARM GAS  C:\Users\ilami\AppData\Local\Temp\ccqmPXLf.s 			page 31


 1343 05f7 C7060000 		.4byte	0x6c7
 1344 05fb 17060000 		.4byte	0x617
 1345 05ff 0F       		.uleb128 0xf
 1346 0600 01       		.uleb128 0x1
 1347 0601 50       		.byte	0x50
 1348 0602 01       		.uleb128 0x1
 1349 0603 48       		.byte	0x48
 1350 0604 0F       		.uleb128 0xf
 1351 0605 01       		.uleb128 0x1
 1352 0606 51       		.byte	0x51
 1353 0607 02       		.uleb128 0x2
 1354 0608 08       		.byte	0x8
 1355 0609 2C       		.byte	0x2c
 1356 060a 0F       		.uleb128 0xf
 1357 060b 01       		.uleb128 0x1
 1358 060c 52       		.byte	0x52
 1359 060d 01       		.uleb128 0x1
 1360 060e 32       		.byte	0x32
 1361 060f 0F       		.uleb128 0xf
 1362 0610 01       		.uleb128 0x1
 1363 0611 53       		.byte	0x53
 1364 0612 03       		.uleb128 0x3
 1365 0613 91       		.byte	0x91
 1366 0614 B47F     		.sleb128 -76
 1367 0616 00       		.byte	0
 1368 0617 10       		.uleb128 0x10
 1369 0618 1A020000 		.4byte	.LVL79
 1370 061c D2060000 		.4byte	0x6d2
 1371 0620 0F       		.uleb128 0xf
 1372 0621 01       		.uleb128 0x1
 1373 0622 50       		.byte	0x50
 1374 0623 03       		.uleb128 0x3
 1375 0624 91       		.byte	0x91
 1376 0625 B87F     		.sleb128 -72
 1377 0627 0F       		.uleb128 0xf
 1378 0628 01       		.uleb128 0x1
 1379 0629 51       		.byte	0x51
 1380 062a 01       		.uleb128 0x1
 1381 062b 38       		.byte	0x38
 1382 062c 00       		.byte	0
 1383 062d 00       		.byte	0
 1384 062e 12       		.uleb128 0x12
 1385 062f C7000000 		.4byte	0xc7
 1386 0633 3E060000 		.4byte	0x63e
 1387 0637 13       		.uleb128 0x13
 1388 0638 F9000000 		.4byte	0xf9
 1389 063c 31       		.byte	0x31
 1390 063d 00       		.byte	0
 1391 063e 12       		.uleb128 0x12
 1392 063f 8C000000 		.4byte	0x8c
 1393 0643 4E060000 		.4byte	0x64e
 1394 0647 13       		.uleb128 0x13
 1395 0648 F9000000 		.4byte	0xf9
 1396 064c 07       		.byte	0x7
 1397 064d 00       		.byte	0
 1398 064e 12       		.uleb128 0x12
 1399 064f 8C000000 		.4byte	0x8c
ARM GAS  C:\Users\ilami\AppData\Local\Temp\ccqmPXLf.s 			page 32


 1400 0653 5E060000 		.4byte	0x65e
 1401 0657 13       		.uleb128 0x13
 1402 0658 F9000000 		.4byte	0xf9
 1403 065c 05       		.byte	0x5
 1404 065d 00       		.byte	0
 1405 065e 14       		.uleb128 0x14
 1406 065f 45020000 		.4byte	.LASF51
 1407 0663 0A       		.byte	0xa
 1408 0664 1207     		.2byte	0x712
 1409 0666 6A060000 		.4byte	0x66a
 1410 066a 15       		.uleb128 0x15
 1411 066b A2000000 		.4byte	0xa2
 1412 066f 16       		.uleb128 0x16
 1413 0670 2E000000 		.4byte	.LASF37
 1414 0674 2E000000 		.4byte	.LASF37
 1415 0678 06       		.byte	0x6
 1416 0679 5D       		.byte	0x5d
 1417 067a 16       		.uleb128 0x16
 1418 067b 05030000 		.4byte	.LASF38
 1419 067f 05030000 		.4byte	.LASF38
 1420 0683 07       		.byte	0x7
 1421 0684 E7       		.byte	0xe7
 1422 0685 16       		.uleb128 0x16
 1423 0686 19000000 		.4byte	.LASF39
 1424 068a 19000000 		.4byte	.LASF39
 1425 068e 08       		.byte	0x8
 1426 068f 8B       		.byte	0x8b
 1427 0690 16       		.uleb128 0x16
 1428 0691 15030000 		.4byte	.LASF40
 1429 0695 15030000 		.4byte	.LASF40
 1430 0699 06       		.byte	0x6
 1431 069a 17       		.byte	0x17
 1432 069b 16       		.uleb128 0x16
 1433 069c 7E020000 		.4byte	.LASF41
 1434 06a0 7E020000 		.4byte	.LASF41
 1435 06a4 08       		.byte	0x8
 1436 06a5 54       		.byte	0x54
 1437 06a6 16       		.uleb128 0x16
 1438 06a7 0D030000 		.4byte	.LASF42
 1439 06ab 0D030000 		.4byte	.LASF42
 1440 06af 09       		.byte	0x9
 1441 06b0 76       		.byte	0x76
 1442 06b1 16       		.uleb128 0x16
 1443 06b2 9B020000 		.4byte	.LASF43
 1444 06b6 9B020000 		.4byte	.LASF43
 1445 06ba 06       		.byte	0x6
 1446 06bb 28       		.byte	0x28
 1447 06bc 16       		.uleb128 0x16
 1448 06bd D1010000 		.4byte	.LASF44
 1449 06c1 D1010000 		.4byte	.LASF44
 1450 06c5 06       		.byte	0x6
 1451 06c6 43       		.byte	0x43
 1452 06c7 16       		.uleb128 0x16
 1453 06c8 AB010000 		.4byte	.LASF45
 1454 06cc AB010000 		.4byte	.LASF45
 1455 06d0 06       		.byte	0x6
 1456 06d1 36       		.byte	0x36
ARM GAS  C:\Users\ilami\AppData\Local\Temp\ccqmPXLf.s 			page 33


 1457 06d2 16       		.uleb128 0x16
 1458 06d3 62000000 		.4byte	.LASF46
 1459 06d7 62000000 		.4byte	.LASF46
 1460 06db 08       		.byte	0x8
 1461 06dc 8C       		.byte	0x8c
 1462 06dd 00       		.byte	0
 1463              		.section	.debug_abbrev,"",%progbits
 1464              	.Ldebug_abbrev0:
 1465 0000 01       		.uleb128 0x1
 1466 0001 11       		.uleb128 0x11
 1467 0002 01       		.byte	0x1
 1468 0003 25       		.uleb128 0x25
 1469 0004 0E       		.uleb128 0xe
 1470 0005 13       		.uleb128 0x13
 1471 0006 0B       		.uleb128 0xb
 1472 0007 03       		.uleb128 0x3
 1473 0008 0E       		.uleb128 0xe
 1474 0009 1B       		.uleb128 0x1b
 1475 000a 0E       		.uleb128 0xe
 1476 000b 55       		.uleb128 0x55
 1477 000c 17       		.uleb128 0x17
 1478 000d 11       		.uleb128 0x11
 1479 000e 01       		.uleb128 0x1
 1480 000f 10       		.uleb128 0x10
 1481 0010 17       		.uleb128 0x17
 1482 0011 00       		.byte	0
 1483 0012 00       		.byte	0
 1484 0013 02       		.uleb128 0x2
 1485 0014 24       		.uleb128 0x24
 1486 0015 00       		.byte	0
 1487 0016 0B       		.uleb128 0xb
 1488 0017 0B       		.uleb128 0xb
 1489 0018 3E       		.uleb128 0x3e
 1490 0019 0B       		.uleb128 0xb
 1491 001a 03       		.uleb128 0x3
 1492 001b 0E       		.uleb128 0xe
 1493 001c 00       		.byte	0
 1494 001d 00       		.byte	0
 1495 001e 03       		.uleb128 0x3
 1496 001f 16       		.uleb128 0x16
 1497 0020 00       		.byte	0
 1498 0021 03       		.uleb128 0x3
 1499 0022 0E       		.uleb128 0xe
 1500 0023 3A       		.uleb128 0x3a
 1501 0024 0B       		.uleb128 0xb
 1502 0025 3B       		.uleb128 0x3b
 1503 0026 0B       		.uleb128 0xb
 1504 0027 49       		.uleb128 0x49
 1505 0028 13       		.uleb128 0x13
 1506 0029 00       		.byte	0
 1507 002a 00       		.byte	0
 1508 002b 04       		.uleb128 0x4
 1509 002c 24       		.uleb128 0x24
 1510 002d 00       		.byte	0
 1511 002e 0B       		.uleb128 0xb
 1512 002f 0B       		.uleb128 0xb
 1513 0030 3E       		.uleb128 0x3e
ARM GAS  C:\Users\ilami\AppData\Local\Temp\ccqmPXLf.s 			page 34


 1514 0031 0B       		.uleb128 0xb
 1515 0032 03       		.uleb128 0x3
 1516 0033 08       		.uleb128 0x8
 1517 0034 00       		.byte	0
 1518 0035 00       		.byte	0
 1519 0036 05       		.uleb128 0x5
 1520 0037 16       		.uleb128 0x16
 1521 0038 00       		.byte	0
 1522 0039 03       		.uleb128 0x3
 1523 003a 0E       		.uleb128 0xe
 1524 003b 3A       		.uleb128 0x3a
 1525 003c 0B       		.uleb128 0xb
 1526 003d 3B       		.uleb128 0x3b
 1527 003e 05       		.uleb128 0x5
 1528 003f 49       		.uleb128 0x49
 1529 0040 13       		.uleb128 0x13
 1530 0041 00       		.byte	0
 1531 0042 00       		.byte	0
 1532 0043 06       		.uleb128 0x6
 1533 0044 04       		.uleb128 0x4
 1534 0045 01       		.byte	0x1
 1535 0046 0B       		.uleb128 0xb
 1536 0047 0B       		.uleb128 0xb
 1537 0048 49       		.uleb128 0x49
 1538 0049 13       		.uleb128 0x13
 1539 004a 3A       		.uleb128 0x3a
 1540 004b 0B       		.uleb128 0xb
 1541 004c 3B       		.uleb128 0x3b
 1542 004d 0B       		.uleb128 0xb
 1543 004e 01       		.uleb128 0x1
 1544 004f 13       		.uleb128 0x13
 1545 0050 00       		.byte	0
 1546 0051 00       		.byte	0
 1547 0052 07       		.uleb128 0x7
 1548 0053 28       		.uleb128 0x28
 1549 0054 00       		.byte	0
 1550 0055 03       		.uleb128 0x3
 1551 0056 0E       		.uleb128 0xe
 1552 0057 1C       		.uleb128 0x1c
 1553 0058 0B       		.uleb128 0xb
 1554 0059 00       		.byte	0
 1555 005a 00       		.byte	0
 1556 005b 08       		.uleb128 0x8
 1557 005c 2E       		.uleb128 0x2e
 1558 005d 01       		.byte	0x1
 1559 005e 3F       		.uleb128 0x3f
 1560 005f 19       		.uleb128 0x19
 1561 0060 03       		.uleb128 0x3
 1562 0061 0E       		.uleb128 0xe
 1563 0062 3A       		.uleb128 0x3a
 1564 0063 0B       		.uleb128 0xb
 1565 0064 3B       		.uleb128 0x3b
 1566 0065 0B       		.uleb128 0xb
 1567 0066 27       		.uleb128 0x27
 1568 0067 19       		.uleb128 0x19
 1569 0068 49       		.uleb128 0x49
 1570 0069 13       		.uleb128 0x13
ARM GAS  C:\Users\ilami\AppData\Local\Temp\ccqmPXLf.s 			page 35


 1571 006a 8701     		.uleb128 0x87
 1572 006c 19       		.uleb128 0x19
 1573 006d 11       		.uleb128 0x11
 1574 006e 01       		.uleb128 0x1
 1575 006f 12       		.uleb128 0x12
 1576 0070 06       		.uleb128 0x6
 1577 0071 40       		.uleb128 0x40
 1578 0072 18       		.uleb128 0x18
 1579 0073 9742     		.uleb128 0x2117
 1580 0075 19       		.uleb128 0x19
 1581 0076 01       		.uleb128 0x1
 1582 0077 13       		.uleb128 0x13
 1583 0078 00       		.byte	0
 1584 0079 00       		.byte	0
 1585 007a 09       		.uleb128 0x9
 1586 007b 34       		.uleb128 0x34
 1587 007c 00       		.byte	0
 1588 007d 03       		.uleb128 0x3
 1589 007e 0E       		.uleb128 0xe
 1590 007f 3A       		.uleb128 0x3a
 1591 0080 0B       		.uleb128 0xb
 1592 0081 3B       		.uleb128 0x3b
 1593 0082 0B       		.uleb128 0xb
 1594 0083 49       		.uleb128 0x49
 1595 0084 13       		.uleb128 0x13
 1596 0085 02       		.uleb128 0x2
 1597 0086 18       		.uleb128 0x18
 1598 0087 00       		.byte	0
 1599 0088 00       		.byte	0
 1600 0089 0A       		.uleb128 0xa
 1601 008a 34       		.uleb128 0x34
 1602 008b 00       		.byte	0
 1603 008c 03       		.uleb128 0x3
 1604 008d 0E       		.uleb128 0xe
 1605 008e 3A       		.uleb128 0x3a
 1606 008f 0B       		.uleb128 0xb
 1607 0090 3B       		.uleb128 0x3b
 1608 0091 0B       		.uleb128 0xb
 1609 0092 49       		.uleb128 0x49
 1610 0093 13       		.uleb128 0x13
 1611 0094 02       		.uleb128 0x2
 1612 0095 17       		.uleb128 0x17
 1613 0096 00       		.byte	0
 1614 0097 00       		.byte	0
 1615 0098 0B       		.uleb128 0xb
 1616 0099 34       		.uleb128 0x34
 1617 009a 00       		.byte	0
 1618 009b 03       		.uleb128 0x3
 1619 009c 0E       		.uleb128 0xe
 1620 009d 3A       		.uleb128 0x3a
 1621 009e 0B       		.uleb128 0xb
 1622 009f 3B       		.uleb128 0x3b
 1623 00a0 0B       		.uleb128 0xb
 1624 00a1 49       		.uleb128 0x49
 1625 00a2 13       		.uleb128 0x13
 1626 00a3 1C       		.uleb128 0x1c
 1627 00a4 0D       		.uleb128 0xd
ARM GAS  C:\Users\ilami\AppData\Local\Temp\ccqmPXLf.s 			page 36


 1628 00a5 00       		.byte	0
 1629 00a6 00       		.byte	0
 1630 00a7 0C       		.uleb128 0xc
 1631 00a8 0B       		.uleb128 0xb
 1632 00a9 01       		.byte	0x1
 1633 00aa 11       		.uleb128 0x11
 1634 00ab 01       		.uleb128 0x1
 1635 00ac 12       		.uleb128 0x12
 1636 00ad 06       		.uleb128 0x6
 1637 00ae 01       		.uleb128 0x1
 1638 00af 13       		.uleb128 0x13
 1639 00b0 00       		.byte	0
 1640 00b1 00       		.byte	0
 1641 00b2 0D       		.uleb128 0xd
 1642 00b3 34       		.uleb128 0x34
 1643 00b4 00       		.byte	0
 1644 00b5 03       		.uleb128 0x3
 1645 00b6 08       		.uleb128 0x8
 1646 00b7 3A       		.uleb128 0x3a
 1647 00b8 0B       		.uleb128 0xb
 1648 00b9 3B       		.uleb128 0x3b
 1649 00ba 0B       		.uleb128 0xb
 1650 00bb 49       		.uleb128 0x49
 1651 00bc 13       		.uleb128 0x13
 1652 00bd 02       		.uleb128 0x2
 1653 00be 17       		.uleb128 0x17
 1654 00bf 00       		.byte	0
 1655 00c0 00       		.byte	0
 1656 00c1 0E       		.uleb128 0xe
 1657 00c2 898201   		.uleb128 0x4109
 1658 00c5 01       		.byte	0x1
 1659 00c6 11       		.uleb128 0x11
 1660 00c7 01       		.uleb128 0x1
 1661 00c8 31       		.uleb128 0x31
 1662 00c9 13       		.uleb128 0x13
 1663 00ca 01       		.uleb128 0x1
 1664 00cb 13       		.uleb128 0x13
 1665 00cc 00       		.byte	0
 1666 00cd 00       		.byte	0
 1667 00ce 0F       		.uleb128 0xf
 1668 00cf 8A8201   		.uleb128 0x410a
 1669 00d2 00       		.byte	0
 1670 00d3 02       		.uleb128 0x2
 1671 00d4 18       		.uleb128 0x18
 1672 00d5 9142     		.uleb128 0x2111
 1673 00d7 18       		.uleb128 0x18
 1674 00d8 00       		.byte	0
 1675 00d9 00       		.byte	0
 1676 00da 10       		.uleb128 0x10
 1677 00db 898201   		.uleb128 0x4109
 1678 00de 01       		.byte	0x1
 1679 00df 11       		.uleb128 0x11
 1680 00e0 01       		.uleb128 0x1
 1681 00e1 31       		.uleb128 0x31
 1682 00e2 13       		.uleb128 0x13
 1683 00e3 00       		.byte	0
 1684 00e4 00       		.byte	0
ARM GAS  C:\Users\ilami\AppData\Local\Temp\ccqmPXLf.s 			page 37


 1685 00e5 11       		.uleb128 0x11
 1686 00e6 898201   		.uleb128 0x4109
 1687 00e9 00       		.byte	0
 1688 00ea 11       		.uleb128 0x11
 1689 00eb 01       		.uleb128 0x1
 1690 00ec 31       		.uleb128 0x31
 1691 00ed 13       		.uleb128 0x13
 1692 00ee 00       		.byte	0
 1693 00ef 00       		.byte	0
 1694 00f0 12       		.uleb128 0x12
 1695 00f1 01       		.uleb128 0x1
 1696 00f2 01       		.byte	0x1
 1697 00f3 49       		.uleb128 0x49
 1698 00f4 13       		.uleb128 0x13
 1699 00f5 01       		.uleb128 0x1
 1700 00f6 13       		.uleb128 0x13
 1701 00f7 00       		.byte	0
 1702 00f8 00       		.byte	0
 1703 00f9 13       		.uleb128 0x13
 1704 00fa 21       		.uleb128 0x21
 1705 00fb 00       		.byte	0
 1706 00fc 49       		.uleb128 0x49
 1707 00fd 13       		.uleb128 0x13
 1708 00fe 2F       		.uleb128 0x2f
 1709 00ff 0B       		.uleb128 0xb
 1710 0100 00       		.byte	0
 1711 0101 00       		.byte	0
 1712 0102 14       		.uleb128 0x14
 1713 0103 34       		.uleb128 0x34
 1714 0104 00       		.byte	0
 1715 0105 03       		.uleb128 0x3
 1716 0106 0E       		.uleb128 0xe
 1717 0107 3A       		.uleb128 0x3a
 1718 0108 0B       		.uleb128 0xb
 1719 0109 3B       		.uleb128 0x3b
 1720 010a 05       		.uleb128 0x5
 1721 010b 49       		.uleb128 0x49
 1722 010c 13       		.uleb128 0x13
 1723 010d 3F       		.uleb128 0x3f
 1724 010e 19       		.uleb128 0x19
 1725 010f 3C       		.uleb128 0x3c
 1726 0110 19       		.uleb128 0x19
 1727 0111 00       		.byte	0
 1728 0112 00       		.byte	0
 1729 0113 15       		.uleb128 0x15
 1730 0114 35       		.uleb128 0x35
 1731 0115 00       		.byte	0
 1732 0116 49       		.uleb128 0x49
 1733 0117 13       		.uleb128 0x13
 1734 0118 00       		.byte	0
 1735 0119 00       		.byte	0
 1736 011a 16       		.uleb128 0x16
 1737 011b 2E       		.uleb128 0x2e
 1738 011c 00       		.byte	0
 1739 011d 3F       		.uleb128 0x3f
 1740 011e 19       		.uleb128 0x19
 1741 011f 3C       		.uleb128 0x3c
ARM GAS  C:\Users\ilami\AppData\Local\Temp\ccqmPXLf.s 			page 38


 1742 0120 19       		.uleb128 0x19
 1743 0121 6E       		.uleb128 0x6e
 1744 0122 0E       		.uleb128 0xe
 1745 0123 03       		.uleb128 0x3
 1746 0124 0E       		.uleb128 0xe
 1747 0125 3A       		.uleb128 0x3a
 1748 0126 0B       		.uleb128 0xb
 1749 0127 3B       		.uleb128 0x3b
 1750 0128 0B       		.uleb128 0xb
 1751 0129 00       		.byte	0
 1752 012a 00       		.byte	0
 1753 012b 00       		.byte	0
 1754              		.section	.debug_loc,"",%progbits
 1755              	.Ldebug_loc0:
 1756              	.LLST0:
 1757 0000 42000000 		.4byte	.LVL8
 1758 0004 4C000000 		.4byte	.LVL9
 1759 0008 0100     		.2byte	0x1
 1760 000a 50       		.byte	0x50
 1761 000b 58000000 		.4byte	.LVL12
 1762 000f 5A000000 		.4byte	.LVL13
 1763 0013 0100     		.2byte	0x1
 1764 0015 50       		.byte	0x50
 1765 0016 6A000000 		.4byte	.LVL15
 1766 001a 74000000 		.4byte	.LVL16
 1767 001e 0100     		.2byte	0x1
 1768 0020 50       		.byte	0x50
 1769 0021 80000000 		.4byte	.LVL19
 1770 0025 82000000 		.4byte	.LVL20
 1771 0029 0100     		.2byte	0x1
 1772 002b 50       		.byte	0x50
 1773 002c 92000000 		.4byte	.LVL22
 1774 0030 9C000000 		.4byte	.LVL23
 1775 0034 0100     		.2byte	0x1
 1776 0036 50       		.byte	0x50
 1777 0037 A8000000 		.4byte	.LVL26
 1778 003b AA000000 		.4byte	.LVL27
 1779 003f 0100     		.2byte	0x1
 1780 0041 50       		.byte	0x50
 1781 0042 CA000000 		.4byte	.LVL30
 1782 0046 D4000000 		.4byte	.LVL31
 1783 004a 0100     		.2byte	0x1
 1784 004c 50       		.byte	0x50
 1785 004d E0000000 		.4byte	.LVL34
 1786 0051 E2000000 		.4byte	.LVL35
 1787 0055 0100     		.2byte	0x1
 1788 0057 50       		.byte	0x50
 1789 0058 F2000000 		.4byte	.LVL37
 1790 005c FC000000 		.4byte	.LVL38
 1791 0060 0100     		.2byte	0x1
 1792 0062 50       		.byte	0x50
 1793 0063 08010000 		.4byte	.LVL41
 1794 0067 0A010000 		.4byte	.LVL42
 1795 006b 0100     		.2byte	0x1
 1796 006d 50       		.byte	0x50
 1797 006e 18010000 		.4byte	.LVL44
 1798 0072 22010000 		.4byte	.LVL45
ARM GAS  C:\Users\ilami\AppData\Local\Temp\ccqmPXLf.s 			page 39


 1799 0076 0100     		.2byte	0x1
 1800 0078 50       		.byte	0x50
 1801 0079 2E010000 		.4byte	.LVL48
 1802 007d 30010000 		.4byte	.LVL49
 1803 0081 0100     		.2byte	0x1
 1804 0083 50       		.byte	0x50
 1805 0084 4E010000 		.4byte	.LVL53
 1806 0088 58010000 		.4byte	.LVL54
 1807 008c 0100     		.2byte	0x1
 1808 008e 50       		.byte	0x50
 1809 008f 64010000 		.4byte	.LVL57
 1810 0093 66010000 		.4byte	.LVL58
 1811 0097 0100     		.2byte	0x1
 1812 0099 50       		.byte	0x50
 1813 009a 88010000 		.4byte	.LVL61
 1814 009e 8C010000 		.4byte	.LVL62
 1815 00a2 0100     		.2byte	0x1
 1816 00a4 50       		.byte	0x50
 1817 00a5 9C010000 		.4byte	.LVL64
 1818 00a9 C4010000 		.4byte	.LVL68
 1819 00ad 0100     		.2byte	0x1
 1820 00af 50       		.byte	0x50
 1821 00b0 C8010000 		.4byte	.LVL69
 1822 00b4 EE010000 		.4byte	.LVL73
 1823 00b8 0100     		.2byte	0x1
 1824 00ba 50       		.byte	0x50
 1825 00bb F2010000 		.4byte	.LVL74
 1826 00bf 16020000 		.4byte	.LVL78
 1827 00c3 0100     		.2byte	0x1
 1828 00c5 50       		.byte	0x50
 1829 00c6 00000000 		.4byte	0
 1830 00ca 00000000 		.4byte	0
 1831              	.LLST1:
 1832 00ce AE010000 		.4byte	.LVL65
 1833 00d2 B6010000 		.4byte	.LVL66
 1834 00d6 0100     		.2byte	0x1
 1835 00d8 53       		.byte	0x53
 1836 00d9 B6010000 		.4byte	.LVL66
 1837 00dd BA010000 		.4byte	.LVL67
 1838 00e1 1300     		.2byte	0x13
 1839 00e3 72       		.byte	0x72
 1840 00e4 00       		.sleb128 0
 1841 00e5 38       		.byte	0x38
 1842 00e6 24       		.byte	0x24
 1843 00e7 7D       		.byte	0x7d
 1844 00e8 00       		.sleb128 0
 1845 00e9 94       		.byte	0x94
 1846 00ea 01       		.byte	0x1
 1847 00eb 08       		.byte	0x8
 1848 00ec FF       		.byte	0xff
 1849 00ed 1A       		.byte	0x1a
 1850 00ee 21       		.byte	0x21
 1851 00ef 09       		.byte	0x9
 1852 00f0 F4       		.byte	0xf4
 1853 00f1 24       		.byte	0x24
 1854 00f2 09       		.byte	0x9
 1855 00f3 FA       		.byte	0xfa
ARM GAS  C:\Users\ilami\AppData\Local\Temp\ccqmPXLf.s 			page 40


 1856 00f4 26       		.byte	0x26
 1857 00f5 9F       		.byte	0x9f
 1858 00f6 00000000 		.4byte	0
 1859 00fa 00000000 		.4byte	0
 1860              	.LLST2:
 1861 00fe DA010000 		.4byte	.LVL70
 1862 0102 E2010000 		.4byte	.LVL71
 1863 0106 0100     		.2byte	0x1
 1864 0108 53       		.byte	0x53
 1865 0109 E2010000 		.4byte	.LVL71
 1866 010d E6010000 		.4byte	.LVL72
 1867 0111 1400     		.2byte	0x14
 1868 0113 72       		.byte	0x72
 1869 0114 00       		.sleb128 0
 1870 0115 38       		.byte	0x38
 1871 0116 24       		.byte	0x24
 1872 0117 91       		.byte	0x91
 1873 0118 B27F     		.sleb128 -78
 1874 011a 94       		.byte	0x94
 1875 011b 01       		.byte	0x1
 1876 011c 08       		.byte	0x8
 1877 011d FF       		.byte	0xff
 1878 011e 1A       		.byte	0x1a
 1879 011f 21       		.byte	0x21
 1880 0120 09       		.byte	0x9
 1881 0121 F4       		.byte	0xf4
 1882 0122 24       		.byte	0x24
 1883 0123 09       		.byte	0x9
 1884 0124 FA       		.byte	0xfa
 1885 0125 26       		.byte	0x26
 1886 0126 9F       		.byte	0x9f
 1887 0127 00000000 		.4byte	0
 1888 012b 00000000 		.4byte	0
 1889              	.LLST3:
 1890 012f 04020000 		.4byte	.LVL75
 1891 0133 0C020000 		.4byte	.LVL76
 1892 0137 0100     		.2byte	0x1
 1893 0139 53       		.byte	0x53
 1894 013a 0C020000 		.4byte	.LVL76
 1895 013e 10020000 		.4byte	.LVL77
 1896 0142 1400     		.2byte	0x14
 1897 0144 72       		.byte	0x72
 1898 0145 00       		.sleb128 0
 1899 0146 38       		.byte	0x38
 1900 0147 24       		.byte	0x24
 1901 0148 91       		.byte	0x91
 1902 0149 B47F     		.sleb128 -76
 1903 014b 94       		.byte	0x94
 1904 014c 01       		.byte	0x1
 1905 014d 08       		.byte	0x8
 1906 014e FF       		.byte	0xff
 1907 014f 1A       		.byte	0x1a
 1908 0150 21       		.byte	0x21
 1909 0151 09       		.byte	0x9
 1910 0152 F4       		.byte	0xf4
 1911 0153 24       		.byte	0x24
 1912 0154 09       		.byte	0x9
ARM GAS  C:\Users\ilami\AppData\Local\Temp\ccqmPXLf.s 			page 41


 1913 0155 FA       		.byte	0xfa
 1914 0156 26       		.byte	0x26
 1915 0157 9F       		.byte	0x9f
 1916 0158 00000000 		.4byte	0
 1917 015c 00000000 		.4byte	0
 1918              	.LLST4:
 1919 0160 14000000 		.4byte	.LVL2
 1920 0164 18000000 		.4byte	.LVL3
 1921 0168 0200     		.2byte	0x2
 1922 016a 30       		.byte	0x30
 1923 016b 9F       		.byte	0x9f
 1924 016c 18000000 		.4byte	.LVL3
 1925 0170 38010000 		.4byte	.LVL51
 1926 0174 0100     		.2byte	0x1
 1927 0176 54       		.byte	0x54
 1928 0177 00000000 		.4byte	0
 1929 017b 00000000 		.4byte	0
 1930              		.section	.debug_aranges,"",%progbits
 1931 0000 1C000000 		.4byte	0x1c
 1932 0004 0200     		.2byte	0x2
 1933 0006 00000000 		.4byte	.Ldebug_info0
 1934 000a 04       		.byte	0x4
 1935 000b 00       		.byte	0
 1936 000c 0000     		.2byte	0
 1937 000e 0000     		.2byte	0
 1938 0010 00000000 		.4byte	.LFB64
 1939 0014 54020000 		.4byte	.LFE64-.LFB64
 1940 0018 00000000 		.4byte	0
 1941 001c 00000000 		.4byte	0
 1942              		.section	.debug_ranges,"",%progbits
 1943              	.Ldebug_ranges0:
 1944 0000 00000000 		.4byte	.LFB64
 1945 0004 54020000 		.4byte	.LFE64
 1946 0008 00000000 		.4byte	0
 1947 000c 00000000 		.4byte	0
 1948              		.section	.debug_line,"",%progbits
 1949              	.Ldebug_line0:
 1950 0000 6E020000 		.section	.debug_str,"MS",%progbits,1
 1950      0200FD01 
 1950      00000201 
 1950      FB0E0D00 
 1950      01010101 
 1951              	.LASF24:
 1952 0000 6D657373 		.ascii	"message\000"
 1952      61676500 
 1953              	.LASF33:
 1954 0008 68656164 		.ascii	"header\000"
 1954      657200
 1955              	.LASF2:
 1956 000f 5F5F7569 		.ascii	"__uint8_t\000"
 1956      6E74385F 
 1956      7400
 1957              	.LASF39:
 1958 0019 55415254 		.ascii	"UART_Debug_PutString\000"
 1958      5F446562 
 1958      75675F50 
 1958      75745374 
ARM GAS  C:\Users\ilami\AppData\Local\Temp\ccqmPXLf.s 			page 42


 1958      72696E67 
 1959              	.LASF37:
 1960 002e 4932435F 		.ascii	"I2C_Peripheral_IsDeviceConnected\000"
 1960      50657269 
 1960      70686572 
 1960      616C5F49 
 1960      73446576 
 1961              	.LASF6:
 1962 004f 5F5F696E 		.ascii	"__int32_t\000"
 1962      7433325F 
 1962      7400
 1963              	.LASF7:
 1964 0059 6C6F6E67 		.ascii	"long int\000"
 1964      20696E74 
 1964      00
 1965              	.LASF46:
 1966 0062 55415254 		.ascii	"UART_Debug_PutArray\000"
 1966      5F446562 
 1966      75675F50 
 1966      75744172 
 1966      72617900 
 1967              	.LASF21:
 1968 0076 4572726F 		.ascii	"ErrorCode\000"
 1968      72436F64 
 1968      6500
 1969              	.LASF14:
 1970 0080 696E7433 		.ascii	"int32_t\000"
 1970      325F7400 
 1971              	.LASF16:
 1972 0088 666C6F61 		.ascii	"float\000"
 1972      7400
 1973              	.LASF35:
 1974 008e 4F757441 		.ascii	"OutArray\000"
 1974      72726179 
 1974      00
 1975              	.LASF1:
 1976 0097 756E7369 		.ascii	"unsigned char\000"
 1976      676E6564 
 1976      20636861 
 1976      7200
 1977              	.LASF47:
 1978 00a5 474E5520 		.ascii	"GNU C11 5.4.1 20160609 (release) [ARM/embedded-5-br"
 1978      43313120 
 1978      352E342E 
 1978      31203230 
 1978      31363036 
 1979 00d8 616E6368 		.ascii	"anch revision 237715] -mcpu=cortex-m3 -mthumb -g -O"
 1979      20726576 
 1979      6973696F 
 1979      6E203233 
 1979      37373135 
 1980 010b 67202D66 		.ascii	"g -ffunction-sections -ffat-lto-objects\000"
 1980      66756E63 
 1980      74696F6E 
 1980      2D736563 
 1980      74696F6E 
 1981              	.LASF15:
ARM GAS  C:\Users\ilami\AppData\Local\Temp\ccqmPXLf.s 			page 43


 1982 0133 696E7431 		.ascii	"int16\000"
 1982      3600
 1983              	.LASF8:
 1984 0139 6C6F6E67 		.ascii	"long unsigned int\000"
 1984      20756E73 
 1984      69676E65 
 1984      6420696E 
 1984      7400
 1985              	.LASF5:
 1986 014b 73686F72 		.ascii	"short unsigned int\000"
 1986      7420756E 
 1986      7369676E 
 1986      65642069 
 1986      6E7400
 1987              	.LASF34:
 1988 015e 666F6F74 		.ascii	"footer\000"
 1988      657200
 1989              	.LASF49:
 1990 0165 433A5C55 		.ascii	"C:\\Users\\ilami\\Desktop\\PSoC_03\\AY1920_II_HW_05"
 1990      73657273 
 1990      5C696C61 
 1990      6D695C44 
 1990      65736B74 
 1991 0193 5F50524F 		.ascii	"_PROJ_N2.2.cydsn\000"
 1991      4A5F4E32 
 1991      2E322E63 
 1991      7964736E 
 1991      00
 1992              	.LASF17:
 1993 01a4 646F7562 		.ascii	"double\000"
 1993      6C6500
 1994              	.LASF45:
 1995 01ab 4932435F 		.ascii	"I2C_Peripheral_ReadRegisterMulti\000"
 1995      50657269 
 1995      70686572 
 1995      616C5F52 
 1995      65616452 
 1996              	.LASF36:
 1997 01cc 44617461 		.ascii	"Data\000"
 1997      00
 1998              	.LASF44:
 1999 01d1 4932435F 		.ascii	"I2C_Peripheral_WriteRegister\000"
 1999      50657269 
 1999      70686572 
 1999      616C5F57 
 1999      72697465 
 2000              	.LASF50:
 2001 01ee 6D61696E 		.ascii	"main\000"
 2001      00
 2002              	.LASF3:
 2003 01f3 5F5F696E 		.ascii	"__int16_t\000"
 2003      7431365F 
 2003      7400
 2004              	.LASF28:
 2005 01fd 6374726C 		.ascii	"ctrl_reg1\000"
 2005      5F726567 
 2005      3100
ARM GAS  C:\Users\ilami\AppData\Local\Temp\ccqmPXLf.s 			page 44


 2006              	.LASF29:
 2007 0207 6374726C 		.ascii	"ctrl_reg4\000"
 2007      5F726567 
 2007      3400
 2008              	.LASF11:
 2009 0211 756E7369 		.ascii	"unsigned int\000"
 2009      676E6564 
 2009      20696E74 
 2009      00
 2010              	.LASF10:
 2011 021e 6C6F6E67 		.ascii	"long long unsigned int\000"
 2011      206C6F6E 
 2011      6720756E 
 2011      7369676E 
 2011      65642069 
 2012              	.LASF12:
 2013 0235 75696E74 		.ascii	"uint8_t\000"
 2013      385F7400 
 2014              	.LASF13:
 2015 023d 696E7431 		.ascii	"int16_t\000"
 2015      365F7400 
 2016              	.LASF51:
 2017 0245 49544D5F 		.ascii	"ITM_RxBuffer\000"
 2017      52784275 
 2017      66666572 
 2017      00
 2018              	.LASF30:
 2019 0252 4F757458 		.ascii	"OutX\000"
 2019      00
 2020              	.LASF31:
 2021 0257 4F757459 		.ascii	"OutY\000"
 2021      00
 2022              	.LASF32:
 2023 025c 4F75745A 		.ascii	"OutZ\000"
 2023      00
 2024              	.LASF23:
 2025 0261 73697A65 		.ascii	"sizetype\000"
 2025      74797065 
 2025      00
 2026              	.LASF26:
 2027 026a 6572726F 		.ascii	"error\000"
 2027      7200
 2028              	.LASF9:
 2029 0270 6C6F6E67 		.ascii	"long long int\000"
 2029      206C6F6E 
 2029      6720696E 
 2029      7400
 2030              	.LASF41:
 2031 027e 55415254 		.ascii	"UART_Debug_Start\000"
 2031      5F446562 
 2031      75675F53 
 2031      74617274 
 2031      00
 2032              	.LASF48:
 2033 028f 6D61696E 		.ascii	"main.c\000"
 2033      2E6300
 2034              	.LASF18:
ARM GAS  C:\Users\ilami\AppData\Local\Temp\ccqmPXLf.s 			page 45


 2035 0296 63686172 		.ascii	"char\000"
 2035      00
 2036              	.LASF43:
 2037 029b 4932435F 		.ascii	"I2C_Peripheral_ReadRegister\000"
 2037      50657269 
 2037      70686572 
 2037      616C5F52 
 2037      65616452 
 2038              	.LASF4:
 2039 02b7 73686F72 		.ascii	"short int\000"
 2039      7420696E 
 2039      7400
 2040              	.LASF19:
 2041 02c1 4E4F5F45 		.ascii	"NO_ERROR\000"
 2041      52524F52 
 2041      00
 2042              	.LASF20:
 2043 02ca 4552524F 		.ascii	"ERROR\000"
 2043      5200
 2044              	.LASF27:
 2045 02d0 73746174 		.ascii	"status_register\000"
 2045      75735F72 
 2045      65676973 
 2045      74657200 
 2046              	.LASF22:
 2047 02e0 6C6F6E67 		.ascii	"long double\000"
 2047      20646F75 
 2047      626C6500 
 2048              	.LASF0:
 2049 02ec 7369676E 		.ascii	"signed char\000"
 2049      65642063 
 2049      68617200 
 2050              	.LASF25:
 2051 02f8 77686F5F 		.ascii	"who_am_i_reg\000"
 2051      616D5F69 
 2051      5F726567 
 2051      00
 2052              	.LASF38:
 2053 0305 73707269 		.ascii	"sprintf\000"
 2053      6E746600 
 2054              	.LASF42:
 2055 030d 43794465 		.ascii	"CyDelay\000"
 2055      6C617900 
 2056              	.LASF40:
 2057 0315 4932435F 		.ascii	"I2C_Peripheral_Start\000"
 2057      50657269 
 2057      70686572 
 2057      616C5F53 
 2057      74617274 
 2058              		.ident	"GCC: (GNU Tools for ARM Embedded Processors) 5.4.1 20160609 (release) [ARM/embedded-5-bran
