ARM GAS  C:\Users\ilami\AppData\Local\Temp\ccCNr5tU.s 			page 1


   1              		.syntax unified
   2              		.cpu cortex-m3
   3              		.fpu softvfp
   4              		.eabi_attribute 20, 1
   5              		.eabi_attribute 21, 1
   6              		.eabi_attribute 23, 3
   7              		.eabi_attribute 24, 1
   8              		.eabi_attribute 25, 1
   9              		.eabi_attribute 26, 1
  10              		.eabi_attribute 30, 1
  11              		.eabi_attribute 34, 1
  12              		.eabi_attribute 18, 4
  13              		.thumb
  14              		.syntax unified
  15              		.file	"main.c"
  16              		.text
  17              	.Ltext0:
  18              		.cfi_sections	.debug_frame
  19              		.global	__aeabi_i2f
  20              		.global	__aeabi_fdiv
  21              		.global	__aeabi_f2iz
  22              		.section	.text.main,"ax",%progbits
  23              		.align	2
  24              		.global	main
  25              		.thumb
  26              		.thumb_func
  27              		.type	main, %function
  28              	main:
  29              	.LFB64:
  30              		.file 1 "main.c"
   1:main.c        **** /**
   2:main.c        **** * \brief Main source file for the I2C-Master project.
   3:main.c        **** *
   4:main.c        **** * In this project we set up a I2C master device with
   5:main.c        **** * to understand the I2C protocol and communicate with a
   6:main.c        **** * a I2C Slave device (LIS3DH Accelerometer).
   7:main.c        **** *
   8:main.c        **** * \author Gabriele Belotti
   9:main.c        **** * \date , 2020
  10:main.c        **** */
  11:main.c        **** 
  12:main.c        **** // Include required header files
  13:main.c        **** #include "I2C_Interface.h"
  14:main.c        **** #include "project.h"
  15:main.c        **** #include "stdio.h"
  16:main.c        **** 
  17:main.c        **** /**
  18:main.c        **** *   \brief 7-bit I2C address of the slave device.
  19:main.c        **** */
  20:main.c        **** #define LIS3DH_DEVICE_ADDRESS 0x18
  21:main.c        **** 
  22:main.c        **** /**
  23:main.c        **** *   \brief Address of the WHO AM I register
  24:main.c        **** */
  25:main.c        **** #define LIS3DH_WHO_AM_I_REG_ADDR 0x0F
  26:main.c        **** 
  27:main.c        **** /**
ARM GAS  C:\Users\ilami\AppData\Local\Temp\ccCNr5tU.s 			page 2


  28:main.c        **** *   \brief Address of the Status register
  29:main.c        **** */
  30:main.c        **** #define LIS3DH_STATUS_REG 0x27
  31:main.c        **** 
  32:main.c        **** /**
  33:main.c        **** *   \new Data on the Status register
  34:main.c        **** */
  35:main.c        **** //#define LIS3DH_STATUS_REG_NEWDATA 0x08 //if ZYXDA == 1
  36:main.c        **** #define LIS3DH_STATUS_REG_NEWDATAX 0x01 //if XDA == 1
  37:main.c        **** #define LIS3DH_STATUS_REG_NEWDATAY 0x02 //if YDA == 1
  38:main.c        **** #define LIS3DH_STATUS_REG_NEWDATAZ 0x04 //if ZDA == 1
  39:main.c        **** 
  40:main.c        **** /**
  41:main.c        **** *   \brief Address of the Control register 1
  42:main.c        **** */
  43:main.c        **** #define LIS3DH_CTRL_REG1 0x20 
  44:main.c        **** 
  45:main.c        **** /**
  46:main.c        **** *   \brief Hex value to set normal mode to the accelerator
  47:main.c        **** */
  48:main.c        **** #define LIS3DH_NORMAL_MODE_CTRL_REG1 0x57 //0101 to set 100hz
  49:main.c        ****                                           //0111 normal or high res mode and axis enabled
  50:main.c        **** 
  51:main.c        **** 
  52:main.c        **** #define LIS3DH_CTRL_REG4 0x23 
  53:main.c        **** 
  54:main.c        **** #define LIS3DH_CTRL_REG4_ACTIVE 0x9B // set BDU active, ±4.0 g FSR, high resol mode 
  55:main.c        **** 
  56:main.c        **** /**
  57:main.c        **** *   \brief Address of the ADC output for the 3 axis, MSB (H) and LSB (L) register
  58:main.c        **** */
  59:main.c        **** #define LIS3DH_OUT_X_L 0x28
  60:main.c        **** #define LIS3DH_OUT_X_H 0x29
  61:main.c        **** #define LIS3DH_OUT_Y_L 0x2A
  62:main.c        **** #define LIS3DH_OUT_Y_H 0x2B
  63:main.c        **** #define LIS3DH_OUT_Z_L 0x2C
  64:main.c        **** #define LIS3DH_OUT_Z_H 0x2D
  65:main.c        **** 
  66:main.c        **** 
  67:main.c        **** int main(void)
  68:main.c        **** {
  31              		.loc 1 68 0
  32              		.cfi_startproc
  33              		@ args = 0, pretend = 0, frame = 72
  34              		@ frame_needed = 0, uses_anonymous_args = 0
  35 0000 10B5     		push	{r4, lr}
  36              		.cfi_def_cfa_offset 8
  37              		.cfi_offset 4, -8
  38              		.cfi_offset 14, -4
  39 0002 92B0     		sub	sp, sp, #72
  40              		.cfi_def_cfa_offset 80
  69:main.c        ****     CyGlobalIntEnable; /* Enable global interrupts. */
  41              		.loc 1 69 0
  42              		.syntax unified
  43              	@ 69 "main.c" 1
  44 0004 62B6     		CPSIE   i
  45              	@ 0 "" 2
ARM GAS  C:\Users\ilami\AppData\Local\Temp\ccCNr5tU.s 			page 3


  70:main.c        **** 
  71:main.c        ****     /* Place your initialization/startup code here (e.g. MyInst_Start()) */
  72:main.c        ****     I2C_Peripheral_Start();
  46              		.loc 1 72 0
  47              		.thumb
  48              		.syntax unified
  49 0006 FFF7FEFF 		bl	I2C_Peripheral_Start
  50              	.LVL0:
  73:main.c        ****     UART_Debug_Start();
  51              		.loc 1 73 0
  52 000a FFF7FEFF 		bl	UART_Debug_Start
  53              	.LVL1:
  74:main.c        ****     
  75:main.c        ****     CyDelay(5); //"The boot procedure is complete about 5 milliseconds after device power-up."
  54              		.loc 1 75 0
  55 000e 0520     		movs	r0, #5
  56 0010 FFF7FEFF 		bl	CyDelay
  57              	.LVL2:
  58              	.LBB2:
  76:main.c        ****     
  77:main.c        ****     // String to print out messages on the UART
  78:main.c        ****     char message[50];
  79:main.c        **** 
  80:main.c        ****     // Check which devices are present on the I2C bus
  81:main.c        ****     for (int i = 0 ; i < 128; i++)
  59              		.loc 1 81 0
  60 0014 0024     		movs	r4, #0
  61 0016 0CE0     		b	.L2
  62              	.LVL3:
  63              	.L4:
  82:main.c        ****     {
  83:main.c        ****         if (I2C_Peripheral_IsDeviceConnected(i))
  64              		.loc 1 83 0
  65 0018 E0B2     		uxtb	r0, r4
  66 001a FFF7FEFF 		bl	I2C_Peripheral_IsDeviceConnected
  67              	.LVL4:
  68 001e 38B1     		cbz	r0, .L3
  84:main.c        ****         {
  85:main.c        ****             // print out the address is hex format
  86:main.c        ****             sprintf(message, "Device 0x%02X is connected\r\n", i);
  69              		.loc 1 86 0
  70 0020 2246     		mov	r2, r4
  71 0022 9049     		ldr	r1, .L28
  72 0024 05A8     		add	r0, sp, #20
  73 0026 FFF7FEFF 		bl	sprintf
  74              	.LVL5:
  87:main.c        ****             UART_Debug_PutString(message); 
  75              		.loc 1 87 0
  76 002a 05A8     		add	r0, sp, #20
  77 002c FFF7FEFF 		bl	UART_Debug_PutString
  78              	.LVL6:
  79              	.L3:
  81:main.c        ****     {
  80              		.loc 1 81 0 discriminator 2
  81 0030 0134     		adds	r4, r4, #1
  82              	.LVL7:
  83              	.L2:
ARM GAS  C:\Users\ilami\AppData\Local\Temp\ccCNr5tU.s 			page 4


  81:main.c        ****     {
  84              		.loc 1 81 0 is_stmt 0 discriminator 1
  85 0032 7F2C     		cmp	r4, #127
  86 0034 F0DD     		ble	.L4
  87              	.LBE2:
  88:main.c        ****         }
  89:main.c        ****         
  90:main.c        ****     }
  91:main.c        ****     
  92:main.c        ****     /******************************************/
  93:main.c        ****     /*            I2C Reading                 */
  94:main.c        ****     /******************************************/
  95:main.c        ****     
  96:main.c        ****     /* Read WHO AM I REGISTER register */
  97:main.c        ****     uint8_t who_am_i_reg;
  98:main.c        ****     ErrorCode error = I2C_Peripheral_ReadRegister(LIS3DH_DEVICE_ADDRESS,
  88              		.loc 1 98 0 is_stmt 1
  89 0036 0DF11302 		add	r2, sp, #19
  90 003a 0F21     		movs	r1, #15
  91 003c 1820     		movs	r0, #24
  92 003e FFF7FEFF 		bl	I2C_Peripheral_ReadRegister
  93              	.LVL8:
  99:main.c        ****                                                   LIS3DH_WHO_AM_I_REG_ADDR, 
 100:main.c        ****                                                   &who_am_i_reg);
 101:main.c        ****     if (error == NO_ERROR)
  94              		.loc 1 101 0
  95 0042 48B9     		cbnz	r0, .L5
 102:main.c        ****     {
 103:main.c        ****         sprintf(message, "WHO AM I REG: 0x%02X [Expected: 0x33]\r\n", who_am_i_reg);
  96              		.loc 1 103 0
  97 0044 9DF81320 		ldrb	r2, [sp, #19]	@ zero_extendqisi2
  98 0048 8749     		ldr	r1, .L28+4
  99 004a 05A8     		add	r0, sp, #20
 100              	.LVL9:
 101 004c FFF7FEFF 		bl	sprintf
 102              	.LVL10:
 104:main.c        ****         UART_Debug_PutString(message); 
 103              		.loc 1 104 0
 104 0050 05A8     		add	r0, sp, #20
 105 0052 FFF7FEFF 		bl	UART_Debug_PutString
 106              	.LVL11:
 107 0056 02E0     		b	.L6
 108              	.LVL12:
 109              	.L5:
 105:main.c        ****     }
 106:main.c        ****     else
 107:main.c        ****     {
 108:main.c        ****         UART_Debug_PutString("Error occurred during I2C comm\r\n");   
 110              		.loc 1 108 0
 111 0058 8448     		ldr	r0, .L28+8
 112              	.LVL13:
 113 005a FFF7FEFF 		bl	UART_Debug_PutString
 114              	.LVL14:
 115              	.L6:
 109:main.c        ****     }
 110:main.c        ****     
 111:main.c        ****     /*      I2C Reading Status Register       */
ARM GAS  C:\Users\ilami\AppData\Local\Temp\ccCNr5tU.s 			page 5


 112:main.c        ****     
 113:main.c        ****     uint8_t status_register; 
 114:main.c        ****     error = I2C_Peripheral_ReadRegister(LIS3DH_DEVICE_ADDRESS,
 116              		.loc 1 114 0
 117 005e 0DF11202 		add	r2, sp, #18
 118 0062 2721     		movs	r1, #39
 119 0064 1820     		movs	r0, #24
 120 0066 FFF7FEFF 		bl	I2C_Peripheral_ReadRegister
 121              	.LVL15:
 115:main.c        ****                                         LIS3DH_STATUS_REG,
 116:main.c        ****                                         &status_register);
 117:main.c        ****     
 118:main.c        ****     if (error == NO_ERROR)
 122              		.loc 1 118 0
 123 006a 48B9     		cbnz	r0, .L7
 119:main.c        ****     {
 120:main.c        ****         sprintf(message, "STATUS REGISTER: 0x%02X\r\n", status_register);
 124              		.loc 1 120 0
 125 006c 9DF81220 		ldrb	r2, [sp, #18]	@ zero_extendqisi2
 126 0070 7F49     		ldr	r1, .L28+12
 127 0072 05A8     		add	r0, sp, #20
 128              	.LVL16:
 129 0074 FFF7FEFF 		bl	sprintf
 130              	.LVL17:
 121:main.c        ****         UART_Debug_PutString(message); 
 131              		.loc 1 121 0
 132 0078 05A8     		add	r0, sp, #20
 133 007a FFF7FEFF 		bl	UART_Debug_PutString
 134              	.LVL18:
 135 007e 02E0     		b	.L8
 136              	.LVL19:
 137              	.L7:
 122:main.c        ****     }
 123:main.c        ****     else
 124:main.c        ****     {
 125:main.c        ****         UART_Debug_PutString("Error occurred during I2C comm to read status register\r\n");   
 138              		.loc 1 125 0
 139 0080 7C48     		ldr	r0, .L28+16
 140              	.LVL20:
 141 0082 FFF7FEFF 		bl	UART_Debug_PutString
 142              	.LVL21:
 143              	.L8:
 126:main.c        ****     }
 127:main.c        ****     
 128:main.c        ****     /******************************************/
 129:main.c        ****     /*        Read Control Register 1         */
 130:main.c        ****     /******************************************/
 131:main.c        ****     uint8_t ctrl_reg1; 
 132:main.c        ****     error = I2C_Peripheral_ReadRegister(LIS3DH_DEVICE_ADDRESS,
 144              		.loc 1 132 0
 145 0086 0DF11102 		add	r2, sp, #17
 146 008a 2021     		movs	r1, #32
 147 008c 1820     		movs	r0, #24
 148 008e FFF7FEFF 		bl	I2C_Peripheral_ReadRegister
 149              	.LVL22:
 133:main.c        ****                                         LIS3DH_CTRL_REG1,
 134:main.c        ****                                         &ctrl_reg1);
ARM GAS  C:\Users\ilami\AppData\Local\Temp\ccCNr5tU.s 			page 6


 135:main.c        ****     
 136:main.c        ****     if (error == NO_ERROR)
 150              		.loc 1 136 0
 151 0092 48B9     		cbnz	r0, .L9
 137:main.c        ****     {
 138:main.c        ****         sprintf(message, "CONTROL REGISTER 1: 0x%02X\r\n", ctrl_reg1);
 152              		.loc 1 138 0
 153 0094 9DF81120 		ldrb	r2, [sp, #17]	@ zero_extendqisi2
 154 0098 7749     		ldr	r1, .L28+20
 155 009a 05A8     		add	r0, sp, #20
 156              	.LVL23:
 157 009c FFF7FEFF 		bl	sprintf
 158              	.LVL24:
 139:main.c        ****         UART_Debug_PutString(message); 
 159              		.loc 1 139 0
 160 00a0 05A8     		add	r0, sp, #20
 161 00a2 FFF7FEFF 		bl	UART_Debug_PutString
 162              	.LVL25:
 163 00a6 02E0     		b	.L10
 164              	.LVL26:
 165              	.L9:
 140:main.c        ****     }
 141:main.c        ****     else
 142:main.c        ****     {
 143:main.c        ****         UART_Debug_PutString("Error occurred during I2C comm to read control register 1\r\n");   
 166              		.loc 1 143 0
 167 00a8 7448     		ldr	r0, .L28+24
 168              	.LVL27:
 169 00aa FFF7FEFF 		bl	UART_Debug_PutString
 170              	.LVL28:
 171              	.L10:
 144:main.c        ****     }
 145:main.c        ****     
 146:main.c        ****     /******************************************/
 147:main.c        ****     /*            I2C Writing                 */
 148:main.c        ****     /******************************************/
 149:main.c        ****     
 150:main.c        ****         
 151:main.c        ****     UART_Debug_PutString("\r\nWriting new values..\r\n");
 172              		.loc 1 151 0
 173 00ae 7448     		ldr	r0, .L28+28
 174 00b0 FFF7FEFF 		bl	UART_Debug_PutString
 175              	.LVL29:
 152:main.c        ****     
 153:main.c        ****     if (ctrl_reg1 != LIS3DH_NORMAL_MODE_CTRL_REG1)
 176              		.loc 1 153 0
 177 00b4 9DF81130 		ldrb	r3, [sp, #17]	@ zero_extendqisi2
 178 00b8 572B     		cmp	r3, #87
 179 00ba 14D0     		beq	.L11
 154:main.c        ****     {
 155:main.c        ****         ctrl_reg1 = LIS3DH_NORMAL_MODE_CTRL_REG1;
 180              		.loc 1 155 0
 181 00bc 5722     		movs	r2, #87
 182 00be 8DF81120 		strb	r2, [sp, #17]
 156:main.c        ****     
 157:main.c        ****         error = I2C_Peripheral_WriteRegister(LIS3DH_DEVICE_ADDRESS,
 183              		.loc 1 157 0
ARM GAS  C:\Users\ilami\AppData\Local\Temp\ccCNr5tU.s 			page 7


 184 00c2 2021     		movs	r1, #32
 185 00c4 1820     		movs	r0, #24
 186 00c6 FFF7FEFF 		bl	I2C_Peripheral_WriteRegister
 187              	.LVL30:
 158:main.c        ****                                              LIS3DH_CTRL_REG1,
 159:main.c        ****                                              ctrl_reg1);
 160:main.c        ****     
 161:main.c        ****         if (error == NO_ERROR)
 188              		.loc 1 161 0
 189 00ca 48B9     		cbnz	r0, .L12
 162:main.c        ****         {
 163:main.c        ****             sprintf(message, "CONTROL REGISTER 1 successfully written as: 0x%02X\r\n", ctrl_reg1);
 190              		.loc 1 163 0
 191 00cc 9DF81120 		ldrb	r2, [sp, #17]	@ zero_extendqisi2
 192 00d0 6C49     		ldr	r1, .L28+32
 193 00d2 05A8     		add	r0, sp, #20
 194              	.LVL31:
 195 00d4 FFF7FEFF 		bl	sprintf
 196              	.LVL32:
 164:main.c        ****             UART_Debug_PutString(message); 
 197              		.loc 1 164 0
 198 00d8 05A8     		add	r0, sp, #20
 199 00da FFF7FEFF 		bl	UART_Debug_PutString
 200              	.LVL33:
 201 00de 02E0     		b	.L11
 202              	.LVL34:
 203              	.L12:
 165:main.c        ****         }
 166:main.c        ****         else
 167:main.c        ****         {
 168:main.c        ****             UART_Debug_PutString("Error occurred during I2C comm to set control register 1\r\n");  
 204              		.loc 1 168 0
 205 00e0 6948     		ldr	r0, .L28+36
 206              	.LVL35:
 207 00e2 FFF7FEFF 		bl	UART_Debug_PutString
 208              	.LVL36:
 209              	.L11:
 169:main.c        ****         }
 170:main.c        ****     }
 171:main.c        ****     
 172:main.c        ****     /******************************************/
 173:main.c        ****     /*     Read Control Register 1 again      */
 174:main.c        ****     /******************************************/
 175:main.c        **** 
 176:main.c        ****     error = I2C_Peripheral_ReadRegister(LIS3DH_DEVICE_ADDRESS,
 210              		.loc 1 176 0
 211 00e6 0DF11102 		add	r2, sp, #17
 212 00ea 2021     		movs	r1, #32
 213 00ec 1820     		movs	r0, #24
 214 00ee FFF7FEFF 		bl	I2C_Peripheral_ReadRegister
 215              	.LVL37:
 177:main.c        ****                                         LIS3DH_CTRL_REG1,
 178:main.c        ****                                         &ctrl_reg1);
 179:main.c        ****     
 180:main.c        ****     if (error == NO_ERROR)
 216              		.loc 1 180 0
 217 00f2 48B9     		cbnz	r0, .L13
ARM GAS  C:\Users\ilami\AppData\Local\Temp\ccCNr5tU.s 			page 8


 181:main.c        ****     {
 182:main.c        ****         sprintf(message, "CONTROL REGISTER 1 after overwrite operation: 0x%02X\r\n", ctrl_reg1);
 218              		.loc 1 182 0
 219 00f4 9DF81120 		ldrb	r2, [sp, #17]	@ zero_extendqisi2
 220 00f8 6449     		ldr	r1, .L28+40
 221 00fa 05A8     		add	r0, sp, #20
 222              	.LVL38:
 223 00fc FFF7FEFF 		bl	sprintf
 224              	.LVL39:
 183:main.c        ****         UART_Debug_PutString(message); 
 225              		.loc 1 183 0
 226 0100 05A8     		add	r0, sp, #20
 227 0102 FFF7FEFF 		bl	UART_Debug_PutString
 228              	.LVL40:
 229 0106 02E0     		b	.L14
 230              	.LVL41:
 231              	.L13:
 184:main.c        ****     }
 185:main.c        ****     else
 186:main.c        ****     {
 187:main.c        ****         UART_Debug_PutString("Error occurred during I2C comm to read control register 1\r\n");   
 232              		.loc 1 187 0
 233 0108 5C48     		ldr	r0, .L28+24
 234              	.LVL42:
 235 010a FFF7FEFF 		bl	UART_Debug_PutString
 236              	.LVL43:
 237              	.L14:
 188:main.c        ****     }
 189:main.c        ****     
 190:main.c        ****     
 191:main.c        ****      /******************************************/
 192:main.c        ****      /*   Reading and Writing on ctrl reg 4 */
 193:main.c        ****      /******************************************/
 194:main.c        **** 
 195:main.c        ****     uint8_t ctrl_reg4;
 196:main.c        **** 
 197:main.c        ****     error = I2C_Peripheral_ReadRegister(LIS3DH_DEVICE_ADDRESS,
 238              		.loc 1 197 0
 239 010e 04AA     		add	r2, sp, #16
 240 0110 2321     		movs	r1, #35
 241 0112 1820     		movs	r0, #24
 242 0114 FFF7FEFF 		bl	I2C_Peripheral_ReadRegister
 243              	.LVL44:
 198:main.c        ****                                         LIS3DH_CTRL_REG4,
 199:main.c        ****                                         &ctrl_reg4);
 200:main.c        ****     
 201:main.c        ****     if (error == NO_ERROR)
 244              		.loc 1 201 0
 245 0118 48B9     		cbnz	r0, .L15
 202:main.c        ****     {
 203:main.c        ****         sprintf(message, "CONTROL REGISTER 4: 0x%02X\r\n", ctrl_reg4);
 246              		.loc 1 203 0
 247 011a 9DF81020 		ldrb	r2, [sp, #16]	@ zero_extendqisi2
 248 011e 5C49     		ldr	r1, .L28+44
 249 0120 05A8     		add	r0, sp, #20
 250              	.LVL45:
 251 0122 FFF7FEFF 		bl	sprintf
ARM GAS  C:\Users\ilami\AppData\Local\Temp\ccCNr5tU.s 			page 9


 252              	.LVL46:
 204:main.c        ****         UART_Debug_PutString(message); 
 253              		.loc 1 204 0
 254 0126 05A8     		add	r0, sp, #20
 255 0128 FFF7FEFF 		bl	UART_Debug_PutString
 256              	.LVL47:
 257 012c 02E0     		b	.L16
 258              	.LVL48:
 259              	.L15:
 205:main.c        ****     }
 206:main.c        ****     else
 207:main.c        ****     {
 208:main.c        ****         UART_Debug_PutString("Error occurred during I2C comm to read control register4\r\n");   
 260              		.loc 1 208 0
 261 012e 5948     		ldr	r0, .L28+48
 262              	.LVL49:
 263 0130 FFF7FEFF 		bl	UART_Debug_PutString
 264              	.LVL50:
 265              	.L16:
 209:main.c        ****     }
 210:main.c        ****     
 211:main.c        ****     
 212:main.c        ****     ctrl_reg4 = LIS3DH_CTRL_REG4_ACTIVE;
 266              		.loc 1 212 0
 267 0134 9B22     		movs	r2, #155
 268 0136 12AC     		add	r4, sp, #72
 269              	.LVL51:
 270 0138 04F8382D 		strb	r2, [r4, #-56]!
 213:main.c        ****     
 214:main.c        ****     error = I2C_Peripheral_WriteRegister(LIS3DH_DEVICE_ADDRESS,
 271              		.loc 1 214 0
 272 013c 2321     		movs	r1, #35
 273 013e 1820     		movs	r0, #24
 274 0140 FFF7FEFF 		bl	I2C_Peripheral_WriteRegister
 275              	.LVL52:
 215:main.c        ****                                          LIS3DH_CTRL_REG4,
 216:main.c        ****                                          ctrl_reg4);
 217:main.c        ****     
 218:main.c        ****     error = I2C_Peripheral_ReadRegister(LIS3DH_DEVICE_ADDRESS,
 276              		.loc 1 218 0
 277 0144 2246     		mov	r2, r4
 278 0146 2321     		movs	r1, #35
 279 0148 1820     		movs	r0, #24
 280 014a FFF7FEFF 		bl	I2C_Peripheral_ReadRegister
 281              	.LVL53:
 219:main.c        ****                                         LIS3DH_CTRL_REG4,
 220:main.c        ****                                         &ctrl_reg4);
 221:main.c        ****     
 222:main.c        ****     
 223:main.c        ****     if (error == NO_ERROR)
 282              		.loc 1 223 0
 283 014e 48B9     		cbnz	r0, .L17
 224:main.c        ****     {
 225:main.c        ****         sprintf(message, "CONTROL REGISTER 4 after being updated: 0x%02X\r\n", ctrl_reg4);
 284              		.loc 1 225 0
 285 0150 9DF81020 		ldrb	r2, [sp, #16]	@ zero_extendqisi2
 286 0154 5049     		ldr	r1, .L28+52
ARM GAS  C:\Users\ilami\AppData\Local\Temp\ccCNr5tU.s 			page 10


 287 0156 05A8     		add	r0, sp, #20
 288              	.LVL54:
 289 0158 FFF7FEFF 		bl	sprintf
 290              	.LVL55:
 226:main.c        ****         UART_Debug_PutString(message); 
 291              		.loc 1 226 0
 292 015c 05A8     		add	r0, sp, #20
 293 015e FFF7FEFF 		bl	UART_Debug_PutString
 294              	.LVL56:
 295 0162 02E0     		b	.L18
 296              	.LVL57:
 297              	.L17:
 227:main.c        ****     }
 228:main.c        ****     else
 229:main.c        ****     {
 230:main.c        ****         UART_Debug_PutString("Error occurred during I2C comm to read control register4\r\n");   
 298              		.loc 1 230 0
 299 0164 4B48     		ldr	r0, .L28+48
 300              	.LVL58:
 301 0166 FFF7FEFF 		bl	UART_Debug_PutString
 302              	.LVL59:
 303              	.L18:
 231:main.c        ****     }
 232:main.c        ****     
 233:main.c        ****     //int16_t OutX;
 234:main.c        ****     //int16_t OutY;
 235:main.c        ****     //int16_t OutZ;
 236:main.c        ****     uint8_t header = 0xA0;
 237:main.c        ****     uint8_t footer = 0xC0;
 238:main.c        ****     //uint8_t OutArray[8]; 
 239:main.c        ****     uint8_t Data[6];
 240:main.c        ****     
 241:main.c        ****     //OutArray[0] = header;
 242:main.c        ****     //OutArray[7] = footer;
 243:main.c        ****     
 244:main.c        ****     int16_t OutX_ms2;
 245:main.c        ****     int16_t OutY_ms2;
 246:main.c        ****     int16_t OutZ_ms2;
 247:main.c        ****     uint8_t OutArray_ms2[8]; 
 248:main.c        ****     OutArray_ms2[0] = header;
 304              		.loc 1 248 0
 305 016a A023     		movs	r3, #160
 306 016c 8DF80030 		strb	r3, [sp]
 249:main.c        ****     OutArray_ms2[7] = footer;
 307              		.loc 1 249 0
 308 0170 C023     		movs	r3, #192
 309 0172 8DF80730 		strb	r3, [sp, #7]
 310              	.LVL60:
 311              	.L26:
 250:main.c        ****     
 251:main.c        ****     float32 mg = 9.80665;
 252:main.c        ****     
 253:main.c        ****     for(;;)
 254:main.c        ****     {
 255:main.c        ****         CyDelay(100);
 312              		.loc 1 255 0
 313 0176 6420     		movs	r0, #100
ARM GAS  C:\Users\ilami\AppData\Local\Temp\ccCNr5tU.s 			page 11


 314 0178 FFF7FEFF 		bl	CyDelay
 315              	.LVL61:
 256:main.c        ****         
 257:main.c        ****         /*      I2C Reading Status Register       */
 258:main.c        ****      
 259:main.c        ****     error = I2C_Peripheral_ReadRegister(LIS3DH_DEVICE_ADDRESS,
 316              		.loc 1 259 0
 317 017c 0DF11202 		add	r2, sp, #18
 318 0180 2721     		movs	r1, #39
 319 0182 1820     		movs	r0, #24
 320 0184 FFF7FEFF 		bl	I2C_Peripheral_ReadRegister
 321              	.LVL62:
 260:main.c        ****                                         LIS3DH_STATUS_REG,
 261:main.c        ****                                         &status_register);
 262:main.c        ****     
 263:main.c        ****     if (error != NO_ERROR)
 322              		.loc 1 263 0
 323 0188 10B1     		cbz	r0, .L19
 264:main.c        ****     {
 265:main.c        ****         UART_Debug_PutString("Error occurred during I2C comm to read status register\r\n");   
 324              		.loc 1 265 0
 325 018a 3A48     		ldr	r0, .L28+16
 326              	.LVL63:
 327 018c FFF7FEFF 		bl	UART_Debug_PutString
 328              	.LVL64:
 329              	.L19:
 266:main.c        ****     }
 267:main.c        ****     
 268:main.c        ****     // if new data is available:
 269:main.c        ****         
 270:main.c        ****         if((LIS3DH_STATUS_REG & LIS3DH_STATUS_REG_NEWDATAX) == LIS3DH_STATUS_REG_NEWDATAX)
 271:main.c        ****         {
 272:main.c        ****             error = I2C_Peripheral_ReadRegisterMulti(LIS3DH_DEVICE_ADDRESS,
 330              		.loc 1 272 0
 331 0190 02AB     		add	r3, sp, #8
 332 0192 0222     		movs	r2, #2
 333 0194 2821     		movs	r1, #40
 334 0196 1820     		movs	r0, #24
 335 0198 FFF7FEFF 		bl	I2C_Peripheral_ReadRegisterMulti
 336              	.LVL65:
 273:main.c        ****                                                  LIS3DH_OUT_X_L,
 274:main.c        ****                                                  2, // 2 byte to be read
 275:main.c        ****                                                  &Data[0]);
 276:main.c        ****             if(error == NO_ERROR)
 337              		.loc 1 276 0
 338 019c C8B9     		cbnz	r0, .L20
 277:main.c        ****         {
 278:main.c        ****             //OutX = (int16)((Data[0] | (Data[1]<<8)))>>4;
 279:main.c        ****             //OutArray[1] = (uint8_t)(OutX & 0xFF);
 280:main.c        ****             //OutArray[2] = (uint8_t)(OutX >> 8);
 281:main.c        ****             
 282:main.c        ****             OutX_ms2 = ((int16)((Data[0] | (Data[1]<<8)))>>4)*2/16; // 2 mg/digit --> *2/16 ( for t
 339              		.loc 1 282 0
 340 019e 9DF80830 		ldrb	r3, [sp, #8]	@ zero_extendqisi2
 341 01a2 9DF80900 		ldrb	r0, [sp, #9]	@ zero_extendqisi2
 342              	.LVL66:
 343 01a6 43EA0020 		orr	r0, r3, r0, lsl #8
ARM GAS  C:\Users\ilami\AppData\Local\Temp\ccCNr5tU.s 			page 12


 344 01aa 40F30B10 		sbfx	r0, r0, #4, #12
 345 01ae 4000     		lsls	r0, r0, #1
 346 01b0 00D5     		bpl	.L21
 347 01b2 0F30     		adds	r0, r0, #15
 348              	.L21:
 349              	.LVL67:
 283:main.c        ****                                                                     // shift >>4 with the high reso
 284:main.c        ****                                                                     // using 2/16 : error in the ou
 285:main.c        ****                                                                     // then the value on the Z axis
 286:main.c        ****                                                                     // same for the other 2 axis
 287:main.c        ****             OutX_ms2 = ((int16)(OutX_ms2/(mg/10000)));  // the measure in output will be moltiplied
 350              		.loc 1 287 0
 351 01b4 0011     		asrs	r0, r0, #4
 352              	.LVL68:
 353 01b6 FFF7FEFF 		bl	__aeabi_i2f
 354              	.LVL69:
 355 01ba 3849     		ldr	r1, .L28+56
 356 01bc FFF7FEFF 		bl	__aeabi_fdiv
 357              	.LVL70:
 358 01c0 FFF7FEFF 		bl	__aeabi_f2iz
 359              	.LVL71:
 360 01c4 00B2     		sxth	r0, r0
 361              	.LVL72:
 288:main.c        ****                                                        // then I will divide it for 10000 in the Br
 289:main.c        ****                                                        // testing it with *2/128/mg/10000, I have a
 290:main.c        ****                                                        // which are not visible with the values cur
 291:main.c        ****             
 292:main.c        ****             OutArray_ms2[1] = (uint8_t)(OutX_ms2 & 0xFF);
 362              		.loc 1 292 0
 363 01c6 8DF80100 		strb	r0, [sp, #1]
 293:main.c        ****             OutArray_ms2[2] = (uint8_t)(OutX_ms2 >> 8);
 364              		.loc 1 293 0
 365 01ca C0F30720 		ubfx	r0, r0, #8, #8
 366              	.LVL73:
 367 01ce 8DF80200 		strb	r0, [sp, #2]
 368              	.L20:
 294:main.c        ****             
 295:main.c        ****         }
 296:main.c        ****         }
 297:main.c        ****         if((LIS3DH_STATUS_REG & LIS3DH_STATUS_REG_NEWDATAY) == LIS3DH_STATUS_REG_NEWDATAY)
 298:main.c        ****         {
 299:main.c        ****             error = I2C_Peripheral_ReadRegisterMulti(LIS3DH_DEVICE_ADDRESS,
 369              		.loc 1 299 0
 370 01d2 0DF10A03 		add	r3, sp, #10
 371 01d6 0222     		movs	r2, #2
 372 01d8 2A21     		movs	r1, #42
 373 01da 1820     		movs	r0, #24
 374 01dc FFF7FEFF 		bl	I2C_Peripheral_ReadRegisterMulti
 375              	.LVL74:
 300:main.c        ****                                                  LIS3DH_OUT_Y_L,
 301:main.c        ****                                                  2, // 2 byte to be read
 302:main.c        ****                                                  &Data[2]);
 303:main.c        ****             if(error == NO_ERROR)
 376              		.loc 1 303 0
 377 01e0 C8B9     		cbnz	r0, .L22
 304:main.c        ****         {
 305:main.c        ****             //OutY = (int16)((Data[2] | (Data[3]<<8)))>>4;
ARM GAS  C:\Users\ilami\AppData\Local\Temp\ccCNr5tU.s 			page 13


 306:main.c        ****             //OutArray[3] = (uint8_t)(OutY & 0xFF);
 307:main.c        ****             //OutArray[4] = (uint8_t)(OutY >> 8);
 308:main.c        ****             
 309:main.c        ****             OutY_ms2 = ((int16)((Data[2] | (Data[3]<<8)))>>4)*2/16;
 378              		.loc 1 309 0
 379 01e2 9DF80A30 		ldrb	r3, [sp, #10]	@ zero_extendqisi2
 380 01e6 9DF80B00 		ldrb	r0, [sp, #11]	@ zero_extendqisi2
 381              	.LVL75:
 382 01ea 43EA0020 		orr	r0, r3, r0, lsl #8
 383 01ee 40F30B10 		sbfx	r0, r0, #4, #12
 384 01f2 4000     		lsls	r0, r0, #1
 385 01f4 00D5     		bpl	.L23
 386 01f6 0F30     		adds	r0, r0, #15
 387              	.L23:
 388              	.LVL76:
 310:main.c        ****             OutY_ms2 = ((int16)(OutY_ms2/(mg/10000)));
 389              		.loc 1 310 0
 390 01f8 0011     		asrs	r0, r0, #4
 391              	.LVL77:
 392 01fa FFF7FEFF 		bl	__aeabi_i2f
 393              	.LVL78:
 394 01fe 2749     		ldr	r1, .L28+56
 395 0200 FFF7FEFF 		bl	__aeabi_fdiv
 396              	.LVL79:
 397 0204 FFF7FEFF 		bl	__aeabi_f2iz
 398              	.LVL80:
 399 0208 00B2     		sxth	r0, r0
 400              	.LVL81:
 311:main.c        ****             OutArray_ms2[3] = (uint8_t)(OutY_ms2 & 0xFF);
 401              		.loc 1 311 0
 402 020a 8DF80300 		strb	r0, [sp, #3]
 312:main.c        ****             OutArray_ms2[4] = (uint8_t)(OutY_ms2 >> 8);
 403              		.loc 1 312 0
 404 020e C0F30720 		ubfx	r0, r0, #8, #8
 405              	.LVL82:
 406 0212 8DF80400 		strb	r0, [sp, #4]
 407              	.L22:
 313:main.c        ****         }
 314:main.c        ****         }
 315:main.c        ****         if((LIS3DH_STATUS_REG & LIS3DH_STATUS_REG_NEWDATAZ) == LIS3DH_STATUS_REG_NEWDATAZ)
 316:main.c        ****         {
 317:main.c        ****             error = I2C_Peripheral_ReadRegisterMulti(LIS3DH_DEVICE_ADDRESS,
 408              		.loc 1 317 0
 409 0216 03AB     		add	r3, sp, #12
 410 0218 0222     		movs	r2, #2
 411 021a 2C21     		movs	r1, #44
 412 021c 1820     		movs	r0, #24
 413 021e FFF7FEFF 		bl	I2C_Peripheral_ReadRegisterMulti
 414              	.LVL83:
 318:main.c        ****                                                  LIS3DH_OUT_Z_L,
 319:main.c        ****                                                  2, // 2 byte to be read
 320:main.c        ****                                                  &Data[4]);
 321:main.c        ****             if(error == NO_ERROR)
 415              		.loc 1 321 0
 416 0222 C8B9     		cbnz	r0, .L24
 322:main.c        ****         {
 323:main.c        ****             //OutZ = (int16)((Data[4] | (Data[5]<<8)))>>4;
ARM GAS  C:\Users\ilami\AppData\Local\Temp\ccCNr5tU.s 			page 14


 324:main.c        ****             //OutArray[5] = (uint8_t)(OutZ & 0xFF);
 325:main.c        ****             //OutArray[6] = (uint8_t)(OutZ >> 8);
 326:main.c        ****             
 327:main.c        ****             OutZ_ms2 = ((int16)((Data[4] | (Data[5]<<8)))>>4)*2/16;
 417              		.loc 1 327 0
 418 0224 9DF80C30 		ldrb	r3, [sp, #12]	@ zero_extendqisi2
 419 0228 9DF80D00 		ldrb	r0, [sp, #13]	@ zero_extendqisi2
 420              	.LVL84:
 421 022c 43EA0020 		orr	r0, r3, r0, lsl #8
 422 0230 40F30B10 		sbfx	r0, r0, #4, #12
 423 0234 4000     		lsls	r0, r0, #1
 424 0236 00D5     		bpl	.L25
 425 0238 0F30     		adds	r0, r0, #15
 426              	.L25:
 427              	.LVL85:
 328:main.c        ****             OutZ_ms2 = ((int16)(OutZ_ms2/(mg/10000)));
 428              		.loc 1 328 0
 429 023a 0011     		asrs	r0, r0, #4
 430              	.LVL86:
 431 023c FFF7FEFF 		bl	__aeabi_i2f
 432              	.LVL87:
 433 0240 1649     		ldr	r1, .L28+56
 434 0242 FFF7FEFF 		bl	__aeabi_fdiv
 435              	.LVL88:
 436 0246 FFF7FEFF 		bl	__aeabi_f2iz
 437              	.LVL89:
 438 024a 00B2     		sxth	r0, r0
 439              	.LVL90:
 329:main.c        ****             OutArray_ms2[5] = (uint8_t)(OutZ_ms2 & 0xFF);
 440              		.loc 1 329 0
 441 024c 8DF80500 		strb	r0, [sp, #5]
 330:main.c        ****             OutArray_ms2[6] = (uint8_t)(OutZ_ms2 >> 8);
 442              		.loc 1 330 0
 443 0250 C0F30720 		ubfx	r0, r0, #8, #8
 444              	.LVL91:
 445 0254 8DF80600 		strb	r0, [sp, #6]
 446              	.L24:
 331:main.c        ****         }
 332:main.c        ****         }
 333:main.c        **** 
 334:main.c        ****         UART_Debug_PutArray(OutArray_ms2, 8);
 447              		.loc 1 334 0
 448 0258 0821     		movs	r1, #8
 449 025a 6846     		mov	r0, sp
 450 025c FFF7FEFF 		bl	UART_Debug_PutArray
 451              	.LVL92:
 335:main.c        ****         
 336:main.c        ****     
 337:main.c        ****     }
 452              		.loc 1 337 0
 453 0260 89E7     		b	.L26
 454              	.L29:
 455 0262 00BF     		.align	2
 456              	.L28:
 457 0264 00000000 		.word	.LC0
 458 0268 20000000 		.word	.LC1
 459 026c 48000000 		.word	.LC2
ARM GAS  C:\Users\ilami\AppData\Local\Temp\ccCNr5tU.s 			page 15


 460 0270 6C000000 		.word	.LC3
 461 0274 88000000 		.word	.LC4
 462 0278 C4000000 		.word	.LC5
 463 027c E4000000 		.word	.LC6
 464 0280 20010000 		.word	.LC7
 465 0284 3C010000 		.word	.LC8
 466 0288 74010000 		.word	.LC9
 467 028c B0010000 		.word	.LC10
 468 0290 E8010000 		.word	.LC11
 469 0294 08020000 		.word	.LC12
 470 0298 44020000 		.word	.LC13
 471 029c A889803A 		.word	981502376
 472              		.cfi_endproc
 473              	.LFE64:
 474              		.size	main, .-main
 475              		.section	.rodata.str1.4,"aMS",%progbits,1
 476              		.align	2
 477              	.LC0:
 478 0000 44657669 		.ascii	"Device 0x%02X is connected\015\012\000"
 478      63652030 
 478      78253032 
 478      58206973 
 478      20636F6E 
 479 001d 000000   		.space	3
 480              	.LC1:
 481 0020 57484F20 		.ascii	"WHO AM I REG: 0x%02X [Expected: 0x33]\015\012\000"
 481      414D2049 
 481      20524547 
 481      3A203078 
 481      25303258 
 482              	.LC2:
 483 0048 4572726F 		.ascii	"Error occurred during I2C comm\015\012\000"
 483      72206F63 
 483      63757272 
 483      65642064 
 483      7572696E 
 484 0069 000000   		.space	3
 485              	.LC3:
 486 006c 53544154 		.ascii	"STATUS REGISTER: 0x%02X\015\012\000"
 486      55532052 
 486      45474953 
 486      5445523A 
 486      20307825 
 487 0086 0000     		.space	2
 488              	.LC4:
 489 0088 4572726F 		.ascii	"Error occurred during I2C comm to read status regis"
 489      72206F63 
 489      63757272 
 489      65642064 
 489      7572696E 
 490 00bb 7465720D 		.ascii	"ter\015\012\000"
 490      0A00
 491 00c1 000000   		.space	3
 492              	.LC5:
 493 00c4 434F4E54 		.ascii	"CONTROL REGISTER 1: 0x%02X\015\012\000"
 493      524F4C20 
 493      52454749 
ARM GAS  C:\Users\ilami\AppData\Local\Temp\ccCNr5tU.s 			page 16


 493      53544552 
 493      20313A20 
 494 00e1 000000   		.space	3
 495              	.LC6:
 496 00e4 4572726F 		.ascii	"Error occurred during I2C comm to read control regi"
 496      72206F63 
 496      63757272 
 496      65642064 
 496      7572696E 
 497 0117 73746572 		.ascii	"ster 1\015\012\000"
 497      20310D0A 
 497      00
 498              	.LC7:
 499 0120 0D0A5772 		.ascii	"\015\012Writing new values..\015\012\000"
 499      6974696E 
 499      67206E65 
 499      77207661 
 499      6C756573 
 500 0139 000000   		.space	3
 501              	.LC8:
 502 013c 434F4E54 		.ascii	"CONTROL REGISTER 1 successfully written as: 0x%02X\015"
 502      524F4C20 
 502      52454749 
 502      53544552 
 502      20312073 
 503 016f 0A00     		.ascii	"\012\000"
 504 0171 000000   		.space	3
 505              	.LC9:
 506 0174 4572726F 		.ascii	"Error occurred during I2C comm to set control regis"
 506      72206F63 
 506      63757272 
 506      65642064 
 506      7572696E 
 507 01a7 74657220 		.ascii	"ter 1\015\012\000"
 507      310D0A00 
 508 01af 00       		.space	1
 509              	.LC10:
 510 01b0 434F4E54 		.ascii	"CONTROL REGISTER 1 after overwrite operation: 0x%02"
 510      524F4C20 
 510      52454749 
 510      53544552 
 510      20312061 
 511 01e3 580D0A00 		.ascii	"X\015\012\000"
 512 01e7 00       		.space	1
 513              	.LC11:
 514 01e8 434F4E54 		.ascii	"CONTROL REGISTER 4: 0x%02X\015\012\000"
 514      524F4C20 
 514      52454749 
 514      53544552 
 514      20343A20 
 515 0205 000000   		.space	3
 516              	.LC12:
 517 0208 4572726F 		.ascii	"Error occurred during I2C comm to read control regi"
 517      72206F63 
 517      63757272 
 517      65642064 
 517      7572696E 
ARM GAS  C:\Users\ilami\AppData\Local\Temp\ccCNr5tU.s 			page 17


 518 023b 73746572 		.ascii	"ster4\015\012\000"
 518      340D0A00 
 519 0243 00       		.space	1
 520              	.LC13:
 521 0244 434F4E54 		.ascii	"CONTROL REGISTER 4 after being updated: 0x%02X\015\012"
 521      524F4C20 
 521      52454749 
 521      53544552 
 521      20342061 
 522 0274 00       		.ascii	"\000"
 523              		.text
 524              	.Letext0:
 525              		.file 2 "c:\\program files (x86)\\cypress\\psoc creator\\4.3\\psoc creator\\import\\gnu\\arm\\5.4.
 526              		.file 3 "c:\\program files (x86)\\cypress\\psoc creator\\4.3\\psoc creator\\import\\gnu\\arm\\5.4.
 527              		.file 4 "Generated_Source\\PSoC5/cytypes.h"
 528              		.file 5 "ErrorCodes.h"
 529              		.file 6 "I2C_Interface.h"
 530              		.file 7 "c:\\program files (x86)\\cypress\\psoc creator\\4.3\\psoc creator\\import\\gnu\\arm\\5.4.
 531              		.file 8 "Generated_Source\\PSoC5/UART_Debug.h"
 532              		.file 9 "Generated_Source\\PSoC5/CyLib.h"
 533              		.file 10 "Generated_Source\\PSoC5/core_cm3.h"
 534              		.section	.debug_info,"",%progbits
 535              	.Ldebug_info0:
 536 0000 F5060000 		.4byte	0x6f5
 537 0004 0400     		.2byte	0x4
 538 0006 00000000 		.4byte	.Ldebug_abbrev0
 539 000a 04       		.byte	0x4
 540 000b 01       		.uleb128 0x1
 541 000c 9D000000 		.4byte	.LASF48
 542 0010 0C       		.byte	0xc
 543 0011 6B020000 		.4byte	.LASF49
 544 0015 B8020000 		.4byte	.LASF50
 545 0019 00000000 		.4byte	.Ldebug_ranges0+0
 546 001d 00000000 		.4byte	0
 547 0021 00000000 		.4byte	.Ldebug_line0
 548 0025 02       		.uleb128 0x2
 549 0026 01       		.byte	0x1
 550 0027 06       		.byte	0x6
 551 0028 F7020000 		.4byte	.LASF0
 552 002c 03       		.uleb128 0x3
 553 002d 0F000000 		.4byte	.LASF2
 554 0031 02       		.byte	0x2
 555 0032 1D       		.byte	0x1d
 556 0033 37000000 		.4byte	0x37
 557 0037 02       		.uleb128 0x2
 558 0038 01       		.byte	0x1
 559 0039 08       		.byte	0x8
 560 003a 8F000000 		.4byte	.LASF1
 561 003e 03       		.uleb128 0x3
 562 003f BD010000 		.4byte	.LASF3
 563 0043 02       		.byte	0x2
 564 0044 29       		.byte	0x29
 565 0045 49000000 		.4byte	0x49
 566 0049 02       		.uleb128 0x2
 567 004a 02       		.byte	0x2
 568 004b 05       		.byte	0x5
 569 004c 93020000 		.4byte	.LASF4
ARM GAS  C:\Users\ilami\AppData\Local\Temp\ccCNr5tU.s 			page 18


 570 0050 02       		.uleb128 0x2
 571 0051 02       		.byte	0x2
 572 0052 07       		.byte	0x7
 573 0053 43010000 		.4byte	.LASF5
 574 0057 03       		.uleb128 0x3
 575 0058 4F000000 		.4byte	.LASF6
 576 005c 02       		.byte	0x2
 577 005d 3F       		.byte	0x3f
 578 005e 62000000 		.4byte	0x62
 579 0062 02       		.uleb128 0x2
 580 0063 04       		.byte	0x4
 581 0064 05       		.byte	0x5
 582 0065 59000000 		.4byte	.LASF7
 583 0069 02       		.uleb128 0x2
 584 006a 04       		.byte	0x4
 585 006b 07       		.byte	0x7
 586 006c 31010000 		.4byte	.LASF8
 587 0070 02       		.uleb128 0x2
 588 0071 08       		.byte	0x8
 589 0072 05       		.byte	0x5
 590 0073 4C020000 		.4byte	.LASF9
 591 0077 02       		.uleb128 0x2
 592 0078 08       		.byte	0x8
 593 0079 07       		.byte	0x7
 594 007a F1010000 		.4byte	.LASF10
 595 007e 04       		.uleb128 0x4
 596 007f 04       		.byte	0x4
 597 0080 05       		.byte	0x5
 598 0081 696E7400 		.ascii	"int\000"
 599 0085 02       		.uleb128 0x2
 600 0086 04       		.byte	0x4
 601 0087 07       		.byte	0x7
 602 0088 E4010000 		.4byte	.LASF11
 603 008c 03       		.uleb128 0x3
 604 008d 08020000 		.4byte	.LASF12
 605 0091 03       		.byte	0x3
 606 0092 18       		.byte	0x18
 607 0093 2C000000 		.4byte	0x2c
 608 0097 03       		.uleb128 0x3
 609 0098 10020000 		.4byte	.LASF13
 610 009c 03       		.byte	0x3
 611 009d 20       		.byte	0x20
 612 009e 3E000000 		.4byte	0x3e
 613 00a2 03       		.uleb128 0x3
 614 00a3 35020000 		.4byte	.LASF14
 615 00a7 03       		.byte	0x3
 616 00a8 2C       		.byte	0x2c
 617 00a9 57000000 		.4byte	0x57
 618 00ad 05       		.uleb128 0x5
 619 00ae 2B010000 		.4byte	.LASF15
 620 00b2 04       		.byte	0x4
 621 00b3 E801     		.2byte	0x1e8
 622 00b5 49000000 		.4byte	0x49
 623 00b9 05       		.uleb128 0x5
 624 00ba B5010000 		.4byte	.LASF16
 625 00be 04       		.byte	0x4
 626 00bf EA01     		.2byte	0x1ea
ARM GAS  C:\Users\ilami\AppData\Local\Temp\ccCNr5tU.s 			page 19


 627 00c1 C5000000 		.4byte	0xc5
 628 00c5 02       		.uleb128 0x2
 629 00c6 04       		.byte	0x4
 630 00c7 04       		.byte	0x4
 631 00c8 89000000 		.4byte	.LASF17
 632 00cc 02       		.uleb128 0x2
 633 00cd 08       		.byte	0x8
 634 00ce 04       		.byte	0x4
 635 00cf 66010000 		.4byte	.LASF18
 636 00d3 02       		.uleb128 0x2
 637 00d4 01       		.byte	0x1
 638 00d5 08       		.byte	0x8
 639 00d6 72020000 		.4byte	.LASF19
 640 00da 06       		.uleb128 0x6
 641 00db 01       		.byte	0x1
 642 00dc 37000000 		.4byte	0x37
 643 00e0 05       		.byte	0x5
 644 00e1 15       		.byte	0x15
 645 00e2 F3000000 		.4byte	0xf3
 646 00e6 07       		.uleb128 0x7
 647 00e7 9D020000 		.4byte	.LASF20
 648 00eb 00       		.byte	0
 649 00ec 07       		.uleb128 0x7
 650 00ed A6020000 		.4byte	.LASF21
 651 00f1 01       		.byte	0x1
 652 00f2 00       		.byte	0
 653 00f3 03       		.uleb128 0x3
 654 00f4 76000000 		.4byte	.LASF22
 655 00f8 05       		.byte	0x5
 656 00f9 18       		.byte	0x18
 657 00fa DA000000 		.4byte	0xda
 658 00fe 02       		.uleb128 0x2
 659 00ff 08       		.byte	0x8
 660 0100 04       		.byte	0x4
 661 0101 AC020000 		.4byte	.LASF23
 662 0105 02       		.uleb128 0x2
 663 0106 04       		.byte	0x4
 664 0107 07       		.byte	0x7
 665 0108 3D020000 		.4byte	.LASF24
 666 010c 08       		.uleb128 0x8
 667 010d B0010000 		.4byte	.LASF51
 668 0111 01       		.byte	0x1
 669 0112 43       		.byte	0x43
 670 0113 7E000000 		.4byte	0x7e
 671 0117 00000000 		.4byte	.LFB64
 672 011b A0020000 		.4byte	.LFE64-.LFB64
 673 011f 01       		.uleb128 0x1
 674 0120 9C       		.byte	0x9c
 675 0121 49060000 		.4byte	0x649
 676 0125 09       		.uleb128 0x9
 677 0126 00000000 		.4byte	.LASF25
 678 012a 01       		.byte	0x1
 679 012b 4E       		.byte	0x4e
 680 012c 49060000 		.4byte	0x649
 681 0130 02       		.uleb128 0x2
 682 0131 91       		.byte	0x91
 683 0132 44       		.sleb128 -60
ARM GAS  C:\Users\ilami\AppData\Local\Temp\ccCNr5tU.s 			page 20


 684 0133 09       		.uleb128 0x9
 685 0134 10030000 		.4byte	.LASF26
 686 0138 01       		.byte	0x1
 687 0139 61       		.byte	0x61
 688 013a 8C000000 		.4byte	0x8c
 689 013e 02       		.uleb128 0x2
 690 013f 91       		.byte	0x91
 691 0140 43       		.sleb128 -61
 692 0141 0A       		.uleb128 0xa
 693 0142 46020000 		.4byte	.LASF27
 694 0146 01       		.byte	0x1
 695 0147 62       		.byte	0x62
 696 0148 F3000000 		.4byte	0xf3
 697 014c 00000000 		.4byte	.LLST0
 698 0150 09       		.uleb128 0x9
 699 0151 25020000 		.4byte	.LASF28
 700 0155 01       		.byte	0x1
 701 0156 71       		.byte	0x71
 702 0157 8C000000 		.4byte	0x8c
 703 015b 02       		.uleb128 0x2
 704 015c 91       		.byte	0x91
 705 015d 42       		.sleb128 -62
 706 015e 09       		.uleb128 0x9
 707 015f C7010000 		.4byte	.LASF29
 708 0163 01       		.byte	0x1
 709 0164 83       		.byte	0x83
 710 0165 8C000000 		.4byte	0x8c
 711 0169 02       		.uleb128 0x2
 712 016a 91       		.byte	0x91
 713 016b 41       		.sleb128 -63
 714 016c 09       		.uleb128 0x9
 715 016d DA010000 		.4byte	.LASF30
 716 0171 01       		.byte	0x1
 717 0172 C3       		.byte	0xc3
 718 0173 8C000000 		.4byte	0x8c
 719 0177 02       		.uleb128 0x2
 720 0178 91       		.byte	0x91
 721 0179 40       		.sleb128 -64
 722 017a 0B       		.uleb128 0xb
 723 017b 08000000 		.4byte	.LASF31
 724 017f 01       		.byte	0x1
 725 0180 EC       		.byte	0xec
 726 0181 8C000000 		.4byte	0x8c
 727 0185 A07F     		.sleb128 -96
 728 0187 0B       		.uleb128 0xb
 729 0188 56010000 		.4byte	.LASF32
 730 018c 01       		.byte	0x1
 731 018d ED       		.byte	0xed
 732 018e 8C000000 		.4byte	0x8c
 733 0192 40       		.sleb128 -64
 734 0193 09       		.uleb128 0x9
 735 0194 8E010000 		.4byte	.LASF33
 736 0198 01       		.byte	0x1
 737 0199 EF       		.byte	0xef
 738 019a 59060000 		.4byte	0x659
 739 019e 03       		.uleb128 0x3
 740 019f 91       		.byte	0x91
ARM GAS  C:\Users\ilami\AppData\Local\Temp\ccCNr5tU.s 			page 21


 741 01a0 B87F     		.sleb128 -72
 742 01a2 0A       		.uleb128 0xa
 743 01a3 D1010000 		.4byte	.LASF34
 744 01a7 01       		.byte	0x1
 745 01a8 F4       		.byte	0xf4
 746 01a9 97000000 		.4byte	0x97
 747 01ad CE000000 		.4byte	.LLST1
 748 01b1 0A       		.uleb128 0xa
 749 01b2 80000000 		.4byte	.LASF35
 750 01b6 01       		.byte	0x1
 751 01b7 F5       		.byte	0xf5
 752 01b8 97000000 		.4byte	0x97
 753 01bc F0000000 		.4byte	.LLST2
 754 01c0 0A       		.uleb128 0xa
 755 01c1 5D010000 		.4byte	.LASF36
 756 01c5 01       		.byte	0x1
 757 01c6 F6       		.byte	0xf6
 758 01c7 97000000 		.4byte	0x97
 759 01cb 12010000 		.4byte	.LLST3
 760 01cf 09       		.uleb128 0x9
 761 01d0 03030000 		.4byte	.LASF37
 762 01d4 01       		.byte	0x1
 763 01d5 F7       		.byte	0xf7
 764 01d6 69060000 		.4byte	0x669
 765 01da 03       		.uleb128 0x3
 766 01db 91       		.byte	0x91
 767 01dc B07F     		.sleb128 -80
 768 01de 0C       		.uleb128 0xc
 769 01df 6D6700   		.ascii	"mg\000"
 770 01e2 01       		.byte	0x1
 771 01e3 FB       		.byte	0xfb
 772 01e4 B9000000 		.4byte	0xb9
 773 01e8 04       		.byte	0x4
 774 01e9 0AE81C41 		.4byte	0x411ce80a
 775 01ed 0D       		.uleb128 0xd
 776 01ee 14000000 		.4byte	.LBB2
 777 01f2 22000000 		.4byte	.LBE2-.LBB2
 778 01f6 4F020000 		.4byte	0x24f
 779 01fa 0E       		.uleb128 0xe
 780 01fb 6900     		.ascii	"i\000"
 781 01fd 01       		.byte	0x1
 782 01fe 51       		.byte	0x51
 783 01ff 7E000000 		.4byte	0x7e
 784 0203 34010000 		.4byte	.LLST4
 785 0207 0F       		.uleb128 0xf
 786 0208 1E000000 		.4byte	.LVL4
 787 020c 8A060000 		.4byte	0x68a
 788 0210 1B020000 		.4byte	0x21b
 789 0214 10       		.uleb128 0x10
 790 0215 01       		.uleb128 0x1
 791 0216 50       		.byte	0x50
 792 0217 02       		.uleb128 0x2
 793 0218 74       		.byte	0x74
 794 0219 00       		.sleb128 0
 795 021a 00       		.byte	0
 796 021b 0F       		.uleb128 0xf
 797 021c 2A000000 		.4byte	.LVL5
ARM GAS  C:\Users\ilami\AppData\Local\Temp\ccCNr5tU.s 			page 22


 798 0220 95060000 		.4byte	0x695
 799 0224 3E020000 		.4byte	0x23e
 800 0228 10       		.uleb128 0x10
 801 0229 01       		.uleb128 0x1
 802 022a 50       		.byte	0x50
 803 022b 02       		.uleb128 0x2
 804 022c 91       		.byte	0x91
 805 022d 44       		.sleb128 -60
 806 022e 10       		.uleb128 0x10
 807 022f 01       		.uleb128 0x1
 808 0230 51       		.byte	0x51
 809 0231 05       		.uleb128 0x5
 810 0232 03       		.byte	0x3
 811 0233 00000000 		.4byte	.LC0
 812 0237 10       		.uleb128 0x10
 813 0238 01       		.uleb128 0x1
 814 0239 52       		.byte	0x52
 815 023a 02       		.uleb128 0x2
 816 023b 74       		.byte	0x74
 817 023c 00       		.sleb128 0
 818 023d 00       		.byte	0
 819 023e 11       		.uleb128 0x11
 820 023f 30000000 		.4byte	.LVL6
 821 0243 A0060000 		.4byte	0x6a0
 822 0247 10       		.uleb128 0x10
 823 0248 01       		.uleb128 0x1
 824 0249 50       		.byte	0x50
 825 024a 02       		.uleb128 0x2
 826 024b 91       		.byte	0x91
 827 024c 44       		.sleb128 -60
 828 024d 00       		.byte	0
 829 024e 00       		.byte	0
 830 024f 12       		.uleb128 0x12
 831 0250 0A000000 		.4byte	.LVL0
 832 0254 AB060000 		.4byte	0x6ab
 833 0258 12       		.uleb128 0x12
 834 0259 0E000000 		.4byte	.LVL1
 835 025d B6060000 		.4byte	0x6b6
 836 0261 0F       		.uleb128 0xf
 837 0262 14000000 		.4byte	.LVL2
 838 0266 C1060000 		.4byte	0x6c1
 839 026a 74020000 		.4byte	0x274
 840 026e 10       		.uleb128 0x10
 841 026f 01       		.uleb128 0x1
 842 0270 50       		.byte	0x50
 843 0271 01       		.uleb128 0x1
 844 0272 35       		.byte	0x35
 845 0273 00       		.byte	0
 846 0274 0F       		.uleb128 0xf
 847 0275 42000000 		.4byte	.LVL8
 848 0279 CC060000 		.4byte	0x6cc
 849 027d 92020000 		.4byte	0x292
 850 0281 10       		.uleb128 0x10
 851 0282 01       		.uleb128 0x1
 852 0283 50       		.byte	0x50
 853 0284 01       		.uleb128 0x1
 854 0285 48       		.byte	0x48
ARM GAS  C:\Users\ilami\AppData\Local\Temp\ccCNr5tU.s 			page 23


 855 0286 10       		.uleb128 0x10
 856 0287 01       		.uleb128 0x1
 857 0288 51       		.byte	0x51
 858 0289 01       		.uleb128 0x1
 859 028a 3F       		.byte	0x3f
 860 028b 10       		.uleb128 0x10
 861 028c 01       		.uleb128 0x1
 862 028d 52       		.byte	0x52
 863 028e 02       		.uleb128 0x2
 864 028f 91       		.byte	0x91
 865 0290 43       		.sleb128 -61
 866 0291 00       		.byte	0
 867 0292 0F       		.uleb128 0xf
 868 0293 50000000 		.4byte	.LVL10
 869 0297 95060000 		.4byte	0x695
 870 029b AF020000 		.4byte	0x2af
 871 029f 10       		.uleb128 0x10
 872 02a0 01       		.uleb128 0x1
 873 02a1 50       		.byte	0x50
 874 02a2 02       		.uleb128 0x2
 875 02a3 91       		.byte	0x91
 876 02a4 44       		.sleb128 -60
 877 02a5 10       		.uleb128 0x10
 878 02a6 01       		.uleb128 0x1
 879 02a7 51       		.byte	0x51
 880 02a8 05       		.uleb128 0x5
 881 02a9 03       		.byte	0x3
 882 02aa 20000000 		.4byte	.LC1
 883 02ae 00       		.byte	0
 884 02af 0F       		.uleb128 0xf
 885 02b0 56000000 		.4byte	.LVL11
 886 02b4 A0060000 		.4byte	0x6a0
 887 02b8 C3020000 		.4byte	0x2c3
 888 02bc 10       		.uleb128 0x10
 889 02bd 01       		.uleb128 0x1
 890 02be 50       		.byte	0x50
 891 02bf 02       		.uleb128 0x2
 892 02c0 91       		.byte	0x91
 893 02c1 44       		.sleb128 -60
 894 02c2 00       		.byte	0
 895 02c3 0F       		.uleb128 0xf
 896 02c4 5E000000 		.4byte	.LVL14
 897 02c8 A0060000 		.4byte	0x6a0
 898 02cc DA020000 		.4byte	0x2da
 899 02d0 10       		.uleb128 0x10
 900 02d1 01       		.uleb128 0x1
 901 02d2 50       		.byte	0x50
 902 02d3 05       		.uleb128 0x5
 903 02d4 03       		.byte	0x3
 904 02d5 48000000 		.4byte	.LC2
 905 02d9 00       		.byte	0
 906 02da 0F       		.uleb128 0xf
 907 02db 6A000000 		.4byte	.LVL15
 908 02df CC060000 		.4byte	0x6cc
 909 02e3 F9020000 		.4byte	0x2f9
 910 02e7 10       		.uleb128 0x10
 911 02e8 01       		.uleb128 0x1
ARM GAS  C:\Users\ilami\AppData\Local\Temp\ccCNr5tU.s 			page 24


 912 02e9 50       		.byte	0x50
 913 02ea 01       		.uleb128 0x1
 914 02eb 48       		.byte	0x48
 915 02ec 10       		.uleb128 0x10
 916 02ed 01       		.uleb128 0x1
 917 02ee 51       		.byte	0x51
 918 02ef 02       		.uleb128 0x2
 919 02f0 08       		.byte	0x8
 920 02f1 27       		.byte	0x27
 921 02f2 10       		.uleb128 0x10
 922 02f3 01       		.uleb128 0x1
 923 02f4 52       		.byte	0x52
 924 02f5 02       		.uleb128 0x2
 925 02f6 91       		.byte	0x91
 926 02f7 42       		.sleb128 -62
 927 02f8 00       		.byte	0
 928 02f9 0F       		.uleb128 0xf
 929 02fa 78000000 		.4byte	.LVL17
 930 02fe 95060000 		.4byte	0x695
 931 0302 16030000 		.4byte	0x316
 932 0306 10       		.uleb128 0x10
 933 0307 01       		.uleb128 0x1
 934 0308 50       		.byte	0x50
 935 0309 02       		.uleb128 0x2
 936 030a 91       		.byte	0x91
 937 030b 44       		.sleb128 -60
 938 030c 10       		.uleb128 0x10
 939 030d 01       		.uleb128 0x1
 940 030e 51       		.byte	0x51
 941 030f 05       		.uleb128 0x5
 942 0310 03       		.byte	0x3
 943 0311 6C000000 		.4byte	.LC3
 944 0315 00       		.byte	0
 945 0316 0F       		.uleb128 0xf
 946 0317 7E000000 		.4byte	.LVL18
 947 031b A0060000 		.4byte	0x6a0
 948 031f 2A030000 		.4byte	0x32a
 949 0323 10       		.uleb128 0x10
 950 0324 01       		.uleb128 0x1
 951 0325 50       		.byte	0x50
 952 0326 02       		.uleb128 0x2
 953 0327 91       		.byte	0x91
 954 0328 44       		.sleb128 -60
 955 0329 00       		.byte	0
 956 032a 0F       		.uleb128 0xf
 957 032b 86000000 		.4byte	.LVL21
 958 032f A0060000 		.4byte	0x6a0
 959 0333 41030000 		.4byte	0x341
 960 0337 10       		.uleb128 0x10
 961 0338 01       		.uleb128 0x1
 962 0339 50       		.byte	0x50
 963 033a 05       		.uleb128 0x5
 964 033b 03       		.byte	0x3
 965 033c 88000000 		.4byte	.LC4
 966 0340 00       		.byte	0
 967 0341 0F       		.uleb128 0xf
 968 0342 92000000 		.4byte	.LVL22
ARM GAS  C:\Users\ilami\AppData\Local\Temp\ccCNr5tU.s 			page 25


 969 0346 CC060000 		.4byte	0x6cc
 970 034a 60030000 		.4byte	0x360
 971 034e 10       		.uleb128 0x10
 972 034f 01       		.uleb128 0x1
 973 0350 50       		.byte	0x50
 974 0351 01       		.uleb128 0x1
 975 0352 48       		.byte	0x48
 976 0353 10       		.uleb128 0x10
 977 0354 01       		.uleb128 0x1
 978 0355 51       		.byte	0x51
 979 0356 02       		.uleb128 0x2
 980 0357 08       		.byte	0x8
 981 0358 20       		.byte	0x20
 982 0359 10       		.uleb128 0x10
 983 035a 01       		.uleb128 0x1
 984 035b 52       		.byte	0x52
 985 035c 02       		.uleb128 0x2
 986 035d 91       		.byte	0x91
 987 035e 41       		.sleb128 -63
 988 035f 00       		.byte	0
 989 0360 0F       		.uleb128 0xf
 990 0361 A0000000 		.4byte	.LVL24
 991 0365 95060000 		.4byte	0x695
 992 0369 7D030000 		.4byte	0x37d
 993 036d 10       		.uleb128 0x10
 994 036e 01       		.uleb128 0x1
 995 036f 50       		.byte	0x50
 996 0370 02       		.uleb128 0x2
 997 0371 91       		.byte	0x91
 998 0372 44       		.sleb128 -60
 999 0373 10       		.uleb128 0x10
 1000 0374 01       		.uleb128 0x1
 1001 0375 51       		.byte	0x51
 1002 0376 05       		.uleb128 0x5
 1003 0377 03       		.byte	0x3
 1004 0378 C4000000 		.4byte	.LC5
 1005 037c 00       		.byte	0
 1006 037d 0F       		.uleb128 0xf
 1007 037e A6000000 		.4byte	.LVL25
 1008 0382 A0060000 		.4byte	0x6a0
 1009 0386 91030000 		.4byte	0x391
 1010 038a 10       		.uleb128 0x10
 1011 038b 01       		.uleb128 0x1
 1012 038c 50       		.byte	0x50
 1013 038d 02       		.uleb128 0x2
 1014 038e 91       		.byte	0x91
 1015 038f 44       		.sleb128 -60
 1016 0390 00       		.byte	0
 1017 0391 0F       		.uleb128 0xf
 1018 0392 AE000000 		.4byte	.LVL28
 1019 0396 A0060000 		.4byte	0x6a0
 1020 039a A8030000 		.4byte	0x3a8
 1021 039e 10       		.uleb128 0x10
 1022 039f 01       		.uleb128 0x1
 1023 03a0 50       		.byte	0x50
 1024 03a1 05       		.uleb128 0x5
 1025 03a2 03       		.byte	0x3
ARM GAS  C:\Users\ilami\AppData\Local\Temp\ccCNr5tU.s 			page 26


 1026 03a3 E4000000 		.4byte	.LC6
 1027 03a7 00       		.byte	0
 1028 03a8 0F       		.uleb128 0xf
 1029 03a9 B4000000 		.4byte	.LVL29
 1030 03ad A0060000 		.4byte	0x6a0
 1031 03b1 BF030000 		.4byte	0x3bf
 1032 03b5 10       		.uleb128 0x10
 1033 03b6 01       		.uleb128 0x1
 1034 03b7 50       		.byte	0x50
 1035 03b8 05       		.uleb128 0x5
 1036 03b9 03       		.byte	0x3
 1037 03ba 20010000 		.4byte	.LC7
 1038 03be 00       		.byte	0
 1039 03bf 0F       		.uleb128 0xf
 1040 03c0 CA000000 		.4byte	.LVL30
 1041 03c4 D7060000 		.4byte	0x6d7
 1042 03c8 DE030000 		.4byte	0x3de
 1043 03cc 10       		.uleb128 0x10
 1044 03cd 01       		.uleb128 0x1
 1045 03ce 50       		.byte	0x50
 1046 03cf 01       		.uleb128 0x1
 1047 03d0 48       		.byte	0x48
 1048 03d1 10       		.uleb128 0x10
 1049 03d2 01       		.uleb128 0x1
 1050 03d3 51       		.byte	0x51
 1051 03d4 02       		.uleb128 0x2
 1052 03d5 08       		.byte	0x8
 1053 03d6 20       		.byte	0x20
 1054 03d7 10       		.uleb128 0x10
 1055 03d8 01       		.uleb128 0x1
 1056 03d9 52       		.byte	0x52
 1057 03da 02       		.uleb128 0x2
 1058 03db 08       		.byte	0x8
 1059 03dc 57       		.byte	0x57
 1060 03dd 00       		.byte	0
 1061 03de 0F       		.uleb128 0xf
 1062 03df D8000000 		.4byte	.LVL32
 1063 03e3 95060000 		.4byte	0x695
 1064 03e7 FB030000 		.4byte	0x3fb
 1065 03eb 10       		.uleb128 0x10
 1066 03ec 01       		.uleb128 0x1
 1067 03ed 50       		.byte	0x50
 1068 03ee 02       		.uleb128 0x2
 1069 03ef 91       		.byte	0x91
 1070 03f0 44       		.sleb128 -60
 1071 03f1 10       		.uleb128 0x10
 1072 03f2 01       		.uleb128 0x1
 1073 03f3 51       		.byte	0x51
 1074 03f4 05       		.uleb128 0x5
 1075 03f5 03       		.byte	0x3
 1076 03f6 3C010000 		.4byte	.LC8
 1077 03fa 00       		.byte	0
 1078 03fb 0F       		.uleb128 0xf
 1079 03fc DE000000 		.4byte	.LVL33
 1080 0400 A0060000 		.4byte	0x6a0
 1081 0404 0F040000 		.4byte	0x40f
 1082 0408 10       		.uleb128 0x10
ARM GAS  C:\Users\ilami\AppData\Local\Temp\ccCNr5tU.s 			page 27


 1083 0409 01       		.uleb128 0x1
 1084 040a 50       		.byte	0x50
 1085 040b 02       		.uleb128 0x2
 1086 040c 91       		.byte	0x91
 1087 040d 44       		.sleb128 -60
 1088 040e 00       		.byte	0
 1089 040f 0F       		.uleb128 0xf
 1090 0410 E6000000 		.4byte	.LVL36
 1091 0414 A0060000 		.4byte	0x6a0
 1092 0418 26040000 		.4byte	0x426
 1093 041c 10       		.uleb128 0x10
 1094 041d 01       		.uleb128 0x1
 1095 041e 50       		.byte	0x50
 1096 041f 05       		.uleb128 0x5
 1097 0420 03       		.byte	0x3
 1098 0421 74010000 		.4byte	.LC9
 1099 0425 00       		.byte	0
 1100 0426 0F       		.uleb128 0xf
 1101 0427 F2000000 		.4byte	.LVL37
 1102 042b CC060000 		.4byte	0x6cc
 1103 042f 45040000 		.4byte	0x445
 1104 0433 10       		.uleb128 0x10
 1105 0434 01       		.uleb128 0x1
 1106 0435 50       		.byte	0x50
 1107 0436 01       		.uleb128 0x1
 1108 0437 48       		.byte	0x48
 1109 0438 10       		.uleb128 0x10
 1110 0439 01       		.uleb128 0x1
 1111 043a 51       		.byte	0x51
 1112 043b 02       		.uleb128 0x2
 1113 043c 08       		.byte	0x8
 1114 043d 20       		.byte	0x20
 1115 043e 10       		.uleb128 0x10
 1116 043f 01       		.uleb128 0x1
 1117 0440 52       		.byte	0x52
 1118 0441 02       		.uleb128 0x2
 1119 0442 91       		.byte	0x91
 1120 0443 41       		.sleb128 -63
 1121 0444 00       		.byte	0
 1122 0445 0F       		.uleb128 0xf
 1123 0446 00010000 		.4byte	.LVL39
 1124 044a 95060000 		.4byte	0x695
 1125 044e 62040000 		.4byte	0x462
 1126 0452 10       		.uleb128 0x10
 1127 0453 01       		.uleb128 0x1
 1128 0454 50       		.byte	0x50
 1129 0455 02       		.uleb128 0x2
 1130 0456 91       		.byte	0x91
 1131 0457 44       		.sleb128 -60
 1132 0458 10       		.uleb128 0x10
 1133 0459 01       		.uleb128 0x1
 1134 045a 51       		.byte	0x51
 1135 045b 05       		.uleb128 0x5
 1136 045c 03       		.byte	0x3
 1137 045d B0010000 		.4byte	.LC10
 1138 0461 00       		.byte	0
 1139 0462 0F       		.uleb128 0xf
ARM GAS  C:\Users\ilami\AppData\Local\Temp\ccCNr5tU.s 			page 28


 1140 0463 06010000 		.4byte	.LVL40
 1141 0467 A0060000 		.4byte	0x6a0
 1142 046b 76040000 		.4byte	0x476
 1143 046f 10       		.uleb128 0x10
 1144 0470 01       		.uleb128 0x1
 1145 0471 50       		.byte	0x50
 1146 0472 02       		.uleb128 0x2
 1147 0473 91       		.byte	0x91
 1148 0474 44       		.sleb128 -60
 1149 0475 00       		.byte	0
 1150 0476 0F       		.uleb128 0xf
 1151 0477 0E010000 		.4byte	.LVL43
 1152 047b A0060000 		.4byte	0x6a0
 1153 047f 8D040000 		.4byte	0x48d
 1154 0483 10       		.uleb128 0x10
 1155 0484 01       		.uleb128 0x1
 1156 0485 50       		.byte	0x50
 1157 0486 05       		.uleb128 0x5
 1158 0487 03       		.byte	0x3
 1159 0488 E4000000 		.4byte	.LC6
 1160 048c 00       		.byte	0
 1161 048d 0F       		.uleb128 0xf
 1162 048e 18010000 		.4byte	.LVL44
 1163 0492 CC060000 		.4byte	0x6cc
 1164 0496 AC040000 		.4byte	0x4ac
 1165 049a 10       		.uleb128 0x10
 1166 049b 01       		.uleb128 0x1
 1167 049c 50       		.byte	0x50
 1168 049d 01       		.uleb128 0x1
 1169 049e 48       		.byte	0x48
 1170 049f 10       		.uleb128 0x10
 1171 04a0 01       		.uleb128 0x1
 1172 04a1 51       		.byte	0x51
 1173 04a2 02       		.uleb128 0x2
 1174 04a3 08       		.byte	0x8
 1175 04a4 23       		.byte	0x23
 1176 04a5 10       		.uleb128 0x10
 1177 04a6 01       		.uleb128 0x1
 1178 04a7 52       		.byte	0x52
 1179 04a8 02       		.uleb128 0x2
 1180 04a9 91       		.byte	0x91
 1181 04aa 40       		.sleb128 -64
 1182 04ab 00       		.byte	0
 1183 04ac 0F       		.uleb128 0xf
 1184 04ad 26010000 		.4byte	.LVL46
 1185 04b1 95060000 		.4byte	0x695
 1186 04b5 C9040000 		.4byte	0x4c9
 1187 04b9 10       		.uleb128 0x10
 1188 04ba 01       		.uleb128 0x1
 1189 04bb 50       		.byte	0x50
 1190 04bc 02       		.uleb128 0x2
 1191 04bd 91       		.byte	0x91
 1192 04be 44       		.sleb128 -60
 1193 04bf 10       		.uleb128 0x10
 1194 04c0 01       		.uleb128 0x1
 1195 04c1 51       		.byte	0x51
 1196 04c2 05       		.uleb128 0x5
ARM GAS  C:\Users\ilami\AppData\Local\Temp\ccCNr5tU.s 			page 29


 1197 04c3 03       		.byte	0x3
 1198 04c4 E8010000 		.4byte	.LC11
 1199 04c8 00       		.byte	0
 1200 04c9 0F       		.uleb128 0xf
 1201 04ca 2C010000 		.4byte	.LVL47
 1202 04ce A0060000 		.4byte	0x6a0
 1203 04d2 DD040000 		.4byte	0x4dd
 1204 04d6 10       		.uleb128 0x10
 1205 04d7 01       		.uleb128 0x1
 1206 04d8 50       		.byte	0x50
 1207 04d9 02       		.uleb128 0x2
 1208 04da 91       		.byte	0x91
 1209 04db 44       		.sleb128 -60
 1210 04dc 00       		.byte	0
 1211 04dd 0F       		.uleb128 0xf
 1212 04de 34010000 		.4byte	.LVL50
 1213 04e2 A0060000 		.4byte	0x6a0
 1214 04e6 F4040000 		.4byte	0x4f4
 1215 04ea 10       		.uleb128 0x10
 1216 04eb 01       		.uleb128 0x1
 1217 04ec 50       		.byte	0x50
 1218 04ed 05       		.uleb128 0x5
 1219 04ee 03       		.byte	0x3
 1220 04ef 08020000 		.4byte	.LC12
 1221 04f3 00       		.byte	0
 1222 04f4 0F       		.uleb128 0xf
 1223 04f5 44010000 		.4byte	.LVL52
 1224 04f9 D7060000 		.4byte	0x6d7
 1225 04fd 13050000 		.4byte	0x513
 1226 0501 10       		.uleb128 0x10
 1227 0502 01       		.uleb128 0x1
 1228 0503 50       		.byte	0x50
 1229 0504 01       		.uleb128 0x1
 1230 0505 48       		.byte	0x48
 1231 0506 10       		.uleb128 0x10
 1232 0507 01       		.uleb128 0x1
 1233 0508 51       		.byte	0x51
 1234 0509 02       		.uleb128 0x2
 1235 050a 08       		.byte	0x8
 1236 050b 23       		.byte	0x23
 1237 050c 10       		.uleb128 0x10
 1238 050d 01       		.uleb128 0x1
 1239 050e 52       		.byte	0x52
 1240 050f 02       		.uleb128 0x2
 1241 0510 09       		.byte	0x9
 1242 0511 9B       		.byte	0x9b
 1243 0512 00       		.byte	0
 1244 0513 0F       		.uleb128 0xf
 1245 0514 4E010000 		.4byte	.LVL53
 1246 0518 CC060000 		.4byte	0x6cc
 1247 051c 32050000 		.4byte	0x532
 1248 0520 10       		.uleb128 0x10
 1249 0521 01       		.uleb128 0x1
 1250 0522 50       		.byte	0x50
 1251 0523 01       		.uleb128 0x1
 1252 0524 48       		.byte	0x48
 1253 0525 10       		.uleb128 0x10
ARM GAS  C:\Users\ilami\AppData\Local\Temp\ccCNr5tU.s 			page 30


 1254 0526 01       		.uleb128 0x1
 1255 0527 51       		.byte	0x51
 1256 0528 02       		.uleb128 0x2
 1257 0529 08       		.byte	0x8
 1258 052a 23       		.byte	0x23
 1259 052b 10       		.uleb128 0x10
 1260 052c 01       		.uleb128 0x1
 1261 052d 52       		.byte	0x52
 1262 052e 02       		.uleb128 0x2
 1263 052f 74       		.byte	0x74
 1264 0530 00       		.sleb128 0
 1265 0531 00       		.byte	0
 1266 0532 0F       		.uleb128 0xf
 1267 0533 5C010000 		.4byte	.LVL55
 1268 0537 95060000 		.4byte	0x695
 1269 053b 4F050000 		.4byte	0x54f
 1270 053f 10       		.uleb128 0x10
 1271 0540 01       		.uleb128 0x1
 1272 0541 50       		.byte	0x50
 1273 0542 02       		.uleb128 0x2
 1274 0543 91       		.byte	0x91
 1275 0544 44       		.sleb128 -60
 1276 0545 10       		.uleb128 0x10
 1277 0546 01       		.uleb128 0x1
 1278 0547 51       		.byte	0x51
 1279 0548 05       		.uleb128 0x5
 1280 0549 03       		.byte	0x3
 1281 054a 44020000 		.4byte	.LC13
 1282 054e 00       		.byte	0
 1283 054f 0F       		.uleb128 0xf
 1284 0550 62010000 		.4byte	.LVL56
 1285 0554 A0060000 		.4byte	0x6a0
 1286 0558 63050000 		.4byte	0x563
 1287 055c 10       		.uleb128 0x10
 1288 055d 01       		.uleb128 0x1
 1289 055e 50       		.byte	0x50
 1290 055f 02       		.uleb128 0x2
 1291 0560 91       		.byte	0x91
 1292 0561 44       		.sleb128 -60
 1293 0562 00       		.byte	0
 1294 0563 0F       		.uleb128 0xf
 1295 0564 6A010000 		.4byte	.LVL59
 1296 0568 A0060000 		.4byte	0x6a0
 1297 056c 7A050000 		.4byte	0x57a
 1298 0570 10       		.uleb128 0x10
 1299 0571 01       		.uleb128 0x1
 1300 0572 50       		.byte	0x50
 1301 0573 05       		.uleb128 0x5
 1302 0574 03       		.byte	0x3
 1303 0575 08020000 		.4byte	.LC12
 1304 0579 00       		.byte	0
 1305 057a 0F       		.uleb128 0xf
 1306 057b 7C010000 		.4byte	.LVL61
 1307 057f C1060000 		.4byte	0x6c1
 1308 0583 8E050000 		.4byte	0x58e
 1309 0587 10       		.uleb128 0x10
 1310 0588 01       		.uleb128 0x1
ARM GAS  C:\Users\ilami\AppData\Local\Temp\ccCNr5tU.s 			page 31


 1311 0589 50       		.byte	0x50
 1312 058a 02       		.uleb128 0x2
 1313 058b 08       		.byte	0x8
 1314 058c 64       		.byte	0x64
 1315 058d 00       		.byte	0
 1316 058e 0F       		.uleb128 0xf
 1317 058f 88010000 		.4byte	.LVL62
 1318 0593 CC060000 		.4byte	0x6cc
 1319 0597 AD050000 		.4byte	0x5ad
 1320 059b 10       		.uleb128 0x10
 1321 059c 01       		.uleb128 0x1
 1322 059d 50       		.byte	0x50
 1323 059e 01       		.uleb128 0x1
 1324 059f 48       		.byte	0x48
 1325 05a0 10       		.uleb128 0x10
 1326 05a1 01       		.uleb128 0x1
 1327 05a2 51       		.byte	0x51
 1328 05a3 02       		.uleb128 0x2
 1329 05a4 08       		.byte	0x8
 1330 05a5 27       		.byte	0x27
 1331 05a6 10       		.uleb128 0x10
 1332 05a7 01       		.uleb128 0x1
 1333 05a8 52       		.byte	0x52
 1334 05a9 02       		.uleb128 0x2
 1335 05aa 91       		.byte	0x91
 1336 05ab 42       		.sleb128 -62
 1337 05ac 00       		.byte	0
 1338 05ad 0F       		.uleb128 0xf
 1339 05ae 90010000 		.4byte	.LVL64
 1340 05b2 A0060000 		.4byte	0x6a0
 1341 05b6 C4050000 		.4byte	0x5c4
 1342 05ba 10       		.uleb128 0x10
 1343 05bb 01       		.uleb128 0x1
 1344 05bc 50       		.byte	0x50
 1345 05bd 05       		.uleb128 0x5
 1346 05be 03       		.byte	0x3
 1347 05bf 88000000 		.4byte	.LC4
 1348 05c3 00       		.byte	0
 1349 05c4 0F       		.uleb128 0xf
 1350 05c5 9C010000 		.4byte	.LVL65
 1351 05c9 E2060000 		.4byte	0x6e2
 1352 05cd E9050000 		.4byte	0x5e9
 1353 05d1 10       		.uleb128 0x10
 1354 05d2 01       		.uleb128 0x1
 1355 05d3 50       		.byte	0x50
 1356 05d4 01       		.uleb128 0x1
 1357 05d5 48       		.byte	0x48
 1358 05d6 10       		.uleb128 0x10
 1359 05d7 01       		.uleb128 0x1
 1360 05d8 51       		.byte	0x51
 1361 05d9 02       		.uleb128 0x2
 1362 05da 08       		.byte	0x8
 1363 05db 28       		.byte	0x28
 1364 05dc 10       		.uleb128 0x10
 1365 05dd 01       		.uleb128 0x1
 1366 05de 52       		.byte	0x52
 1367 05df 01       		.uleb128 0x1
ARM GAS  C:\Users\ilami\AppData\Local\Temp\ccCNr5tU.s 			page 32


 1368 05e0 32       		.byte	0x32
 1369 05e1 10       		.uleb128 0x10
 1370 05e2 01       		.uleb128 0x1
 1371 05e3 53       		.byte	0x53
 1372 05e4 03       		.uleb128 0x3
 1373 05e5 91       		.byte	0x91
 1374 05e6 B87F     		.sleb128 -72
 1375 05e8 00       		.byte	0
 1376 05e9 0F       		.uleb128 0xf
 1377 05ea E0010000 		.4byte	.LVL74
 1378 05ee E2060000 		.4byte	0x6e2
 1379 05f2 0E060000 		.4byte	0x60e
 1380 05f6 10       		.uleb128 0x10
 1381 05f7 01       		.uleb128 0x1
 1382 05f8 50       		.byte	0x50
 1383 05f9 01       		.uleb128 0x1
 1384 05fa 48       		.byte	0x48
 1385 05fb 10       		.uleb128 0x10
 1386 05fc 01       		.uleb128 0x1
 1387 05fd 51       		.byte	0x51
 1388 05fe 02       		.uleb128 0x2
 1389 05ff 08       		.byte	0x8
 1390 0600 2A       		.byte	0x2a
 1391 0601 10       		.uleb128 0x10
 1392 0602 01       		.uleb128 0x1
 1393 0603 52       		.byte	0x52
 1394 0604 01       		.uleb128 0x1
 1395 0605 32       		.byte	0x32
 1396 0606 10       		.uleb128 0x10
 1397 0607 01       		.uleb128 0x1
 1398 0608 53       		.byte	0x53
 1399 0609 03       		.uleb128 0x3
 1400 060a 91       		.byte	0x91
 1401 060b BA7F     		.sleb128 -70
 1402 060d 00       		.byte	0
 1403 060e 0F       		.uleb128 0xf
 1404 060f 22020000 		.4byte	.LVL83
 1405 0613 E2060000 		.4byte	0x6e2
 1406 0617 33060000 		.4byte	0x633
 1407 061b 10       		.uleb128 0x10
 1408 061c 01       		.uleb128 0x1
 1409 061d 50       		.byte	0x50
 1410 061e 01       		.uleb128 0x1
 1411 061f 48       		.byte	0x48
 1412 0620 10       		.uleb128 0x10
 1413 0621 01       		.uleb128 0x1
 1414 0622 51       		.byte	0x51
 1415 0623 02       		.uleb128 0x2
 1416 0624 08       		.byte	0x8
 1417 0625 2C       		.byte	0x2c
 1418 0626 10       		.uleb128 0x10
 1419 0627 01       		.uleb128 0x1
 1420 0628 52       		.byte	0x52
 1421 0629 01       		.uleb128 0x1
 1422 062a 32       		.byte	0x32
 1423 062b 10       		.uleb128 0x10
 1424 062c 01       		.uleb128 0x1
ARM GAS  C:\Users\ilami\AppData\Local\Temp\ccCNr5tU.s 			page 33


 1425 062d 53       		.byte	0x53
 1426 062e 03       		.uleb128 0x3
 1427 062f 91       		.byte	0x91
 1428 0630 BC7F     		.sleb128 -68
 1429 0632 00       		.byte	0
 1430 0633 11       		.uleb128 0x11
 1431 0634 60020000 		.4byte	.LVL92
 1432 0638 ED060000 		.4byte	0x6ed
 1433 063c 10       		.uleb128 0x10
 1434 063d 01       		.uleb128 0x1
 1435 063e 50       		.byte	0x50
 1436 063f 02       		.uleb128 0x2
 1437 0640 7D       		.byte	0x7d
 1438 0641 00       		.sleb128 0
 1439 0642 10       		.uleb128 0x10
 1440 0643 01       		.uleb128 0x1
 1441 0644 51       		.byte	0x51
 1442 0645 01       		.uleb128 0x1
 1443 0646 38       		.byte	0x38
 1444 0647 00       		.byte	0
 1445 0648 00       		.byte	0
 1446 0649 13       		.uleb128 0x13
 1447 064a D3000000 		.4byte	0xd3
 1448 064e 59060000 		.4byte	0x659
 1449 0652 14       		.uleb128 0x14
 1450 0653 05010000 		.4byte	0x105
 1451 0657 31       		.byte	0x31
 1452 0658 00       		.byte	0
 1453 0659 13       		.uleb128 0x13
 1454 065a 8C000000 		.4byte	0x8c
 1455 065e 69060000 		.4byte	0x669
 1456 0662 14       		.uleb128 0x14
 1457 0663 05010000 		.4byte	0x105
 1458 0667 05       		.byte	0x5
 1459 0668 00       		.byte	0
 1460 0669 13       		.uleb128 0x13
 1461 066a 8C000000 		.4byte	0x8c
 1462 066e 79060000 		.4byte	0x679
 1463 0672 14       		.uleb128 0x14
 1464 0673 05010000 		.4byte	0x105
 1465 0677 07       		.byte	0x7
 1466 0678 00       		.byte	0
 1467 0679 15       		.uleb128 0x15
 1468 067a 18020000 		.4byte	.LASF52
 1469 067e 0A       		.byte	0xa
 1470 067f 1207     		.2byte	0x712
 1471 0681 85060000 		.4byte	0x685
 1472 0685 16       		.uleb128 0x16
 1473 0686 A2000000 		.4byte	0xa2
 1474 068a 17       		.uleb128 0x17
 1475 068b 2E000000 		.4byte	.LASF38
 1476 068f 2E000000 		.4byte	.LASF38
 1477 0693 06       		.byte	0x6
 1478 0694 5D       		.byte	0x5d
 1479 0695 17       		.uleb128 0x17
 1480 0696 1D030000 		.4byte	.LASF39
 1481 069a 1D030000 		.4byte	.LASF39
ARM GAS  C:\Users\ilami\AppData\Local\Temp\ccCNr5tU.s 			page 34


 1482 069e 07       		.byte	0x7
 1483 069f E7       		.byte	0xe7
 1484 06a0 17       		.uleb128 0x17
 1485 06a1 19000000 		.4byte	.LASF40
 1486 06a5 19000000 		.4byte	.LASF40
 1487 06a9 08       		.byte	0x8
 1488 06aa 8B       		.byte	0x8b
 1489 06ab 17       		.uleb128 0x17
 1490 06ac 2D030000 		.4byte	.LASF41
 1491 06b0 2D030000 		.4byte	.LASF41
 1492 06b4 06       		.byte	0x6
 1493 06b5 17       		.byte	0x17
 1494 06b6 17       		.uleb128 0x17
 1495 06b7 5A020000 		.4byte	.LASF42
 1496 06bb 5A020000 		.4byte	.LASF42
 1497 06bf 08       		.byte	0x8
 1498 06c0 54       		.byte	0x54
 1499 06c1 17       		.uleb128 0x17
 1500 06c2 25030000 		.4byte	.LASF43
 1501 06c6 25030000 		.4byte	.LASF43
 1502 06ca 09       		.byte	0x9
 1503 06cb 76       		.byte	0x76
 1504 06cc 17       		.uleb128 0x17
 1505 06cd 77020000 		.4byte	.LASF44
 1506 06d1 77020000 		.4byte	.LASF44
 1507 06d5 06       		.byte	0x6
 1508 06d6 28       		.byte	0x28
 1509 06d7 17       		.uleb128 0x17
 1510 06d8 93010000 		.4byte	.LASF45
 1511 06dc 93010000 		.4byte	.LASF45
 1512 06e0 06       		.byte	0x6
 1513 06e1 43       		.byte	0x43
 1514 06e2 17       		.uleb128 0x17
 1515 06e3 6D010000 		.4byte	.LASF46
 1516 06e7 6D010000 		.4byte	.LASF46
 1517 06eb 06       		.byte	0x6
 1518 06ec 36       		.byte	0x36
 1519 06ed 17       		.uleb128 0x17
 1520 06ee 62000000 		.4byte	.LASF47
 1521 06f2 62000000 		.4byte	.LASF47
 1522 06f6 08       		.byte	0x8
 1523 06f7 8C       		.byte	0x8c
 1524 06f8 00       		.byte	0
 1525              		.section	.debug_abbrev,"",%progbits
 1526              	.Ldebug_abbrev0:
 1527 0000 01       		.uleb128 0x1
 1528 0001 11       		.uleb128 0x11
 1529 0002 01       		.byte	0x1
 1530 0003 25       		.uleb128 0x25
 1531 0004 0E       		.uleb128 0xe
 1532 0005 13       		.uleb128 0x13
 1533 0006 0B       		.uleb128 0xb
 1534 0007 03       		.uleb128 0x3
 1535 0008 0E       		.uleb128 0xe
 1536 0009 1B       		.uleb128 0x1b
 1537 000a 0E       		.uleb128 0xe
 1538 000b 55       		.uleb128 0x55
ARM GAS  C:\Users\ilami\AppData\Local\Temp\ccCNr5tU.s 			page 35


 1539 000c 17       		.uleb128 0x17
 1540 000d 11       		.uleb128 0x11
 1541 000e 01       		.uleb128 0x1
 1542 000f 10       		.uleb128 0x10
 1543 0010 17       		.uleb128 0x17
 1544 0011 00       		.byte	0
 1545 0012 00       		.byte	0
 1546 0013 02       		.uleb128 0x2
 1547 0014 24       		.uleb128 0x24
 1548 0015 00       		.byte	0
 1549 0016 0B       		.uleb128 0xb
 1550 0017 0B       		.uleb128 0xb
 1551 0018 3E       		.uleb128 0x3e
 1552 0019 0B       		.uleb128 0xb
 1553 001a 03       		.uleb128 0x3
 1554 001b 0E       		.uleb128 0xe
 1555 001c 00       		.byte	0
 1556 001d 00       		.byte	0
 1557 001e 03       		.uleb128 0x3
 1558 001f 16       		.uleb128 0x16
 1559 0020 00       		.byte	0
 1560 0021 03       		.uleb128 0x3
 1561 0022 0E       		.uleb128 0xe
 1562 0023 3A       		.uleb128 0x3a
 1563 0024 0B       		.uleb128 0xb
 1564 0025 3B       		.uleb128 0x3b
 1565 0026 0B       		.uleb128 0xb
 1566 0027 49       		.uleb128 0x49
 1567 0028 13       		.uleb128 0x13
 1568 0029 00       		.byte	0
 1569 002a 00       		.byte	0
 1570 002b 04       		.uleb128 0x4
 1571 002c 24       		.uleb128 0x24
 1572 002d 00       		.byte	0
 1573 002e 0B       		.uleb128 0xb
 1574 002f 0B       		.uleb128 0xb
 1575 0030 3E       		.uleb128 0x3e
 1576 0031 0B       		.uleb128 0xb
 1577 0032 03       		.uleb128 0x3
 1578 0033 08       		.uleb128 0x8
 1579 0034 00       		.byte	0
 1580 0035 00       		.byte	0
 1581 0036 05       		.uleb128 0x5
 1582 0037 16       		.uleb128 0x16
 1583 0038 00       		.byte	0
 1584 0039 03       		.uleb128 0x3
 1585 003a 0E       		.uleb128 0xe
 1586 003b 3A       		.uleb128 0x3a
 1587 003c 0B       		.uleb128 0xb
 1588 003d 3B       		.uleb128 0x3b
 1589 003e 05       		.uleb128 0x5
 1590 003f 49       		.uleb128 0x49
 1591 0040 13       		.uleb128 0x13
 1592 0041 00       		.byte	0
 1593 0042 00       		.byte	0
 1594 0043 06       		.uleb128 0x6
 1595 0044 04       		.uleb128 0x4
ARM GAS  C:\Users\ilami\AppData\Local\Temp\ccCNr5tU.s 			page 36


 1596 0045 01       		.byte	0x1
 1597 0046 0B       		.uleb128 0xb
 1598 0047 0B       		.uleb128 0xb
 1599 0048 49       		.uleb128 0x49
 1600 0049 13       		.uleb128 0x13
 1601 004a 3A       		.uleb128 0x3a
 1602 004b 0B       		.uleb128 0xb
 1603 004c 3B       		.uleb128 0x3b
 1604 004d 0B       		.uleb128 0xb
 1605 004e 01       		.uleb128 0x1
 1606 004f 13       		.uleb128 0x13
 1607 0050 00       		.byte	0
 1608 0051 00       		.byte	0
 1609 0052 07       		.uleb128 0x7
 1610 0053 28       		.uleb128 0x28
 1611 0054 00       		.byte	0
 1612 0055 03       		.uleb128 0x3
 1613 0056 0E       		.uleb128 0xe
 1614 0057 1C       		.uleb128 0x1c
 1615 0058 0B       		.uleb128 0xb
 1616 0059 00       		.byte	0
 1617 005a 00       		.byte	0
 1618 005b 08       		.uleb128 0x8
 1619 005c 2E       		.uleb128 0x2e
 1620 005d 01       		.byte	0x1
 1621 005e 3F       		.uleb128 0x3f
 1622 005f 19       		.uleb128 0x19
 1623 0060 03       		.uleb128 0x3
 1624 0061 0E       		.uleb128 0xe
 1625 0062 3A       		.uleb128 0x3a
 1626 0063 0B       		.uleb128 0xb
 1627 0064 3B       		.uleb128 0x3b
 1628 0065 0B       		.uleb128 0xb
 1629 0066 27       		.uleb128 0x27
 1630 0067 19       		.uleb128 0x19
 1631 0068 49       		.uleb128 0x49
 1632 0069 13       		.uleb128 0x13
 1633 006a 8701     		.uleb128 0x87
 1634 006c 19       		.uleb128 0x19
 1635 006d 11       		.uleb128 0x11
 1636 006e 01       		.uleb128 0x1
 1637 006f 12       		.uleb128 0x12
 1638 0070 06       		.uleb128 0x6
 1639 0071 40       		.uleb128 0x40
 1640 0072 18       		.uleb128 0x18
 1641 0073 9642     		.uleb128 0x2116
 1642 0075 19       		.uleb128 0x19
 1643 0076 01       		.uleb128 0x1
 1644 0077 13       		.uleb128 0x13
 1645 0078 00       		.byte	0
 1646 0079 00       		.byte	0
 1647 007a 09       		.uleb128 0x9
 1648 007b 34       		.uleb128 0x34
 1649 007c 00       		.byte	0
 1650 007d 03       		.uleb128 0x3
 1651 007e 0E       		.uleb128 0xe
 1652 007f 3A       		.uleb128 0x3a
ARM GAS  C:\Users\ilami\AppData\Local\Temp\ccCNr5tU.s 			page 37


 1653 0080 0B       		.uleb128 0xb
 1654 0081 3B       		.uleb128 0x3b
 1655 0082 0B       		.uleb128 0xb
 1656 0083 49       		.uleb128 0x49
 1657 0084 13       		.uleb128 0x13
 1658 0085 02       		.uleb128 0x2
 1659 0086 18       		.uleb128 0x18
 1660 0087 00       		.byte	0
 1661 0088 00       		.byte	0
 1662 0089 0A       		.uleb128 0xa
 1663 008a 34       		.uleb128 0x34
 1664 008b 00       		.byte	0
 1665 008c 03       		.uleb128 0x3
 1666 008d 0E       		.uleb128 0xe
 1667 008e 3A       		.uleb128 0x3a
 1668 008f 0B       		.uleb128 0xb
 1669 0090 3B       		.uleb128 0x3b
 1670 0091 0B       		.uleb128 0xb
 1671 0092 49       		.uleb128 0x49
 1672 0093 13       		.uleb128 0x13
 1673 0094 02       		.uleb128 0x2
 1674 0095 17       		.uleb128 0x17
 1675 0096 00       		.byte	0
 1676 0097 00       		.byte	0
 1677 0098 0B       		.uleb128 0xb
 1678 0099 34       		.uleb128 0x34
 1679 009a 00       		.byte	0
 1680 009b 03       		.uleb128 0x3
 1681 009c 0E       		.uleb128 0xe
 1682 009d 3A       		.uleb128 0x3a
 1683 009e 0B       		.uleb128 0xb
 1684 009f 3B       		.uleb128 0x3b
 1685 00a0 0B       		.uleb128 0xb
 1686 00a1 49       		.uleb128 0x49
 1687 00a2 13       		.uleb128 0x13
 1688 00a3 1C       		.uleb128 0x1c
 1689 00a4 0D       		.uleb128 0xd
 1690 00a5 00       		.byte	0
 1691 00a6 00       		.byte	0
 1692 00a7 0C       		.uleb128 0xc
 1693 00a8 34       		.uleb128 0x34
 1694 00a9 00       		.byte	0
 1695 00aa 03       		.uleb128 0x3
 1696 00ab 08       		.uleb128 0x8
 1697 00ac 3A       		.uleb128 0x3a
 1698 00ad 0B       		.uleb128 0xb
 1699 00ae 3B       		.uleb128 0x3b
 1700 00af 0B       		.uleb128 0xb
 1701 00b0 49       		.uleb128 0x49
 1702 00b1 13       		.uleb128 0x13
 1703 00b2 1C       		.uleb128 0x1c
 1704 00b3 0A       		.uleb128 0xa
 1705 00b4 00       		.byte	0
 1706 00b5 00       		.byte	0
 1707 00b6 0D       		.uleb128 0xd
 1708 00b7 0B       		.uleb128 0xb
 1709 00b8 01       		.byte	0x1
ARM GAS  C:\Users\ilami\AppData\Local\Temp\ccCNr5tU.s 			page 38


 1710 00b9 11       		.uleb128 0x11
 1711 00ba 01       		.uleb128 0x1
 1712 00bb 12       		.uleb128 0x12
 1713 00bc 06       		.uleb128 0x6
 1714 00bd 01       		.uleb128 0x1
 1715 00be 13       		.uleb128 0x13
 1716 00bf 00       		.byte	0
 1717 00c0 00       		.byte	0
 1718 00c1 0E       		.uleb128 0xe
 1719 00c2 34       		.uleb128 0x34
 1720 00c3 00       		.byte	0
 1721 00c4 03       		.uleb128 0x3
 1722 00c5 08       		.uleb128 0x8
 1723 00c6 3A       		.uleb128 0x3a
 1724 00c7 0B       		.uleb128 0xb
 1725 00c8 3B       		.uleb128 0x3b
 1726 00c9 0B       		.uleb128 0xb
 1727 00ca 49       		.uleb128 0x49
 1728 00cb 13       		.uleb128 0x13
 1729 00cc 02       		.uleb128 0x2
 1730 00cd 17       		.uleb128 0x17
 1731 00ce 00       		.byte	0
 1732 00cf 00       		.byte	0
 1733 00d0 0F       		.uleb128 0xf
 1734 00d1 898201   		.uleb128 0x4109
 1735 00d4 01       		.byte	0x1
 1736 00d5 11       		.uleb128 0x11
 1737 00d6 01       		.uleb128 0x1
 1738 00d7 31       		.uleb128 0x31
 1739 00d8 13       		.uleb128 0x13
 1740 00d9 01       		.uleb128 0x1
 1741 00da 13       		.uleb128 0x13
 1742 00db 00       		.byte	0
 1743 00dc 00       		.byte	0
 1744 00dd 10       		.uleb128 0x10
 1745 00de 8A8201   		.uleb128 0x410a
 1746 00e1 00       		.byte	0
 1747 00e2 02       		.uleb128 0x2
 1748 00e3 18       		.uleb128 0x18
 1749 00e4 9142     		.uleb128 0x2111
 1750 00e6 18       		.uleb128 0x18
 1751 00e7 00       		.byte	0
 1752 00e8 00       		.byte	0
 1753 00e9 11       		.uleb128 0x11
 1754 00ea 898201   		.uleb128 0x4109
 1755 00ed 01       		.byte	0x1
 1756 00ee 11       		.uleb128 0x11
 1757 00ef 01       		.uleb128 0x1
 1758 00f0 31       		.uleb128 0x31
 1759 00f1 13       		.uleb128 0x13
 1760 00f2 00       		.byte	0
 1761 00f3 00       		.byte	0
 1762 00f4 12       		.uleb128 0x12
 1763 00f5 898201   		.uleb128 0x4109
 1764 00f8 00       		.byte	0
 1765 00f9 11       		.uleb128 0x11
 1766 00fa 01       		.uleb128 0x1
ARM GAS  C:\Users\ilami\AppData\Local\Temp\ccCNr5tU.s 			page 39


 1767 00fb 31       		.uleb128 0x31
 1768 00fc 13       		.uleb128 0x13
 1769 00fd 00       		.byte	0
 1770 00fe 00       		.byte	0
 1771 00ff 13       		.uleb128 0x13
 1772 0100 01       		.uleb128 0x1
 1773 0101 01       		.byte	0x1
 1774 0102 49       		.uleb128 0x49
 1775 0103 13       		.uleb128 0x13
 1776 0104 01       		.uleb128 0x1
 1777 0105 13       		.uleb128 0x13
 1778 0106 00       		.byte	0
 1779 0107 00       		.byte	0
 1780 0108 14       		.uleb128 0x14
 1781 0109 21       		.uleb128 0x21
 1782 010a 00       		.byte	0
 1783 010b 49       		.uleb128 0x49
 1784 010c 13       		.uleb128 0x13
 1785 010d 2F       		.uleb128 0x2f
 1786 010e 0B       		.uleb128 0xb
 1787 010f 00       		.byte	0
 1788 0110 00       		.byte	0
 1789 0111 15       		.uleb128 0x15
 1790 0112 34       		.uleb128 0x34
 1791 0113 00       		.byte	0
 1792 0114 03       		.uleb128 0x3
 1793 0115 0E       		.uleb128 0xe
 1794 0116 3A       		.uleb128 0x3a
 1795 0117 0B       		.uleb128 0xb
 1796 0118 3B       		.uleb128 0x3b
 1797 0119 05       		.uleb128 0x5
 1798 011a 49       		.uleb128 0x49
 1799 011b 13       		.uleb128 0x13
 1800 011c 3F       		.uleb128 0x3f
 1801 011d 19       		.uleb128 0x19
 1802 011e 3C       		.uleb128 0x3c
 1803 011f 19       		.uleb128 0x19
 1804 0120 00       		.byte	0
 1805 0121 00       		.byte	0
 1806 0122 16       		.uleb128 0x16
 1807 0123 35       		.uleb128 0x35
 1808 0124 00       		.byte	0
 1809 0125 49       		.uleb128 0x49
 1810 0126 13       		.uleb128 0x13
 1811 0127 00       		.byte	0
 1812 0128 00       		.byte	0
 1813 0129 17       		.uleb128 0x17
 1814 012a 2E       		.uleb128 0x2e
 1815 012b 00       		.byte	0
 1816 012c 3F       		.uleb128 0x3f
 1817 012d 19       		.uleb128 0x19
 1818 012e 3C       		.uleb128 0x3c
 1819 012f 19       		.uleb128 0x19
 1820 0130 6E       		.uleb128 0x6e
 1821 0131 0E       		.uleb128 0xe
 1822 0132 03       		.uleb128 0x3
 1823 0133 0E       		.uleb128 0xe
ARM GAS  C:\Users\ilami\AppData\Local\Temp\ccCNr5tU.s 			page 40


 1824 0134 3A       		.uleb128 0x3a
 1825 0135 0B       		.uleb128 0xb
 1826 0136 3B       		.uleb128 0x3b
 1827 0137 0B       		.uleb128 0xb
 1828 0138 00       		.byte	0
 1829 0139 00       		.byte	0
 1830 013a 00       		.byte	0
 1831              		.section	.debug_loc,"",%progbits
 1832              	.Ldebug_loc0:
 1833              	.LLST0:
 1834 0000 42000000 		.4byte	.LVL8
 1835 0004 4C000000 		.4byte	.LVL9
 1836 0008 0100     		.2byte	0x1
 1837 000a 50       		.byte	0x50
 1838 000b 58000000 		.4byte	.LVL12
 1839 000f 5A000000 		.4byte	.LVL13
 1840 0013 0100     		.2byte	0x1
 1841 0015 50       		.byte	0x50
 1842 0016 6A000000 		.4byte	.LVL15
 1843 001a 74000000 		.4byte	.LVL16
 1844 001e 0100     		.2byte	0x1
 1845 0020 50       		.byte	0x50
 1846 0021 80000000 		.4byte	.LVL19
 1847 0025 82000000 		.4byte	.LVL20
 1848 0029 0100     		.2byte	0x1
 1849 002b 50       		.byte	0x50
 1850 002c 92000000 		.4byte	.LVL22
 1851 0030 9C000000 		.4byte	.LVL23
 1852 0034 0100     		.2byte	0x1
 1853 0036 50       		.byte	0x50
 1854 0037 A8000000 		.4byte	.LVL26
 1855 003b AA000000 		.4byte	.LVL27
 1856 003f 0100     		.2byte	0x1
 1857 0041 50       		.byte	0x50
 1858 0042 CA000000 		.4byte	.LVL30
 1859 0046 D4000000 		.4byte	.LVL31
 1860 004a 0100     		.2byte	0x1
 1861 004c 50       		.byte	0x50
 1862 004d E0000000 		.4byte	.LVL34
 1863 0051 E2000000 		.4byte	.LVL35
 1864 0055 0100     		.2byte	0x1
 1865 0057 50       		.byte	0x50
 1866 0058 F2000000 		.4byte	.LVL37
 1867 005c FC000000 		.4byte	.LVL38
 1868 0060 0100     		.2byte	0x1
 1869 0062 50       		.byte	0x50
 1870 0063 08010000 		.4byte	.LVL41
 1871 0067 0A010000 		.4byte	.LVL42
 1872 006b 0100     		.2byte	0x1
 1873 006d 50       		.byte	0x50
 1874 006e 18010000 		.4byte	.LVL44
 1875 0072 22010000 		.4byte	.LVL45
 1876 0076 0100     		.2byte	0x1
 1877 0078 50       		.byte	0x50
 1878 0079 2E010000 		.4byte	.LVL48
 1879 007d 30010000 		.4byte	.LVL49
 1880 0081 0100     		.2byte	0x1
ARM GAS  C:\Users\ilami\AppData\Local\Temp\ccCNr5tU.s 			page 41


 1881 0083 50       		.byte	0x50
 1882 0084 4E010000 		.4byte	.LVL53
 1883 0088 58010000 		.4byte	.LVL54
 1884 008c 0100     		.2byte	0x1
 1885 008e 50       		.byte	0x50
 1886 008f 64010000 		.4byte	.LVL57
 1887 0093 66010000 		.4byte	.LVL58
 1888 0097 0100     		.2byte	0x1
 1889 0099 50       		.byte	0x50
 1890 009a 88010000 		.4byte	.LVL62
 1891 009e 8C010000 		.4byte	.LVL63
 1892 00a2 0100     		.2byte	0x1
 1893 00a4 50       		.byte	0x50
 1894 00a5 9C010000 		.4byte	.LVL65
 1895 00a9 A6010000 		.4byte	.LVL66
 1896 00ad 0100     		.2byte	0x1
 1897 00af 50       		.byte	0x50
 1898 00b0 E0010000 		.4byte	.LVL74
 1899 00b4 EA010000 		.4byte	.LVL75
 1900 00b8 0100     		.2byte	0x1
 1901 00ba 50       		.byte	0x50
 1902 00bb 22020000 		.4byte	.LVL83
 1903 00bf 2C020000 		.4byte	.LVL84
 1904 00c3 0100     		.2byte	0x1
 1905 00c5 50       		.byte	0x50
 1906 00c6 00000000 		.4byte	0
 1907 00ca 00000000 		.4byte	0
 1908              	.LLST1:
 1909 00ce B4010000 		.4byte	.LVL67
 1910 00d2 B6010000 		.4byte	.LVL68
 1911 00d6 0500     		.2byte	0x5
 1912 00d8 70       		.byte	0x70
 1913 00d9 00       		.sleb128 0
 1914 00da 34       		.byte	0x34
 1915 00db 26       		.byte	0x26
 1916 00dc 9F       		.byte	0x9f
 1917 00dd C6010000 		.4byte	.LVL72
 1918 00e1 CE010000 		.4byte	.LVL73
 1919 00e5 0100     		.2byte	0x1
 1920 00e7 50       		.byte	0x50
 1921 00e8 00000000 		.4byte	0
 1922 00ec 00000000 		.4byte	0
 1923              	.LLST2:
 1924 00f0 F8010000 		.4byte	.LVL76
 1925 00f4 FA010000 		.4byte	.LVL77
 1926 00f8 0500     		.2byte	0x5
 1927 00fa 70       		.byte	0x70
 1928 00fb 00       		.sleb128 0
 1929 00fc 34       		.byte	0x34
 1930 00fd 26       		.byte	0x26
 1931 00fe 9F       		.byte	0x9f
 1932 00ff 0A020000 		.4byte	.LVL81
 1933 0103 12020000 		.4byte	.LVL82
 1934 0107 0100     		.2byte	0x1
 1935 0109 50       		.byte	0x50
 1936 010a 00000000 		.4byte	0
 1937 010e 00000000 		.4byte	0
ARM GAS  C:\Users\ilami\AppData\Local\Temp\ccCNr5tU.s 			page 42


 1938              	.LLST3:
 1939 0112 3A020000 		.4byte	.LVL85
 1940 0116 3C020000 		.4byte	.LVL86
 1941 011a 0500     		.2byte	0x5
 1942 011c 70       		.byte	0x70
 1943 011d 00       		.sleb128 0
 1944 011e 34       		.byte	0x34
 1945 011f 26       		.byte	0x26
 1946 0120 9F       		.byte	0x9f
 1947 0121 4C020000 		.4byte	.LVL90
 1948 0125 54020000 		.4byte	.LVL91
 1949 0129 0100     		.2byte	0x1
 1950 012b 50       		.byte	0x50
 1951 012c 00000000 		.4byte	0
 1952 0130 00000000 		.4byte	0
 1953              	.LLST4:
 1954 0134 14000000 		.4byte	.LVL2
 1955 0138 18000000 		.4byte	.LVL3
 1956 013c 0200     		.2byte	0x2
 1957 013e 30       		.byte	0x30
 1958 013f 9F       		.byte	0x9f
 1959 0140 18000000 		.4byte	.LVL3
 1960 0144 38010000 		.4byte	.LVL51
 1961 0148 0100     		.2byte	0x1
 1962 014a 54       		.byte	0x54
 1963 014b 00000000 		.4byte	0
 1964 014f 00000000 		.4byte	0
 1965              		.section	.debug_aranges,"",%progbits
 1966 0000 1C000000 		.4byte	0x1c
 1967 0004 0200     		.2byte	0x2
 1968 0006 00000000 		.4byte	.Ldebug_info0
 1969 000a 04       		.byte	0x4
 1970 000b 00       		.byte	0
 1971 000c 0000     		.2byte	0
 1972 000e 0000     		.2byte	0
 1973 0010 00000000 		.4byte	.LFB64
 1974 0014 A0020000 		.4byte	.LFE64-.LFB64
 1975 0018 00000000 		.4byte	0
 1976 001c 00000000 		.4byte	0
 1977              		.section	.debug_ranges,"",%progbits
 1978              	.Ldebug_ranges0:
 1979 0000 00000000 		.4byte	.LFB64
 1980 0004 A0020000 		.4byte	.LFE64
 1981 0008 00000000 		.4byte	0
 1982 000c 00000000 		.4byte	0
 1983              		.section	.debug_line,"",%progbits
 1984              	.Ldebug_line0:
 1985 0000 71020000 		.section	.debug_str,"MS",%progbits,1
 1985      0200FD01 
 1985      00000201 
 1985      FB0E0D00 
 1985      01010101 
 1986              	.LASF25:
 1987 0000 6D657373 		.ascii	"message\000"
 1987      61676500 
 1988              	.LASF31:
 1989 0008 68656164 		.ascii	"header\000"
ARM GAS  C:\Users\ilami\AppData\Local\Temp\ccCNr5tU.s 			page 43


 1989      657200
 1990              	.LASF2:
 1991 000f 5F5F7569 		.ascii	"__uint8_t\000"
 1991      6E74385F 
 1991      7400
 1992              	.LASF40:
 1993 0019 55415254 		.ascii	"UART_Debug_PutString\000"
 1993      5F446562 
 1993      75675F50 
 1993      75745374 
 1993      72696E67 
 1994              	.LASF38:
 1995 002e 4932435F 		.ascii	"I2C_Peripheral_IsDeviceConnected\000"
 1995      50657269 
 1995      70686572 
 1995      616C5F49 
 1995      73446576 
 1996              	.LASF6:
 1997 004f 5F5F696E 		.ascii	"__int32_t\000"
 1997      7433325F 
 1997      7400
 1998              	.LASF7:
 1999 0059 6C6F6E67 		.ascii	"long int\000"
 1999      20696E74 
 1999      00
 2000              	.LASF47:
 2001 0062 55415254 		.ascii	"UART_Debug_PutArray\000"
 2001      5F446562 
 2001      75675F50 
 2001      75744172 
 2001      72617900 
 2002              	.LASF22:
 2003 0076 4572726F 		.ascii	"ErrorCode\000"
 2003      72436F64 
 2003      6500
 2004              	.LASF35:
 2005 0080 4F757459 		.ascii	"OutY_ms2\000"
 2005      5F6D7332 
 2005      00
 2006              	.LASF17:
 2007 0089 666C6F61 		.ascii	"float\000"
 2007      7400
 2008              	.LASF1:
 2009 008f 756E7369 		.ascii	"unsigned char\000"
 2009      676E6564 
 2009      20636861 
 2009      7200
 2010              	.LASF48:
 2011 009d 474E5520 		.ascii	"GNU C11 5.4.1 20160609 (release) [ARM/embedded-5-br"
 2011      43313120 
 2011      352E342E 
 2011      31203230 
 2011      31363036 
 2012 00d0 616E6368 		.ascii	"anch revision 237715] -mcpu=cortex-m3 -mthumb -g -O"
 2012      20726576 
 2012      6973696F 
 2012      6E203233 
ARM GAS  C:\Users\ilami\AppData\Local\Temp\ccCNr5tU.s 			page 44


 2012      37373135 
 2013 0103 67202D66 		.ascii	"g -ffunction-sections -ffat-lto-objects\000"
 2013      66756E63 
 2013      74696F6E 
 2013      2D736563 
 2013      74696F6E 
 2014              	.LASF15:
 2015 012b 696E7431 		.ascii	"int16\000"
 2015      3600
 2016              	.LASF8:
 2017 0131 6C6F6E67 		.ascii	"long unsigned int\000"
 2017      20756E73 
 2017      69676E65 
 2017      6420696E 
 2017      7400
 2018              	.LASF5:
 2019 0143 73686F72 		.ascii	"short unsigned int\000"
 2019      7420756E 
 2019      7369676E 
 2019      65642069 
 2019      6E7400
 2020              	.LASF32:
 2021 0156 666F6F74 		.ascii	"footer\000"
 2021      657200
 2022              	.LASF36:
 2023 015d 4F75745A 		.ascii	"OutZ_ms2\000"
 2023      5F6D7332 
 2023      00
 2024              	.LASF18:
 2025 0166 646F7562 		.ascii	"double\000"
 2025      6C6500
 2026              	.LASF46:
 2027 016d 4932435F 		.ascii	"I2C_Peripheral_ReadRegisterMulti\000"
 2027      50657269 
 2027      70686572 
 2027      616C5F52 
 2027      65616452 
 2028              	.LASF33:
 2029 018e 44617461 		.ascii	"Data\000"
 2029      00
 2030              	.LASF45:
 2031 0193 4932435F 		.ascii	"I2C_Peripheral_WriteRegister\000"
 2031      50657269 
 2031      70686572 
 2031      616C5F57 
 2031      72697465 
 2032              	.LASF51:
 2033 01b0 6D61696E 		.ascii	"main\000"
 2033      00
 2034              	.LASF16:
 2035 01b5 666C6F61 		.ascii	"float32\000"
 2035      74333200 
 2036              	.LASF3:
 2037 01bd 5F5F696E 		.ascii	"__int16_t\000"
 2037      7431365F 
 2037      7400
 2038              	.LASF29:
ARM GAS  C:\Users\ilami\AppData\Local\Temp\ccCNr5tU.s 			page 45


 2039 01c7 6374726C 		.ascii	"ctrl_reg1\000"
 2039      5F726567 
 2039      3100
 2040              	.LASF34:
 2041 01d1 4F757458 		.ascii	"OutX_ms2\000"
 2041      5F6D7332 
 2041      00
 2042              	.LASF30:
 2043 01da 6374726C 		.ascii	"ctrl_reg4\000"
 2043      5F726567 
 2043      3400
 2044              	.LASF11:
 2045 01e4 756E7369 		.ascii	"unsigned int\000"
 2045      676E6564 
 2045      20696E74 
 2045      00
 2046              	.LASF10:
 2047 01f1 6C6F6E67 		.ascii	"long long unsigned int\000"
 2047      206C6F6E 
 2047      6720756E 
 2047      7369676E 
 2047      65642069 
 2048              	.LASF12:
 2049 0208 75696E74 		.ascii	"uint8_t\000"
 2049      385F7400 
 2050              	.LASF13:
 2051 0210 696E7431 		.ascii	"int16_t\000"
 2051      365F7400 
 2052              	.LASF52:
 2053 0218 49544D5F 		.ascii	"ITM_RxBuffer\000"
 2053      52784275 
 2053      66666572 
 2053      00
 2054              	.LASF28:
 2055 0225 73746174 		.ascii	"status_register\000"
 2055      75735F72 
 2055      65676973 
 2055      74657200 
 2056              	.LASF14:
 2057 0235 696E7433 		.ascii	"int32_t\000"
 2057      325F7400 
 2058              	.LASF24:
 2059 023d 73697A65 		.ascii	"sizetype\000"
 2059      74797065 
 2059      00
 2060              	.LASF27:
 2061 0246 6572726F 		.ascii	"error\000"
 2061      7200
 2062              	.LASF9:
 2063 024c 6C6F6E67 		.ascii	"long long int\000"
 2063      206C6F6E 
 2063      6720696E 
 2063      7400
 2064              	.LASF42:
 2065 025a 55415254 		.ascii	"UART_Debug_Start\000"
 2065      5F446562 
 2065      75675F53 
ARM GAS  C:\Users\ilami\AppData\Local\Temp\ccCNr5tU.s 			page 46


 2065      74617274 
 2065      00
 2066              	.LASF49:
 2067 026b 6D61696E 		.ascii	"main.c\000"
 2067      2E6300
 2068              	.LASF19:
 2069 0272 63686172 		.ascii	"char\000"
 2069      00
 2070              	.LASF44:
 2071 0277 4932435F 		.ascii	"I2C_Peripheral_ReadRegister\000"
 2071      50657269 
 2071      70686572 
 2071      616C5F52 
 2071      65616452 
 2072              	.LASF4:
 2073 0293 73686F72 		.ascii	"short int\000"
 2073      7420696E 
 2073      7400
 2074              	.LASF20:
 2075 029d 4E4F5F45 		.ascii	"NO_ERROR\000"
 2075      52524F52 
 2075      00
 2076              	.LASF21:
 2077 02a6 4552524F 		.ascii	"ERROR\000"
 2077      5200
 2078              	.LASF23:
 2079 02ac 6C6F6E67 		.ascii	"long double\000"
 2079      20646F75 
 2079      626C6500 
 2080              	.LASF50:
 2081 02b8 433A5C55 		.ascii	"C:\\Users\\ilami\\Desktop\\PSoC_03\\AY1920_II_HW_05"
 2081      73657273 
 2081      5C696C61 
 2081      6D695C44 
 2081      65736B74 
 2082 02e6 5F50524F 		.ascii	"_PROJ_N3.3.cydsn\000"
 2082      4A5F4E33 
 2082      2E332E63 
 2082      7964736E 
 2082      00
 2083              	.LASF0:
 2084 02f7 7369676E 		.ascii	"signed char\000"
 2084      65642063 
 2084      68617200 
 2085              	.LASF37:
 2086 0303 4F757441 		.ascii	"OutArray_ms2\000"
 2086      72726179 
 2086      5F6D7332 
 2086      00
 2087              	.LASF26:
 2088 0310 77686F5F 		.ascii	"who_am_i_reg\000"
 2088      616D5F69 
 2088      5F726567 
 2088      00
 2089              	.LASF39:
 2090 031d 73707269 		.ascii	"sprintf\000"
 2090      6E746600 
ARM GAS  C:\Users\ilami\AppData\Local\Temp\ccCNr5tU.s 			page 47


 2091              	.LASF43:
 2092 0325 43794465 		.ascii	"CyDelay\000"
 2092      6C617900 
 2093              	.LASF41:
 2094 032d 4932435F 		.ascii	"I2C_Peripheral_Start\000"
 2094      50657269 
 2094      70686572 
 2094      616C5F53 
 2094      74617274 
 2095              		.ident	"GCC: (GNU Tools for ARM Embedded Processors) 5.4.1 20160609 (release) [ARM/embedded-5-bran
